#
# There is insufficient memory for the Java Runtime Environment to continue.
# Native memory allocation (mmap) failed to map 48234496 bytes for Failed to commit area from 0x000000008e200000 to 0x0000000091000000 of length 48234496.
# Possible reasons:
#   The system is out of physical RAM or swap space
#   The process is running with CompressedOops enabled, and the Java Heap may be blocking the growth of the native heap
# Possible solutions:
#   Reduce memory load on the system
#   Increase physical memory or swap space
#   Check if swap backing store is full
#   Decrease Java heap size (-Xmx/-Xms)
#   Decrease number of Java threads
#   Decrease Java thread stack sizes (-Xss)
#   Set larger code cache with -XX:ReservedCodeCacheSize=
#   JVM is running with Unscaled Compressed Oops mode in which the Java heap is
#     placed in the first 4GB address space. The Java Heap base address is the
#     maximum limit for the native heap growth. Please use -XX:HeapBaseMinAddress
#     to set the Java Heap base and to place the Java Heap above 4GB virtual address.
# This output file may be truncated or incomplete.
#
#  Out of Memory Error (./src/hotspot/os/windows/os_windows.cpp:3303), pid=4700, tid=5116
#
# JRE version: OpenJDK Runtime Environment (11.0.8+10) (build 11.0.8+10-b944.6842174)
# Java VM: OpenJDK 64-Bit Server VM (11.0.8+10-b944.6842174, mixed mode, tiered, compressed oops, g1 gc, windows-amd64)
# No core dump will be written. Minidumps are not enabled by default on client versions of Windows
#

---------------  S U M M A R Y ------------

Command Line: --add-opens=java.base/java.util=ALL-UNNAMED --add-opens=java.base/java.lang=ALL-UNNAMED --add-opens=java.base/java.lang.invoke=ALL-UNNAMED --add-opens=java.prefs/java.util.prefs=ALL-UNNAMED -Xmx2048m -Dfile.encoding=UTF-8 -Duser.country=GB -Duser.language=en -Duser.variant org.gradle.launcher.daemon.bootstrap.GradleDaemon 6.7.1

Host: Intel(R) Core(TM) i5-7200U CPU @ 2.50GHz, 4 cores, 7G,  Windows 10 , 64 bit Build 18362 (10.0.18362.1110)
Time: Thu Feb 24 00:46:00 2022 Morocco Summer Time elapsed time: 15 seconds (0d 0h 0m 15s)

---------------  T H R E A D  ---------------

Current thread (0x000002a49dffd000):  VMThread "VM Thread" [stack: 0x000000cfc2100000,0x000000cfc2200000] [id=5116]

Stack: [0x000000cfc2100000,0x000000cfc2200000]
[error occurred during error reporting (printing stack bounds), id 0xc0000005, EXCEPTION_ACCESS_VIOLATION (0xc0000005) at pc=0x000002a487790dad]

Native frames: (J=compiled Java code, j=interpreted, Vv=VM code, C=native code)
V  [jvm.dll+0x5de50a]
V  [jvm.dll+0x7122f5]
V  [jvm.dll+0x71384d]
V  [jvm.dll+0x713e65]
V  [jvm.dll+0x713e1b]
V  [jvm.dll+0x5dd958]
V  [jvm.dll+0x5de0f8]
C  [ntdll.dll+0xa184f]
C  [ntdll.dll+0x6a889]
C  [ntdll.dll+0xa04be]
C  0x000002a487790dad

VM_Operation (0x000000cfcb3fd360): G1CollectForAllocation, mode: safepoint, requested by thread 0x000002a49f79d000


---------------  P R O C E S S  ---------------

Threads class SMR info:
_java_thread_list=0x000002a4a31d7220, length=146, elements={
0x000002a48263f000, 0x000002a49e001000, 0x000002a49e002800, 0x000002a49e00d000,
0x000002a49e992800, 0x000002a49e01d000, 0x000002a49e028000, 0x000002a49e02c800,
0x000002a49eaec800, 0x000002a49eafb800, 0x000002a4a0290000, 0x000002a49f78c000,
0x000002a4a0238800, 0x000002a4a0239000, 0x000002a4a04f1000, 0x000002a49f6af000,
0x000002a49f843800, 0x000002a49fd02000, 0x000002a49fd03000, 0x000002a4a040c800,
0x000002a4a025e800, 0x000002a4a025f000, 0x000002a4a0259800, 0x000002a4a0ee0800,
0x000002a4a025c000, 0x000002a4a0260000, 0x000002a4a025a800, 0x000002a4a025b000,
0x000002a4a025d800, 0x000002a4a025c800, 0x000002a4a2d1f000, 0x000002a4a2d21800,
0x000002a4a2d22800, 0x000002a4a2d1c800, 0x000002a4a2d23800, 0x000002a4a2d1d800,
0x000002a4a2d27800, 0x000002a4a2d25800, 0x000002a4a2d25000, 0x000002a4a2d2a000,
0x000002a4a2d28000, 0x000002a4a2d29000, 0x000002a4a2d24000, 0x000002a4a2d2a800,
0x000002a4a2d2b800, 0x000002a4a2d26800, 0x000002a4a2d3d800, 0x000002a4a2d3e800,
0x000002a4a2d3d000, 0x000002a4a2d40000, 0x000002a4a2d3f000, 0x000002a4a2d41800,
0x000002a4a2d42800, 0x000002a4a2d45000, 0x000002a4a2d43800, 0x000002a4a2d45800,
0x000002a4a2d46800, 0x000002a4a2d44000, 0x000002a4a2d41000, 0x000002a4a2d47800,
0x000002a4a2d4a800, 0x000002a4a2d48000, 0x000002a4a2d49000, 0x000002a4a2d4b800,
0x000002a4a2d4a000, 0x000002a4a3014800, 0x000002a4a3013800, 0x000002a4a3018000,
0x000002a4a3015800, 0x000002a4a3016000, 0x000002a4a3017000, 0x000002a4a3012000,
0x000002a4a3018800, 0x000002a4a3013000, 0x000002a4a301c800, 0x000002a4a301b000,
0x000002a4a3019800, 0x000002a4a301a800, 0x000002a4a3020000, 0x000002a4a301c000,
0x000002a4a301d800, 0x000002a4a301f000, 0x000002a4a3021000, 0x000002a4a301e800,
0x000002a4a2e5f000, 0x000002a4a2e60000, 0x000002a4a2e65800, 0x000002a4a2e66800,
0x000002a4a2e60800, 0x000002a4a2e67000, 0x000002a4a2e61800, 0x000002a4a2e64800,
0x000002a4a2e64000, 0x000002a4a2e68000, 0x000002a4a2e63000, 0x000002a4a2e62800,
0x000002a4a2e69000, 0x000002a4a2e6d000, 0x000002a4a2e6c000, 0x000002a4a2e6d800,
0x000002a4a2e69800, 0x000002a4a2e6a800, 0x000002a4a2e6b800, 0x000002a4a3a46800,
0x000002a4a3a42800, 0x000002a4a3a43800, 0x000002a4a3a44000, 0x000002a4a3a45000,
0x000002a4a3a45800, 0x000002a4a3a41000, 0x000002a4a3a47800, 0x000002a4a3a41800,
0x000002a4a3a4d000, 0x000002a4a3a4a800, 0x000002a4a3a4c000, 0x000002a4a3a4e000,
0x000002a4a3a4a000, 0x000002a4a3a48000, 0x000002a4a3a4b800, 0x000002a4a3a4e800,
0x000002a4a3a49000, 0x000002a4a3a4f800, 0x000002a49f794000, 0x000002a49f78f000,
0x000002a49f795000, 0x000002a49f791800, 0x000002a49f790000, 0x000002a49f796000,
0x000002a49f793800, 0x000002a49f796800, 0x000002a49f791000, 0x000002a49f797800,
0x000002a49f798000, 0x000002a49f792800, 0x000002a49f799000, 0x000002a49f79a800,
0x000002a49f79a000, 0x000002a49f79c800, 0x000002a49f79b800, 0x000002a49f79e000,
0x000002a49f79d000, 0x000002a4a422c800, 0x000002a4a422d800, 0x000002a4a422b000,
0x000002a4a422e800, 0x000002a4a4229800
}

Java Threads: ( => current thread )
  0x000002a48263f000 JavaThread "main" [_thread_blocked, id=9424, stack(0x000000cfc1b00000,0x000000cfc1c00000)]
  0x000002a49e001000 JavaThread "Reference Handler" daemon [_thread_blocked, id=14596, stack(0x000000cfc2200000,0x000000cfc2300000)]
  0x000002a49e002800 JavaThread "Finalizer" daemon [_thread_blocked, id=6016, stack(0x000000cfc2300000,0x000000cfc2400000)]
  0x000002a49e00d000 JavaThread "Signal Dispatcher" daemon [_thread_blocked, id=14256, stack(0x000000cfc2400000,0x000000cfc2500000)]
  0x000002a49e992800 JavaThread "Attach Listener" daemon [_thread_blocked, id=15184, stack(0x000000cfc2500000,0x000000cfc2600000)]
  0x000002a49e01d000 JavaThread "C2 CompilerThread0" daemon [_thread_blocked, id=15352, stack(0x000000cfc2600000,0x000000cfc2700000)]
  0x000002a49e028000 JavaThread "C1 CompilerThread0" daemon [_thread_blocked, id=13020, stack(0x000000cfc2700000,0x000000cfc2800000)]
  0x000002a49e02c800 JavaThread "Sweeper thread" daemon [_thread_blocked, id=13680, stack(0x000000cfc2800000,0x000000cfc2900000)]
  0x000002a49eaec800 JavaThread "Common-Cleaner" daemon [_thread_blocked, id=9308, stack(0x000000cfc2900000,0x000000cfc2a00000)]
  0x000002a49eafb800 JavaThread "Service Thread" daemon [_thread_blocked, id=11920, stack(0x000000cfc2a00000,0x000000cfc2b00000)]
  0x000002a4a0290000 JavaThread "Daemon health stats" [_thread_blocked, id=2976, stack(0x000000cfc2f00000,0x000000cfc3000000)]
  0x000002a49f78c000 JavaThread "Incoming local TCP Connector on port 56900" [_thread_in_native, id=14768, stack(0x000000cfc3100000,0x000000cfc3200000)]
  0x000002a4a0238800 JavaThread "Daemon periodic checks" [_thread_blocked, id=8000, stack(0x000000cfc3200000,0x000000cfc3300000)]
  0x000002a4a0239000 JavaThread "Daemon" [_thread_blocked, id=14984, stack(0x000000cfc3300000,0x000000cfc3400000)]
  0x000002a4a04f1000 JavaThread "Handler for socket connection from /127.0.0.1:56900 to /127.0.0.1:56901" [_thread_in_native, id=9124, stack(0x000000cfc3400000,0x000000cfc3500000)]
  0x000002a49f6af000 JavaThread "Cancel handler" [_thread_blocked, id=14424, stack(0x000000cfc3500000,0x000000cfc3600000)]
  0x000002a49f843800 JavaThread "Daemon worker" [_thread_blocked, id=14392, stack(0x000000cfc3600000,0x000000cfc3700000)]
  0x000002a49fd02000 JavaThread "Asynchronous log dispatcher for DefaultDaemonConnection: socket connection from /127.0.0.1:56900 to /127.0.0.1:56901" [_thread_blocked, id=6076, stack(0x000000cfc3700000,0x000000cfc3800000)]
  0x000002a49fd03000 JavaThread "Stdin handler" [_thread_blocked, id=11284, stack(0x000000cfc3800000,0x000000cfc3900000)]
  0x000002a4a040c800 JavaThread "Thread-8" [_thread_blocked, id=6648, stack(0x000000cfc3900000,0x000000cfc3a00000)]
  0x000002a4a025e800 JavaThread "Cache worker for file hash cache (C:\Users\hp\.gradle\caches\6.7.1\fileHashes)" [_thread_blocked, id=4468, stack(0x000000cfc3b00000,0x000000cfc3c00000)]
  0x000002a4a025f000 JavaThread "File lock request listener" [_thread_in_native, id=6888, stack(0x000000cfc3c00000,0x000000cfc3d00000)]
  0x000002a4a0259800 JavaThread "Cache worker for journal cache (C:\Users\hp\.gradle\caches\journal-1)" [_thread_blocked, id=6816, stack(0x000000cfc3d00000,0x000000cfc3e00000)]
  0x000002a4a0ee0800 JavaThread "C2 CompilerThread1" daemon [_thread_blocked, id=9252, stack(0x000000cfc3e00000,0x000000cfc3f00000)]
  0x000002a4a025c000 JavaThread "Cache worker for file hash cache (C:\Users\hp\AndroidStudioProjects\TapTap\.gradle\6.7.1\fileHashes)" [_thread_blocked, id=2988, stack(0x000000cfc3f00000,0x000000cfc4000000)]
  0x000002a4a0260000 JavaThread "Cache worker for checksums cache (C:\Users\hp\AndroidStudioProjects\TapTap\.gradle\checksums)" [_thread_blocked, id=13516, stack(0x000000cfc4000000,0x000000cfc4100000)]
  0x000002a4a025a800 JavaThread "Cache worker for cache directory md-supplier (C:\Users\hp\.gradle\caches\6.7.1\md-supplier)" [_thread_blocked, id=8244, stack(0x000000cfc4100000,0x000000cfc4200000)]
  0x000002a4a025b000 JavaThread "Cache worker for cache directory md-rule (C:\Users\hp\.gradle\caches\6.7.1\md-rule)" [_thread_blocked, id=11388, stack(0x000000cfc4200000,0x000000cfc4300000)]
  0x000002a4a025d800 JavaThread "Cache worker for execution history cache (C:\Users\hp\.gradle\caches\6.7.1\executionHistory)" [_thread_blocked, id=11908, stack(0x000000cfc4300000,0x000000cfc4400000)]
  0x000002a4a025c800 JavaThread "jar transforms" [_thread_blocked, id=13772, stack(0x000000cfc4400000,0x000000cfc4500000)]
  0x000002a4a2d1f000 JavaThread "Cache worker for file content cache (C:\Users\hp\.gradle\caches\6.7.1\fileContent)" [_thread_blocked, id=14692, stack(0x000000cfc4500000,0x000000cfc4600000)]
  0x000002a4a2d21800 JavaThread "Cache worker for Build Output Cleanup Cache (C:\Users\hp\AndroidStudioProjects\TapTap\.gradle\buildOutputCleanup)" [_thread_blocked, id=11960, stack(0x000000cfc4600000,0x000000cfc4700000)]
  0x000002a4a2d22800 JavaThread "Build operations" [_thread_blocked, id=13400, stack(0x000000cfc4700000,0x000000cfc4800000)]
  0x000002a4a2d1c800 JavaThread "Build operations Thread 2" [_thread_blocked, id=7040, stack(0x000000cfc4800000,0x000000cfc4900000)]
  0x000002a4a2d23800 JavaThread "Build operations Thread 3" [_thread_blocked, id=12888, stack(0x000000cfc4900000,0x000000cfc4a00000)]
  0x000002a4a2d1d800 JavaThread "Build operations Thread 4" [_thread_blocked, id=2952, stack(0x000000cfc4a00000,0x000000cfc4b00000)]
  0x000002a4a2d27800 JavaThread "jar transforms Thread 2" [_thread_blocked, id=13840, stack(0x000000cfc4b00000,0x000000cfc4c00000)]
  0x000002a4a2d25800 JavaThread "jar transforms Thread 3" [_thread_blocked, id=252, stack(0x000000cfc4c00000,0x000000cfc4d00000)]
  0x000002a4a2d25000 JavaThread "jar transforms Thread 4" [_thread_blocked, id=4332, stack(0x000000cfc4d00000,0x000000cfc4e00000)]
  0x000002a4a2d2a000 JavaThread "jar transforms Thread 5" [_thread_blocked, id=11936, stack(0x000000cfc4e00000,0x000000cfc4f00000)]
  0x000002a4a2d28000 JavaThread "jar transforms Thread 6" [_thread_blocked, id=4196, stack(0x000000cfc4f00000,0x000000cfc5000000)]
  0x000002a4a2d29000 JavaThread "jar transforms Thread 7" [_thread_blocked, id=9136, stack(0x000000cfc5000000,0x000000cfc5100000)]
  0x000002a4a2d24000 JavaThread "jar transforms Thread 8" [_thread_blocked, id=9800, stack(0x000000cfc5100000,0x000000cfc5200000)]
  0x000002a4a2d2a800 JavaThread "jar transforms Thread 9" [_thread_blocked, id=9444, stack(0x000000cfc5200000,0x000000cfc5300000)]
  0x000002a4a2d2b800 JavaThread "jar transforms Thread 10" [_thread_blocked, id=5844, stack(0x000000cfc5300000,0x000000cfc5400000)]
  0x000002a4a2d26800 JavaThread "jar transforms Thread 11" [_thread_blocked, id=13848, stack(0x000000cfc5400000,0x000000cfc5500000)]
  0x000002a4a2d3d800 JavaThread "jar transforms Thread 12" [_thread_blocked, id=12764, stack(0x000000cfc5500000,0x000000cfc5600000)]
  0x000002a4a2d3e800 JavaThread "jar transforms Thread 13" [_thread_blocked, id=14400, stack(0x000000cfc5600000,0x000000cfc5700000)]
  0x000002a4a2d3d000 JavaThread "jar transforms Thread 14" [_thread_blocked, id=14688, stack(0x000000cfc5700000,0x000000cfc5800000)]
  0x000002a4a2d40000 JavaThread "jar transforms Thread 15" [_thread_blocked, id=9588, stack(0x000000cfc5800000,0x000000cfc5900000)]
  0x000002a4a2d3f000 JavaThread "jar transforms Thread 16" [_thread_blocked, id=14812, stack(0x000000cfc5900000,0x000000cfc5a00000)]
  0x000002a4a2d41800 JavaThread "jar transforms Thread 17" [_thread_blocked, id=10268, stack(0x000000cfc5a00000,0x000000cfc5b00000)]
  0x000002a4a2d42800 JavaThread "jar transforms Thread 18" [_thread_blocked, id=14904, stack(0x000000cfc5b00000,0x000000cfc5c00000)]
  0x000002a4a2d45000 JavaThread "jar transforms Thread 19" [_thread_blocked, id=380, stack(0x000000cfc5c00000,0x000000cfc5d00000)]
  0x000002a4a2d43800 JavaThread "jar transforms Thread 20" [_thread_blocked, id=9696, stack(0x000000cfc5d00000,0x000000cfc5e00000)]
  0x000002a4a2d45800 JavaThread "jar transforms Thread 21" [_thread_blocked, id=13648, stack(0x000000cfc5e00000,0x000000cfc5f00000)]
  0x000002a4a2d46800 JavaThread "jar transforms Thread 22" [_thread_blocked, id=9256, stack(0x000000cfc5f00000,0x000000cfc6000000)]
  0x000002a4a2d44000 JavaThread "jar transforms Thread 23" [_thread_blocked, id=8716, stack(0x000000cfc6000000,0x000000cfc6100000)]
  0x000002a4a2d41000 JavaThread "jar transforms Thread 24" [_thread_blocked, id=10528, stack(0x000000cfc6100000,0x000000cfc6200000)]
  0x000002a4a2d47800 JavaThread "jar transforms Thread 25" [_thread_blocked, id=524, stack(0x000000cfc6200000,0x000000cfc6300000)]
  0x000002a4a2d4a800 JavaThread "jar transforms Thread 26" [_thread_blocked, id=13732, stack(0x000000cfc6300000,0x000000cfc6400000)]
  0x000002a4a2d48000 JavaThread "jar transforms Thread 27" [_thread_blocked, id=7552, stack(0x000000cfc6400000,0x000000cfc6500000)]
  0x000002a4a2d49000 JavaThread "jar transforms Thread 28" [_thread_blocked, id=15228, stack(0x000000cfc6500000,0x000000cfc6600000)]
  0x000002a4a2d4b800 JavaThread "jar transforms Thread 29" [_thread_blocked, id=2244, stack(0x000000cfc6600000,0x000000cfc6700000)]
  0x000002a4a2d4a000 JavaThread "jar transforms Thread 30" [_thread_blocked, id=13608, stack(0x000000cfc6700000,0x000000cfc6800000)]
  0x000002a4a3014800 JavaThread "jar transforms Thread 31" [_thread_blocked, id=8144, stack(0x000000cfc6800000,0x000000cfc6900000)]
  0x000002a4a3013800 JavaThread "jar transforms Thread 32" [_thread_blocked, id=1112, stack(0x000000cfc6900000,0x000000cfc6a00000)]
  0x000002a4a3018000 JavaThread "jar transforms Thread 33" [_thread_blocked, id=10124, stack(0x000000cfc6a00000,0x000000cfc6b00000)]
  0x000002a4a3015800 JavaThread "jar transforms Thread 34" [_thread_blocked, id=12520, stack(0x000000cfc6b00000,0x000000cfc6c00000)]
  0x000002a4a3016000 JavaThread "jar transforms Thread 35" [_thread_blocked, id=8796, stack(0x000000cfc6c00000,0x000000cfc6d00000)]
  0x000002a4a3017000 JavaThread "jar transforms Thread 36" [_thread_blocked, id=10068, stack(0x000000cfc6d00000,0x000000cfc6e00000)]
  0x000002a4a3012000 JavaThread "jar transforms Thread 37" [_thread_blocked, id=7268, stack(0x000000cfc6e00000,0x000000cfc6f00000)]
  0x000002a4a3018800 JavaThread "jar transforms Thread 38" [_thread_blocked, id=12344, stack(0x000000cfc6f00000,0x000000cfc7000000)]
  0x000002a4a3013000 JavaThread "jar transforms Thread 39" [_thread_blocked, id=8088, stack(0x000000cfc7000000,0x000000cfc7100000)]
  0x000002a4a301c800 JavaThread "jar transforms Thread 40" [_thread_blocked, id=14168, stack(0x000000cfc7100000,0x000000cfc7200000)]
  0x000002a4a301b000 JavaThread "jar transforms Thread 41" [_thread_blocked, id=10712, stack(0x000000cfc7200000,0x000000cfc7300000)]
  0x000002a4a3019800 JavaThread "jar transforms Thread 42" [_thread_blocked, id=3948, stack(0x000000cfc7300000,0x000000cfc7400000)]
  0x000002a4a301a800 JavaThread "jar transforms Thread 43" [_thread_blocked, id=14184, stack(0x000000cfc7400000,0x000000cfc7500000)]
  0x000002a4a3020000 JavaThread "jar transforms Thread 44" [_thread_blocked, id=10680, stack(0x000000cfc7500000,0x000000cfc7600000)]
  0x000002a4a301c000 JavaThread "jar transforms Thread 45" [_thread_blocked, id=6052, stack(0x000000cfc7600000,0x000000cfc7700000)]
  0x000002a4a301d800 JavaThread "jar transforms Thread 46" [_thread_blocked, id=10376, stack(0x000000cfc7700000,0x000000cfc7800000)]
  0x000002a4a301f000 JavaThread "jar transforms Thread 47" [_thread_blocked, id=3744, stack(0x000000cfc7800000,0x000000cfc7900000)]
  0x000002a4a3021000 JavaThread "jar transforms Thread 48" [_thread_blocked, id=1144, stack(0x000000cfc7900000,0x000000cfc7a00000)]
  0x000002a4a301e800 JavaThread "jar transforms Thread 49" [_thread_blocked, id=3016, stack(0x000000cfc7a00000,0x000000cfc7b00000)]
  0x000002a4a2e5f000 JavaThread "jar transforms Thread 50" [_thread_blocked, id=10604, stack(0x000000cfc7b00000,0x000000cfc7c00000)]
  0x000002a4a2e60000 JavaThread "jar transforms Thread 51" [_thread_blocked, id=9868, stack(0x000000cfc7c00000,0x000000cfc7d00000)]
  0x000002a4a2e65800 JavaThread "jar transforms Thread 52" [_thread_blocked, id=10660, stack(0x000000cfc7d00000,0x000000cfc7e00000)]
  0x000002a4a2e66800 JavaThread "jar transforms Thread 53" [_thread_blocked, id=2892, stack(0x000000cfc7e00000,0x000000cfc7f00000)]
  0x000002a4a2e60800 JavaThread "jar transforms Thread 54" [_thread_blocked, id=6140, stack(0x000000cfc7f00000,0x000000cfc8000000)]
  0x000002a4a2e67000 JavaThread "jar transforms Thread 55" [_thread_blocked, id=15248, stack(0x000000cfc8000000,0x000000cfc8100000)]
  0x000002a4a2e61800 JavaThread "jar transforms Thread 56" [_thread_blocked, id=5696, stack(0x000000cfc8100000,0x000000cfc8200000)]
  0x000002a4a2e64800 JavaThread "jar transforms Thread 57" [_thread_blocked, id=11536, stack(0x000000cfc8200000,0x000000cfc8300000)]
  0x000002a4a2e64000 JavaThread "jar transforms Thread 58" [_thread_blocked, id=9876, stack(0x000000cfc8300000,0x000000cfc8400000)]
  0x000002a4a2e68000 JavaThread "jar transforms Thread 59" [_thread_blocked, id=5676, stack(0x000000cfc8400000,0x000000cfc8500000)]
  0x000002a4a2e63000 JavaThread "jar transforms Thread 60" [_thread_blocked, id=1004, stack(0x000000cfc8500000,0x000000cfc8600000)]
  0x000002a4a2e62800 JavaThread "jar transforms Thread 61" [_thread_blocked, id=9084, stack(0x000000cfc8600000,0x000000cfc8700000)]
  0x000002a4a2e69000 JavaThread "jar transforms Thread 62" [_thread_blocked, id=10652, stack(0x000000cfc8700000,0x000000cfc8800000)]
  0x000002a4a2e6d000 JavaThread "jar transforms Thread 63" [_thread_blocked, id=7004, stack(0x000000cfc8800000,0x000000cfc8900000)]
  0x000002a4a2e6c000 JavaThread "jar transforms Thread 64" [_thread_blocked, id=11116, stack(0x000000cfc8900000,0x000000cfc8a00000)]
  0x000002a4a2e6d800 JavaThread "jar transforms Thread 65" [_thread_blocked, id=12208, stack(0x000000cfc8a00000,0x000000cfc8b00000)]
  0x000002a4a2e69800 JavaThread "jar transforms Thread 66" [_thread_blocked, id=3076, stack(0x000000cfc8b00000,0x000000cfc8c00000)]
  0x000002a4a2e6a800 JavaThread "jar transforms Thread 67" [_thread_blocked, id=14152, stack(0x000000cfc8c00000,0x000000cfc8d00000)]
  0x000002a4a2e6b800 JavaThread "jar transforms Thread 68" [_thread_blocked, id=12536, stack(0x000000cfc8d00000,0x000000cfc8e00000)]
  0x000002a4a3a46800 JavaThread "jar transforms Thread 69" [_thread_blocked, id=10144, stack(0x000000cfc8e00000,0x000000cfc8f00000)]
  0x000002a4a3a42800 JavaThread "jar transforms Thread 70" [_thread_blocked, id=13292, stack(0x000000cfc8f00000,0x000000cfc9000000)]
  0x000002a4a3a43800 JavaThread "jar transforms Thread 71" [_thread_blocked, id=15128, stack(0x000000cfc9000000,0x000000cfc9100000)]
  0x000002a4a3a44000 JavaThread "jar transforms Thread 72" [_thread_blocked, id=11008, stack(0x000000cfc9100000,0x000000cfc9200000)]
  0x000002a4a3a45000 JavaThread "jar transforms Thread 73" [_thread_blocked, id=1392, stack(0x000000cfc9200000,0x000000cfc9300000)]
  0x000002a4a3a45800 JavaThread "jar transforms Thread 74" [_thread_blocked, id=14964, stack(0x000000cfc9300000,0x000000cfc9400000)]
  0x000002a4a3a41000 JavaThread "jar transforms Thread 75" [_thread_blocked, id=7708, stack(0x000000cfc9400000,0x000000cfc9500000)]
  0x000002a4a3a47800 JavaThread "jar transforms Thread 76" [_thread_blocked, id=10600, stack(0x000000cfc9500000,0x000000cfc9600000)]
  0x000002a4a3a41800 JavaThread "jar transforms Thread 77" [_thread_blocked, id=12548, stack(0x000000cfc9600000,0x000000cfc9700000)]
  0x000002a4a3a4d000 JavaThread "jar transforms Thread 78" [_thread_blocked, id=5536, stack(0x000000cfc9700000,0x000000cfc9800000)]
  0x000002a4a3a4a800 JavaThread "jar transforms Thread 79" [_thread_blocked, id=15136, stack(0x000000cfc9800000,0x000000cfc9900000)]
  0x000002a4a3a4c000 JavaThread "jar transforms Thread 80" [_thread_blocked, id=10120, stack(0x000000cfc9900000,0x000000cfc9a00000)]
  0x000002a4a3a4e000 JavaThread "jar transforms Thread 81" [_thread_blocked, id=13672, stack(0x000000cfc9a00000,0x000000cfc9b00000)]
  0x000002a4a3a4a000 JavaThread "jar transforms Thread 82" [_thread_blocked, id=13908, stack(0x000000cfc9b00000,0x000000cfc9c00000)]
  0x000002a4a3a48000 JavaThread "jar transforms Thread 83" [_thread_blocked, id=14308, stack(0x000000cfc9c00000,0x000000cfc9d00000)]
  0x000002a4a3a4b800 JavaThread "jar transforms Thread 84" [_thread_blocked, id=12212, stack(0x000000cfc9d00000,0x000000cfc9e00000)]
  0x000002a4a3a4e800 JavaThread "jar transforms Thread 85" [_thread_blocked, id=8212, stack(0x000000cfc9e00000,0x000000cfc9f00000)]
  0x000002a4a3a49000 JavaThread "jar transforms Thread 86" [_thread_blocked, id=12180, stack(0x000000cfc9f00000,0x000000cfca000000)]
  0x000002a4a3a4f800 JavaThread "jar transforms Thread 87" [_thread_blocked, id=7500, stack(0x000000cfca000000,0x000000cfca100000)]
  0x000002a49f794000 JavaThread "jar transforms Thread 88" [_thread_blocked, id=14928, stack(0x000000cfca100000,0x000000cfca200000)]
  0x000002a49f78f000 JavaThread "jar transforms Thread 89" [_thread_blocked, id=4812, stack(0x000000cfca200000,0x000000cfca300000)]
  0x000002a49f795000 JavaThread "jar transforms Thread 90" [_thread_blocked, id=5780, stack(0x000000cfca300000,0x000000cfca400000)]
  0x000002a49f791800 JavaThread "jar transforms Thread 91" [_thread_blocked, id=1948, stack(0x000000cfca400000,0x000000cfca500000)]
  0x000002a49f790000 JavaThread "jar transforms Thread 92" [_thread_blocked, id=4320, stack(0x000000cfca500000,0x000000cfca600000)]
  0x000002a49f796000 JavaThread "jar transforms Thread 93" [_thread_blocked, id=12256, stack(0x000000cfca600000,0x000000cfca700000)]
  0x000002a49f793800 JavaThread "jar transforms Thread 94" [_thread_blocked, id=12380, stack(0x000000cfca700000,0x000000cfca800000)]
  0x000002a49f796800 JavaThread "jar transforms Thread 95" [_thread_blocked, id=15116, stack(0x000000cfca800000,0x000000cfca900000)]
  0x000002a49f791000 JavaThread "jar transforms Thread 96" [_thread_blocked, id=7028, stack(0x000000cfca900000,0x000000cfcaa00000)]
  0x000002a49f797800 JavaThread "jar transforms Thread 97" [_thread_blocked, id=13856, stack(0x000000cfcaa00000,0x000000cfcab00000)]
  0x000002a49f798000 JavaThread "Memory manager" [_thread_blocked, id=11748, stack(0x000000cfcab00000,0x000000cfcac00000)]
  0x000002a49f792800 JavaThread "build event listener" [_thread_blocked, id=5428, stack(0x000000cfcac00000,0x000000cfcad00000)]
  0x000002a49f799000 JavaThread "build event listener" [_thread_blocked, id=2580, stack(0x000000cfcad00000,0x000000cfcae00000)]
  0x000002a49f79a800 JavaThread "Execution worker for ':'" [_thread_blocked, id=14648, stack(0x000000cfcae00000,0x000000cfcaf00000)]
  0x000002a49f79a000 JavaThread "Execution worker for ':' Thread 2" [_thread_blocked, id=14816, stack(0x000000cfcaf00000,0x000000cfcb000000)]
  0x000002a49f79c800 JavaThread "Execution worker for ':' Thread 3" [_thread_blocked, id=7420, stack(0x000000cfcb000000,0x000000cfcb100000)]
  0x000002a49f79b800 JavaThread "Cache worker for execution history cache (C:\Users\hp\AndroidStudioProjects\TapTap\.gradle\6.7.1\executionHistory)" [_thread_blocked, id=3900, stack(0x000000cfcb100000,0x000000cfcb200000)]
  0x000002a49f79e000 JavaThread "WorkerExecutor Queue" [_thread_blocked, id=812, stack(0x000000cfcb200000,0x000000cfcb300000)]
  0x000002a49f79d000 JavaThread "WorkerExecutor Queue Thread 2" [_thread_blocked, id=8584, stack(0x000000cfcb300000,0x000000cfcb400000)]
  0x000002a4a422c800 JavaThread "WorkerExecutor Queue Thread 3" [_thread_blocked, id=4972, stack(0x000000cfcb400000,0x000000cfcb500000)]
  0x000002a4a422d800 JavaThread "ForkJoinPool-1-worker-3" daemon [_thread_blocked, id=10464, stack(0x000000cfcb500000,0x000000cfcb600000)]
  0x000002a4a422b000 JavaThread "ForkJoinPool-1-worker-5" daemon [_thread_blocked, id=3908, stack(0x000000cfcb600000,0x000000cfcb700000)]
  0x000002a4a422e800 JavaThread "ForkJoinPool-1-worker-7" daemon [_thread_blocked, id=9920, stack(0x000000cfcb700000,0x000000cfcb800000)]
  0x000002a4a4229800 JavaThread "ForkJoinPool-1-worker-1" daemon [_thread_blocked, id=11524, stack(0x000000cfcb800000,0x000000cfcb900000)]

Other Threads:
=>0x000002a49dffd000 VMThread "VM Thread" [stack: 0x000000cfc2100000,0x000000cfc2200000] [id=5116]
  0x000002a49eb0c000 WatcherThread [stack: 0x000000cfc2b00000,0x000000cfc2c00000] [id=9468]
  0x000002a482659800 GCTaskThread "GC Thread#0" [stack: 0x000000cfc1c00000,0x000000cfc1d00000] [id=6620]
  0x000002a49f287000 GCTaskThread "GC Thread#1" [stack: 0x000000cfc2d00000,0x000000cfc2e00000] [id=4664]
  0x000002a49f207000 GCTaskThread "GC Thread#2" [stack: 0x000000cfc2e00000,0x000000cfc2f00000] [id=3192]
  0x000002a49f95a800 GCTaskThread "GC Thread#3" [stack: 0x000000cfc3a00000,0x000000cfc3b00000] [id=14028]
  0x000002a48268a000 ConcurrentGCThread "G1 Main Marker" [stack: 0x000000cfc1d00000,0x000000cfc1e00000] [id=8428]
  0x000002a48268c800 ConcurrentGCThread "G1 Conc#0" [stack: 0x000000cfc1e00000,0x000000cfc1f00000] [id=9476]
  0x000002a48270d800 ConcurrentGCThread "G1 Refine#0" [stack: 0x000000cfc1f00000,0x000000cfc2000000] [id=3648]
  0x000002a4a474b800 ConcurrentGCThread "G1 Refine#1" [stack: 0x000000cfcb900000,0x000000cfcba00000] [id=9504]
  0x000002a49ece7800 ConcurrentGCThread "G1 Refine#2" [stack: 0x000000cfcba00000,0x000000cfcbb00000] [id=11248]
  0x000002a4a0d15800 ConcurrentGCThread "G1 Refine#3" [stack: 0x000000cfcbb00000,0x000000cfcbc00000] [id=7284]
  0x000002a49de50800 ConcurrentGCThread "G1 Young RemSet Sampling" [stack: 0x000000cfc2000000,0x000000cfc2100000] [id=14088]

Threads with active compile tasks:
C2 CompilerThread0  15828 10207       4       com.android.tools.r8.dex.P$g::a (20 bytes)
C2 CompilerThread1  15828 10183       4       com.android.tools.r8.dex.P$g::b (31 bytes)

VM state:at safepoint (normal execution)

VM Mutex/Monitor currently owned by a thread:  ([mutex/lock_event])
[0x000002a48263ac60] Threads_lock - owner thread: 0x000002a49dffd000
[0x000002a48263c490] Heap_lock - owner thread: 0x000002a49f79d000

Heap address: 0x0000000080000000, size: 2048 MB, Compressed Oops mode: 32-bit
Narrow klass base: 0x0000000000000000, Narrow klass shift: 3
Compressed class space size: 1073741824 Address: 0x0000000100000000

Heap:
 garbage-first heap   total 278528K, used 132095K [0x0000000080000000, 0x0000000100000000)
  region size 1024K, 6 young (6144K), 6 survivors (6144K)
 Metaspace       used 83734K, capacity 85834K, committed 86092K, reserved 1124352K
  class space    used 11007K, capacity 11801K, committed 11852K, reserved 1048576K
Heap Regions: E=young(eden), S=young(survivor), O=old, HS=humongous(starts), HC=humongous(continues), CS=collection set, F=free, A=archive, TAMS=top-at-mark-start (previous, next)
|   0|0x0000000080000000, 0x0000000080100000, 0x0000000080100000|100%| O|  |TAMS 0x0000000080100000, 0x0000000080100000| Untracked 
|   1|0x0000000080100000, 0x0000000080200000, 0x0000000080200000|100%| O|  |TAMS 0x0000000080200000, 0x0000000080200000| Untracked 
|   2|0x0000000080200000, 0x0000000080300000, 0x0000000080300000|100%| O|  |TAMS 0x0000000080300000, 0x0000000080300000| Untracked 
|   3|0x0000000080300000, 0x0000000080400000, 0x0000000080400000|100%|HS|  |TAMS 0x0000000080400000, 0x0000000080400000| Complete 
|   4|0x0000000080400000, 0x0000000080500000, 0x0000000080500000|100%|HC|  |TAMS 0x0000000080500000, 0x0000000080500000| Complete 
|   5|0x0000000080500000, 0x0000000080600000, 0x0000000080600000|100%|HC|  |TAMS 0x0000000080600000, 0x0000000080600000| Complete 
|   6|0x0000000080600000, 0x0000000080700000, 0x0000000080700000|100%| O|  |TAMS 0x0000000080700000, 0x0000000080700000| Untracked 
|   7|0x0000000080700000, 0x0000000080800000, 0x0000000080800000|100%| O|  |TAMS 0x0000000080800000, 0x0000000080800000| Untracked 
|   8|0x0000000080800000, 0x0000000080900000, 0x0000000080900000|100%| O|  |TAMS 0x0000000080900000, 0x0000000080900000| Untracked 
|   9|0x0000000080900000, 0x0000000080a00000, 0x0000000080a00000|100%| O|  |TAMS 0x0000000080a00000, 0x0000000080a00000| Untracked 
|  10|0x0000000080a00000, 0x0000000080b00000, 0x0000000080b00000|100%| O|  |TAMS 0x0000000080b00000, 0x0000000080b00000| Untracked 
|  11|0x0000000080b00000, 0x0000000080c00000, 0x0000000080c00000|100%| O|  |TAMS 0x0000000080c00000, 0x0000000080c00000| Untracked 
|  12|0x0000000080c00000, 0x0000000080d00000, 0x0000000080d00000|100%| O|  |TAMS 0x0000000080d00000, 0x0000000080d00000| Untracked 
|  13|0x0000000080d00000, 0x0000000080e00000, 0x0000000080e00000|100%|HS|  |TAMS 0x0000000080e00000, 0x0000000080e00000| Complete 
|  14|0x0000000080e00000, 0x0000000080f00000, 0x0000000080f00000|100%|HS|  |TAMS 0x0000000080f00000, 0x0000000080f00000| Complete 
|  15|0x0000000080f00000, 0x0000000081000000, 0x0000000081000000|100%|HC|  |TAMS 0x0000000081000000, 0x0000000081000000| Complete 
|  16|0x0000000081000000, 0x0000000081100000, 0x0000000081100000|100%| O|  |TAMS 0x0000000081100000, 0x0000000081100000| Untracked 
|  17|0x0000000081100000, 0x0000000081200000, 0x0000000081200000|100%| O|  |TAMS 0x0000000081200000, 0x0000000081200000| Untracked 
|  18|0x0000000081200000, 0x00000000812ffff8, 0x0000000081300000| 99%| O|  |TAMS 0x00000000812ffff8, 0x00000000812ffff8| Untracked 
|  19|0x0000000081300000, 0x0000000081400000, 0x0000000081400000|100%| O|  |TAMS 0x0000000081400000, 0x0000000081400000| Untracked 
|  20|0x0000000081400000, 0x0000000081500000, 0x0000000081500000|100%| O|  |TAMS 0x0000000081500000, 0x0000000081500000| Untracked 
|  21|0x0000000081500000, 0x0000000081600000, 0x0000000081600000|100%| O|  |TAMS 0x0000000081600000, 0x0000000081600000| Untracked 
|  22|0x0000000081600000, 0x0000000081700000, 0x0000000081700000|100%| O|  |TAMS 0x0000000081700000, 0x0000000081700000| Untracked 
|  23|0x0000000081700000, 0x0000000081800000, 0x0000000081800000|100%| O|  |TAMS 0x0000000081800000, 0x0000000081800000| Untracked 
|  24|0x0000000081800000, 0x0000000081900000, 0x0000000081900000|100%| O|  |TAMS 0x0000000081800000, 0x0000000081900000| Untracked 
|  25|0x0000000081900000, 0x0000000081a00000, 0x0000000081a00000|100%| O|  |TAMS 0x0000000081a00000, 0x0000000081a00000| Untracked 
|  26|0x0000000081a00000, 0x0000000081b00000, 0x0000000081b00000|100%| O|  |TAMS 0x0000000081b00000, 0x0000000081b00000| Untracked 
|  27|0x0000000081b00000, 0x0000000081c00000, 0x0000000081c00000|100%| O|  |TAMS 0x0000000081c00000, 0x0000000081c00000| Untracked 
|  28|0x0000000081c00000, 0x0000000081d00000, 0x0000000081d00000|100%| O|  |TAMS 0x0000000081d00000, 0x0000000081d00000| Untracked 
|  29|0x0000000081d00000, 0x0000000081e00000, 0x0000000081e00000|100%| O|  |TAMS 0x0000000081e00000, 0x0000000081e00000| Untracked 
|  30|0x0000000081e00000, 0x0000000081f00000, 0x0000000081f00000|100%| O|  |TAMS 0x0000000081f00000, 0x0000000081f00000| Untracked 
|  31|0x0000000081f00000, 0x0000000082000000, 0x0000000082000000|100%| O|  |TAMS 0x0000000082000000, 0x0000000082000000| Untracked 
|  32|0x0000000082000000, 0x0000000082100000, 0x0000000082100000|100%| O|  |TAMS 0x0000000082100000, 0x0000000082100000| Untracked 
|  33|0x0000000082100000, 0x0000000082200000, 0x0000000082200000|100%| O|  |TAMS 0x0000000082200000, 0x0000000082200000| Untracked 
|  34|0x0000000082200000, 0x0000000082300000, 0x0000000082300000|100%| O|  |TAMS 0x0000000082300000, 0x0000000082300000| Untracked 
|  35|0x0000000082300000, 0x0000000082400000, 0x0000000082400000|100%| O|  |TAMS 0x0000000082400000, 0x0000000082400000| Untracked 
|  36|0x0000000082400000, 0x0000000082500000, 0x0000000082500000|100%| O|  |TAMS 0x0000000082500000, 0x0000000082500000| Untracked 
|  37|0x0000000082500000, 0x0000000082600000, 0x0000000082600000|100%| O|  |TAMS 0x0000000082500000, 0x0000000082600000| Untracked 
|  38|0x0000000082600000, 0x0000000082700000, 0x0000000082700000|100%| O|  |TAMS 0x0000000082600000, 0x0000000082700000| Untracked 
|  39|0x0000000082700000, 0x0000000082800000, 0x0000000082800000|100%| O|  |TAMS 0x0000000082700000, 0x0000000082800000| Untracked 
|  40|0x0000000082800000, 0x0000000082900000, 0x0000000082900000|100%| O|  |TAMS 0x0000000082800000, 0x0000000082900000| Untracked 
|  41|0x0000000082900000, 0x0000000082a00000, 0x0000000082a00000|100%| O|  |TAMS 0x0000000082900000, 0x0000000082a00000| Untracked 
|  42|0x0000000082a00000, 0x0000000082b00000, 0x0000000082b00000|100%| O|  |TAMS 0x0000000082a00000, 0x0000000082b00000| Untracked 
|  43|0x0000000082b00000, 0x0000000082c00000, 0x0000000082c00000|100%| O|  |TAMS 0x0000000082b00000, 0x0000000082c00000| Untracked 
|  44|0x0000000082c00000, 0x0000000082d00000, 0x0000000082d00000|100%| O|  |TAMS 0x0000000082c00000, 0x0000000082d00000| Untracked 
|  45|0x0000000082d00000, 0x0000000082e00000, 0x0000000082e00000|100%| O|  |TAMS 0x0000000082d00000, 0x0000000082e00000| Untracked 
|  46|0x0000000082e00000, 0x0000000082f00000, 0x0000000082f00000|100%| O|  |TAMS 0x0000000082e00000, 0x0000000082f00000| Untracked 
|  47|0x0000000082f00000, 0x0000000083000000, 0x0000000083000000|100%|HS|  |TAMS 0x0000000082f00000, 0x0000000083000000| Complete 
|  48|0x0000000083000000, 0x0000000083100000, 0x0000000083100000|100%|HC|  |TAMS 0x0000000083000000, 0x0000000083100000| Complete 
|  49|0x0000000083100000, 0x0000000083200000, 0x0000000083200000|100%|HC|  |TAMS 0x0000000083100000, 0x0000000083200000| Complete 
|  50|0x0000000083200000, 0x0000000083300000, 0x0000000083300000|100%|HC|  |TAMS 0x0000000083200000, 0x0000000083300000| Complete 
|  51|0x0000000083300000, 0x0000000083400000, 0x0000000083400000|100%|HC|  |TAMS 0x0000000083300000, 0x0000000083400000| Complete 
|  52|0x0000000083400000, 0x0000000083500000, 0x0000000083500000|100%|HC|  |TAMS 0x0000000083400000, 0x0000000083500000| Complete 
|  53|0x0000000083500000, 0x0000000083600000, 0x0000000083600000|100%| O|  |TAMS 0x0000000083500000, 0x0000000083600000| Untracked 
|  54|0x0000000083600000, 0x0000000083700000, 0x0000000083700000|100%| O|  |TAMS 0x0000000083600000, 0x0000000083700000| Untracked 
|  55|0x0000000083700000, 0x0000000083800000, 0x0000000083800000|100%| O|  |TAMS 0x0000000083700000, 0x0000000083800000| Untracked 
|  56|0x0000000083800000, 0x0000000083900000, 0x0000000083900000|100%| O|  |TAMS 0x0000000083800000, 0x0000000083900000| Untracked 
|  57|0x0000000083900000, 0x0000000083a00000, 0x0000000083a00000|100%| O|  |TAMS 0x0000000083900000, 0x0000000083a00000| Untracked 
|  58|0x0000000083a00000, 0x0000000083b00000, 0x0000000083b00000|100%| O|  |TAMS 0x0000000083a00000, 0x0000000083b00000| Untracked 
|  59|0x0000000083b00000, 0x0000000083c00000, 0x0000000083c00000|100%|HS|  |TAMS 0x0000000083b00000, 0x0000000083c00000| Complete 
|  60|0x0000000083c00000, 0x0000000083d00000, 0x0000000083d00000|100%|HC|  |TAMS 0x0000000083c00000, 0x0000000083d00000| Complete 
|  61|0x0000000083d00000, 0x0000000083e00000, 0x0000000083e00000|100%|HC|  |TAMS 0x0000000083d00000, 0x0000000083e00000| Complete 
|  62|0x0000000083e00000, 0x0000000083f00000, 0x0000000083f00000|100%|HC|  |TAMS 0x0000000083e00000, 0x0000000083f00000| Complete 
|  63|0x0000000083f00000, 0x0000000084000000, 0x0000000084000000|100%|HC|  |TAMS 0x0000000083f00000, 0x0000000084000000| Complete 
|  64|0x0000000084000000, 0x0000000084100000, 0x0000000084100000|100%|HC|  |TAMS 0x0000000084000000, 0x0000000084100000| Complete 
|  65|0x0000000084100000, 0x0000000084200000, 0x0000000084200000|100%| O|  |TAMS 0x0000000084100000, 0x0000000084200000| Untracked 
|  66|0x0000000084200000, 0x0000000084300000, 0x0000000084300000|100%| O|  |TAMS 0x0000000084200000, 0x0000000084300000| Untracked 
|  67|0x0000000084300000, 0x0000000084400000, 0x0000000084400000|100%| O|  |TAMS 0x0000000084300000, 0x0000000084400000| Untracked 
|  68|0x0000000084400000, 0x0000000084500000, 0x0000000084500000|100%| O|  |TAMS 0x0000000084400000, 0x0000000084500000| Untracked 
|  69|0x0000000084500000, 0x0000000084600000, 0x0000000084600000|100%| O|  |TAMS 0x0000000084500000, 0x0000000084600000| Untracked 
|  70|0x0000000084600000, 0x0000000084700000, 0x0000000084700000|100%| O|  |TAMS 0x0000000084600000, 0x0000000084700000| Untracked 
|  71|0x0000000084700000, 0x0000000084800000, 0x0000000084800000|100%| O|  |TAMS 0x0000000084700000, 0x0000000084800000| Untracked 
|  72|0x0000000084800000, 0x0000000084900000, 0x0000000084900000|100%| O|  |TAMS 0x0000000084800000, 0x0000000084900000| Untracked 
|  73|0x0000000084900000, 0x0000000084a00000, 0x0000000084a00000|100%| O|  |TAMS 0x0000000084900000, 0x0000000084a00000| Untracked 
|  74|0x0000000084a00000, 0x0000000084b00000, 0x0000000084b00000|100%| O|  |TAMS 0x0000000084a00000, 0x0000000084b00000| Untracked 
|  75|0x0000000084b00000, 0x0000000084c00000, 0x0000000084c00000|100%| O|  |TAMS 0x0000000084b00000, 0x0000000084c00000| Untracked 
|  76|0x0000000084c00000, 0x0000000084d00000, 0x0000000084d00000|100%| O|  |TAMS 0x0000000084c00000, 0x0000000084d00000| Untracked 
|  77|0x0000000084d00000, 0x0000000084e00000, 0x0000000084e00000|100%| O|  |TAMS 0x0000000084d00000, 0x0000000084e00000| Untracked 
|  78|0x0000000084e00000, 0x0000000084f00000, 0x0000000084f00000|100%| O|  |TAMS 0x0000000084e00000, 0x0000000084f00000| Untracked 
|  79|0x0000000084f00000, 0x0000000085000000, 0x0000000085000000|100%| O|  |TAMS 0x0000000084f00000, 0x0000000085000000| Untracked 
|  80|0x0000000085000000, 0x0000000085100000, 0x0000000085100000|100%| O|  |TAMS 0x0000000085000000, 0x0000000085100000| Untracked 
|  81|0x0000000085100000, 0x0000000085200000, 0x0000000085200000|100%| O|  |TAMS 0x0000000085100000, 0x0000000085200000| Untracked 
|  82|0x0000000085200000, 0x0000000085300000, 0x0000000085300000|100%| O|  |TAMS 0x0000000085200000, 0x0000000085300000| Untracked 
|  83|0x0000000085300000, 0x0000000085400000, 0x0000000085400000|100%| O|  |TAMS 0x0000000085300000, 0x0000000085400000| Untracked 
|  84|0x0000000085400000, 0x0000000085500000, 0x0000000085500000|100%| O|  |TAMS 0x0000000085400000, 0x0000000085500000| Untracked 
|  85|0x0000000085500000, 0x0000000085600000, 0x0000000085600000|100%| O|  |TAMS 0x0000000085500000, 0x0000000085600000| Untracked 
|  86|0x0000000085600000, 0x0000000085700000, 0x0000000085700000|100%| O|  |TAMS 0x0000000085600000, 0x0000000085700000| Untracked 
|  87|0x0000000085700000, 0x0000000085800000, 0x0000000085800000|100%| O|  |TAMS 0x0000000085700000, 0x0000000085800000| Untracked 
|  88|0x0000000085800000, 0x0000000085900000, 0x0000000085900000|100%| O|  |TAMS 0x0000000085800000, 0x0000000085900000| Untracked 
|  89|0x0000000085900000, 0x0000000085a00000, 0x0000000085a00000|100%| O|  |TAMS 0x0000000085900000, 0x0000000085a00000| Untracked 
|  90|0x0000000085a00000, 0x0000000085b00000, 0x0000000085b00000|100%| O|  |TAMS 0x0000000085a00000, 0x0000000085b00000| Untracked 
|  91|0x0000000085b00000, 0x0000000085c00000, 0x0000000085c00000|100%| O|  |TAMS 0x0000000085b00000, 0x0000000085c00000| Untracked 
|  92|0x0000000085c00000, 0x0000000085d00000, 0x0000000085d00000|100%| O|  |TAMS 0x0000000085c00000, 0x0000000085d00000| Untracked 
|  93|0x0000000085d00000, 0x0000000085e00000, 0x0000000085e00000|100%| O|  |TAMS 0x0000000085d00000, 0x0000000085e00000| Untracked 
|  94|0x0000000085e00000, 0x0000000085f00000, 0x0000000085f00000|100%| O|  |TAMS 0x0000000085e00000, 0x0000000085f00000| Untracked 
|  95|0x0000000085f00000, 0x0000000086000000, 0x0000000086000000|100%| O|  |TAMS 0x0000000085f00000, 0x0000000086000000| Untracked 
|  96|0x0000000086000000, 0x0000000086100000, 0x0000000086100000|100%| O|  |TAMS 0x0000000086000000, 0x0000000086100000| Untracked 
|  97|0x0000000086100000, 0x0000000086200000, 0x0000000086200000|100%| O|  |TAMS 0x0000000086100000, 0x0000000086200000| Untracked 
|  98|0x0000000086200000, 0x0000000086300000, 0x0000000086300000|100%| O|  |TAMS 0x0000000086200000, 0x0000000086300000| Untracked 
|  99|0x0000000086300000, 0x0000000086400000, 0x0000000086400000|100%| O|  |TAMS 0x0000000086300000, 0x0000000086400000| Untracked 
| 100|0x0000000086400000, 0x0000000086500000, 0x0000000086500000|100%| O|  |TAMS 0x0000000086400000, 0x0000000086500000| Untracked 
| 101|0x0000000086500000, 0x0000000086600000, 0x0000000086600000|100%| O|  |TAMS 0x0000000086500000, 0x0000000086600000| Untracked 
| 102|0x0000000086600000, 0x0000000086700000, 0x0000000086700000|100%| O|  |TAMS 0x0000000086600000, 0x0000000086700000| Untracked 
| 103|0x0000000086700000, 0x0000000086800000, 0x0000000086800000|100%| O|  |TAMS 0x0000000086700000, 0x0000000086800000| Untracked 
| 104|0x0000000086800000, 0x0000000086900000, 0x0000000086900000|100%| O|  |TAMS 0x0000000086800000, 0x0000000086900000| Untracked 
| 105|0x0000000086900000, 0x0000000086a00000, 0x0000000086a00000|100%| O|  |TAMS 0x0000000086900000, 0x0000000086a00000| Untracked 
| 106|0x0000000086a00000, 0x0000000086b00000, 0x0000000086b00000|100%| O|  |TAMS 0x0000000086a00000, 0x0000000086b00000| Untracked 
| 107|0x0000000086b00000, 0x0000000086c00000, 0x0000000086c00000|100%| O|  |TAMS 0x0000000086b00000, 0x0000000086c00000| Untracked 
| 108|0x0000000086c00000, 0x0000000086d00000, 0x0000000086d00000|100%| O|  |TAMS 0x0000000086c00000, 0x0000000086d00000| Untracked 
| 109|0x0000000086d00000, 0x0000000086e00000, 0x0000000086e00000|100%| O|  |TAMS 0x0000000086d00000, 0x0000000086e00000| Untracked 
| 110|0x0000000086e00000, 0x0000000086f00000, 0x0000000086f00000|100%| O|  |TAMS 0x0000000086e00000, 0x0000000086f00000| Untracked 
| 111|0x0000000086f00000, 0x0000000087000000, 0x0000000087000000|100%| O|  |TAMS 0x0000000086f00000, 0x0000000087000000| Untracked 
| 112|0x0000000087000000, 0x0000000087100000, 0x0000000087100000|100%| O|  |TAMS 0x0000000087000000, 0x0000000087100000| Untracked 
| 113|0x0000000087100000, 0x0000000087200000, 0x0000000087200000|100%| O|  |TAMS 0x0000000087100000, 0x0000000087200000| Untracked 
| 114|0x0000000087200000, 0x0000000087300000, 0x0000000087300000|100%| O|  |TAMS 0x0000000087200000, 0x0000000087300000| Untracked 
| 115|0x0000000087300000, 0x0000000087400000, 0x0000000087400000|100%| O|  |TAMS 0x0000000087300000, 0x0000000087400000| Untracked 
| 116|0x0000000087400000, 0x0000000087500000, 0x0000000087500000|100%| O|  |TAMS 0x0000000087400000, 0x0000000087500000| Untracked 
| 117|0x0000000087500000, 0x0000000087600000, 0x0000000087600000|100%| O|  |TAMS 0x0000000087500000, 0x0000000087600000| Untracked 
| 118|0x0000000087600000, 0x0000000087700000, 0x0000000087700000|100%| O|  |TAMS 0x0000000087600000, 0x0000000087700000| Untracked 
| 119|0x0000000087700000, 0x0000000087800000, 0x0000000087800000|100%| O|  |TAMS 0x0000000087700000, 0x0000000087800000| Untracked 
| 120|0x0000000087800000, 0x0000000087900000, 0x0000000087900000|100%| O|  |TAMS 0x0000000087800000, 0x0000000087900000| Untracked 
| 121|0x0000000087900000, 0x0000000087a00000, 0x0000000087a00000|100%| O|  |TAMS 0x0000000087900000, 0x0000000087a00000| Untracked 
| 122|0x0000000087a00000, 0x0000000087b00000, 0x0000000087b00000|100%| O|  |TAMS 0x0000000087a00000, 0x0000000087b00000| Untracked 
| 123|0x0000000087b00000, 0x0000000087b00000, 0x0000000087c00000|  0%| F|  |TAMS 0x0000000087b00000, 0x0000000087b00000| Untracked 
| 124|0x0000000087c00000, 0x0000000087c00000, 0x0000000087d00000|  0%| F|  |TAMS 0x0000000087c00000, 0x0000000087c00000| Untracked 
| 125|0x0000000087d00000, 0x0000000087d00000, 0x0000000087e00000|  0%| F|  |TAMS 0x0000000087d00000, 0x0000000087d00000| Untracked 
| 126|0x0000000087e00000, 0x0000000087e00000, 0x0000000087f00000|  0%| F|  |TAMS 0x0000000087e00000, 0x0000000087e00000| Untracked 
| 127|0x0000000087f00000, 0x0000000087f00000, 0x0000000088000000|  0%| F|  |TAMS 0x0000000087f00000, 0x0000000087f00000| Untracked 
| 128|0x0000000088000000, 0x0000000088000000, 0x0000000088100000|  0%| F|  |TAMS 0x0000000088000000, 0x0000000088000000| Untracked 
| 129|0x0000000088100000, 0x0000000088100000, 0x0000000088200000|  0%| F|  |TAMS 0x0000000088100000, 0x0000000088100000| Untracked 
| 130|0x0000000088200000, 0x0000000088200000, 0x0000000088300000|  0%| F|  |TAMS 0x0000000088200000, 0x0000000088200000| Untracked 
| 131|0x0000000088300000, 0x0000000088300000, 0x0000000088400000|  0%| F|  |TAMS 0x0000000088300000, 0x0000000088300000| Untracked 
| 132|0x0000000088400000, 0x0000000088400000, 0x0000000088500000|  0%| F|  |TAMS 0x0000000088400000, 0x0000000088400000| Untracked 
| 133|0x0000000088500000, 0x0000000088500000, 0x0000000088600000|  0%| F|  |TAMS 0x0000000088500000, 0x0000000088500000| Untracked 
| 134|0x0000000088600000, 0x0000000088600000, 0x0000000088700000|  0%| F|  |TAMS 0x0000000088600000, 0x0000000088600000| Untracked 
| 135|0x0000000088700000, 0x0000000088700000, 0x0000000088800000|  0%| F|  |TAMS 0x0000000088700000, 0x0000000088700000| Untracked 
| 136|0x0000000088800000, 0x0000000088800000, 0x0000000088900000|  0%| F|  |TAMS 0x0000000088800000, 0x0000000088800000| Untracked 
| 137|0x0000000088900000, 0x0000000088900000, 0x0000000088a00000|  0%| F|  |TAMS 0x0000000088900000, 0x0000000088900000| Untracked 
| 138|0x0000000088a00000, 0x0000000088a00000, 0x0000000088b00000|  0%| F|  |TAMS 0x0000000088a00000, 0x0000000088a00000| Untracked 
| 139|0x0000000088b00000, 0x0000000088b00000, 0x0000000088c00000|  0%| F|  |TAMS 0x0000000088b00000, 0x0000000088b00000| Untracked 
| 140|0x0000000088c00000, 0x0000000088c00000, 0x0000000088d00000|  0%| F|  |TAMS 0x0000000088c00000, 0x0000000088c00000| Untracked 
| 141|0x0000000088d00000, 0x0000000088d00000, 0x0000000088e00000|  0%| F|  |TAMS 0x0000000088d00000, 0x0000000088d00000| Untracked 
| 142|0x0000000088e00000, 0x0000000088e00000, 0x0000000088f00000|  0%| F|  |TAMS 0x0000000088e00000, 0x0000000088e00000| Untracked 
| 143|0x0000000088f00000, 0x0000000088f00000, 0x0000000089000000|  0%| F|  |TAMS 0x0000000088f00000, 0x0000000088f00000| Untracked 
| 144|0x0000000089000000, 0x0000000089000000, 0x0000000089100000|  0%| F|  |TAMS 0x0000000089000000, 0x0000000089000000| Untracked 
| 145|0x0000000089100000, 0x0000000089100000, 0x0000000089200000|  0%| F|  |TAMS 0x0000000089100000, 0x0000000089100000| Untracked 
| 146|0x0000000089200000, 0x0000000089200000, 0x0000000089300000|  0%| F|  |TAMS 0x0000000089200000, 0x0000000089200000| Untracked 
| 147|0x0000000089300000, 0x0000000089300000, 0x0000000089400000|  0%| F|  |TAMS 0x0000000089300000, 0x0000000089300000| Untracked 
| 148|0x0000000089400000, 0x0000000089400000, 0x0000000089500000|  0%| F|  |TAMS 0x0000000089400000, 0x0000000089400000| Untracked 
| 149|0x0000000089500000, 0x0000000089500000, 0x0000000089600000|  0%| F|  |TAMS 0x0000000089500000, 0x0000000089500000| Untracked 
| 150|0x0000000089600000, 0x0000000089600000, 0x0000000089700000|  0%| F|  |TAMS 0x0000000089600000, 0x0000000089600000| Untracked 
| 151|0x0000000089700000, 0x0000000089700000, 0x0000000089800000|  0%| F|  |TAMS 0x0000000089700000, 0x0000000089700000| Untracked 
| 152|0x0000000089800000, 0x0000000089800000, 0x0000000089900000|  0%| F|  |TAMS 0x0000000089800000, 0x0000000089800000| Untracked 
| 153|0x0000000089900000, 0x0000000089900000, 0x0000000089a00000|  0%| F|  |TAMS 0x0000000089900000, 0x0000000089900000| Untracked 
| 154|0x0000000089a00000, 0x0000000089a00000, 0x0000000089b00000|  0%| F|  |TAMS 0x0000000089a00000, 0x0000000089a00000| Untracked 
| 155|0x0000000089b00000, 0x0000000089b00000, 0x0000000089c00000|  0%| F|  |TAMS 0x0000000089b00000, 0x0000000089b00000| Untracked 
| 156|0x0000000089c00000, 0x0000000089c00000, 0x0000000089d00000|  0%| F|  |TAMS 0x0000000089c00000, 0x0000000089c00000| Untracked 
| 157|0x0000000089d00000, 0x0000000089d00000, 0x0000000089e00000|  0%| F|  |TAMS 0x0000000089d00000, 0x0000000089d00000| Untracked 
| 158|0x0000000089e00000, 0x0000000089e00000, 0x0000000089f00000|  0%| F|  |TAMS 0x0000000089e00000, 0x0000000089e00000| Untracked 
| 159|0x0000000089f00000, 0x0000000089f00000, 0x000000008a000000|  0%| F|  |TAMS 0x0000000089f00000, 0x0000000089f00000| Untracked 
| 160|0x000000008a000000, 0x000000008a000000, 0x000000008a100000|  0%| F|  |TAMS 0x000000008a000000, 0x000000008a000000| Untracked 
| 161|0x000000008a100000, 0x000000008a100000, 0x000000008a200000|  0%| F|  |TAMS 0x000000008a100000, 0x000000008a100000| Untracked 
| 162|0x000000008a200000, 0x000000008a200000, 0x000000008a300000|  0%| F|  |TAMS 0x000000008a200000, 0x000000008a200000| Untracked 
| 163|0x000000008a300000, 0x000000008a300000, 0x000000008a400000|  0%| F|  |TAMS 0x000000008a300000, 0x000000008a300000| Untracked 
| 164|0x000000008a400000, 0x000000008a400000, 0x000000008a500000|  0%| F|  |TAMS 0x000000008a400000, 0x000000008a400000| Untracked 
| 165|0x000000008a500000, 0x000000008a500000, 0x000000008a600000|  0%| F|  |TAMS 0x000000008a500000, 0x000000008a500000| Untracked 
| 166|0x000000008a600000, 0x000000008a600000, 0x000000008a700000|  0%| F|  |TAMS 0x000000008a600000, 0x000000008a600000| Untracked 
| 167|0x000000008a700000, 0x000000008a700000, 0x000000008a800000|  0%| F|  |TAMS 0x000000008a700000, 0x000000008a700000| Untracked 
| 168|0x000000008a800000, 0x000000008a800000, 0x000000008a900000|  0%| F|  |TAMS 0x000000008a800000, 0x000000008a800000| Untracked 
| 169|0x000000008a900000, 0x000000008a900000, 0x000000008aa00000|  0%| F|  |TAMS 0x000000008a900000, 0x000000008a900000| Untracked 
| 170|0x000000008aa00000, 0x000000008aa00000, 0x000000008ab00000|  0%| F|  |TAMS 0x000000008aa00000, 0x000000008aa00000| Untracked 
| 171|0x000000008ab00000, 0x000000008ab00000, 0x000000008ac00000|  0%| F|  |TAMS 0x000000008ab00000, 0x000000008ab00000| Untracked 
| 172|0x000000008ac00000, 0x000000008ac00000, 0x000000008ad00000|  0%| F|  |TAMS 0x000000008ac00000, 0x000000008ac00000| Untracked 
| 173|0x000000008ad00000, 0x000000008ad00000, 0x000000008ae00000|  0%| F|  |TAMS 0x000000008ad00000, 0x000000008ad00000| Untracked 
| 174|0x000000008ae00000, 0x000000008ae00000, 0x000000008af00000|  0%| F|  |TAMS 0x000000008ae00000, 0x000000008ae00000| Untracked 
| 175|0x000000008af00000, 0x000000008af00000, 0x000000008b000000|  0%| F|  |TAMS 0x000000008af00000, 0x000000008af00000| Untracked 
| 176|0x000000008b000000, 0x000000008b000000, 0x000000008b100000|  0%| F|  |TAMS 0x000000008b000000, 0x000000008b000000| Untracked 
| 177|0x000000008b100000, 0x000000008b100000, 0x000000008b200000|  0%| F|  |TAMS 0x000000008b100000, 0x000000008b100000| Untracked 
| 178|0x000000008b200000, 0x000000008b200000, 0x000000008b300000|  0%| F|  |TAMS 0x000000008b200000, 0x000000008b200000| Untracked 
| 179|0x000000008b300000, 0x000000008b300000, 0x000000008b400000|  0%| F|  |TAMS 0x000000008b300000, 0x000000008b300000| Untracked 
| 180|0x000000008b400000, 0x000000008b400000, 0x000000008b500000|  0%| F|  |TAMS 0x000000008b400000, 0x000000008b400000| Untracked 
| 181|0x000000008b500000, 0x000000008b500000, 0x000000008b600000|  0%| F|  |TAMS 0x000000008b500000, 0x000000008b500000| Untracked 
| 182|0x000000008b600000, 0x000000008b600000, 0x000000008b700000|  0%| F|  |TAMS 0x000000008b600000, 0x000000008b600000| Untracked 
| 183|0x000000008b700000, 0x000000008b700000, 0x000000008b800000|  0%| F|  |TAMS 0x000000008b700000, 0x000000008b700000| Untracked 
| 184|0x000000008b800000, 0x000000008b800000, 0x000000008b900000|  0%| F|  |TAMS 0x000000008b800000, 0x000000008b800000| Untracked 
| 185|0x000000008b900000, 0x000000008b900000, 0x000000008ba00000|  0%| F|  |TAMS 0x000000008b900000, 0x000000008b900000| Untracked 
| 186|0x000000008ba00000, 0x000000008ba00000, 0x000000008bb00000|  0%| F|  |TAMS 0x000000008ba00000, 0x000000008ba00000| Untracked 
| 187|0x000000008bb00000, 0x000000008bb00000, 0x000000008bc00000|  0%| F|  |TAMS 0x000000008bb00000, 0x000000008bb00000| Untracked 
| 188|0x000000008bc00000, 0x000000008bc00000, 0x000000008bd00000|  0%| F|  |TAMS 0x000000008bc00000, 0x000000008bc00000| Untracked 
| 189|0x000000008bd00000, 0x000000008bd00000, 0x000000008be00000|  0%| F|  |TAMS 0x000000008bd00000, 0x000000008bd00000| Untracked 
| 190|0x000000008be00000, 0x000000008be00000, 0x000000008bf00000|  0%| F|  |TAMS 0x000000008be00000, 0x000000008be00000| Untracked 
| 191|0x000000008bf00000, 0x000000008bf00000, 0x000000008c000000|  0%| F|  |TAMS 0x000000008bf00000, 0x000000008bf00000| Untracked 
| 192|0x000000008c000000, 0x000000008c000000, 0x000000008c100000|  0%| F|  |TAMS 0x000000008c000000, 0x000000008c000000| Untracked 
| 193|0x000000008c100000, 0x000000008c100000, 0x000000008c200000|  0%| F|  |TAMS 0x000000008c100000, 0x000000008c100000| Untracked 
| 194|0x000000008c200000, 0x000000008c300000, 0x000000008c300000|100%| S|CS|TAMS 0x000000008c200000, 0x000000008c200000| Complete 
| 195|0x000000008c300000, 0x000000008c400000, 0x000000008c400000|100%| S|CS|TAMS 0x000000008c300000, 0x000000008c300000| Complete 
| 196|0x000000008c400000, 0x000000008c500000, 0x000000008c500000|100%| S|CS|TAMS 0x000000008c400000, 0x000000008c400000| Complete 
| 197|0x000000008c500000, 0x000000008c600000, 0x000000008c600000|100%| S|CS|TAMS 0x000000008c500000, 0x000000008c500000| Complete 
| 198|0x000000008c600000, 0x000000008c700000, 0x000000008c700000|100%| S|CS|TAMS 0x000000008c600000, 0x000000008c600000| Complete 
| 199|0x000000008c700000, 0x000000008c800000, 0x000000008c800000|100%| S|CS|TAMS 0x000000008c700000, 0x000000008c700000| Complete 
| 200|0x000000008c800000, 0x000000008c800000, 0x000000008c900000|  0%| F|  |TAMS 0x000000008c800000, 0x000000008c800000| Untracked 
| 201|0x000000008c900000, 0x000000008c900000, 0x000000008ca00000|  0%| F|  |TAMS 0x000000008c900000, 0x000000008c900000| Untracked 
| 202|0x000000008ca00000, 0x000000008ca00000, 0x000000008cb00000|  0%| F|  |TAMS 0x000000008ca00000, 0x000000008ca00000| Untracked 
| 203|0x000000008cb00000, 0x000000008cb00000, 0x000000008cc00000|  0%| F|  |TAMS 0x000000008cb00000, 0x000000008cb00000| Untracked 
| 204|0x000000008cc00000, 0x000000008cc00000, 0x000000008cd00000|  0%| F|  |TAMS 0x000000008cc00000, 0x000000008cc00000| Untracked 
| 205|0x000000008cd00000, 0x000000008cd00000, 0x000000008ce00000|  0%| F|  |TAMS 0x000000008cd00000, 0x000000008cd00000| Untracked 
| 206|0x000000008ce00000, 0x000000008ce00000, 0x000000008cf00000|  0%| F|  |TAMS 0x000000008ce00000, 0x000000008ce00000| Untracked 
| 207|0x000000008cf00000, 0x000000008cf00000, 0x000000008d000000|  0%| F|  |TAMS 0x000000008cf00000, 0x000000008cf00000| Untracked 
| 208|0x000000008d000000, 0x000000008d000000, 0x000000008d100000|  0%| F|  |TAMS 0x000000008d000000, 0x000000008d000000| Untracked 
| 209|0x000000008d100000, 0x000000008d100000, 0x000000008d200000|  0%| F|  |TAMS 0x000000008d100000, 0x000000008d100000| Untracked 
| 210|0x000000008d200000, 0x000000008d200000, 0x000000008d300000|  0%| F|  |TAMS 0x000000008d200000, 0x000000008d200000| Untracked 
| 211|0x000000008d300000, 0x000000008d300000, 0x000000008d400000|  0%| F|  |TAMS 0x000000008d300000, 0x000000008d300000| Untracked 
| 212|0x000000008d400000, 0x000000008d400000, 0x000000008d500000|  0%| F|  |TAMS 0x000000008d400000, 0x000000008d400000| Untracked 
| 213|0x000000008d500000, 0x000000008d500000, 0x000000008d600000|  0%| F|  |TAMS 0x000000008d500000, 0x000000008d500000| Untracked 
| 214|0x000000008d600000, 0x000000008d600000, 0x000000008d700000|  0%| F|  |TAMS 0x000000008d600000, 0x000000008d600000| Untracked 
| 215|0x000000008d700000, 0x000000008d700000, 0x000000008d800000|  0%| F|  |TAMS 0x000000008d700000, 0x000000008d700000| Untracked 
| 216|0x000000008d800000, 0x000000008d800000, 0x000000008d900000|  0%| F|  |TAMS 0x000000008d800000, 0x000000008d800000| Untracked 
| 217|0x000000008d900000, 0x000000008d900000, 0x000000008da00000|  0%| F|  |TAMS 0x000000008d900000, 0x000000008d900000| Untracked 
| 218|0x000000008da00000, 0x000000008da00000, 0x000000008db00000|  0%| F|  |TAMS 0x000000008da00000, 0x000000008da00000| Untracked 
| 219|0x000000008db00000, 0x000000008db00000, 0x000000008dc00000|  0%| F|  |TAMS 0x000000008db00000, 0x000000008db00000| Untracked 
| 220|0x000000008dc00000, 0x000000008dc00000, 0x000000008dd00000|  0%| F|  |TAMS 0x000000008dc00000, 0x000000008dc00000| Untracked 
| 221|0x000000008dd00000, 0x000000008dd00000, 0x000000008de00000|  0%| F|  |TAMS 0x000000008dd00000, 0x000000008dd00000| Untracked 
| 222|0x000000008de00000, 0x000000008de00000, 0x000000008df00000|  0%| F|  |TAMS 0x000000008de00000, 0x000000008de00000| Untracked 
| 223|0x000000008df00000, 0x000000008df00000, 0x000000008e000000|  0%| F|  |TAMS 0x000000008df00000, 0x000000008df00000| Untracked 
| 224|0x000000008e000000, 0x000000008e000000, 0x000000008e100000|  0%| F|  |TAMS 0x000000008e000000, 0x000000008e000000| Untracked 
| 225|0x000000008e100000, 0x000000008e100000, 0x000000008e200000|  0%| F|  |TAMS 0x000000008e100000, 0x000000008e100000| Untracked 

Card table byte_map: [0x000002a4971b0000,0x000002a4975b0000] _byte_map_base: 0x000002a496db0000

Marking Bits (Prev, Next): (CMBitMap*) 0x000002a482681370, (CMBitMap*) 0x000002a482681338
 Prev Bits: [0x000002a4999b0000, 0x000002a49b9b0000)
 Next Bits: [0x000002a4979b0000, 0x000002a4999b0000)

Polling page: 0x000002a482710000

Metaspace:

Usage:
  Non-class:     72.30 MB capacity,    71.02 MB ( 98%) used,     1.05 MB (  1%) free+waste,   232.25 KB ( <1%) overhead. 
      Class:     11.52 MB capacity,    10.75 MB ( 93%) used,   685.15 KB (  6%) free+waste,   108.19 KB ( <1%) overhead. 
       Both:     83.82 MB capacity,    81.77 MB ( 98%) used,     1.72 MB (  2%) free+waste,   340.44 KB ( <1%) overhead. 

Virtual space:
  Non-class space:       74.00 MB reserved,      72.50 MB ( 98%) committed 
      Class space:        1.00 GB reserved,      11.57 MB (  1%) committed 
             Both:        1.07 GB reserved,      84.07 MB (  8%) committed 

Chunk freelists:
   Non-Class:  15.00 KB
       Class:  7.00 KB
        Both:  22.00 KB

MaxMetaspaceSize: 17179869184.00 GB
CompressedClassSpaceSize: 1.00 GB

CodeHeap 'non-profiled nmethods': size=120064Kb used=5438Kb max_used=5438Kb free=114625Kb
 bounds [0x000002a48f250000, 0x000002a48f7a0000, 0x000002a496790000]
CodeHeap 'profiled nmethods': size=120000Kb used=20701Kb max_used=20701Kb free=99298Kb
 bounds [0x000002a487d20000, 0x000002a489160000, 0x000002a48f250000]
CodeHeap 'non-nmethods': size=5696Kb used=2256Kb max_used=2303Kb free=3439Kb
 bounds [0x000002a487790000, 0x000002a487a00000, 0x000002a487d20000]
 total_blobs=10777 nmethods=9929 adapters=759
 compilation: enabled
              stopped_count=0, restarted_count=0
 full_count=0

Compilation events (20 events):
Event: 15.710 Thread 0x000002a49e028000 10222       3       com.android.tools.r8.code.h3::a (1 bytes)
Event: 15.710 Thread 0x000002a49e028000 nmethod 10222 0x000002a489157390 code [0x000002a489157540, 0x000002a489157638]
Event: 15.721 Thread 0x000002a4a0ee0800 nmethod 10212 0x000002a48f791c90 code [0x000002a48f791f80, 0x000002a48f793230]
Event: 15.721 Thread 0x000002a4a0ee0800 10183       4       com.android.tools.r8.dex.P$g::b (31 bytes)
Event: 15.737 Thread 0x000002a49e01d000 nmethod 9527 0x000002a48f794010 code [0x000002a48f794560, 0x000002a48f79bb58]
Event: 15.737 Thread 0x000002a49e01d000 10207       4       com.android.tools.r8.dex.P$g::a (20 bytes)
Event: 15.744 Thread 0x000002a49e028000 10229       2       com.android.tools.r8.dex.P$g$$Lambda$950/0x0000000100b7e840::accept (12 bytes)
Event: 15.744 Thread 0x000002a49e028000 nmethod 10229 0x000002a489157710 code [0x000002a4891578c0, 0x000002a489157a08]
Event: 15.744 Thread 0x000002a49e028000 10231       2       java.util.IdentityHashMap::nextKeyIndex (15 bytes)
Event: 15.744 Thread 0x000002a49e028000 nmethod 10231 0x000002a489157b10 code [0x000002a489157cc0, 0x000002a489157db8]
Event: 15.744 Thread 0x000002a49e028000 10230       2       com.android.tools.r8.dex.P$g::a (36 bytes)
Event: 15.745 Thread 0x000002a49e028000 nmethod 10230 0x000002a489157e90 code [0x000002a489158040, 0x000002a489158188]
Event: 15.745 Thread 0x000002a49e028000 10232       2       com.android.tools.r8.dex.P$g$$Lambda$949/0x0000000100b7f440::apply (15 bytes)
Event: 15.745 Thread 0x000002a49e028000 nmethod 10232 0x000002a489158290 code [0x000002a489158460, 0x000002a4891585e8]
Event: 15.745 Thread 0x000002a49e028000 10233       2       com.android.tools.r8.dex.P$k::a (11 bytes)
Event: 15.745 Thread 0x000002a49e028000 nmethod 10233 0x000002a489158710 code [0x000002a4891588c0, 0x000002a4891589e8]
Event: 15.747 Thread 0x000002a49e028000 10235       2       com.android.tools.r8.dex.P$g$$Lambda$951/0x0000000100b7ec40::apply (15 bytes)
Event: 15.748 Thread 0x000002a49e028000 nmethod 10235 0x000002a489158a90 code [0x000002a489158c60, 0x000002a489158de8]
Event: 15.748 Thread 0x000002a49e028000 10236       2       com.android.tools.r8.dex.P$k::b (11 bytes)
Event: 15.748 Thread 0x000002a49e028000 nmethod 10236 0x000002a489158f10 code [0x000002a4891590c0, 0x000002a4891591e8]

GC Heap History (20 events):
Event: 4.205 GC heap after
{Heap after GC invocations=8 (full 0):
 garbage-first heap   total 157696K, used 21258K [0x0000000080000000, 0x0000000100000000)
  region size 1024K, 9 young (9216K), 9 survivors (9216K)
 Metaspace       used 35039K, capacity 35829K, committed 35840K, reserved 1081344K
  class space    used 4562K, capacity 4856K, committed 4864K, reserved 1048576K
}
Event: 5.316 GC heap before
{Heap before GC invocations=9 (full 0):
 garbage-first heap   total 157696K, used 109322K [0x0000000080000000, 0x0000000100000000)
  region size 1024K, 92 young (94208K), 9 survivors (9216K)
 Metaspace       used 43038K, capacity 44020K, committed 44108K, reserved 1087488K
  class space    used 5544K, capacity 5899K, committed 5964K, reserved 1048576K
}
Event: 5.332 GC heap after
{Heap after GC invocations=10 (full 0):
 garbage-first heap   total 157696K, used 25314K [0x0000000080000000, 0x0000000100000000)
  region size 1024K, 10 young (10240K), 10 survivors (10240K)
 Metaspace       used 43038K, capacity 44020K, committed 44108K, reserved 1087488K
  class space    used 5544K, capacity 5899K, committed 5964K, reserved 1048576K
}
Event: 6.488 GC heap before
{Heap before GC invocations=10 (full 0):
 garbage-first heap   total 157696K, used 111330K [0x0000000080000000, 0x0000000100000000)
  region size 1024K, 92 young (94208K), 10 survivors (10240K)
 Metaspace       used 48798K, capacity 50024K, committed 50252K, reserved 1093632K
  class space    used 6214K, capacity 6627K, committed 6732K, reserved 1048576K
}
Event: 6.513 GC heap after
{Heap after GC invocations=11 (full 0):
 garbage-first heap   total 189440K, used 36296K [0x0000000080000000, 0x0000000100000000)
  region size 1024K, 12 young (12288K), 12 survivors (12288K)
 Metaspace       used 48798K, capacity 50024K, committed 50252K, reserved 1093632K
  class space    used 6214K, capacity 6627K, committed 6732K, reserved 1048576K
}
Event: 7.724 GC heap before
{Heap before GC invocations=11 (full 0):
 garbage-first heap   total 189440K, used 116168K [0x0000000080000000, 0x0000000100000000)
  region size 1024K, 91 young (93184K), 12 survivors (12288K)
 Metaspace       used 58838K, capacity 60153K, committed 60236K, reserved 1101824K
  class space    used 7451K, capacity 7939K, committed 8012K, reserved 1048576K
}
Event: 7.749 GC heap after
{Heap after GC invocations=12 (full 0):
 garbage-first heap   total 189440K, used 43960K [0x0000000080000000, 0x0000000100000000)
  region size 1024K, 7 young (7168K), 7 survivors (7168K)
 Metaspace       used 58838K, capacity 60153K, committed 60236K, reserved 1101824K
  class space    used 7451K, capacity 7939K, committed 8012K, reserved 1048576K
}
Event: 9.033 GC heap before
{Heap before GC invocations=13 (full 0):
 garbage-first heap   total 189440K, used 135096K [0x0000000080000000, 0x0000000100000000)
  region size 1024K, 96 young (98304K), 7 survivors (7168K)
 Metaspace       used 67284K, capacity 68824K, committed 69068K, reserved 1110016K
  class space    used 8819K, capacity 9367K, committed 9420K, reserved 1048576K
}
Event: 9.051 GC heap after
{Heap after GC invocations=14 (full 0):
 garbage-first heap   total 189440K, used 48094K [0x0000000080000000, 0x0000000100000000)
  region size 1024K, 11 young (11264K), 11 survivors (11264K)
 Metaspace       used 67284K, capacity 68824K, committed 69068K, reserved 1110016K
  class space    used 8819K, capacity 9367K, committed 9420K, reserved 1048576K
}
Event: 10.814 GC heap before
{Heap before GC invocations=14 (full 0):
 garbage-first heap   total 189440K, used 141278K [0x0000000080000000, 0x0000000100000000)
  region size 1024K, 103 young (105472K), 11 survivors (11264K)
 Metaspace       used 74941K, capacity 76737K, committed 77004K, reserved 1116160K
  class space    used 9782K, capacity 10426K, committed 10444K, reserved 1048576K
}
Event: 10.844 GC heap after
{Heap after GC invocations=15 (full 0):
 garbage-first heap   total 189440K, used 55133K [0x0000000080000000, 0x0000000100000000)
  region size 1024K, 13 young (13312K), 13 survivors (13312K)
 Metaspace       used 74941K, capacity 76737K, committed 77004K, reserved 1116160K
  class space    used 9782K, capacity 10426K, committed 10444K, reserved 1048576K
}
Event: 13.005 GC heap before
{Heap before GC invocations=15 (full 0):
 garbage-first heap   total 189440K, used 144221K [0x0000000080000000, 0x0000000100000000)
  region size 1024K, 101 young (103424K), 13 survivors (13312K)
 Metaspace       used 76100K, capacity 77941K, committed 78156K, reserved 1116160K
  class space    used 9862K, capacity 10537K, committed 10572K, reserved 1048576K
}
Event: 13.028 GC heap after
{Heap after GC invocations=16 (full 0):
 garbage-first heap   total 231424K, used 59903K [0x0000000080000000, 0x0000000100000000)
  region size 1024K, 12 young (12288K), 12 survivors (12288K)
 Metaspace       used 76100K, capacity 77941K, committed 78156K, reserved 1116160K
  class space    used 9862K, capacity 10537K, committed 10572K, reserved 1048576K
}
Event: 14.609 GC heap before
{Heap before GC invocations=16 (full 0):
 garbage-first heap   total 231424K, used 181759K [0x0000000080000000, 0x0000000100000000)
  region size 1024K, 114 young (116736K), 12 survivors (12288K)
 Metaspace       used 81301K, capacity 83323K, committed 83660K, reserved 1122304K
  class space    used 10670K, capacity 11382K, committed 11468K, reserved 1048576K
}
Event: 14.661 GC heap after
{Heap after GC invocations=17 (full 0):
 garbage-first heap   total 231424K, used 96526K [0x0000000080000000, 0x0000000100000000)
  region size 1024K, 15 young (15360K), 15 survivors (15360K)
 Metaspace       used 81301K, capacity 83323K, committed 83660K, reserved 1122304K
  class space    used 10670K, capacity 11382K, committed 11468K, reserved 1048576K
}
Event: 14.780 GC heap before
{Heap before GC invocations=17 (full 0):
 garbage-first heap   total 231424K, used 109838K [0x0000000080000000, 0x0000000100000000)
  region size 1024K, 29 young (29696K), 15 survivors (15360K)
 Metaspace       used 81323K, capacity 83324K, committed 83660K, reserved 1122304K
  class space    used 10670K, capacity 11382K, committed 11468K, reserved 1048576K
}
Event: 14.823 GC heap after
{Heap after GC invocations=18 (full 0):
 garbage-first heap   total 231424K, used 105947K [0x0000000080000000, 0x0000000100000000)
  region size 1024K, 4 young (4096K), 4 survivors (4096K)
 Metaspace       used 81323K, capacity 83324K, committed 83660K, reserved 1122304K
  class space    used 10670K, capacity 11382K, committed 11468K, reserved 1048576K
}
Event: 15.499 GC heap before
{Heap before GC invocations=18 (full 0):
 garbage-first heap   total 231424K, used 153051K [0x0000000080000000, 0x0000000100000000)
  region size 1024K, 51 young (52224K), 4 survivors (4096K)
 Metaspace       used 83709K, capacity 85830K, committed 86092K, reserved 1124352K
  class space    used 11007K, capacity 11801K, committed 11852K, reserved 1048576K
}
Event: 15.528 GC heap after
{Heap after GC invocations=19 (full 0):
 garbage-first heap   total 231424K, used 123391K [0x0000000080000000, 0x0000000100000000)
  region size 1024K, 7 young (7168K), 7 survivors (7168K)
 Metaspace       used 83709K, capacity 85830K, committed 86092K, reserved 1124352K
  class space    used 11007K, capacity 11801K, committed 11852K, reserved 1048576K
}
Event: 15.758 GC heap before
{Heap before GC invocations=19 (full 0):
 garbage-first heap   total 231424K, used 147967K [0x0000000080000000, 0x0000000100000000)
  region size 1024K, 33 young (33792K), 7 survivors (7168K)
 Metaspace       used 83734K, capacity 85834K, committed 86092K, reserved 1124352K
  class space    used 11007K, capacity 11801K, committed 11852K, reserved 1048576K
}

Deoptimization events (20 events):
Event: 14.501 Thread 0x000002a4a4229800 DEOPT PACKING pc=0x000002a48f745fa8 sp=0x000000cfcb8fee30
Event: 14.501 Thread 0x000002a4a4229800 DEOPT UNPACKING pc=0x000002a4877b74af sp=0x000000cfcb8fee18 mode 2
Event: 14.685 Thread 0x000002a4a4229800 Uncommon trap: trap_request=0xffffff4d fr.pc=0x000002a48f7521b0 relative=0x0000000000001370
Event: 14.685 Thread 0x000002a4a4229800 Uncommon trap: reason=unstable_if action=reinterpret pc=0x000002a48f7521b0 method=com.android.tools.r8.dex.n.i()Lcom/android/tools/r8/graph/t0; @ 43 c2
Event: 14.685 Thread 0x000002a4a4229800 DEOPT PACKING pc=0x000002a48f7521b0 sp=0x000000cfcb8fec80
Event: 14.685 Thread 0x000002a4a4229800 DEOPT UNPACKING pc=0x000002a4877b74af sp=0x000000cfcb8fec60 mode 2
Event: 15.287 Thread 0x000002a4a422d800 DEOPT PACKING pc=0x000002a4890c8074 sp=0x000000cfcb5feb10
Event: 15.287 Thread 0x000002a4a422d800 DEOPT UNPACKING pc=0x000002a4877b72ce sp=0x000000cfcb5fdfe0 mode 0
Event: 15.297 Thread 0x000002a4a422e800 DEOPT PACKING pc=0x000002a4890b6eb1 sp=0x000000cfcb7fedb0
Event: 15.297 Thread 0x000002a4a422e800 DEOPT UNPACKING pc=0x000002a4877b72ce sp=0x000000cfcb7fe288 mode 0
Event: 15.396 Thread 0x000002a4a4229800 DEOPT PACKING pc=0x000002a4890f4d5c sp=0x000000cfcb8fefc0
Event: 15.396 Thread 0x000002a4a4229800 DEOPT UNPACKING pc=0x000002a4877b72ce sp=0x000000cfcb8fe480 mode 0
Event: 15.396 Thread 0x000002a4a422b000 DEOPT PACKING pc=0x000002a4890f4d5c sp=0x000000cfcb6fe970
Event: 15.396 Thread 0x000002a4a422b000 DEOPT UNPACKING pc=0x000002a4877b72ce sp=0x000000cfcb6fde30 mode 0
Event: 15.468 Thread 0x000002a49f79d000 Uncommon trap: trap_request=0xffffffe4 fr.pc=0x000002a48f7439ec relative=0x000000000000022c
Event: 15.468 Thread 0x000002a49f79d000 Uncommon trap: reason=range_check action=make_not_entrant pc=0x000002a48f7439ec method=com.android.tools.r8.graph.q0.b(Lcom/android/tools/r8/graph/q0;)I @ 26 c2
Event: 15.468 Thread 0x000002a49f79d000 DEOPT PACKING pc=0x000002a48f7439ec sp=0x000000cfcb3fd550
Event: 15.468 Thread 0x000002a49f79d000 DEOPT UNPACKING pc=0x000002a4877b74af sp=0x000000cfcb3fd4d0 mode 2
Event: 15.470 Thread 0x000002a49f79d000 DEOPT PACKING pc=0x000002a4891062c8 sp=0x000000cfcb3fd630
Event: 15.470 Thread 0x000002a49f79d000 DEOPT UNPACKING pc=0x000002a4877b72ce sp=0x000000cfcb3fcb70 mode 0

Classes redefined (0 events):
No events

Internal exceptions (20 events):
Event: 13.512 Thread 0x000002a49f79a000 Exception <a 'java/lang/NoSuchMethodError'{0x000000008c4f1738}: 'java.lang.Object java.lang.invoke.DirectMethodHandle$Holder.invokeStatic(java.lang.Object, java.lang.Object, int, java.lang.Object)'> (0x000000008c4f1738) thrown at [./src/hotspot/share/interpreter/linkResolver.cpp, line 773]
Event: 13.513 Thread 0x000002a49f79a000 Exception <a 'java/lang/NoSuchMethodError'{0x000000008c4f5430}: 'java.lang.Object java.lang.invoke.Invokers$Holder.linkToTargetMethod(java.lang.Object, int, java.lang.Object, java.lang.Object)'> (0x000000008c4f5430) thrown at [./src/hotspot/share/interpreter/linkResolver.cpp, line 773]
Event: 13.515 Thread 0x000002a49f79a000 Exception <a 'java/lang/NoSuchMethodError'{0x000000008c30b2b0}: 'void java.lang.invoke.DirectMethodHandle$Holder.invokeVirtual(java.lang.Object, java.lang.Object)'> (0x000000008c30b2b0) thrown at [./src/hotspot/share/interpreter/linkResolver.cpp, line 773]
Event: 13.980 Thread 0x000002a49f79d000 Exception <a 'sun/nio/fs/WindowsException'{0x000000008b435820}> (0x000000008b435820) thrown at [./src/hotspot/share/prims/jni.cpp, line 615]
Event: 14.044 Thread 0x000002a49f79d000 Exception <a 'java/lang/NoSuchMethodError'{0x000000008b28d2d8}: 'int java.lang.invoke.DirectMethodHandle$Holder.invokeVirtual(java.lang.Object, java.lang.Object, java.lang.Object)'> (0x000000008b28d2d8) thrown at [./src/hotspot/share/interpreter/linkResolver.cpp, line 773]
Event: 14.104 Thread 0x000002a49f79d000 Exception <a 'java/lang/NoSuchMethodError'{0x000000008b06eb10}: 'java.lang.Object java.lang.invoke.DirectMethodHandle$Holder.invokeStatic(java.lang.Object, java.lang.Object, java.lang.Object, java.lang.Object, java.lang.Object, java.lang.Object, java.lang.Object, java.lang.Object, java.lang.Object, java.lang.Object, java.lang.Object, java.lang.Object, java.lang.Object, java.lang.Object, java.lang.Object, java.lang.Object, java.lang.Object, int, java.lang.Object)'> (0x000000008b06eb10) thrown at [./src/hots
Event: 14.104 Thread 0x000002a49f79d000 Exception <a 'java/lang/NoSuchMethodError'{0x000000008b074160}: 'java.lang.Object java.lang.invoke.DirectMethodHandle$Holder.invokeStaticInit(java.lang.Object, java.lang.Object, java.lang.Object, java.lang.Object, java.lang.Object, java.lang.Object, java.lang.Object, java.lang.Object, java.lang.Object, java.lang.Object, java.lang.Object, java.lang.Object, java.lang.Object, java.lang.Object, java.lang.Object, java.lang.Object, java.lang.Object, int, java.lang.Object)'> (0x000000008b074160) thrown at [./src/
Event: 14.313 Thread 0x000002a49f79d000 Implicit null exception at 0x000002a48f72b21c to 0x000002a48f72bd6c
Event: 14.375 Thread 0x000002a4a4229800 Exception <a 'java/lang/NoSuchMethodError'{0x0000000088e2dab0}: 'java.lang.Object java.lang.invoke.DirectMethodHandle$Holder.newInvokeSpecial(java.lang.Object, int)'> (0x0000000088e2dab0) thrown at [./src/hotspot/share/interpreter/linkResolver.cpp, line 773]
Event: 15.057 Thread 0x000002a49f79d000 Exception <a 'java/lang/NoSuchMethodError'{0x000000008c858ed0}: 'void java.lang.invoke.DirectMethodHandle$Holder.invokeStatic(java.lang.Object, java.lang.Object, java.lang.Object, int)'> (0x000000008c858ed0) thrown at [./src/hotspot/share/interpreter/linkResolver.cpp, line 773]
Event: 15.058 Thread 0x000002a49f79d000 Exception <a 'java/lang/IncompatibleClassChangeError'{0x000000008c860da8}: Found class java.lang.Object, but interface was expected> (0x000000008c860da8) thrown at [./src/hotspot/share/interpreter/linkResolver.cpp, line 839]
Event: 15.161 Thread 0x000002a49f79d000 Exception <a 'java/lang/NoSuchMethodError'{0x000000008c5cb810}: 'void java.lang.invoke.DirectMethodHandle$Holder.invokeStaticInit(java.lang.Object, java.lang.Object, java.lang.Object, java.lang.Object, java.lang.Object)'> (0x000000008c5cb810) thrown at [./src/hotspot/share/interpreter/linkResolver.cpp, line 773]
Event: 15.211 Thread 0x000002a49f79d000 Exception <a 'java/lang/NoSuchMethodError'{0x000000008c307780}: 'java.lang.Object java.lang.invoke.DirectMethodHandle$Holder.invokeStatic(java.lang.Object, int, java.lang.Object, java.lang.Object)'> (0x000000008c307780) thrown at [./src/hotspot/share/interpreter/linkResolver.cpp, line 773]
Event: 15.223 Thread 0x000002a49f79d000 Exception <a 'java/lang/NoSuchMethodError'{0x000000008c3754c8}: 'long java.lang.invoke.DirectMethodHandle$Holder.invokeStatic(java.lang.Object, java.lang.Object)'> (0x000000008c3754c8) thrown at [./src/hotspot/share/interpreter/linkResolver.cpp, line 773]
Event: 15.244 Thread 0x000002a4a422e800 Exception <a 'java/lang/NoSuchMethodError'{0x000000008c295fc8}: 'void java.lang.invoke.DirectMethodHandle$Holder.invokeSpecial(java.lang.Object, java.lang.Object, int, java.lang.Object)'> (0x000000008c295fc8) thrown at [./src/hotspot/share/interpreter/linkResolver.cpp, line 773]
Event: 15.244 Thread 0x000002a4a422d800 Exception <a 'java/lang/NoSuchMethodError'{0x000000008c2e9b28}: 'void java.lang.invoke.DirectMethodHandle$Holder.invokeSpecial(java.lang.Object, java.lang.Object, int, java.lang.Object)'> (0x000000008c2e9b28) thrown at [./src/hotspot/share/interpreter/linkResolver.cpp, line 773]
Event: 15.248 Thread 0x000002a4a4229800 Exception <a 'java/lang/NoSuchMethodError'{0x000000008c2367d0}: 'void java.lang.invoke.DirectMethodHandle$Holder.invokeSpecial(java.lang.Object, java.lang.Object, int, java.lang.Object)'> (0x000000008c2367d0) thrown at [./src/hotspot/share/interpreter/linkResolver.cpp, line 773]
Event: 15.248 Thread 0x000002a4a422b000 Exception <a 'java/lang/NoSuchMethodError'{0x000000008c2e3068}: 'void java.lang.invoke.DirectMethodHandle$Holder.invokeSpecial(java.lang.Object, java.lang.Object, int, java.lang.Object)'> (0x000000008c2e3068) thrown at [./src/hotspot/share/interpreter/linkResolver.cpp, line 773]
Event: 15.353 Thread 0x000002a49f79d000 Exception <a 'java/lang/NoSuchMethodError'{0x000000008b974440}: 'java.lang.Object java.lang.invoke.DirectMethodHandle$Holder.invokeSpecial(java.lang.Object, java.lang.Object, java.lang.Object, java.lang.Object, java.lang.Object, java.lang.Object, java.lang.Object, java.lang.Object, java.lang.Object, java.lang.Object)'> (0x000000008b974440) thrown at [./src/hotspot/share/interpreter/linkResolver.cpp, line 773]
Event: 15.353 Thread 0x000002a49f79d000 Exception <a 'java/lang/NoSuchMethodError'{0x000000008b978530}: 'java.lang.Object java.lang.invoke.Invokers$Holder.linkToTargetMethod(java.lang.Object, java.lang.Object, java.lang.Object, java.lang.Object, java.lang.Object, java.lang.Object, java.lang.Object, java.lang.Object, java.lang.Object)'> (0x000000008b978530) thrown at [./src/hotspot/share/interpreter/linkResolver.cpp, line 773]

Events (20 events):
Event: 15.432 loading class com/android/tools/r8/graph/j0 done
Event: 15.432 loading class com/android/tools/r8/graph/R0$f
Event: 15.432 loading class com/android/tools/r8/graph/R0$f done
Event: 15.432 loading class com/android/tools/r8/graph/R0$f
Event: 15.432 loading class com/android/tools/r8/graph/R0$f done
Event: 15.433 loading class com/android/tools/r8/graph/S
Event: 15.433 loading class com/android/tools/r8/graph/S done
Event: 15.433 loading class com/android/tools/r8/graph/S
Event: 15.433 loading class com/android/tools/r8/graph/S done
Event: 15.433 loading class com/android/tools/r8/graph/S
Event: 15.433 loading class com/android/tools/r8/graph/S done
Event: 15.433 loading class com/android/tools/r8/graph/S
Event: 15.433 loading class com/android/tools/r8/graph/S done
Event: 15.434 loading class com/android/tools/r8/graph/S$h
Event: 15.434 loading class com/android/tools/r8/graph/S$h done
Event: 15.498 Executing VM operation: G1CollectForAllocation
Event: 15.528 Executing VM operation: G1CollectForAllocation done
Event: 15.678 Executing VM operation: ICBufferFull
Event: 15.678 Executing VM operation: ICBufferFull done
Event: 15.757 Executing VM operation: G1CollectForAllocation


Dynamic libraries:
0x00007ff6b67a0000 - 0x00007ff6b67aa000 	C:\Program Files\Android\Android Studio\jre\bin\java.exe
0x00007ffd02ae0000 - 0x00007ffd02cd0000 	C:\Windows\SYSTEM32\ntdll.dll
0x00007ffd01690000 - 0x00007ffd01742000 	C:\Windows\System32\KERNEL32.DLL
0x00007ffcffd90000 - 0x00007ffd00035000 	C:\Windows\System32\KERNELBASE.dll
0x00007ffd00940000 - 0x00007ffd00a3a000 	C:\Windows\System32\ucrtbase.dll
0x00007ffcf0b30000 - 0x00007ffcf0b47000 	C:\Program Files\Android\Android Studio\jre\bin\VCRUNTIME140.dll
0x00007ffcf0a60000 - 0x00007ffcf0a79000 	C:\Program Files\Android\Android Studio\jre\bin\jli.dll
0x00007ffd02900000 - 0x00007ffd02a94000 	C:\Windows\System32\USER32.dll
0x00007ffcef6b0000 - 0x00007ffcef934000 	C:\Windows\WinSxS\amd64_microsoft.windows.common-controls_6595b64144ccf1df_6.0.18362.1256_none_9e7e379be45e40e2\COMCTL32.dll
0x00007ffd01da0000 - 0x00007ffd01e3e000 	C:\Windows\System32\msvcrt.dll
0x00007ffcffa50000 - 0x00007ffcffa71000 	C:\Windows\System32\win32u.dll
0x00007ffd02540000 - 0x00007ffd02566000 	C:\Windows\System32\GDI32.dll
0x00007ffd01350000 - 0x00007ffd01686000 	C:\Windows\System32\combase.dll
0x00007ffcffa80000 - 0x00007ffcffc16000 	C:\Windows\System32\gdi32full.dll
0x00007ffd021e0000 - 0x00007ffd02300000 	C:\Windows\System32\RPCRT4.dll
0x00007ffd00a40000 - 0x00007ffd00ade000 	C:\Windows\System32\msvcp_win.dll
0x00007ffcffd00000 - 0x00007ffcffd81000 	C:\Windows\System32\bcryptPrimitives.dll
0x00007ffd02300000 - 0x00007ffd0232e000 	C:\Windows\System32\IMM32.DLL
0x00007ffceffd0000 - 0x00007ffcf006d000 	C:\Program Files\Android\Android Studio\jre\bin\msvcp140.dll
0x00007ffcaa340000 - 0x00007ffcaadfc000 	C:\Program Files\Android\Android Studio\jre\bin\server\jvm.dll
0x00007ffd020c0000 - 0x00007ffd02163000 	C:\Windows\System32\ADVAPI32.dll
0x00007ffd02330000 - 0x00007ffd023c7000 	C:\Windows\System32\sechost.dll
0x00007ffd020b0000 - 0x00007ffd020b8000 	C:\Windows\System32\PSAPI.DLL
0x00007ffcdb390000 - 0x00007ffcdb399000 	C:\Windows\SYSTEM32\WSOCK32.dll
0x00007ffcfce30000 - 0x00007ffcfce54000 	C:\Windows\SYSTEM32\WINMM.dll
0x00007ffd02890000 - 0x00007ffd028ff000 	C:\Windows\System32\WS2_32.dll
0x00007ffcf21e0000 - 0x00007ffcf21ea000 	C:\Windows\SYSTEM32\VERSION.dll
0x00007ffcfce00000 - 0x00007ffcfce2d000 	C:\Windows\SYSTEM32\winmmbase.dll
0x00007ffcffcb0000 - 0x00007ffcffcfa000 	C:\Windows\System32\cfgmgr32.dll
0x00007ffcff990000 - 0x00007ffcff9a1000 	C:\Windows\System32\kernel.appcore.dll
0x00007ffcf0a00000 - 0x00007ffcf0a11000 	C:\Program Files\Android\Android Studio\jre\bin\verify.dll
0x00007ffcfe220000 - 0x00007ffcfe414000 	C:\Windows\SYSTEM32\DBGHELP.DLL
0x00007ffced830000 - 0x00007ffced85a000 	C:\Windows\SYSTEM32\dbgcore.DLL
0x00007ffceff60000 - 0x00007ffceff89000 	C:\Program Files\Android\Android Studio\jre\bin\java.dll
0x00007ffcfd0e0000 - 0x00007ffcfd0eb000 	C:\Program Files\Android\Android Studio\jre\bin\jimage.dll
0x00007ffcf09e0000 - 0x00007ffcf09f8000 	C:\Program Files\Android\Android Studio\jre\bin\zip.dll
0x00007ffd00b90000 - 0x00007ffd01277000 	C:\Windows\System32\SHELL32.dll
0x00007ffd017d0000 - 0x00007ffd01879000 	C:\Windows\System32\shcore.dll
0x00007ffd00190000 - 0x00007ffd00911000 	C:\Windows\System32\windows.storage.dll
0x00007ffcff9d0000 - 0x00007ffcff9f3000 	C:\Windows\System32\profapi.dll
0x00007ffcffa00000 - 0x00007ffcffa4a000 	C:\Windows\System32\powrprof.dll
0x00007ffcff980000 - 0x00007ffcff990000 	C:\Windows\System32\UMPDC.dll
0x00007ffd02050000 - 0x00007ffd020a2000 	C:\Windows\System32\shlwapi.dll
0x00007ffd00920000 - 0x00007ffd00937000 	C:\Windows\System32\cryptsp.dll
0x00007ffcef2f0000 - 0x00007ffcef30a000 	C:\Program Files\Android\Android Studio\jre\bin\net.dll
0x00007ffcef990000 - 0x00007ffcefa80000 	C:\Windows\SYSTEM32\WINHTTP.dll
0x00007ffcff170000 - 0x00007ffcff1d7000 	C:\Windows\system32\mswsock.dll
0x00007ffcef2d0000 - 0x00007ffcef2e4000 	C:\Program Files\Android\Android Studio\jre\bin\nio.dll
0x00007ffcf0a80000 - 0x00007ffcf0aa7000 	C:\Users\hp\.gradle\native\fdc75f09e3144964f2cf3f50f0aa648679c211496f362492102eb8c894070792\windows-amd64\native-platform.dll
0x00007ffcd04d0000 - 0x00007ffcd0666000 	C:\Users\hp\.gradle\native\12488b8bf47d2d4c9fbf2f6322a914ad602e24e48041cd04a747c6da556b65c4\windows-amd64\native-platform-file-events.dll
0x00007ffcfd0a0000 - 0x00007ffcfd0aa000 	C:\Program Files\Android\Android Studio\jre\bin\management.dll
0x00007ffcfbf60000 - 0x00007ffcfbf6c000 	C:\Program Files\Android\Android Studio\jre\bin\management_ext.dll
0x00007ffcfece0000 - 0x00007ffcfed13000 	C:\Windows\system32\rsaenh.dll
0x00007ffcffc20000 - 0x00007ffcffc46000 	C:\Windows\System32\bcrypt.dll
0x00007ffcff8a0000 - 0x00007ffcff8c5000 	C:\Windows\SYSTEM32\USERENV.dll
0x00007ffcff340000 - 0x00007ffcff34c000 	C:\Windows\SYSTEM32\CRYPTBASE.dll
0x00007ffcfee80000 - 0x00007ffcfeeba000 	C:\Windows\SYSTEM32\IPHLPAPI.DLL
0x00007ffd02810000 - 0x00007ffd02818000 	C:\Windows\System32\NSI.dll
0x00007ffcf1fe0000 - 0x00007ffcf1ff6000 	C:\Windows\SYSTEM32\dhcpcsvc6.DLL
0x00007ffcf2210000 - 0x00007ffcf222c000 	C:\Windows\SYSTEM32\dhcpcsvc.DLL
0x00007ffcfeed0000 - 0x00007ffcfef9b000 	C:\Windows\SYSTEM32\DNSAPI.dll
0x00007ffcf2270000 - 0x00007ffcf227b000 	C:\Windows\SYSTEM32\WINNSI.DLL

dbghelp: loaded successfully - version: 4.0.5 - missing functions: none
symbol engine: initialized successfully - sym options: 0x614 - pdb path: .;C:\Program Files\Android\Android Studio\jre\bin;C:\Windows\SYSTEM32;C:\Windows\WinSxS\amd64_microsoft.windows.common-controls_6595b64144ccf1df_6.0.18362.1256_none_9e7e379be45e40e2;C:\Program Files\Android\Android Studio\jre\bin\server;C:\Users\hp\.gradle\native\fdc75f09e3144964f2cf3f50f0aa648679c211496f362492102eb8c894070792\windows-amd64;C:\Users\hp\.gradle\native\12488b8bf47d2d4c9fbf2f6322a914ad602e24e48041cd04a747c6da556b65c4\windows-amd64

VM Arguments:
jvm_args: --add-opens=java.base/java.util=ALL-UNNAMED --add-opens=java.base/java.lang=ALL-UNNAMED --add-opens=java.base/java.lang.invoke=ALL-UNNAMED --add-opens=java.prefs/java.util.prefs=ALL-UNNAMED -Xmx2048m -Dfile.encoding=UTF-8 -Duser.country=GB -Duser.language=en -Duser.variant 
java_command: org.gradle.launcher.daemon.bootstrap.GradleDaemon 6.7.1
java_class_path (initial): C:\Users\hp\.gradle\wrapper\dists\gradle-6.7.1-bin\bwlcbys1h7rz3272sye1xwiv6\gradle-6.7.1\lib\gradle-launcher-6.7.1.jar
Launcher Type: SUN_STANDARD

[Global flags]
     intx CICompilerCount                          = 3                                         {product} {ergonomic}
     uint ConcGCThreads                            = 1                                         {product} {ergonomic}
     uint G1ConcRefinementThreads                  = 4                                         {product} {ergonomic}
   size_t G1HeapRegionSize                         = 1048576                                   {product} {ergonomic}
    uintx GCDrainStackTargetSize                   = 64                                        {product} {ergonomic}
   size_t InitialHeapSize                          = 134217728                                 {product} {ergonomic}
   size_t MarkStackSize                            = 4194304                                   {product} {ergonomic}
   size_t MaxHeapSize                              = 2147483648                                {product} {command line}
   size_t MaxNewSize                               = 1287651328                                {product} {ergonomic}
   size_t MinHeapDeltaBytes                        = 1048576                                   {product} {ergonomic}
    uintx NonNMethodCodeHeapSize                   = 5830732                                {pd product} {ergonomic}
    uintx NonProfiledCodeHeapSize                  = 122913754                              {pd product} {ergonomic}
    uintx ProfiledCodeHeapSize                     = 122913754                              {pd product} {ergonomic}
    uintx ReservedCodeCacheSize                    = 251658240                              {pd product} {ergonomic}
     bool SegmentedCodeCache                       = true                                      {product} {ergonomic}
     bool UseCompressedClassPointers               = true                                 {lp64_product} {ergonomic}
     bool UseCompressedOops                        = true                                 {lp64_product} {ergonomic}
     bool UseG1GC                                  = true                                      {product} {ergonomic}
     bool UseLargePagesIndividualAllocation        = false                                  {pd product} {ergonomic}

Logging:
Log output configuration:
 #0: stdout all=warning uptime,level,tags
 #1: stderr all=off uptime,level,tags

Environment Variables:
JAVA_HOME=C:\Program Files\Java\jdk-17.0.1
PATH=C:\Program Files\Common Files\Oracle\Java\javapath;C:\Python310\Scripts\;C:\Python310\;C:\ProgramData\Oracle\Java\javapath;C:\Windows\system32;C:\Windows;C:\Windows\System32\Wbem;C:\Windows\System32\WindowsPowerShell\v1.0\;C:\Windows\System32\OpenSSH\;C:\Program Files (x86)\dotnet\;C:\Program Files\Java\jdk-17\bin;C:\Program Files\Microsoft SQL Server\Client SDK\ODBC\110\Tools\Binn\;C:\Program Files\Microsoft SQL Server\Client SDK\ODBC\170\Tools\Binn\;C:\ProgramData\chocolatey\bin;C:\Program Files\Java\jdk-17.0.1\bin;C:\Program Files\Azure Data Studio\bin;C:\Program Files\Microsoft SQL Server\130\Tools\Binn\;C:\Program Files (x86)\Microsoft SQL Server\150\Tools\Binn\;C:\Program Files\Microsoft SQL Server\150\Tools\Binn\;C:\Program Files\Microsoft SQL Server\150\DTS\Binn\;C:\Users\hp\AppData\Local\Microsoft\WindowsApps;D:\Microsoft VS Code\bin;C:\Users\hp\.dotnet\tools;C:\Program Files\Azure Data Studio\bin;C:\Users\hp\AppData\Local\Android\Sdk\platform-tools;;C:\Users\hp\AppData\Local\Programs\Microsoft VS Code\bin
USERNAME=hp
OS=Windows_NT
PROCESSOR_IDENTIFIER=Intel64 Family 6 Model 142 Stepping 9, GenuineIntel



---------------  S Y S T E M  ---------------

OS: Windows 10 , 64 bit Build 18362 (10.0.18362.1110)
OS uptime: 0 days 3:49 hours

CPU:total 4 (initial active 4) (2 cores per cpu, 2 threads per core) family 6 model 142 stepping 9, cmov, cx8, fxsr, mmx, sse, sse2, sse3, ssse3, sse4.1, sse4.2, popcnt, avx, avx2, aes, clmul, erms, 3dnowpref, lzcnt, ht, tsc, tscinvbit, bmi1, bmi2, adx, fma

Memory: 4k page, system-wide physical 8078M (414M free)
TotalPageFile size 8078M (AvailPageFile size 19M)
current process WorkingSet (physical memory assigned to process): 471M, peak: 488M
current process commit charge ("private bytes"): 510M, peak: 555M

vm_info: OpenJDK 64-Bit Server VM (11.0.8+10-b944.6842174) for windows-amd64 JRE (11.0.8+10-b944.6842174), built on Sep 19 2020 01:11:42 by "builder" with MS VC++ 14.0 (VS2015)

END.
