#
# There is insufficient memory for the Java Runtime Environment to continue.
# Native memory allocation (mmap) failed to map 41943040 bytes for Failed to commit area from 0x000000008c500000 to 0x000000008ed00000 of length 41943040.
# Possible reasons:
#   The system is out of physical RAM or swap space
#   The process is running with CompressedOops enabled, and the Java Heap may be blocking the growth of the native heap
# Possible solutions:
#   Reduce memory load on the system
#   Increase physical memory or swap space
#   Check if swap backing store is full
#   Decrease Java heap size (-Xmx/-Xms)
#   Decrease number of Java threads
#   Decrease Java thread stack sizes (-Xss)
#   Set larger code cache with -XX:ReservedCodeCacheSize=
#   JVM is running with Unscaled Compressed Oops mode in which the Java heap is
#     placed in the first 4GB address space. The Java Heap base address is the
#     maximum limit for the native heap growth. Please use -XX:HeapBaseMinAddress
#     to set the Java Heap base and to place the Java Heap above 4GB virtual address.
# This output file may be truncated or incomplete.
#
#  Out of Memory Error (./src/hotspot/os/windows/os_windows.cpp:3303), pid=4688, tid=6564
#
# JRE version: OpenJDK Runtime Environment (11.0.8+10) (build 11.0.8+10-b944.6842174)
# Java VM: OpenJDK 64-Bit Server VM (11.0.8+10-b944.6842174, mixed mode, tiered, compressed oops, g1 gc, windows-amd64)
# No core dump will be written. Minidumps are not enabled by default on client versions of Windows
#

---------------  S U M M A R Y ------------

Command Line: --add-opens=java.base/java.util=ALL-UNNAMED --add-opens=java.base/java.lang=ALL-UNNAMED --add-opens=java.base/java.lang.invoke=ALL-UNNAMED --add-opens=java.prefs/java.util.prefs=ALL-UNNAMED -Xmx2048m -Dfile.encoding=UTF-8 -Duser.country=GB -Duser.language=en -Duser.variant org.gradle.launcher.daemon.bootstrap.GradleDaemon 6.7.1

Host: Intel(R) Core(TM) i5-7200U CPU @ 2.50GHz, 4 cores, 7G,  Windows 10 , 64 bit Build 18362 (10.0.18362.1110)
Time: Thu Feb 24 00:44:35 2022 Morocco Summer Time elapsed time: 26 seconds (0d 0h 0m 26s)

---------------  T H R E A D  ---------------

Current thread (0x000002912bbae000):  VMThread "VM Thread" [stack: 0x000000f5c5a00000,0x000000f5c5b00000] [id=6564]

Stack: [0x000000f5c5a00000,0x000000f5c5b00000]
[error occurred during error reporting (printing stack bounds), id 0xc0000005, EXCEPTION_ACCESS_VIOLATION (0xc0000005) at pc=0x0000029115340dad]

Native frames: (J=compiled Java code, j=interpreted, Vv=VM code, C=native code)
V  [jvm.dll+0x5de50a]
V  [jvm.dll+0x7122f5]
V  [jvm.dll+0x71384d]
V  [jvm.dll+0x713e65]
V  [jvm.dll+0x713e1b]
V  [jvm.dll+0x5dd958]
V  [jvm.dll+0x5de0f8]
C  [ntdll.dll+0xa184f]
C  [ntdll.dll+0x6a889]
C  [ntdll.dll+0xa04be]
C  0x0000029115340dad

VM_Operation (0x000000f5cf0fcea0): G1CollectForAllocation, mode: safepoint, requested by thread 0x000002912f26d000


---------------  P R O C E S S  ---------------

Threads class SMR info:
_java_thread_list=0x00000291333b1270, length=149, elements={
0x0000029110210800, 0x000002912bbc4000, 0x000002912bbc7800, 0x000002912bbce000,
0x000002912bbbd000, 0x000002912c532800, 0x000002912c53f000, 0x000002912c543800,
0x000002912c685000, 0x000002912c6ce800, 0x000002912d1e6800, 0x000002912c6d9000,
0x000002912df65800, 0x000002912d455800, 0x000002912d8a8800, 0x000002912d702000,
0x000002912d855000, 0x000002912d9ba800, 0x000002912d2c9000, 0x000002912d321000,
0x000002912d7ae800, 0x000002912d7b1000, 0x000002912d7af800, 0x000002912d7b0800,
0x0000029130de4800, 0x0000029130ddf800, 0x0000029130de0800, 0x0000029130de5000,
0x0000029130de6000, 0x0000029130de2800, 0x0000029130de7000, 0x0000029130de1000,
0x0000029130de7800, 0x0000029130de2000, 0x0000029130ded800, 0x0000029130dee000,
0x0000029130deb800, 0x0000029130dea000, 0x0000029130dec800, 0x0000029130deb000,
0x0000029130de8800, 0x0000029130de9000, 0x000002912d653000, 0x000002912d655800,
0x000002912d656800, 0x000002912d654800, 0x000002912d658000, 0x000002912d658800,
0x000002912d657000, 0x000002912d659800, 0x000002912d654000, 0x0000029131ec1000,
0x0000029131ec3000, 0x0000029131ec6000, 0x0000029131ec2000, 0x0000029131ec0800,
0x0000029131ec3800, 0x0000029131ec7000, 0x0000029131ec4800, 0x0000029131ec5800,
0x000002913107f000, 0x000002913107e000, 0x000002913107f800, 0x000002913107b000,
0x000002913107c800, 0x000002913107d800, 0x0000029131080800, 0x0000029131081800,
0x000002913107b800, 0x0000029132075000, 0x0000029132074800, 0x0000029132071000,
0x0000029132076000, 0x0000029132076800, 0x0000029132077800, 0x0000029132072000,
0x0000029132073800, 0x0000029132078800, 0x0000029132072800, 0x0000029132079000,
0x000002913207b800, 0x000002913207f800, 0x000002913207d000, 0x000002913207b000,
0x000002913207e000, 0x000002913207f000, 0x000002913207c800, 0x000002913207a000,
0x0000029131694800, 0x0000029131696000, 0x0000029131692000, 0x0000029131693000,
0x0000029131694000, 0x0000029131695800, 0x0000029131691800, 0x0000029131690800,
0x0000029131697000, 0x000002912d3fe000, 0x000002912d3fc000, 0x000002912d3ff800,
0x000002912d3fb800, 0x000002912d400800, 0x000002912d401000, 0x000002912d403000,
0x000002912d3fe800, 0x000002912d3fd000, 0x000002912d402000, 0x000002912d405000,
0x000002912d406000, 0x000002912d407000, 0x000002912d407800, 0x000002912d408800,
0x000002912d404800, 0x000002912d409800, 0x000002912d403800, 0x000002912d40a000,
0x000002912d23f000, 0x000002912d23b800, 0x000002912d23d000, 0x000002912d23e000,
0x000002912d23c800, 0x000002912d23f800, 0x000002912d23a000, 0x000002912d23b000,
0x000002912d245800, 0x000002912d246000, 0x000002912d244800, 0x000002912d241800,
0x000002912d240800, 0x000002912d247000, 0x000002912d243000, 0x000002912d248000,
0x000002912d242000, 0x000002912d243800, 0x000002912d248800, 0x000002912f271000,
0x000002912f270000, 0x000002912f26e800, 0x000002912f26b000, 0x000002912f26f800,
0x000002912e4d7800, 0x000002912f271800, 0x000002912f26c000, 0x000002912f272800,
0x000002912f26d000, 0x000002912f26d800, 0x000002912f278800, 0x000002912f277800,
0x000002912f275000
}

Java Threads: ( => current thread )
  0x0000029110210800 JavaThread "main" [_thread_blocked, id=12792, stack(0x000000f5c5400000,0x000000f5c5500000)]
  0x000002912bbc4000 JavaThread "Reference Handler" daemon [_thread_blocked, id=13860, stack(0x000000f5c5b00000,0x000000f5c5c00000)]
  0x000002912bbc7800 JavaThread "Finalizer" daemon [_thread_blocked, id=8668, stack(0x000000f5c5c00000,0x000000f5c5d00000)]
  0x000002912bbce000 JavaThread "Signal Dispatcher" daemon [_thread_blocked, id=6720, stack(0x000000f5c5d00000,0x000000f5c5e00000)]
  0x000002912bbbd000 JavaThread "Attach Listener" daemon [_thread_blocked, id=10340, stack(0x000000f5c5e00000,0x000000f5c5f00000)]
  0x000002912c532800 JavaThread "C2 CompilerThread0" daemon [_thread_in_native, id=2640, stack(0x000000f5c5f00000,0x000000f5c6000000)]
  0x000002912c53f000 JavaThread "C1 CompilerThread0" daemon [_thread_blocked, id=4952, stack(0x000000f5c6000000,0x000000f5c6100000)]
  0x000002912c543800 JavaThread "Sweeper thread" daemon [_thread_blocked, id=13740, stack(0x000000f5c6100000,0x000000f5c6200000)]
  0x000002912c685000 JavaThread "Common-Cleaner" daemon [_thread_blocked, id=14124, stack(0x000000f5c6200000,0x000000f5c6300000)]
  0x000002912c6ce800 JavaThread "Service Thread" daemon [_thread_blocked, id=14916, stack(0x000000f5c6300000,0x000000f5c6400000)]
  0x000002912d1e6800 JavaThread "Daemon health stats" [_thread_blocked, id=15332, stack(0x000000f5c6800000,0x000000f5c6900000)]
  0x000002912c6d9000 JavaThread "Incoming local TCP Connector on port 56887" [_thread_in_native, id=13596, stack(0x000000f5c6a00000,0x000000f5c6b00000)]
  0x000002912df65800 JavaThread "Daemon periodic checks" [_thread_blocked, id=7484, stack(0x000000f5c6b00000,0x000000f5c6c00000)]
  0x000002912d455800 JavaThread "Daemon" [_thread_blocked, id=9964, stack(0x000000f5c6c00000,0x000000f5c6d00000)]
  0x000002912d8a8800 JavaThread "Handler for socket connection from /127.0.0.1:56887 to /127.0.0.1:56888" [_thread_in_native, id=14348, stack(0x000000f5c6d00000,0x000000f5c6e00000)]
  0x000002912d702000 JavaThread "Cancel handler" [_thread_blocked, id=12316, stack(0x000000f5c6e00000,0x000000f5c6f00000)]
  0x000002912d855000 JavaThread "Daemon worker" [_thread_blocked, id=3164, stack(0x000000f5c6f00000,0x000000f5c7000000)]
  0x000002912d9ba800 JavaThread "Asynchronous log dispatcher for DefaultDaemonConnection: socket connection from /127.0.0.1:56887 to /127.0.0.1:56888" [_thread_blocked, id=14384, stack(0x000000f5c7000000,0x000000f5c7100000)]
  0x000002912d2c9000 JavaThread "Stdin handler" [_thread_blocked, id=6576, stack(0x000000f5c7100000,0x000000f5c7200000)]
  0x000002912d321000 JavaThread "Thread-8" [_thread_blocked, id=12628, stack(0x000000f5c7200000,0x000000f5c7300000)]
  0x000002912d7ae800 JavaThread "Cache worker for file hash cache (C:\Users\hp\.gradle\caches\6.7.1\fileHashes)" [_thread_blocked, id=14788, stack(0x000000f5c7400000,0x000000f5c7500000)]
  0x000002912d7b1000 JavaThread "File lock request listener" [_thread_in_native, id=2704, stack(0x000000f5c7500000,0x000000f5c7600000)]
  0x000002912d7af800 JavaThread "Cache worker for journal cache (C:\Users\hp\.gradle\caches\journal-1)" [_thread_blocked, id=14132, stack(0x000000f5c7600000,0x000000f5c7700000)]
  0x000002912d7b0800 JavaThread "Cache worker for file hash cache (C:\Users\hp\AndroidStudioProjects\TapTap\.gradle\6.7.1\fileHashes)" [_thread_blocked, id=13396, stack(0x000000f5c7800000,0x000000f5c7900000)]
  0x0000029130de4800 JavaThread "Cache worker for checksums cache (C:\Users\hp\AndroidStudioProjects\TapTap\.gradle\checksums)" [_thread_blocked, id=11408, stack(0x000000f5c7900000,0x000000f5c7a00000)]
  0x0000029130ddf800 JavaThread "Cache worker for cache directory md-supplier (C:\Users\hp\.gradle\caches\6.7.1\md-supplier)" [_thread_blocked, id=6132, stack(0x000000f5c7a00000,0x000000f5c7b00000)]
  0x0000029130de0800 JavaThread "Cache worker for cache directory md-rule (C:\Users\hp\.gradle\caches\6.7.1\md-rule)" [_thread_blocked, id=14420, stack(0x000000f5c7b00000,0x000000f5c7c00000)]
  0x0000029130de5000 JavaThread "Cache worker for execution history cache (C:\Users\hp\.gradle\caches\6.7.1\executionHistory)" [_thread_blocked, id=14456, stack(0x000000f5c7c00000,0x000000f5c7d00000)]
  0x0000029130de6000 JavaThread "jar transforms" [_thread_blocked, id=13936, stack(0x000000f5c7d00000,0x000000f5c7e00000)]
  0x0000029130de2800 JavaThread "Cache worker for file content cache (C:\Users\hp\.gradle\caches\6.7.1\fileContent)" [_thread_blocked, id=6124, stack(0x000000f5c7e00000,0x000000f5c7f00000)]
  0x0000029130de7000 JavaThread "Cache worker for Build Output Cleanup Cache (C:\Users\hp\AndroidStudioProjects\TapTap\.gradle\buildOutputCleanup)" [_thread_blocked, id=2620, stack(0x000000f5c7f00000,0x000000f5c8000000)]
  0x0000029130de1000 JavaThread "Build operations" [_thread_blocked, id=1012, stack(0x000000f5c7700000,0x000000f5c7800000)]
  0x0000029130de7800 JavaThread "Build operations Thread 2" [_thread_blocked, id=3588, stack(0x000000f5c8000000,0x000000f5c8100000)]
  0x0000029130de2000 JavaThread "Build operations Thread 3" [_thread_blocked, id=13996, stack(0x000000f5c8100000,0x000000f5c8200000)]
  0x0000029130ded800 JavaThread "Build operations Thread 4" [_thread_blocked, id=4448, stack(0x000000f5c8200000,0x000000f5c8300000)]
  0x0000029130dee000 JavaThread "jar transforms Thread 2" [_thread_blocked, id=12708, stack(0x000000f5c8300000,0x000000f5c8400000)]
  0x0000029130deb800 JavaThread "jar transforms Thread 3" [_thread_blocked, id=784, stack(0x000000f5c8400000,0x000000f5c8500000)]
  0x0000029130dea000 JavaThread "jar transforms Thread 4" [_thread_blocked, id=1068, stack(0x000000f5c8500000,0x000000f5c8600000)]
  0x0000029130dec800 JavaThread "jar transforms Thread 5" [_thread_blocked, id=14176, stack(0x000000f5c8600000,0x000000f5c8700000)]
  0x0000029130deb000 JavaThread "jar transforms Thread 6" [_thread_blocked, id=12056, stack(0x000000f5c8700000,0x000000f5c8800000)]
  0x0000029130de8800 JavaThread "jar transforms Thread 7" [_thread_blocked, id=14632, stack(0x000000f5c8800000,0x000000f5c8900000)]
  0x0000029130de9000 JavaThread "jar transforms Thread 8" [_thread_blocked, id=9416, stack(0x000000f5c8900000,0x000000f5c8a00000)]
  0x000002912d653000 JavaThread "jar transforms Thread 9" [_thread_blocked, id=5616, stack(0x000000f5c8a00000,0x000000f5c8b00000)]
  0x000002912d655800 JavaThread "jar transforms Thread 10" [_thread_blocked, id=10100, stack(0x000000f5c8b00000,0x000000f5c8c00000)]
  0x000002912d656800 JavaThread "jar transforms Thread 11" [_thread_blocked, id=204, stack(0x000000f5c8c00000,0x000000f5c8d00000)]
  0x000002912d654800 JavaThread "jar transforms Thread 12" [_thread_blocked, id=7668, stack(0x000000f5c8d00000,0x000000f5c8e00000)]
  0x000002912d658000 JavaThread "jar transforms Thread 13" [_thread_blocked, id=9352, stack(0x000000f5c8e00000,0x000000f5c8f00000)]
  0x000002912d658800 JavaThread "jar transforms Thread 14" [_thread_blocked, id=940, stack(0x000000f5c8f00000,0x000000f5c9000000)]
  0x000002912d657000 JavaThread "jar transforms Thread 15" [_thread_blocked, id=12672, stack(0x000000f5c9000000,0x000000f5c9100000)]
  0x000002912d659800 JavaThread "jar transforms Thread 16" [_thread_blocked, id=14672, stack(0x000000f5c9100000,0x000000f5c9200000)]
  0x000002912d654000 JavaThread "jar transforms Thread 17" [_thread_blocked, id=7144, stack(0x000000f5c9200000,0x000000f5c9300000)]
  0x0000029131ec1000 JavaThread "jar transforms Thread 18" [_thread_blocked, id=15056, stack(0x000000f5c9300000,0x000000f5c9400000)]
  0x0000029131ec3000 JavaThread "jar transforms Thread 19" [_thread_blocked, id=10556, stack(0x000000f5c9400000,0x000000f5c9500000)]
  0x0000029131ec6000 JavaThread "jar transforms Thread 20" [_thread_blocked, id=2172, stack(0x000000f5c9500000,0x000000f5c9600000)]
  0x0000029131ec2000 JavaThread "jar transforms Thread 21" [_thread_blocked, id=14276, stack(0x000000f5c9600000,0x000000f5c9700000)]
  0x0000029131ec0800 JavaThread "jar transforms Thread 22" [_thread_blocked, id=7424, stack(0x000000f5c9700000,0x000000f5c9800000)]
  0x0000029131ec3800 JavaThread "jar transforms Thread 23" [_thread_blocked, id=14540, stack(0x000000f5c9800000,0x000000f5c9900000)]
  0x0000029131ec7000 JavaThread "jar transforms Thread 24" [_thread_blocked, id=12620, stack(0x000000f5c9900000,0x000000f5c9a00000)]
  0x0000029131ec4800 JavaThread "jar transforms Thread 25" [_thread_blocked, id=14492, stack(0x000000f5c9a00000,0x000000f5c9b00000)]
  0x0000029131ec5800 JavaThread "jar transforms Thread 26" [_thread_blocked, id=14096, stack(0x000000f5c9b00000,0x000000f5c9c00000)]
  0x000002913107f000 JavaThread "jar transforms Thread 27" [_thread_blocked, id=14676, stack(0x000000f5c9c00000,0x000000f5c9d00000)]
  0x000002913107e000 JavaThread "jar transforms Thread 28" [_thread_blocked, id=1944, stack(0x000000f5c9d00000,0x000000f5c9e00000)]
  0x000002913107f800 JavaThread "jar transforms Thread 29" [_thread_blocked, id=4416, stack(0x000000f5c9e00000,0x000000f5c9f00000)]
  0x000002913107b000 JavaThread "jar transforms Thread 30" [_thread_blocked, id=10220, stack(0x000000f5c9f00000,0x000000f5ca000000)]
  0x000002913107c800 JavaThread "jar transforms Thread 31" [_thread_blocked, id=14252, stack(0x000000f5ca000000,0x000000f5ca100000)]
  0x000002913107d800 JavaThread "jar transforms Thread 32" [_thread_blocked, id=11316, stack(0x000000f5ca100000,0x000000f5ca200000)]
  0x0000029131080800 JavaThread "jar transforms Thread 33" [_thread_blocked, id=14272, stack(0x000000f5ca200000,0x000000f5ca300000)]
  0x0000029131081800 JavaThread "jar transforms Thread 34" [_thread_blocked, id=13580, stack(0x000000f5ca300000,0x000000f5ca400000)]
  0x000002913107b800 JavaThread "jar transforms Thread 35" [_thread_blocked, id=1660, stack(0x000000f5ca400000,0x000000f5ca500000)]
  0x0000029132075000 JavaThread "jar transforms Thread 36" [_thread_blocked, id=9052, stack(0x000000f5ca500000,0x000000f5ca600000)]
  0x0000029132074800 JavaThread "jar transforms Thread 37" [_thread_blocked, id=7596, stack(0x000000f5ca600000,0x000000f5ca700000)]
  0x0000029132071000 JavaThread "jar transforms Thread 38" [_thread_blocked, id=8968, stack(0x000000f5ca700000,0x000000f5ca800000)]
  0x0000029132076000 JavaThread "jar transforms Thread 39" [_thread_blocked, id=13484, stack(0x000000f5ca800000,0x000000f5ca900000)]
  0x0000029132076800 JavaThread "jar transforms Thread 40" [_thread_blocked, id=6552, stack(0x000000f5ca900000,0x000000f5caa00000)]
  0x0000029132077800 JavaThread "jar transforms Thread 41" [_thread_blocked, id=6276, stack(0x000000f5caa00000,0x000000f5cab00000)]
  0x0000029132072000 JavaThread "jar transforms Thread 42" [_thread_blocked, id=8720, stack(0x000000f5cab00000,0x000000f5cac00000)]
  0x0000029132073800 JavaThread "jar transforms Thread 43" [_thread_blocked, id=13280, stack(0x000000f5cac00000,0x000000f5cad00000)]
  0x0000029132078800 JavaThread "jar transforms Thread 44" [_thread_blocked, id=13256, stack(0x000000f5cad00000,0x000000f5cae00000)]
  0x0000029132072800 JavaThread "jar transforms Thread 45" [_thread_blocked, id=6996, stack(0x000000f5cae00000,0x000000f5caf00000)]
  0x0000029132079000 JavaThread "jar transforms Thread 46" [_thread_blocked, id=11276, stack(0x000000f5caf00000,0x000000f5cb000000)]
  0x000002913207b800 JavaThread "jar transforms Thread 47" [_thread_blocked, id=15012, stack(0x000000f5cb000000,0x000000f5cb100000)]
  0x000002913207f800 JavaThread "jar transforms Thread 48" [_thread_blocked, id=11368, stack(0x000000f5cb100000,0x000000f5cb200000)]
  0x000002913207d000 JavaThread "jar transforms Thread 49" [_thread_blocked, id=14796, stack(0x000000f5cb200000,0x000000f5cb300000)]
  0x000002913207b000 JavaThread "jar transforms Thread 50" [_thread_blocked, id=11320, stack(0x000000f5cb300000,0x000000f5cb400000)]
  0x000002913207e000 JavaThread "jar transforms Thread 51" [_thread_blocked, id=9756, stack(0x000000f5cb400000,0x000000f5cb500000)]
  0x000002913207f000 JavaThread "jar transforms Thread 52" [_thread_blocked, id=7088, stack(0x000000f5cb500000,0x000000f5cb600000)]
  0x000002913207c800 JavaThread "jar transforms Thread 53" [_thread_blocked, id=5304, stack(0x000000f5cb600000,0x000000f5cb700000)]
  0x000002913207a000 JavaThread "jar transforms Thread 54" [_thread_blocked, id=6924, stack(0x000000f5cb700000,0x000000f5cb800000)]
  0x0000029131694800 JavaThread "jar transforms Thread 55" [_thread_blocked, id=8104, stack(0x000000f5cb800000,0x000000f5cb900000)]
  0x0000029131696000 JavaThread "jar transforms Thread 56" [_thread_blocked, id=6376, stack(0x000000f5cb900000,0x000000f5cba00000)]
  0x0000029131692000 JavaThread "jar transforms Thread 57" [_thread_blocked, id=2492, stack(0x000000f5cba00000,0x000000f5cbb00000)]
  0x0000029131693000 JavaThread "jar transforms Thread 58" [_thread_blocked, id=9668, stack(0x000000f5cbb00000,0x000000f5cbc00000)]
  0x0000029131694000 JavaThread "jar transforms Thread 59" [_thread_blocked, id=14708, stack(0x000000f5cbc00000,0x000000f5cbd00000)]
  0x0000029131695800 JavaThread "jar transforms Thread 60" [_thread_blocked, id=8404, stack(0x000000f5cbd00000,0x000000f5cbe00000)]
  0x0000029131691800 JavaThread "jar transforms Thread 61" [_thread_blocked, id=8368, stack(0x000000f5cbe00000,0x000000f5cbf00000)]
  0x0000029131690800 JavaThread "jar transforms Thread 62" [_thread_blocked, id=12284, stack(0x000000f5cbf00000,0x000000f5cc000000)]
  0x0000029131697000 JavaThread "jar transforms Thread 63" [_thread_blocked, id=3512, stack(0x000000f5cc000000,0x000000f5cc100000)]
  0x000002912d3fe000 JavaThread "jar transforms Thread 64" [_thread_blocked, id=5244, stack(0x000000f5cc100000,0x000000f5cc200000)]
  0x000002912d3fc000 JavaThread "jar transforms Thread 65" [_thread_blocked, id=13024, stack(0x000000f5cc200000,0x000000f5cc300000)]
  0x000002912d3ff800 JavaThread "jar transforms Thread 66" [_thread_blocked, id=13104, stack(0x000000f5cc300000,0x000000f5cc400000)]
  0x000002912d3fb800 JavaThread "jar transforms Thread 67" [_thread_blocked, id=9820, stack(0x000000f5cc400000,0x000000f5cc500000)]
  0x000002912d400800 JavaThread "jar transforms Thread 68" [_thread_blocked, id=9940, stack(0x000000f5cc500000,0x000000f5cc600000)]
  0x000002912d401000 JavaThread "jar transforms Thread 69" [_thread_blocked, id=8072, stack(0x000000f5cc600000,0x000000f5cc700000)]
  0x000002912d403000 JavaThread "jar transforms Thread 70" [_thread_blocked, id=4796, stack(0x000000f5cc700000,0x000000f5cc800000)]
  0x000002912d3fe800 JavaThread "jar transforms Thread 71" [_thread_blocked, id=7080, stack(0x000000f5cc800000,0x000000f5cc900000)]
  0x000002912d3fd000 JavaThread "jar transforms Thread 72" [_thread_blocked, id=6968, stack(0x000000f5cc900000,0x000000f5cca00000)]
  0x000002912d402000 JavaThread "jar transforms Thread 73" [_thread_blocked, id=7564, stack(0x000000f5cca00000,0x000000f5ccb00000)]
  0x000002912d405000 JavaThread "jar transforms Thread 74" [_thread_blocked, id=3912, stack(0x000000f5ccb00000,0x000000f5ccc00000)]
  0x000002912d406000 JavaThread "jar transforms Thread 75" [_thread_blocked, id=11980, stack(0x000000f5ccc00000,0x000000f5ccd00000)]
  0x000002912d407000 JavaThread "jar transforms Thread 76" [_thread_blocked, id=5396, stack(0x000000f5ccd00000,0x000000f5cce00000)]
  0x000002912d407800 JavaThread "jar transforms Thread 77" [_thread_blocked, id=5680, stack(0x000000f5cce00000,0x000000f5ccf00000)]
  0x000002912d408800 JavaThread "jar transforms Thread 78" [_thread_blocked, id=9420, stack(0x000000f5ccf00000,0x000000f5cd000000)]
  0x000002912d404800 JavaThread "jar transforms Thread 79" [_thread_blocked, id=4248, stack(0x000000f5cd000000,0x000000f5cd100000)]
  0x000002912d409800 JavaThread "jar transforms Thread 80" [_thread_blocked, id=6308, stack(0x000000f5cd100000,0x000000f5cd200000)]
  0x000002912d403800 JavaThread "jar transforms Thread 81" [_thread_blocked, id=13784, stack(0x000000f5cd200000,0x000000f5cd300000)]
  0x000002912d40a000 JavaThread "jar transforms Thread 82" [_thread_blocked, id=14140, stack(0x000000f5cd300000,0x000000f5cd400000)]
  0x000002912d23f000 JavaThread "jar transforms Thread 83" [_thread_blocked, id=11860, stack(0x000000f5cd400000,0x000000f5cd500000)]
  0x000002912d23b800 JavaThread "jar transforms Thread 84" [_thread_blocked, id=4272, stack(0x000000f5cd500000,0x000000f5cd600000)]
  0x000002912d23d000 JavaThread "jar transforms Thread 85" [_thread_blocked, id=6820, stack(0x000000f5cd600000,0x000000f5cd700000)]
  0x000002912d23e000 JavaThread "jar transforms Thread 86" [_thread_blocked, id=4908, stack(0x000000f5cd700000,0x000000f5cd800000)]
  0x000002912d23c800 JavaThread "jar transforms Thread 87" [_thread_blocked, id=13884, stack(0x000000f5cd800000,0x000000f5cd900000)]
  0x000002912d23f800 JavaThread "jar transforms Thread 88" [_thread_blocked, id=11608, stack(0x000000f5cd900000,0x000000f5cda00000)]
  0x000002912d23a000 JavaThread "jar transforms Thread 89" [_thread_blocked, id=2896, stack(0x000000f5cda00000,0x000000f5cdb00000)]
  0x000002912d23b000 JavaThread "jar transforms Thread 90" [_thread_blocked, id=5508, stack(0x000000f5cdb00000,0x000000f5cdc00000)]
  0x000002912d245800 JavaThread "jar transforms Thread 91" [_thread_blocked, id=8744, stack(0x000000f5cdc00000,0x000000f5cdd00000)]
  0x000002912d246000 JavaThread "jar transforms Thread 92" [_thread_blocked, id=13980, stack(0x000000f5cdd00000,0x000000f5cde00000)]
  0x000002912d244800 JavaThread "jar transforms Thread 93" [_thread_blocked, id=9088, stack(0x000000f5cde00000,0x000000f5cdf00000)]
  0x000002912d241800 JavaThread "jar transforms Thread 94" [_thread_blocked, id=10316, stack(0x000000f5cdf00000,0x000000f5ce000000)]
  0x000002912d240800 JavaThread "jar transforms Thread 95" [_thread_blocked, id=14872, stack(0x000000f5ce000000,0x000000f5ce100000)]
  0x000002912d247000 JavaThread "jar transforms Thread 96" [_thread_blocked, id=6676, stack(0x000000f5ce100000,0x000000f5ce200000)]
  0x000002912d243000 JavaThread "jar transforms Thread 97" [_thread_blocked, id=2812, stack(0x000000f5ce200000,0x000000f5ce300000)]
  0x000002912d248000 JavaThread "Memory manager" [_thread_blocked, id=3112, stack(0x000000f5ce400000,0x000000f5ce500000)]
  0x000002912d242000 JavaThread "build event listener" [_thread_blocked, id=4336, stack(0x000000f5ce500000,0x000000f5ce600000)]
  0x000002912d243800 JavaThread "build event listener" [_thread_blocked, id=13080, stack(0x000000f5ce600000,0x000000f5ce700000)]
  0x000002912d248800 JavaThread "Execution worker for ':'" [_thread_blocked, id=13172, stack(0x000000f5ce700000,0x000000f5ce800000)]
  0x000002912f271000 JavaThread "Execution worker for ':' Thread 2" [_thread_blocked, id=11852, stack(0x000000f5ce800000,0x000000f5ce900000)]
  0x000002912f270000 JavaThread "Execution worker for ':' Thread 3" [_thread_blocked, id=13604, stack(0x000000f5ce900000,0x000000f5cea00000)]
  0x000002912f26e800 JavaThread "Cache worker for execution history cache (C:\Users\hp\AndroidStudioProjects\TapTap\.gradle\6.7.1\executionHistory)" [_thread_blocked, id=13076, stack(0x000000f5cea00000,0x000000f5ceb00000)]
  0x000002912f26b000 JavaThread "Cache worker for Java compile cache (C:\Users\hp\.gradle\caches\6.7.1\javaCompile)" [_thread_blocked, id=1620, stack(0x000000f5ceb00000,0x000000f5cec00000)]
  0x000002912f26f800 JavaThread "Cache worker for Java compile cache (C:\Users\hp\AndroidStudioProjects\TapTap\.gradle\6.7.1\javaCompile)" [_thread_blocked, id=9816, stack(0x000000f5cec00000,0x000000f5ced00000)]
  0x000002912e4d7800 JavaThread "C2 CompilerThread1" daemon [_thread_in_native, id=9744, stack(0x000000f5ce300000,0x000000f5ce400000)]
  0x000002912f271800 JavaThread "WorkerExecutor Queue" [_thread_blocked, id=10228, stack(0x000000f5ced00000,0x000000f5cee00000)]
  0x000002912f26c000 JavaThread "WorkerExecutor Queue Thread 2" [_thread_blocked, id=3296, stack(0x000000f5cee00000,0x000000f5cef00000)]
  0x000002912f272800 JavaThread "WorkerExecutor Queue Thread 3" [_thread_blocked, id=14024, stack(0x000000f5cef00000,0x000000f5cf000000)]
  0x000002912f26d000 JavaThread "WorkerExecutor Queue Thread 4" [_thread_blocked, id=2732, stack(0x000000f5cf000000,0x000000f5cf100000)]
  0x000002912f26d800 JavaThread "ForkJoinPool-1-worker-3" daemon [_thread_blocked, id=9612, stack(0x000000f5cf200000,0x000000f5cf300000)]
  0x000002912f278800 JavaThread "ForkJoinPool-1-worker-5" daemon [_thread_blocked, id=7612, stack(0x000000f5cf300000,0x000000f5cf400000)]
  0x000002912f277800 JavaThread "ForkJoinPool-1-worker-7" daemon [_thread_blocked, id=13212, stack(0x000000f5cf400000,0x000000f5cf500000)]
  0x000002912f275000 JavaThread "ForkJoinPool-1-worker-1" daemon [_thread_blocked, id=1744, stack(0x000000f5cf500000,0x000000f5cf600000)]

Other Threads:
=>0x000002912bbae000 VMThread "VM Thread" [stack: 0x000000f5c5a00000,0x000000f5c5b00000] [id=6564]
  0x000002912c6cf800 WatcherThread [stack: 0x000000f5c6400000,0x000000f5c6500000] [id=14932]
  0x0000029110229000 GCTaskThread "GC Thread#0" [stack: 0x000000f5c5500000,0x000000f5c5600000] [id=11128]
  0x000002912d074800 GCTaskThread "GC Thread#1" [stack: 0x000000f5c6600000,0x000000f5c6700000] [id=1304]
  0x000002912cd99000 GCTaskThread "GC Thread#2" [stack: 0x000000f5c6700000,0x000000f5c6800000] [id=10964]
  0x000002912d9e0800 GCTaskThread "GC Thread#3" [stack: 0x000000f5c7300000,0x000000f5c7400000] [id=12556]
  0x000002911025b800 ConcurrentGCThread "G1 Main Marker" [stack: 0x000000f5c5600000,0x000000f5c5700000] [id=11924]
  0x000002911025e000 ConcurrentGCThread "G1 Conc#0" [stack: 0x000000f5c5700000,0x000000f5c5800000] [id=15252]
  0x000002912ba00800 ConcurrentGCThread "G1 Refine#0" [stack: 0x000000f5c5800000,0x000000f5c5900000] [id=6956]
  0x000002912ca7f800 ConcurrentGCThread "G1 Refine#1" [stack: 0x000000f5cf600000,0x000000f5cf700000] [id=10208]
  0x000002912ca82000 ConcurrentGCThread "G1 Refine#2" [stack: 0x000000f5cf700000,0x000000f5cf800000] [id=15308]
  0x000002912ca80800 ConcurrentGCThread "G1 Refine#3" [stack: 0x000000f5cf800000,0x000000f5cf900000] [id=5292]
  0x000002912ba01800 ConcurrentGCThread "G1 Young RemSet Sampling" [stack: 0x000000f5c5900000,0x000000f5c5a00000] [id=6224]

Threads with active compile tasks:
C2 CompilerThread0  26401 11169       4       com.android.tools.r8.code.x1::a (4137 bytes)
C2 CompilerThread1  26401 11137       4       com.android.tools.r8.dex.n::a (913 bytes)

VM state:at safepoint (normal execution)

VM Mutex/Monitor currently owned by a thread:  ([mutex/lock_event])
[0x000002911020da10] Threads_lock - owner thread: 0x000002912bbae000
[0x000002911020c9c0] Heap_lock - owner thread: 0x000002912f26d000

Heap address: 0x0000000080000000, size: 2048 MB, Compressed Oops mode: 32-bit
Narrow klass base: 0x0000000000000000, Narrow klass shift: 3
Compressed class space size: 1073741824 Address: 0x0000000100000000

Heap:
 garbage-first heap   total 242688K, used 126464K [0x0000000080000000, 0x0000000100000000)
  region size 1024K, 5 young (5120K), 5 survivors (5120K)
 Metaspace       used 96653K, capacity 99328K, committed 99712K, reserved 1134592K
  class space    used 12776K, capacity 13825K, committed 13952K, reserved 1048576K
Heap Regions: E=young(eden), S=young(survivor), O=old, HS=humongous(starts), HC=humongous(continues), CS=collection set, F=free, A=archive, TAMS=top-at-mark-start (previous, next)
|   0|0x0000000080000000, 0x0000000080100000, 0x0000000080100000|100%| O|  |TAMS 0x0000000080100000, 0x0000000080000000| Untracked 
|   1|0x0000000080100000, 0x0000000080200000, 0x0000000080200000|100%| O|  |TAMS 0x0000000080200000, 0x0000000080100000| Untracked 
|   2|0x0000000080200000, 0x0000000080300000, 0x0000000080300000|100%| O|  |TAMS 0x0000000080300000, 0x0000000080200000| Untracked 
|   3|0x0000000080300000, 0x0000000080400000, 0x0000000080400000|100%|HS|  |TAMS 0x0000000080400000, 0x0000000080300000| Complete 
|   4|0x0000000080400000, 0x0000000080500000, 0x0000000080500000|100%|HC|  |TAMS 0x0000000080500000, 0x0000000080400000| Complete 
|   5|0x0000000080500000, 0x0000000080600000, 0x0000000080600000|100%|HC|  |TAMS 0x0000000080600000, 0x0000000080500000| Complete 
|   6|0x0000000080600000, 0x0000000080700000, 0x0000000080700000|100%| O|  |TAMS 0x0000000080700000, 0x0000000080600000| Untracked 
|   7|0x0000000080700000, 0x0000000080800000, 0x0000000080800000|100%| O|  |TAMS 0x0000000080800000, 0x0000000080700000| Untracked 
|   8|0x0000000080800000, 0x0000000080900000, 0x0000000080900000|100%| O|  |TAMS 0x0000000080900000, 0x0000000080800000| Untracked 
|   9|0x0000000080900000, 0x0000000080a00000, 0x0000000080a00000|100%| O|  |TAMS 0x0000000080a00000, 0x0000000080900000| Untracked 
|  10|0x0000000080a00000, 0x0000000080b00000, 0x0000000080b00000|100%| O|  |TAMS 0x0000000080b00000, 0x0000000080a00000| Untracked 
|  11|0x0000000080b00000, 0x0000000080c00000, 0x0000000080c00000|100%| O|  |TAMS 0x0000000080c00000, 0x0000000080b00000| Untracked 
|  12|0x0000000080c00000, 0x0000000080d00000, 0x0000000080d00000|100%| O|  |TAMS 0x0000000080d00000, 0x0000000080c00000| Untracked 
|  13|0x0000000080d00000, 0x0000000080e00000, 0x0000000080e00000|100%|HS|  |TAMS 0x0000000080e00000, 0x0000000080d00000| Complete 
|  14|0x0000000080e00000, 0x0000000080f00000, 0x0000000080f00000|100%|HS|  |TAMS 0x0000000080f00000, 0x0000000080e00000| Complete 
|  15|0x0000000080f00000, 0x0000000081000000, 0x0000000081000000|100%|HC|  |TAMS 0x0000000081000000, 0x0000000080f00000| Complete 
|  16|0x0000000081000000, 0x0000000081100000, 0x0000000081100000|100%| O|  |TAMS 0x0000000081100000, 0x0000000081000000| Untracked 
|  17|0x0000000081100000, 0x0000000081200000, 0x0000000081200000|100%| O|  |TAMS 0x0000000081200000, 0x0000000081100000| Untracked 
|  18|0x0000000081200000, 0x0000000081300000, 0x0000000081300000|100%| O|  |TAMS 0x0000000081300000, 0x0000000081200000| Untracked 
|  19|0x0000000081300000, 0x0000000081400000, 0x0000000081400000|100%| O|  |TAMS 0x0000000081400000, 0x0000000081300000| Untracked 
|  20|0x0000000081400000, 0x0000000081500000, 0x0000000081500000|100%| O|  |TAMS 0x0000000081500000, 0x0000000081400000| Untracked 
|  21|0x0000000081500000, 0x0000000081600000, 0x0000000081600000|100%| O|  |TAMS 0x0000000081600000, 0x0000000081500000| Untracked 
|  22|0x0000000081600000, 0x0000000081700000, 0x0000000081700000|100%| O|  |TAMS 0x0000000081700000, 0x0000000081600000| Untracked 
|  23|0x0000000081700000, 0x0000000081800000, 0x0000000081800000|100%| O|  |TAMS 0x0000000081800000, 0x0000000081700000| Untracked 
|  24|0x0000000081800000, 0x0000000081900000, 0x0000000081900000|100%| O|  |TAMS 0x0000000081900000, 0x0000000081800000| Untracked 
|  25|0x0000000081900000, 0x0000000081a00000, 0x0000000081a00000|100%| O|  |TAMS 0x0000000081a00000, 0x0000000081900000| Untracked 
|  26|0x0000000081a00000, 0x0000000081b00000, 0x0000000081b00000|100%| O|  |TAMS 0x0000000081b00000, 0x0000000081a00000| Untracked 
|  27|0x0000000081b00000, 0x0000000081c00000, 0x0000000081c00000|100%| O|  |TAMS 0x0000000081c00000, 0x0000000081b00000| Untracked 
|  28|0x0000000081c00000, 0x0000000081d00000, 0x0000000081d00000|100%| O|  |TAMS 0x0000000081d00000, 0x0000000081c00000| Untracked 
|  29|0x0000000081d00000, 0x0000000081e00000, 0x0000000081e00000|100%| O|  |TAMS 0x0000000081e00000, 0x0000000081d00000| Untracked 
|  30|0x0000000081e00000, 0x0000000081f00000, 0x0000000081f00000|100%| O|  |TAMS 0x0000000081f00000, 0x0000000081e00000| Untracked 
|  31|0x0000000081f00000, 0x0000000082000000, 0x0000000082000000|100%| O|  |TAMS 0x0000000082000000, 0x0000000081f00000| Untracked 
|  32|0x0000000082000000, 0x0000000082100000, 0x0000000082100000|100%| O|  |TAMS 0x0000000082100000, 0x0000000082000000| Untracked 
|  33|0x0000000082100000, 0x0000000082200000, 0x0000000082200000|100%| O|  |TAMS 0x0000000082200000, 0x0000000082100000| Untracked 
|  34|0x0000000082200000, 0x0000000082300000, 0x0000000082300000|100%| O|  |TAMS 0x0000000082300000, 0x0000000082200000| Untracked 
|  35|0x0000000082300000, 0x0000000082400000, 0x0000000082400000|100%| O|  |TAMS 0x0000000082400000, 0x0000000082300000| Untracked 
|  36|0x0000000082400000, 0x0000000082500000, 0x0000000082500000|100%| O|  |TAMS 0x0000000082500000, 0x0000000082400000| Untracked 
|  37|0x0000000082500000, 0x0000000082600000, 0x0000000082600000|100%| O|  |TAMS 0x0000000082600000, 0x0000000082500000| Untracked 
|  38|0x0000000082600000, 0x0000000082700000, 0x0000000082700000|100%| O|  |TAMS 0x0000000082700000, 0x0000000082600000| Untracked 
|  39|0x0000000082700000, 0x0000000082800000, 0x0000000082800000|100%| O|  |TAMS 0x0000000082800000, 0x0000000082700000| Untracked 
|  40|0x0000000082800000, 0x0000000082900000, 0x0000000082900000|100%| O|  |TAMS 0x0000000082900000, 0x0000000082800000| Untracked 
|  41|0x0000000082900000, 0x0000000082a00000, 0x0000000082a00000|100%| O|  |TAMS 0x0000000082a00000, 0x0000000082900000| Untracked 
|  42|0x0000000082a00000, 0x0000000082b00000, 0x0000000082b00000|100%| O|  |TAMS 0x0000000082b00000, 0x0000000082a00000| Untracked 
|  43|0x0000000082b00000, 0x0000000082c00000, 0x0000000082c00000|100%| O|  |TAMS 0x0000000082c00000, 0x0000000082b00000| Untracked 
|  44|0x0000000082c00000, 0x0000000082d00000, 0x0000000082d00000|100%| O|  |TAMS 0x0000000082d00000, 0x0000000082c00000| Untracked 
|  45|0x0000000082d00000, 0x0000000082e00000, 0x0000000082e00000|100%| O|  |TAMS 0x0000000082e00000, 0x0000000082d00000| Untracked 
|  46|0x0000000082e00000, 0x0000000082f00000, 0x0000000082f00000|100%| O|  |TAMS 0x0000000082f00000, 0x0000000082e00000| Untracked 
|  47|0x0000000082f00000, 0x0000000083000000, 0x0000000083000000|100%| O|  |TAMS 0x0000000083000000, 0x0000000082f00000| Untracked 
|  48|0x0000000083000000, 0x0000000083100000, 0x0000000083100000|100%| O|  |TAMS 0x0000000083100000, 0x0000000083000000| Untracked 
|  49|0x0000000083100000, 0x0000000083200000, 0x0000000083200000|100%| O|  |TAMS 0x0000000083200000, 0x0000000083100000| Untracked 
|  50|0x0000000083200000, 0x0000000083300000, 0x0000000083300000|100%| O|  |TAMS 0x0000000083300000, 0x0000000083200000| Untracked 
|  51|0x0000000083300000, 0x0000000083400000, 0x0000000083400000|100%| O|  |TAMS 0x0000000083400000, 0x0000000083300000| Untracked 
|  52|0x0000000083400000, 0x0000000083500000, 0x0000000083500000|100%| O|  |TAMS 0x0000000083500000, 0x0000000083400000| Untracked 
|  53|0x0000000083500000, 0x0000000083600000, 0x0000000083600000|100%| O|  |TAMS 0x0000000083600000, 0x0000000083500000| Untracked 
|  54|0x0000000083600000, 0x0000000083700000, 0x0000000083700000|100%| O|  |TAMS 0x0000000083700000, 0x0000000083600000| Untracked 
|  55|0x0000000083700000, 0x0000000083800000, 0x0000000083800000|100%| O|  |TAMS 0x0000000083800000, 0x0000000083700000| Untracked 
|  56|0x0000000083800000, 0x0000000083900000, 0x0000000083900000|100%| O|  |TAMS 0x0000000083900000, 0x0000000083800000| Untracked 
|  57|0x0000000083900000, 0x0000000083a00000, 0x0000000083a00000|100%| O|  |TAMS 0x0000000083a00000, 0x0000000083900000| Untracked 
|  58|0x0000000083a00000, 0x0000000083b00000, 0x0000000083b00000|100%| O|  |TAMS 0x0000000083b00000, 0x0000000083a00000| Untracked 
|  59|0x0000000083b00000, 0x0000000083c00000, 0x0000000083c00000|100%| O|  |TAMS 0x0000000083c00000, 0x0000000083b00000| Untracked 
|  60|0x0000000083c00000, 0x0000000083d00000, 0x0000000083d00000|100%| O|  |TAMS 0x0000000083d00000, 0x0000000083c00000| Untracked 
|  61|0x0000000083d00000, 0x0000000083e00000, 0x0000000083e00000|100%|HS|  |TAMS 0x0000000083e00000, 0x0000000083d00000| Complete 
|  62|0x0000000083e00000, 0x0000000083f00000, 0x0000000083f00000|100%|HC|  |TAMS 0x0000000083f00000, 0x0000000083e00000| Complete 
|  63|0x0000000083f00000, 0x0000000084000000, 0x0000000084000000|100%|HC|  |TAMS 0x0000000084000000, 0x0000000083f00000| Complete 
|  64|0x0000000084000000, 0x0000000084100000, 0x0000000084100000|100%|HC|  |TAMS 0x0000000084100000, 0x0000000084000000| Complete 
|  65|0x0000000084100000, 0x0000000084200000, 0x0000000084200000|100%|HC|  |TAMS 0x0000000084200000, 0x0000000084100000| Complete 
|  66|0x0000000084200000, 0x0000000084300000, 0x0000000084300000|100%|HC|  |TAMS 0x0000000084300000, 0x0000000084200000| Complete 
|  67|0x0000000084300000, 0x0000000084400000, 0x0000000084400000|100%| O|  |TAMS 0x0000000084400000, 0x0000000084300000| Untracked 
|  68|0x0000000084400000, 0x0000000084500000, 0x0000000084500000|100%| O|  |TAMS 0x0000000084500000, 0x0000000084400000| Untracked 
|  69|0x0000000084500000, 0x0000000084600000, 0x0000000084600000|100%| O|  |TAMS 0x0000000084600000, 0x0000000084500000| Untracked 
|  70|0x0000000084600000, 0x0000000084700000, 0x0000000084700000|100%| O|  |TAMS 0x0000000084700000, 0x0000000084600000| Untracked 
|  71|0x0000000084700000, 0x0000000084800000, 0x0000000084800000|100%| O|  |TAMS 0x0000000084800000, 0x0000000084700000| Untracked 
|  72|0x0000000084800000, 0x0000000084900000, 0x0000000084900000|100%| O|  |TAMS 0x0000000084900000, 0x0000000084800000| Untracked 
|  73|0x0000000084900000, 0x0000000084a00000, 0x0000000084a00000|100%|HS|  |TAMS 0x0000000084a00000, 0x0000000084900000| Complete 
|  74|0x0000000084a00000, 0x0000000084b00000, 0x0000000084b00000|100%|HC|  |TAMS 0x0000000084b00000, 0x0000000084a00000| Complete 
|  75|0x0000000084b00000, 0x0000000084c00000, 0x0000000084c00000|100%|HC|  |TAMS 0x0000000084c00000, 0x0000000084b00000| Complete 
|  76|0x0000000084c00000, 0x0000000084d00000, 0x0000000084d00000|100%|HC|  |TAMS 0x0000000084d00000, 0x0000000084c00000| Complete 
|  77|0x0000000084d00000, 0x0000000084e00000, 0x0000000084e00000|100%|HC|  |TAMS 0x0000000084e00000, 0x0000000084d00000| Complete 
|  78|0x0000000084e00000, 0x0000000084f00000, 0x0000000084f00000|100%|HC|  |TAMS 0x0000000084f00000, 0x0000000084e00000| Complete 
|  79|0x0000000084f00000, 0x0000000085000000, 0x0000000085000000|100%| O|  |TAMS 0x0000000085000000, 0x0000000084f00000| Untracked 
|  80|0x0000000085000000, 0x0000000085100000, 0x0000000085100000|100%| O|  |TAMS 0x0000000085100000, 0x0000000085000000| Untracked 
|  81|0x0000000085100000, 0x0000000085200000, 0x0000000085200000|100%| O|  |TAMS 0x0000000085200000, 0x0000000085100000| Untracked 
|  82|0x0000000085200000, 0x0000000085300000, 0x0000000085300000|100%| O|  |TAMS 0x0000000085300000, 0x0000000085200000| Untracked 
|  83|0x0000000085300000, 0x0000000085400000, 0x0000000085400000|100%| O|  |TAMS 0x0000000085400000, 0x0000000085300000| Untracked 
|  84|0x0000000085400000, 0x0000000085500000, 0x0000000085500000|100%| O|  |TAMS 0x0000000085400000, 0x0000000085400000| Untracked 
|  85|0x0000000085500000, 0x0000000085600000, 0x0000000085600000|100%| O|  |TAMS 0x0000000085500000, 0x0000000085500000| Untracked 
|  86|0x0000000085600000, 0x0000000085700000, 0x0000000085700000|100%| O|  |TAMS 0x0000000085600000, 0x0000000085600000| Untracked 
|  87|0x0000000085700000, 0x0000000085800000, 0x0000000085800000|100%| O|  |TAMS 0x0000000085700000, 0x0000000085700000| Untracked 
|  88|0x0000000085800000, 0x0000000085900000, 0x0000000085900000|100%| O|  |TAMS 0x0000000085800000, 0x0000000085800000| Untracked 
|  89|0x0000000085900000, 0x0000000085a00000, 0x0000000085a00000|100%| O|  |TAMS 0x0000000085900000, 0x0000000085900000| Untracked 
|  90|0x0000000085a00000, 0x0000000085b00000, 0x0000000085b00000|100%| O|  |TAMS 0x0000000085a00000, 0x0000000085a00000| Untracked 
|  91|0x0000000085b00000, 0x0000000085c00000, 0x0000000085c00000|100%| O|  |TAMS 0x0000000085b00000, 0x0000000085b00000| Untracked 
|  92|0x0000000085c00000, 0x0000000085d00000, 0x0000000085d00000|100%| O|  |TAMS 0x0000000085c00000, 0x0000000085c00000| Untracked 
|  93|0x0000000085d00000, 0x0000000085e00000, 0x0000000085e00000|100%| O|  |TAMS 0x0000000085e00000, 0x0000000085d00000| Untracked 
|  94|0x0000000085e00000, 0x0000000085f00000, 0x0000000085f00000|100%| O|  |TAMS 0x0000000085f00000, 0x0000000085e00000| Untracked 
|  95|0x0000000085f00000, 0x0000000086000000, 0x0000000086000000|100%| O|  |TAMS 0x0000000086000000, 0x0000000085f00000| Untracked 
|  96|0x0000000086000000, 0x0000000086100000, 0x0000000086100000|100%| O|  |TAMS 0x0000000086100000, 0x0000000086000000| Untracked 
|  97|0x0000000086100000, 0x0000000086200000, 0x0000000086200000|100%| O|  |TAMS 0x0000000086100000, 0x0000000086100000| Untracked 
|  98|0x0000000086200000, 0x0000000086300000, 0x0000000086300000|100%| O|  |TAMS 0x0000000086300000, 0x0000000086200000| Untracked 
|  99|0x0000000086300000, 0x0000000086400000, 0x0000000086400000|100%| O|  |TAMS 0x0000000086300000, 0x0000000086300000| Untracked 
| 100|0x0000000086400000, 0x0000000086500000, 0x0000000086500000|100%| O|  |TAMS 0x0000000086400000, 0x0000000086400000| Untracked 
| 101|0x0000000086500000, 0x0000000086600000, 0x0000000086600000|100%| O|  |TAMS 0x0000000086600000, 0x0000000086500000| Untracked 
| 102|0x0000000086600000, 0x0000000086700000, 0x0000000086700000|100%| O|  |TAMS 0x0000000086700000, 0x0000000086600000| Untracked 
| 103|0x0000000086700000, 0x0000000086800000, 0x0000000086800000|100%| O|  |TAMS 0x0000000086780000, 0x0000000086700000| Untracked 
| 104|0x0000000086800000, 0x0000000086900000, 0x0000000086900000|100%| O|  |TAMS 0x0000000086800000, 0x0000000086800000| Untracked 
| 105|0x0000000086900000, 0x0000000086a00000, 0x0000000086a00000|100%| O|  |TAMS 0x0000000086900000, 0x0000000086900000| Untracked 
| 106|0x0000000086a00000, 0x0000000086a80000, 0x0000000086b00000| 50%| O|  |TAMS 0x0000000086a00000, 0x0000000086a00000| Untracked 
| 107|0x0000000086b00000, 0x0000000086b00000, 0x0000000086c00000|  0%| F|  |TAMS 0x0000000086b00000, 0x0000000086b00000| Untracked 
| 108|0x0000000086c00000, 0x0000000086c00000, 0x0000000086d00000|  0%| F|  |TAMS 0x0000000086c00000, 0x0000000086c00000| Untracked 
| 109|0x0000000086d00000, 0x0000000086d00000, 0x0000000086e00000|  0%| F|  |TAMS 0x0000000086d00000, 0x0000000086d00000| Untracked 
| 110|0x0000000086e00000, 0x0000000086e00000, 0x0000000086f00000|  0%| F|  |TAMS 0x0000000086e00000, 0x0000000086e00000| Untracked 
| 111|0x0000000086f00000, 0x0000000086f00000, 0x0000000087000000|  0%| F|  |TAMS 0x0000000086f00000, 0x0000000086f00000| Untracked 
| 112|0x0000000087000000, 0x0000000087000000, 0x0000000087100000|  0%| F|  |TAMS 0x0000000087000000, 0x0000000087000000| Untracked 
| 113|0x0000000087100000, 0x0000000087100000, 0x0000000087200000|  0%| F|  |TAMS 0x0000000087100000, 0x0000000087100000| Untracked 
| 114|0x0000000087200000, 0x0000000087200000, 0x0000000087300000|  0%| F|  |TAMS 0x0000000087200000, 0x0000000087200000| Untracked 
| 115|0x0000000087300000, 0x0000000087300000, 0x0000000087400000|  0%| F|  |TAMS 0x0000000087300000, 0x0000000087300000| Untracked 
| 116|0x0000000087400000, 0x0000000087400000, 0x0000000087500000|  0%| F|  |TAMS 0x0000000087400000, 0x0000000087400000| Untracked 
| 117|0x0000000087500000, 0x0000000087500000, 0x0000000087600000|  0%| F|  |TAMS 0x0000000087500000, 0x0000000087500000| Untracked 
| 118|0x0000000087600000, 0x0000000087600000, 0x0000000087700000|  0%| F|  |TAMS 0x0000000087600000, 0x0000000087600000| Untracked 
| 119|0x0000000087700000, 0x0000000087700000, 0x0000000087800000|  0%| F|  |TAMS 0x0000000087700000, 0x0000000087700000| Untracked 
| 120|0x0000000087800000, 0x0000000087800000, 0x0000000087900000|  0%| F|  |TAMS 0x0000000087800000, 0x0000000087800000| Untracked 
| 121|0x0000000087900000, 0x0000000087900000, 0x0000000087a00000|  0%| F|  |TAMS 0x0000000087900000, 0x0000000087900000| Untracked 
| 122|0x0000000087a00000, 0x0000000087a00000, 0x0000000087b00000|  0%| F|  |TAMS 0x0000000087a00000, 0x0000000087a00000| Untracked 
| 123|0x0000000087b00000, 0x0000000087b00000, 0x0000000087c00000|  0%| F|  |TAMS 0x0000000087b00000, 0x0000000087b00000| Untracked 
| 124|0x0000000087c00000, 0x0000000087c00000, 0x0000000087d00000|  0%| F|  |TAMS 0x0000000087c00000, 0x0000000087c00000| Untracked 
| 125|0x0000000087d00000, 0x0000000087d00000, 0x0000000087e00000|  0%| F|  |TAMS 0x0000000087d00000, 0x0000000087d00000| Untracked 
| 126|0x0000000087e00000, 0x0000000087e00000, 0x0000000087f00000|  0%| F|  |TAMS 0x0000000087e00000, 0x0000000087e00000| Untracked 
| 127|0x0000000087f00000, 0x0000000087f00000, 0x0000000088000000|  0%| F|  |TAMS 0x0000000087f00000, 0x0000000087f00000| Untracked 
| 128|0x0000000088000000, 0x0000000088000000, 0x0000000088100000|  0%| F|  |TAMS 0x0000000088000000, 0x0000000088000000| Untracked 
| 129|0x0000000088100000, 0x0000000088100000, 0x0000000088200000|  0%| F|  |TAMS 0x0000000088100000, 0x0000000088100000| Untracked 
| 130|0x0000000088200000, 0x0000000088200000, 0x0000000088300000|  0%| F|  |TAMS 0x0000000088200000, 0x0000000088200000| Untracked 
| 131|0x0000000088300000, 0x0000000088300000, 0x0000000088400000|  0%| F|  |TAMS 0x0000000088300000, 0x0000000088300000| Untracked 
| 132|0x0000000088400000, 0x0000000088400000, 0x0000000088500000|  0%| F|  |TAMS 0x0000000088400000, 0x0000000088400000| Untracked 
| 133|0x0000000088500000, 0x0000000088500000, 0x0000000088600000|  0%| F|  |TAMS 0x0000000088500000, 0x0000000088500000| Untracked 
| 134|0x0000000088600000, 0x0000000088600000, 0x0000000088700000|  0%| F|  |TAMS 0x0000000088600000, 0x0000000088600000| Untracked 
| 135|0x0000000088700000, 0x0000000088700000, 0x0000000088800000|  0%| F|  |TAMS 0x0000000088700000, 0x0000000088700000| Untracked 
| 136|0x0000000088800000, 0x0000000088800000, 0x0000000088900000|  0%| F|  |TAMS 0x0000000088800000, 0x0000000088800000| Untracked 
| 137|0x0000000088900000, 0x0000000088900000, 0x0000000088a00000|  0%| F|  |TAMS 0x0000000088900000, 0x0000000088900000| Untracked 
| 138|0x0000000088a00000, 0x0000000088a00000, 0x0000000088b00000|  0%| F|  |TAMS 0x0000000088a00000, 0x0000000088a00000| Untracked 
| 139|0x0000000088b00000, 0x0000000088b00000, 0x0000000088c00000|  0%| F|  |TAMS 0x0000000088b00000, 0x0000000088b00000| Untracked 
| 140|0x0000000088c00000, 0x0000000088c00000, 0x0000000088d00000|  0%| F|  |TAMS 0x0000000088c00000, 0x0000000088c00000| Untracked 
| 141|0x0000000088d00000, 0x0000000088e00000, 0x0000000088e00000|100%| S|CS|TAMS 0x0000000088d00000, 0x0000000088d00000| Complete 
| 142|0x0000000088e00000, 0x0000000088f00000, 0x0000000088f00000|100%| S|CS|TAMS 0x0000000088e00000, 0x0000000088e00000| Complete 
| 143|0x0000000088f00000, 0x0000000089000000, 0x0000000089000000|100%| S|CS|TAMS 0x0000000088f00000, 0x0000000088f00000| Complete 
| 144|0x0000000089000000, 0x0000000089100000, 0x0000000089100000|100%| S|CS|TAMS 0x0000000089000000, 0x0000000089000000| Complete 
| 145|0x0000000089100000, 0x0000000089200000, 0x0000000089200000|100%| S|CS|TAMS 0x0000000089100000, 0x0000000089100000| Complete 
| 146|0x0000000089200000, 0x0000000089200000, 0x0000000089300000|  0%| F|  |TAMS 0x0000000089200000, 0x0000000089200000| Untracked 
| 147|0x0000000089300000, 0x0000000089300000, 0x0000000089400000|  0%| F|  |TAMS 0x0000000089300000, 0x0000000089300000| Untracked 
| 148|0x0000000089400000, 0x0000000089400000, 0x0000000089500000|  0%| F|  |TAMS 0x0000000089400000, 0x0000000089400000| Untracked 
| 149|0x0000000089500000, 0x0000000089500000, 0x0000000089600000|  0%| F|  |TAMS 0x0000000089500000, 0x0000000089500000| Untracked 
| 150|0x0000000089600000, 0x0000000089600000, 0x0000000089700000|  0%| F|  |TAMS 0x0000000089600000, 0x0000000089600000| Untracked 
| 151|0x0000000089700000, 0x0000000089700000, 0x0000000089800000|  0%| F|  |TAMS 0x0000000089700000, 0x0000000089700000| Untracked 
| 152|0x0000000089800000, 0x0000000089800000, 0x0000000089900000|  0%| F|  |TAMS 0x0000000089800000, 0x0000000089800000| Untracked 
| 153|0x0000000089900000, 0x0000000089900000, 0x0000000089a00000|  0%| F|  |TAMS 0x0000000089900000, 0x0000000089900000| Untracked 
| 154|0x0000000089a00000, 0x0000000089a00000, 0x0000000089b00000|  0%| F|  |TAMS 0x0000000089a00000, 0x0000000089a00000| Untracked 
| 155|0x0000000089b00000, 0x0000000089b00000, 0x0000000089c00000|  0%| F|  |TAMS 0x0000000089b00000, 0x0000000089b00000| Untracked 
| 156|0x0000000089c00000, 0x0000000089c00000, 0x0000000089d00000|  0%| F|  |TAMS 0x0000000089c00000, 0x0000000089c00000| Untracked 
| 157|0x0000000089d00000, 0x0000000089d00000, 0x0000000089e00000|  0%| F|  |TAMS 0x0000000089d00000, 0x0000000089d00000| Untracked 
| 158|0x0000000089e00000, 0x0000000089e00000, 0x0000000089f00000|  0%| F|  |TAMS 0x0000000089e00000, 0x0000000089e00000| Untracked 
| 159|0x0000000089f00000, 0x0000000089f00000, 0x000000008a000000|  0%| F|  |TAMS 0x0000000089f00000, 0x0000000089f00000| Untracked 
| 160|0x000000008a000000, 0x000000008a000000, 0x000000008a100000|  0%| F|  |TAMS 0x000000008a000000, 0x000000008a000000| Untracked 
| 161|0x000000008a100000, 0x000000008a100000, 0x000000008a200000|  0%| F|  |TAMS 0x000000008a100000, 0x000000008a100000| Untracked 
| 162|0x000000008a200000, 0x000000008a200000, 0x000000008a300000|  0%| F|  |TAMS 0x000000008a200000, 0x000000008a200000| Untracked 
| 163|0x000000008a300000, 0x000000008a300000, 0x000000008a400000|  0%| F|  |TAMS 0x000000008a300000, 0x000000008a300000| Untracked 
| 164|0x000000008a400000, 0x000000008a400000, 0x000000008a500000|  0%| F|  |TAMS 0x000000008a400000, 0x000000008a400000| Untracked 
| 165|0x000000008a500000, 0x000000008a500000, 0x000000008a600000|  0%| F|  |TAMS 0x000000008a500000, 0x000000008a500000| Untracked 
| 166|0x000000008a600000, 0x000000008a600000, 0x000000008a700000|  0%| F|  |TAMS 0x000000008a600000, 0x000000008a600000| Untracked 
| 167|0x000000008a700000, 0x000000008a700000, 0x000000008a800000|  0%| F|  |TAMS 0x000000008a700000, 0x000000008a700000| Untracked 
| 168|0x000000008a800000, 0x000000008a800000, 0x000000008a900000|  0%| F|  |TAMS 0x000000008a800000, 0x000000008a800000| Untracked 
| 169|0x000000008a900000, 0x000000008a900000, 0x000000008aa00000|  0%| F|  |TAMS 0x000000008a900000, 0x000000008a900000| Untracked 
| 170|0x000000008aa00000, 0x000000008aa00000, 0x000000008ab00000|  0%| F|  |TAMS 0x000000008aa00000, 0x000000008aa00000| Untracked 
| 171|0x000000008ab00000, 0x000000008ab00000, 0x000000008ac00000|  0%| F|  |TAMS 0x000000008ab00000, 0x000000008ab00000| Untracked 
| 172|0x000000008ac00000, 0x000000008ac00000, 0x000000008ad00000|  0%| F|  |TAMS 0x000000008ac00000, 0x000000008ac00000| Untracked 
| 173|0x000000008ad00000, 0x000000008ad00000, 0x000000008ae00000|  0%| F|  |TAMS 0x000000008ad00000, 0x000000008ad00000| Untracked 
| 174|0x000000008ae00000, 0x000000008ae00000, 0x000000008af00000|  0%| F|  |TAMS 0x000000008ae00000, 0x000000008ae00000| Untracked 
| 175|0x000000008af00000, 0x000000008af00000, 0x000000008b000000|  0%| F|  |TAMS 0x000000008af00000, 0x000000008af00000| Untracked 
| 176|0x000000008b000000, 0x000000008b000000, 0x000000008b100000|  0%| F|  |TAMS 0x000000008b000000, 0x000000008b000000| Untracked 
| 177|0x000000008b100000, 0x000000008b100000, 0x000000008b200000|  0%| F|  |TAMS 0x000000008b100000, 0x000000008b100000| Untracked 
| 178|0x000000008b200000, 0x000000008b200000, 0x000000008b300000|  0%| F|  |TAMS 0x000000008b200000, 0x000000008b200000| Untracked 
| 179|0x000000008b300000, 0x000000008b300000, 0x000000008b400000|  0%| F|  |TAMS 0x000000008b300000, 0x000000008b300000| Untracked 
| 180|0x000000008b400000, 0x000000008b400000, 0x000000008b500000|  0%| F|  |TAMS 0x000000008b400000, 0x000000008b400000| Untracked 
| 181|0x000000008b500000, 0x000000008b500000, 0x000000008b600000|  0%| F|  |TAMS 0x000000008b500000, 0x000000008b500000| Untracked 
| 182|0x000000008b600000, 0x000000008b600000, 0x000000008b700000|  0%| F|  |TAMS 0x000000008b600000, 0x000000008b600000| Untracked 
| 183|0x000000008b700000, 0x000000008b700000, 0x000000008b800000|  0%| F|  |TAMS 0x000000008b700000, 0x000000008b700000| Untracked 
| 184|0x000000008b800000, 0x000000008b800000, 0x000000008b900000|  0%| F|  |TAMS 0x000000008b800000, 0x000000008b800000| Untracked 
| 185|0x000000008b900000, 0x000000008ba00000, 0x000000008ba00000|100%| O|  |TAMS 0x000000008ba00000, 0x000000008b900000| Untracked 
| 186|0x000000008ba00000, 0x000000008bb00000, 0x000000008bb00000|100%| O|  |TAMS 0x000000008bb00000, 0x000000008ba00000| Untracked 
| 187|0x000000008bb00000, 0x000000008bc00000, 0x000000008bc00000|100%| O|  |TAMS 0x000000008bc00000, 0x000000008bb00000| Untracked 
| 188|0x000000008bc00000, 0x000000008bd00000, 0x000000008bd00000|100%| O|  |TAMS 0x000000008bd00000, 0x000000008bc00000| Untracked 
| 189|0x000000008bd00000, 0x000000008be00000, 0x000000008be00000|100%| O|  |TAMS 0x000000008be00000, 0x000000008bd00000| Untracked 
| 190|0x000000008be00000, 0x000000008bf00000, 0x000000008bf00000|100%| O|  |TAMS 0x000000008bf00000, 0x000000008be00000| Untracked 
| 191|0x000000008bf00000, 0x000000008c000000, 0x000000008c000000|100%| O|  |TAMS 0x000000008c000000, 0x000000008bf00000| Untracked 
| 192|0x000000008c000000, 0x000000008c100000, 0x000000008c100000|100%| O|  |TAMS 0x000000008c100000, 0x000000008c000000| Untracked 
| 193|0x000000008c100000, 0x000000008c200000, 0x000000008c200000|100%| O|  |TAMS 0x000000008c200000, 0x000000008c100000| Untracked 
| 194|0x000000008c200000, 0x000000008c300000, 0x000000008c300000|100%| O|  |TAMS 0x000000008c300000, 0x000000008c200000| Untracked 
| 195|0x000000008c300000, 0x000000008c400000, 0x000000008c400000|100%| O|  |TAMS 0x000000008c400000, 0x000000008c300000| Untracked 
| 196|0x000000008c400000, 0x000000008c500000, 0x000000008c500000|100%| O|  |TAMS 0x000000008c500000, 0x000000008c400000| Untracked 

Card table byte_map: [0x0000029124d60000,0x0000029125160000] _byte_map_base: 0x0000029124960000

Marking Bits (Prev, Next): (CMBitMap*) 0x0000029110252b48, (CMBitMap*) 0x0000029110252b80
 Prev Bits: [0x0000029125560000, 0x0000029127560000)
 Next Bits: [0x0000029127560000, 0x0000029129560000)

Polling page: 0x000002910ffb0000

Metaspace:

Usage:
  Non-class:     83.50 MB capacity,    81.91 MB ( 98%) used,     1.28 MB (  2%) free+waste,   310.50 KB ( <1%) overhead. 
      Class:     13.50 MB capacity,    12.48 MB ( 92%) used,   899.32 KB (  7%) free+waste,   149.38 KB (  1%) overhead. 
       Both:     97.00 MB capacity,    94.39 MB ( 97%) used,     2.16 MB (  2%) free+waste,   459.88 KB ( <1%) overhead. 

Virtual space:
  Non-class space:       84.00 MB reserved,      83.75 MB (>99%) committed 
      Class space:        1.00 GB reserved,      13.63 MB (  1%) committed 
             Both:        1.08 GB reserved,      97.38 MB (  9%) committed 

Chunk freelists:
   Non-Class:  65.00 KB
       Class:  31.00 KB
        Both:  96.00 KB

MaxMetaspaceSize: 17179869184.00 GB
CompressedClassSpaceSize: 1.00 GB

CodeHeap 'non-profiled nmethods': size=120064Kb used=6825Kb max_used=6825Kb free=113239Kb
 bounds [0x000002911ce00000, 0x000002911d4b0000, 0x0000029124340000]
CodeHeap 'profiled nmethods': size=120000Kb used=24878Kb max_used=24878Kb free=95122Kb
 bounds [0x00000291158d0000, 0x0000029117120000, 0x000002911ce00000]
CodeHeap 'non-nmethods': size=5696Kb used=2279Kb max_used=2331Kb free=3416Kb
 bounds [0x0000029115340000, 0x00000291155b0000, 0x00000291158d0000]
 total_blobs=11974 nmethods=11092 adapters=793
 compilation: enabled
              stopped_count=0, restarted_count=0
 full_count=0

Compilation events (20 events):
Event: 26.315 Thread 0x000002912c53f000 11399       2       com.android.tools.r8.dex.b::a (124 bytes)
Event: 26.316 Thread 0x000002912c53f000 nmethod 11399 0x0000029117117c10 code [0x0000029117117e40, 0x0000029117118268]
Event: 26.316 Thread 0x000002912c53f000 11400       2       jdk.internal.misc.Unsafe::weakCompareAndSetLong (11 bytes)
Event: 26.316 Thread 0x000002912c53f000 nmethod 11400 0x0000029117118590 code [0x0000029117118740, 0x0000029117118858]
Event: 26.316 Thread 0x000002912c53f000 11401       2       java.lang.invoke.VarHandleGuards::guard_LJJ_Z (72 bytes)
Event: 26.317 Thread 0x000002912c53f000 nmethod 11401 0x0000029117118910 code [0x0000029117118b60, 0x0000029117119188]
Event: 26.319 Thread 0x000002912c53f000 11403 %     3       com.android.tools.r8.dex.b::a @ 10 (124 bytes)
Event: 26.320 Thread 0x000002912c53f000 nmethod 11403% 0x0000029117119690 code [0x0000029117119920, 0x000002911711a648]
Event: 26.320 Thread 0x000002912c53f000 11404       3       com.android.tools.r8.dex.b::a (124 bytes)
Event: 26.321 Thread 0x000002912c53f000 nmethod 11404 0x000002911711ab10 code [0x000002911711ada0, 0x000002911711ba88]
Event: 26.322 Thread 0x000002912c53f000 11405       2       java.util.concurrent.ForkJoinPool$WorkQueue::topLevelExec (86 bytes)
Event: 26.322 Thread 0x000002912c53f000 nmethod 11405 0x000002911711bf10 code [0x000002911711c0e0, 0x000002911711c3c8]
Event: 26.323 Thread 0x000002912c53f000 11406       2       java.util.concurrent.ForkJoinPool::signalWork (175 bytes)
Event: 26.324 Thread 0x000002912c53f000 nmethod 11406 0x000002911711c590 code [0x000002911711c780, 0x000002911711cbd8]
Event: 26.324 Thread 0x000002912c53f000 11407       2       java.lang.invoke.VarHandleLongs$FieldInstanceReadWrite::weakCompareAndSet (25 bytes)
Event: 26.324 Thread 0x000002912c53f000 nmethod 11407 0x000002911711ce90 code [0x000002911711d080, 0x000002911711d388]
Event: 26.325 Thread 0x000002912c53f000 11408       2       com.android.tools.r8.dex.b$$Lambda$1383/0x0000000100d0c440::accept (12 bytes)
Event: 26.325 Thread 0x000002912c53f000 nmethod 11408 0x000002911711d590 code [0x000002911711d740, 0x000002911711d888]
Event: 26.325 Thread 0x000002912c53f000 11409       2       java.util.concurrent.locks.LockSupport::parkUntil (23 bytes)
Event: 26.325 Thread 0x000002912c53f000 nmethod 11409 0x000002911711d990 code [0x000002911711db40, 0x000002911711dd28]

GC Heap History (20 events):
Event: 9.017 GC heap after
{Heap after GC invocations=11 (full 0):
 garbage-first heap   total 157696K, used 36330K [0x0000000080000000, 0x0000000100000000)
  region size 1024K, 11 young (11264K), 11 survivors (11264K)
 Metaspace       used 45353K, capacity 46499K, committed 46720K, reserved 1089536K
  class space    used 5810K, capacity 6216K, committed 6272K, reserved 1048576K
}
Event: 11.497 GC heap before
{Heap before GC invocations=11 (full 0):
 garbage-first heap   total 157696K, used 113130K [0x0000000080000000, 0x0000000100000000)
  region size 1024K, 86 young (88064K), 11 survivors (11264K)
 Metaspace       used 56267K, capacity 57628K, committed 57856K, reserved 1099776K
  class space    used 7142K, capacity 7620K, committed 7680K, reserved 1048576K
}
Event: 11.516 GC heap after
{Heap after GC invocations=12 (full 0):
 garbage-first heap   total 189440K, used 41306K [0x0000000080000000, 0x0000000100000000)
  region size 1024K, 5 young (5120K), 5 survivors (5120K)
 Metaspace       used 56267K, capacity 57628K, committed 57856K, reserved 1099776K
  class space    used 7142K, capacity 7620K, committed 7680K, reserved 1048576K
}
Event: 12.413 GC heap before
{Heap before GC invocations=12 (full 0):
 garbage-first heap   total 189440K, used 63834K [0x0000000080000000, 0x0000000100000000)
  region size 1024K, 27 young (27648K), 5 survivors (5120K)
 Metaspace       used 58548K, capacity 59835K, committed 59904K, reserved 1101824K
  class space    used 7405K, capacity 7896K, committed 7936K, reserved 1048576K
}
Event: 12.427 GC heap after
{Heap after GC invocations=13 (full 0):
 garbage-first heap   total 189440K, used 43012K [0x0000000080000000, 0x0000000100000000)
  region size 1024K, 7 young (7168K), 7 survivors (7168K)
 Metaspace       used 58548K, capacity 59835K, committed 59904K, reserved 1101824K
  class space    used 7405K, capacity 7896K, committed 7936K, reserved 1048576K
}
Event: 14.216 GC heap before
{Heap before GC invocations=14 (full 0):
 garbage-first heap   total 189440K, used 129028K [0x0000000080000000, 0x0000000100000000)
  region size 1024K, 91 young (93184K), 7 survivors (7168K)
 Metaspace       used 66046K, capacity 67601K, committed 67840K, reserved 1107968K
  class space    used 8612K, capacity 9189K, committed 9216K, reserved 1048576K
}
Event: 14.232 GC heap after
{Heap after GC invocations=15 (full 0):
 garbage-first heap   total 189440K, used 48564K [0x0000000080000000, 0x0000000100000000)
  region size 1024K, 8 young (8192K), 8 survivors (8192K)
 Metaspace       used 66046K, capacity 67601K, committed 67840K, reserved 1107968K
  class space    used 8612K, capacity 9189K, committed 9216K, reserved 1048576K
}
Event: 16.779 GC heap before
{Heap before GC invocations=15 (full 0):
 garbage-first heap   total 189440K, used 136628K [0x0000000080000000, 0x0000000100000000)
  region size 1024K, 95 young (97280K), 8 survivors (8192K)
 Metaspace       used 74999K, capacity 76755K, committed 77056K, reserved 1116160K
  class space    used 9783K, capacity 10410K, committed 10496K, reserved 1048576K
}
Event: 16.797 GC heap after
{Heap after GC invocations=16 (full 0):
 garbage-first heap   total 189440K, used 53943K [0x0000000080000000, 0x0000000100000000)
  region size 1024K, 12 young (12288K), 12 survivors (12288K)
 Metaspace       used 74999K, capacity 76755K, committed 77056K, reserved 1116160K
  class space    used 9783K, capacity 10410K, committed 10496K, reserved 1048576K
}
Event: 18.985 GC heap before
{Heap before GC invocations=16 (full 0):
 garbage-first heap   total 189440K, used 140983K [0x0000000080000000, 0x0000000100000000)
  region size 1024K, 98 young (100352K), 12 survivors (12288K)
 Metaspace       used 76749K, capacity 78668K, committed 78848K, reserved 1118208K
  class space    used 9973K, capacity 10656K, committed 10752K, reserved 1048576K
}
Event: 19.016 GC heap after
{Heap after GC invocations=17 (full 0):
 garbage-first heap   total 189440K, used 60122K [0x0000000080000000, 0x0000000100000000)
  region size 1024K, 12 young (12288K), 12 survivors (12288K)
 Metaspace       used 76749K, capacity 78668K, committed 78848K, reserved 1118208K
  class space    used 9973K, capacity 10656K, committed 10752K, reserved 1048576K
}
Event: 21.802 GC heap before
{Heap before GC invocations=17 (full 0):
 garbage-first heap   total 189440K, used 146138K [0x0000000080000000, 0x0000000100000000)
  region size 1024K, 95 young (97280K), 12 survivors (12288K)
 Metaspace       used 85174K, capacity 87244K, committed 87296K, reserved 1124352K
  class space    used 11006K, capacity 11732K, committed 11776K, reserved 1048576K
}
Event: 21.822 GC heap after
{Heap after GC invocations=18 (full 0):
 garbage-first heap   total 189440K, used 66257K [0x0000000080000000, 0x0000000100000000)
  region size 1024K, 4 young (4096K), 4 survivors (4096K)
 Metaspace       used 85174K, capacity 87244K, committed 87296K, reserved 1124352K
  class space    used 11006K, capacity 11732K, committed 11776K, reserved 1048576K
}
Event: 23.467 GC heap before
{Heap before GC invocations=18 (full 0):
 garbage-first heap   total 189440K, used 150225K [0x0000000080000000, 0x0000000100000000)
  region size 1024K, 85 young (87040K), 4 survivors (4096K)
 Metaspace       used 95157K, capacity 97854K, committed 97920K, reserved 1134592K
  class space    used 12599K, capacity 13655K, committed 13696K, reserved 1048576K
}
Event: 23.484 GC heap after
{Heap after GC invocations=19 (full 0):
 garbage-first heap   total 189440K, used 67264K [0x0000000080000000, 0x0000000100000000)
  region size 1024K, 7 young (7168K), 7 survivors (7168K)
 Metaspace       used 95157K, capacity 97854K, committed 97920K, reserved 1134592K
  class space    used 12599K, capacity 13655K, committed 13696K, reserved 1048576K
}
Event: 25.193 GC heap before
{Heap before GC invocations=19 (full 0):
 garbage-first heap   total 189440K, used 168640K [0x0000000080000000, 0x0000000100000000)
  region size 1024K, 89 young (91136K), 7 survivors (7168K)
 Metaspace       used 96568K, capacity 99354K, committed 99712K, reserved 1134592K
  class space    used 12782K, capacity 13843K, committed 13952K, reserved 1048576K
}
Event: 25.249 GC heap after
{Heap after GC invocations=20 (full 0):
 garbage-first heap   total 201728K, used 104164K [0x0000000080000000, 0x0000000100000000)
  region size 1024K, 12 young (12288K), 12 survivors (12288K)
 Metaspace       used 96568K, capacity 99354K, committed 99712K, reserved 1134592K
  class space    used 12782K, capacity 13843K, committed 13952K, reserved 1048576K
}
Event: 25.328 GC heap before
{Heap before GC invocations=20 (full 0):
 garbage-first heap   total 201728K, used 111332K [0x0000000080000000, 0x0000000100000000)
  region size 1024K, 19 young (19456K), 12 survivors (12288K)
 Metaspace       used 96573K, capacity 99354K, committed 99712K, reserved 1134592K
  class space    used 12782K, capacity 13843K, committed 13952K, reserved 1048576K
}
Event: 25.379 GC heap after
{Heap after GC invocations=21 (full 0):
 garbage-first heap   total 201728K, used 109056K [0x0000000080000000, 0x0000000100000000)
  region size 1024K, 3 young (3072K), 3 survivors (3072K)
 Metaspace       used 96573K, capacity 99354K, committed 99712K, reserved 1134592K
  class space    used 12782K, capacity 13843K, committed 13952K, reserved 1048576K
}
Event: 26.333 GC heap before
{Heap before GC invocations=22 (full 0):
 garbage-first heap   total 201728K, used 144896K [0x0000000080000000, 0x0000000100000000)
  region size 1024K, 39 young (39936K), 3 survivors (3072K)
 Metaspace       used 96653K, capacity 99328K, committed 99712K, reserved 1134592K
  class space    used 12776K, capacity 13825K, committed 13952K, reserved 1048576K
}

Deoptimization events (20 events):
Event: 26.031 Thread 0x000002912f278800 DEOPT PACKING pc=0x0000029116fa0e15 sp=0x000000f5cf3fed10
Event: 26.031 Thread 0x000002912f278800 DEOPT UNPACKING pc=0x00000291153672ce sp=0x000000f5cf3fe2f8 mode 0
Event: 26.034 Thread 0x000002912f278800 DEOPT PACKING pc=0x0000029116fa0e15 sp=0x000000f5cf3fed30
Event: 26.034 Thread 0x000002912f278800 DEOPT UNPACKING pc=0x00000291153672ce sp=0x000000f5cf3fe318 mode 0
Event: 26.037 Thread 0x000002912f278800 DEOPT PACKING pc=0x0000029116fa0e15 sp=0x000000f5cf3fed30
Event: 26.037 Thread 0x000002912f278800 DEOPT UNPACKING pc=0x00000291153672ce sp=0x000000f5cf3fe318 mode 0
Event: 26.064 Thread 0x000002912f278800 DEOPT PACKING pc=0x0000029116fa0e15 sp=0x000000f5cf3fed30
Event: 26.064 Thread 0x000002912f278800 DEOPT UNPACKING pc=0x00000291153672ce sp=0x000000f5cf3fe318 mode 0
Event: 26.182 Thread 0x000002912f26d800 DEOPT PACKING pc=0x00000291170ec5f4 sp=0x000000f5cf2fe940
Event: 26.182 Thread 0x000002912f26d800 DEOPT UNPACKING pc=0x00000291153672ce sp=0x000000f5cf2fde10 mode 0
Event: 26.190 Thread 0x000002912f26d800 DEOPT PACKING pc=0x00000291170bcf29 sp=0x000000f5cf2fe980
Event: 26.190 Thread 0x000002912f26d800 DEOPT UNPACKING pc=0x00000291153672ce sp=0x000000f5cf2fde28 mode 0
Event: 26.199 Thread 0x000002912f26d800 DEOPT PACKING pc=0x00000291170e2fae sp=0x000000f5cf2fe530
Event: 26.199 Thread 0x000002912f26d800 DEOPT UNPACKING pc=0x00000291153672ce sp=0x000000f5cf2fd9b8 mode 0
Event: 26.261 Thread 0x000002912f26d000 Uncommon trap: trap_request=0xffffff4d fr.pc=0x000002911d403f08 relative=0x0000000000000068
Event: 26.261 Thread 0x000002912f26d000 Uncommon trap: reason=unstable_if action=reinterpret pc=0x000002911d403f08 method=com.android.tools.r8.dex.B.a(Lcom/android/tools/r8/graph/q0;)Lcom/android/tools/r8/dex/B; @ 18 c2
Event: 26.261 Thread 0x000002912f26d000 DEOPT PACKING pc=0x000002911d403f08 sp=0x000000f5cf0fdaa0
Event: 26.261 Thread 0x000002912f26d000 DEOPT UNPACKING pc=0x00000291153674af sp=0x000000f5cf0fda30 mode 2
Event: 26.320 Thread 0x000002912f278800 DEOPT PACKING pc=0x000002911711817d sp=0x000000f5cf3feeb0
Event: 26.320 Thread 0x000002912f278800 DEOPT UNPACKING pc=0x00000291153672ce sp=0x000000f5cf3fe370 mode 0

Classes redefined (0 events):
No events

Internal exceptions (20 events):
Event: 22.764 Thread 0x000002912f271800 Exception <a 'java/lang/NoSuchMethodError'{0x0000000088891778}: 'void java.lang.invoke.DirectMethodHandle$Holder.invokeStatic(java.lang.Object, java.lang.Object, java.lang.Object, int)'> (0x0000000088891778) thrown at [./src/hotspot/share/interpreter/linkResolver.cpp, line 773]
Event: 22.765 Thread 0x000002912f26c000 Exception <a 'java/lang/IncompatibleClassChangeError'{0x0000000088860be8}: Found class java.lang.Object, but interface was expected> (0x0000000088860be8) thrown at [./src/hotspot/share/interpreter/linkResolver.cpp, line 839]
Event: 22.838 Thread 0x000002912f26c000 Exception <a 'java/lang/NoSuchMethodError'{0x00000000885ec130}: 'void java.lang.invoke.DirectMethodHandle$Holder.invokeStaticInit(java.lang.Object, java.lang.Object, java.lang.Object, java.lang.Object, java.lang.Object)'> (0x00000000885ec130) thrown at [./src/hotspot/share/interpreter/linkResolver.cpp, line 773]
Event: 22.838 Thread 0x000002912f271800 Exception <a 'java/lang/NoSuchMethodError'{0x00000000885285c0}: 'void java.lang.invoke.DirectMethodHandle$Holder.invokeStaticInit(java.lang.Object, java.lang.Object, java.lang.Object, java.lang.Object, java.lang.Object)'> (0x00000000885285c0) thrown at [./src/hotspot/share/interpreter/linkResolver.cpp, line 773]
Event: 22.859 Thread 0x000002912f26c000 Exception <a 'java/lang/NoSuchMethodError'{0x000000008836d2f8}: 'java.lang.Object java.lang.invoke.DirectMethodHandle$Holder.invokeStatic(java.lang.Object, int, java.lang.Object, java.lang.Object)'> (0x000000008836d2f8) thrown at [./src/hotspot/share/interpreter/linkResolver.cpp, line 773]
Event: 22.859 Thread 0x000002912f271800 Exception <a 'java/lang/NoSuchMethodError'{0x000000008837a530}: 'java.lang.Object java.lang.invoke.DirectMethodHandle$Holder.invokeStatic(java.lang.Object, int, java.lang.Object, java.lang.Object)'> (0x000000008837a530) thrown at [./src/hotspot/share/interpreter/linkResolver.cpp, line 773]
Event: 22.871 Thread 0x000002912f271800 Exception <a 'java/lang/NoSuchMethodError'{0x000000008827c680}: 'void java.lang.invoke.DirectMethodHandle$Holder.invokeSpecial(java.lang.Object, java.lang.Object, int, java.lang.Object)'> (0x000000008827c680) thrown at [./src/hotspot/share/interpreter/linkResolver.cpp, line 773]
Event: 22.871 Thread 0x000002912f26c000 Exception <a 'java/lang/NoSuchMethodError'{0x000000008825f6f8}: 'void java.lang.invoke.DirectMethodHandle$Holder.invokeSpecial(java.lang.Object, java.lang.Object, int, java.lang.Object)'> (0x000000008825f6f8) thrown at [./src/hotspot/share/interpreter/linkResolver.cpp, line 773]
Event: 22.951 Thread 0x000002912f26c000 Exception <a 'java/lang/NoSuchMethodError'{0x0000000087e477c8}: 'java.lang.Object java.lang.invoke.DirectMethodHandle$Holder.invokeVirtual(java.lang.Object, java.lang.Object, int, java.lang.Object)'> (0x0000000087e477c8) thrown at [./src/hotspot/share/interpreter/linkResolver.cpp, line 773]
Event: 22.951 Thread 0x000002912f271800 Exception <a 'java/lang/NoSuchMethodError'{0x0000000087e33d78}: 'java.lang.Object java.lang.invoke.DirectMethodHandle$Holder.invokeVirtual(java.lang.Object, java.lang.Object, int, java.lang.Object)'> (0x0000000087e33d78) thrown at [./src/hotspot/share/interpreter/linkResolver.cpp, line 773]
Event: 22.974 Thread 0x000002912f26c000 Exception <a 'java/lang/NoSuchMethodError'{0x0000000087d29738}: 'void java.lang.invoke.DirectMethodHandle$Holder.invokeVirtual(java.lang.Object, java.lang.Object, int, java.lang.Object)'> (0x0000000087d29738) thrown at [./src/hotspot/share/interpreter/linkResolver.cpp, line 773]
Event: 22.974 Thread 0x000002912f271800 Exception <a 'java/lang/NoSuchMethodError'{0x0000000087d1d668}: 'void java.lang.invoke.DirectMethodHandle$Holder.invokeVirtual(java.lang.Object, java.lang.Object, int, java.lang.Object)'> (0x0000000087d1d668) thrown at [./src/hotspot/share/interpreter/linkResolver.cpp, line 773]
Event: 23.138 Thread 0x000002912f271800 Exception <a 'java/lang/NoSuchMethodError'{0x0000000087659ea0}: 'java.lang.Object java.lang.invoke.DirectMethodHandle$Holder.invokeSpecial(java.lang.Object, java.lang.Object, java.lang.Object, java.lang.Object, java.lang.Object, java.lang.Object, java.lang.Object, java.lang.Object, java.lang.Object, java.lang.Object)'> (0x0000000087659ea0) thrown at [./src/hotspot/share/interpreter/linkResolver.cpp, line 773]
Event: 23.139 Thread 0x000002912f271800 Exception <a 'java/lang/NoSuchMethodError'{0x000000008765df90}: 'java.lang.Object java.lang.invoke.Invokers$Holder.linkToTargetMethod(java.lang.Object, java.lang.Object, java.lang.Object, java.lang.Object, java.lang.Object, java.lang.Object, java.lang.Object, java.lang.Object, java.lang.Object)'> (0x000000008765df90) thrown at [./src/hotspot/share/interpreter/linkResolver.cpp, line 773]
Event: 23.218 Thread 0x000002912f271800 Exception <a 'java/lang/NoSuchMethodError'{0x0000000087109310}: 'void java.lang.invoke.DirectMethodHandle$Holder.invokeVirtual(java.lang.Object, java.lang.Object, int)'> (0x0000000087109310) thrown at [./src/hotspot/share/interpreter/linkResolver.cpp, line 773]
Event: 23.218 Thread 0x000002912f26c000 Exception <a 'java/lang/NoSuchMethodError'{0x0000000087122990}: 'void java.lang.invoke.DirectMethodHandle$Holder.invokeVirtual(java.lang.Object, java.lang.Object, int)'> (0x0000000087122990) thrown at [./src/hotspot/share/interpreter/linkResolver.cpp, line 773]
Event: 23.235 Thread 0x000002912f26c000 Exception <a 'sun/nio/fs/WindowsException'{0x00000000871f5d88}> (0x00000000871f5d88) thrown at [./src/hotspot/share/prims/jni.cpp, line 615]
Event: 23.235 Thread 0x000002912f271800 Exception <a 'sun/nio/fs/WindowsException'{0x0000000087007b60}> (0x0000000087007b60) thrown at [./src/hotspot/share/prims/jni.cpp, line 615]
Event: 23.981 Thread 0x000002912f271000 Exception <a 'java/lang/NoSuchMethodError'{0x000000008a699cc0}: <clinit>> (0x000000008a699cc0) thrown at [./src/hotspot/share/prims/jni.cpp, line 1362]
Event: 24.254 Thread 0x000002912f26d000 Exception <a 'sun/nio/fs/WindowsException'{0x0000000089b951b0}> (0x0000000089b951b0) thrown at [./src/hotspot/share/prims/jni.cpp, line 615]

Events (20 events):
Event: 26.234 Executing VM operation: RevokeBias done
Event: 26.239 Executing VM operation: RevokeBias
Event: 26.240 Executing coalesced safepoint VM operation: RevokeBias
Event: 26.240 Executing coalesced safepoint VM operation: RevokeBias done
Event: 26.240 Executing coalesced safepoint VM operation: RevokeBias
Event: 26.240 Executing coalesced safepoint VM operation: RevokeBias done
Event: 26.240 Executing coalesced safepoint VM operation: RevokeBias
Event: 26.240 Executing coalesced safepoint VM operation: RevokeBias done
Event: 26.240 Executing VM operation: RevokeBias done
Event: 26.240 Executing VM operation: RevokeBias
Event: 26.240 Executing VM operation: RevokeBias done
Event: 26.240 Executing VM operation: BulkRevokeBias
Event: 26.243 Executing VM operation: BulkRevokeBias done
Event: 26.246 loading class com/android/tools/r8/graph/v1
Event: 26.246 loading class com/android/tools/r8/graph/v1 done
Event: 26.246 loading class com/android/tools/r8/graph/e0
Event: 26.246 loading class com/android/tools/r8/graph/e0 done
Event: 26.246 loading class com/android/tools/r8/graph/v1
Event: 26.246 loading class com/android/tools/r8/graph/v1 done
Event: 26.333 Executing VM operation: G1CollectForAllocation


Dynamic libraries:
0x00007ff6b67a0000 - 0x00007ff6b67aa000 	C:\Program Files\Android\Android Studio\jre\bin\java.exe
0x00007ffd02ae0000 - 0x00007ffd02cd0000 	C:\Windows\SYSTEM32\ntdll.dll
0x00007ffd01690000 - 0x00007ffd01742000 	C:\Windows\System32\KERNEL32.DLL
0x00007ffcffd90000 - 0x00007ffd00035000 	C:\Windows\System32\KERNELBASE.dll
0x00007ffd00940000 - 0x00007ffd00a3a000 	C:\Windows\System32\ucrtbase.dll
0x00007ffcf0a60000 - 0x00007ffcf0a77000 	C:\Program Files\Android\Android Studio\jre\bin\VCRUNTIME140.dll
0x00007ffcf0a40000 - 0x00007ffcf0a59000 	C:\Program Files\Android\Android Studio\jre\bin\jli.dll
0x00007ffd02900000 - 0x00007ffd02a94000 	C:\Windows\System32\USER32.dll
0x00007ffcffa50000 - 0x00007ffcffa71000 	C:\Windows\System32\win32u.dll
0x00007ffcef6b0000 - 0x00007ffcef934000 	C:\Windows\WinSxS\amd64_microsoft.windows.common-controls_6595b64144ccf1df_6.0.18362.1256_none_9e7e379be45e40e2\COMCTL32.dll
0x00007ffd01da0000 - 0x00007ffd01e3e000 	C:\Windows\System32\msvcrt.dll
0x00007ffd02540000 - 0x00007ffd02566000 	C:\Windows\System32\GDI32.dll
0x00007ffd01350000 - 0x00007ffd01686000 	C:\Windows\System32\combase.dll
0x00007ffcffa80000 - 0x00007ffcffc16000 	C:\Windows\System32\gdi32full.dll
0x00007ffd021e0000 - 0x00007ffd02300000 	C:\Windows\System32\RPCRT4.dll
0x00007ffd00a40000 - 0x00007ffd00ade000 	C:\Windows\System32\msvcp_win.dll
0x00007ffcffd00000 - 0x00007ffcffd81000 	C:\Windows\System32\bcryptPrimitives.dll
0x00007ffd02300000 - 0x00007ffd0232e000 	C:\Windows\System32\IMM32.DLL
0x00007ffceffd0000 - 0x00007ffcf006d000 	C:\Program Files\Android\Android Studio\jre\bin\msvcp140.dll
0x00007ffcaa340000 - 0x00007ffcaadfc000 	C:\Program Files\Android\Android Studio\jre\bin\server\jvm.dll
0x00007ffd020c0000 - 0x00007ffd02163000 	C:\Windows\System32\ADVAPI32.dll
0x00007ffd02330000 - 0x00007ffd023c7000 	C:\Windows\System32\sechost.dll
0x00007ffd020b0000 - 0x00007ffd020b8000 	C:\Windows\System32\PSAPI.DLL
0x00007ffcfce30000 - 0x00007ffcfce54000 	C:\Windows\SYSTEM32\WINMM.dll
0x00007ffcf21e0000 - 0x00007ffcf21ea000 	C:\Windows\SYSTEM32\VERSION.dll
0x00007ffcdb390000 - 0x00007ffcdb399000 	C:\Windows\SYSTEM32\WSOCK32.dll
0x00007ffcfce00000 - 0x00007ffcfce2d000 	C:\Windows\SYSTEM32\winmmbase.dll
0x00007ffd02890000 - 0x00007ffd028ff000 	C:\Windows\System32\WS2_32.dll
0x00007ffcffcb0000 - 0x00007ffcffcfa000 	C:\Windows\System32\cfgmgr32.dll
0x00007ffcff990000 - 0x00007ffcff9a1000 	C:\Windows\System32\kernel.appcore.dll
0x00007ffcf0a00000 - 0x00007ffcf0a11000 	C:\Program Files\Android\Android Studio\jre\bin\verify.dll
0x00007ffcfe220000 - 0x00007ffcfe414000 	C:\Windows\SYSTEM32\DBGHELP.DLL
0x00007ffced830000 - 0x00007ffced85a000 	C:\Windows\SYSTEM32\dbgcore.DLL
0x00007ffceff60000 - 0x00007ffceff89000 	C:\Program Files\Android\Android Studio\jre\bin\java.dll
0x00007ffcfd0e0000 - 0x00007ffcfd0eb000 	C:\Program Files\Android\Android Studio\jre\bin\jimage.dll
0x00007ffcf09e0000 - 0x00007ffcf09f8000 	C:\Program Files\Android\Android Studio\jre\bin\zip.dll
0x00007ffd00b90000 - 0x00007ffd01277000 	C:\Windows\System32\SHELL32.dll
0x00007ffd017d0000 - 0x00007ffd01879000 	C:\Windows\System32\shcore.dll
0x00007ffd00190000 - 0x00007ffd00911000 	C:\Windows\System32\windows.storage.dll
0x00007ffcff9d0000 - 0x00007ffcff9f3000 	C:\Windows\System32\profapi.dll
0x00007ffcffa00000 - 0x00007ffcffa4a000 	C:\Windows\System32\powrprof.dll
0x00007ffcff980000 - 0x00007ffcff990000 	C:\Windows\System32\UMPDC.dll
0x00007ffd02050000 - 0x00007ffd020a2000 	C:\Windows\System32\shlwapi.dll
0x00007ffd00920000 - 0x00007ffd00937000 	C:\Windows\System32\cryptsp.dll
0x00007ffcef2f0000 - 0x00007ffcef30a000 	C:\Program Files\Android\Android Studio\jre\bin\net.dll
0x00007ffcef990000 - 0x00007ffcefa80000 	C:\Windows\SYSTEM32\WINHTTP.dll
0x00007ffcff170000 - 0x00007ffcff1d7000 	C:\Windows\system32\mswsock.dll
0x00007ffcef2d0000 - 0x00007ffcef2e4000 	C:\Program Files\Android\Android Studio\jre\bin\nio.dll
0x00007ffcf0a80000 - 0x00007ffcf0aa7000 	C:\Users\hp\.gradle\native\fdc75f09e3144964f2cf3f50f0aa648679c211496f362492102eb8c894070792\windows-amd64\native-platform.dll
0x00007ffcd04d0000 - 0x00007ffcd0666000 	C:\Users\hp\.gradle\native\12488b8bf47d2d4c9fbf2f6322a914ad602e24e48041cd04a747c6da556b65c4\windows-amd64\native-platform-file-events.dll
0x00007ffcfd0a0000 - 0x00007ffcfd0aa000 	C:\Program Files\Android\Android Studio\jre\bin\management.dll
0x00007ffcfbf60000 - 0x00007ffcfbf6c000 	C:\Program Files\Android\Android Studio\jre\bin\management_ext.dll
0x00007ffcfece0000 - 0x00007ffcfed13000 	C:\Windows\system32\rsaenh.dll
0x00007ffcffc20000 - 0x00007ffcffc46000 	C:\Windows\System32\bcrypt.dll
0x00007ffcff8a0000 - 0x00007ffcff8c5000 	C:\Windows\SYSTEM32\USERENV.dll
0x00007ffcff340000 - 0x00007ffcff34c000 	C:\Windows\SYSTEM32\CRYPTBASE.dll
0x00007ffcfee80000 - 0x00007ffcfeeba000 	C:\Windows\SYSTEM32\IPHLPAPI.DLL
0x00007ffd02810000 - 0x00007ffd02818000 	C:\Windows\System32\NSI.dll
0x00007ffcf1fe0000 - 0x00007ffcf1ff6000 	C:\Windows\SYSTEM32\dhcpcsvc6.DLL
0x00007ffcf2210000 - 0x00007ffcf222c000 	C:\Windows\SYSTEM32\dhcpcsvc.DLL
0x00007ffcfeed0000 - 0x00007ffcfef9b000 	C:\Windows\SYSTEM32\DNSAPI.dll
0x00007ffcf2270000 - 0x00007ffcf227b000 	C:\Windows\SYSTEM32\WINNSI.DLL

dbghelp: loaded successfully - version: 4.0.5 - missing functions: none
symbol engine: initialized successfully - sym options: 0x614 - pdb path: .;C:\Program Files\Android\Android Studio\jre\bin;C:\Windows\SYSTEM32;C:\Windows\WinSxS\amd64_microsoft.windows.common-controls_6595b64144ccf1df_6.0.18362.1256_none_9e7e379be45e40e2;C:\Program Files\Android\Android Studio\jre\bin\server;C:\Users\hp\.gradle\native\fdc75f09e3144964f2cf3f50f0aa648679c211496f362492102eb8c894070792\windows-amd64;C:\Users\hp\.gradle\native\12488b8bf47d2d4c9fbf2f6322a914ad602e24e48041cd04a747c6da556b65c4\windows-amd64

VM Arguments:
jvm_args: --add-opens=java.base/java.util=ALL-UNNAMED --add-opens=java.base/java.lang=ALL-UNNAMED --add-opens=java.base/java.lang.invoke=ALL-UNNAMED --add-opens=java.prefs/java.util.prefs=ALL-UNNAMED -Xmx2048m -Dfile.encoding=UTF-8 -Duser.country=GB -Duser.language=en -Duser.variant 
java_command: org.gradle.launcher.daemon.bootstrap.GradleDaemon 6.7.1
java_class_path (initial): C:\Users\hp\.gradle\wrapper\dists\gradle-6.7.1-bin\bwlcbys1h7rz3272sye1xwiv6\gradle-6.7.1\lib\gradle-launcher-6.7.1.jar
Launcher Type: SUN_STANDARD

[Global flags]
     intx CICompilerCount                          = 3                                         {product} {ergonomic}
     uint ConcGCThreads                            = 1                                         {product} {ergonomic}
     uint G1ConcRefinementThreads                  = 4                                         {product} {ergonomic}
   size_t G1HeapRegionSize                         = 1048576                                   {product} {ergonomic}
    uintx GCDrainStackTargetSize                   = 64                                        {product} {ergonomic}
   size_t InitialHeapSize                          = 134217728                                 {product} {ergonomic}
   size_t MarkStackSize                            = 4194304                                   {product} {ergonomic}
   size_t MaxHeapSize                              = 2147483648                                {product} {command line}
   size_t MaxNewSize                               = 1287651328                                {product} {ergonomic}
   size_t MinHeapDeltaBytes                        = 1048576                                   {product} {ergonomic}
    uintx NonNMethodCodeHeapSize                   = 5830732                                {pd product} {ergonomic}
    uintx NonProfiledCodeHeapSize                  = 122913754                              {pd product} {ergonomic}
    uintx ProfiledCodeHeapSize                     = 122913754                              {pd product} {ergonomic}
    uintx ReservedCodeCacheSize                    = 251658240                              {pd product} {ergonomic}
     bool SegmentedCodeCache                       = true                                      {product} {ergonomic}
     bool UseCompressedClassPointers               = true                                 {lp64_product} {ergonomic}
     bool UseCompressedOops                        = true                                 {lp64_product} {ergonomic}
     bool UseG1GC                                  = true                                      {product} {ergonomic}
     bool UseLargePagesIndividualAllocation        = false                                  {pd product} {ergonomic}

Logging:
Log output configuration:
 #0: stdout all=warning uptime,level,tags
 #1: stderr all=off uptime,level,tags

Environment Variables:
JAVA_HOME=C:\Program Files\Java\jdk-17.0.1
PATH=C:\Program Files\Common Files\Oracle\Java\javapath;C:\Python310\Scripts\;C:\Python310\;C:\ProgramData\Oracle\Java\javapath;C:\Windows\system32;C:\Windows;C:\Windows\System32\Wbem;C:\Windows\System32\WindowsPowerShell\v1.0\;C:\Windows\System32\OpenSSH\;C:\Program Files (x86)\dotnet\;C:\Program Files\Java\jdk-17\bin;C:\Program Files\Microsoft SQL Server\Client SDK\ODBC\110\Tools\Binn\;C:\Program Files\Microsoft SQL Server\Client SDK\ODBC\170\Tools\Binn\;C:\ProgramData\chocolatey\bin;C:\Program Files\Java\jdk-17.0.1\bin;C:\Program Files\Azure Data Studio\bin;C:\Program Files\Microsoft SQL Server\130\Tools\Binn\;C:\Program Files (x86)\Microsoft SQL Server\150\Tools\Binn\;C:\Program Files\Microsoft SQL Server\150\Tools\Binn\;C:\Program Files\Microsoft SQL Server\150\DTS\Binn\;C:\Users\hp\AppData\Local\Microsoft\WindowsApps;D:\Microsoft VS Code\bin;C:\Users\hp\.dotnet\tools;C:\Program Files\Azure Data Studio\bin;C:\Users\hp\AppData\Local\Android\Sdk\platform-tools;;C:\Users\hp\AppData\Local\Programs\Microsoft VS Code\bin
USERNAME=hp
OS=Windows_NT
PROCESSOR_IDENTIFIER=Intel64 Family 6 Model 142 Stepping 9, GenuineIntel



---------------  S Y S T E M  ---------------

OS: Windows 10 , 64 bit Build 18362 (10.0.18362.1110)
OS uptime: 0 days 3:47 hours

CPU:total 4 (initial active 4) (2 cores per cpu, 2 threads per core) family 6 model 142 stepping 9, cmov, cx8, fxsr, mmx, sse, sse2, sse3, ssse3, sse4.1, sse4.2, popcnt, avx, avx2, aes, clmul, erms, 3dnowpref, lzcnt, ht, tsc, tscinvbit, bmi1, bmi2, adx, fma

Memory: 4k page, system-wide physical 8078M (410M free)
TotalPageFile size 8078M (AvailPageFile size 31M)
current process WorkingSet (physical memory assigned to process): 476M, peak: 480M
current process commit charge ("private bytes"): 506M, peak: 546M

vm_info: OpenJDK 64-Bit Server VM (11.0.8+10-b944.6842174) for windows-amd64 JRE (11.0.8+10-b944.6842174), built on Sep 19 2020 01:11:42 by "builder" with MS VC++ 14.0 (VS2015)

END.
