#
# There is insufficient memory for the Java Runtime Environment to continue.
# Native memory allocation (mmap) failed to map 65536 bytes for Failed to commit area from 0x0000026e1a4c0000 to 0x0000026e1a4d0000 of length 65536.
# Possible reasons:
#   The system is out of physical RAM or swap space
#   The process is running with CompressedOops enabled, and the Java Heap may be blocking the growth of the native heap
# Possible solutions:
#   Reduce memory load on the system
#   Increase physical memory or swap space
#   Check if swap backing store is full
#   Decrease Java heap size (-Xmx/-Xms)
#   Decrease number of Java threads
#   Decrease Java thread stack sizes (-Xss)
#   Set larger code cache with -XX:ReservedCodeCacheSize=
#   JVM is running with Unscaled Compressed Oops mode in which the Java heap is
#     placed in the first 4GB address space. The Java Heap base address is the
#     maximum limit for the native heap growth. Please use -XX:HeapBaseMinAddress
#     to set the Java Heap base and to place the Java Heap above 4GB virtual address.
# This output file may be truncated or incomplete.
#
#  Out of Memory Error (./src/hotspot/os/windows/os_windows.cpp:3303), pid=10320, tid=5256
#
# JRE version: OpenJDK Runtime Environment (11.0.8+10) (build 11.0.8+10-b944.6842174)
# Java VM: OpenJDK 64-Bit Server VM (11.0.8+10-b944.6842174, mixed mode, tiered, compressed oops, g1 gc, windows-amd64)
# No core dump will be written. Minidumps are not enabled by default on client versions of Windows
#

---------------  S U M M A R Y ------------

Command Line: --add-opens=java.base/java.util=ALL-UNNAMED --add-opens=java.base/java.lang=ALL-UNNAMED --add-opens=java.base/java.lang.invoke=ALL-UNNAMED --add-opens=java.prefs/java.util.prefs=ALL-UNNAMED -Xmx2048m -Dfile.encoding=UTF-8 -Duser.country=GB -Duser.language=en -Duser.variant org.gradle.launcher.daemon.bootstrap.GradleDaemon 6.7.1

Host: Intel(R) Core(TM) i5-7200U CPU @ 2.50GHz, 4 cores, 7G,  Windows 10 , 64 bit Build 18362 (10.0.18362.1110)
Time: Thu Feb 24 00:16:47 2022 Morocco Summer Time elapsed time: 25 seconds (0d 0h 0m 25s)

---------------  T H R E A D  ---------------

Current thread (0x0000026e1e621000):  VMThread "VM Thread" [stack: 0x000000c181800000,0x000000c181900000] [id=5256]

Stack: [0x000000c181800000,0x000000c181900000]
[error occurred during error reporting (printing stack bounds), id 0xc0000005, EXCEPTION_ACCESS_VIOLATION (0xc0000005) at pc=0x0000026e08530dad]

Native frames: (J=compiled Java code, j=interpreted, Vv=VM code, C=native code)
V  [jvm.dll+0x5de50a]
V  [jvm.dll+0x7122f5]
V  [jvm.dll+0x71384d]
V  [jvm.dll+0x713e65]
V  [jvm.dll+0x713e1b]
V  [jvm.dll+0x5dd958]
V  [jvm.dll+0x5de0f8]
C  [ntdll.dll+0xa184f]
C  [ntdll.dll+0x6a889]
C  [ntdll.dll+0xa04be]
C  0x0000026e08530dad

VM_Operation (0x000000c18b3fe540): G1CollectForAllocation, mode: safepoint, requested by thread 0x0000026e213af000


---------------  P R O C E S S  ---------------

Threads class SMR info:
_java_thread_list=0x0000026e2191ea30, length=149, elements={
0x0000026e04bbe800, 0x0000026e1e626000, 0x0000026e1e627800, 0x0000026e1e64f000,
0x0000026e1e650000, 0x0000026e1e651800, 0x0000026e1e65b000, 0x0000026e1efa6000,
0x0000026e1f0ff000, 0x0000026e1f13a000, 0x0000026e20517800, 0x0000026e208a2800,
0x0000026e2003e800, 0x0000026e20afb800, 0x0000026e20980000, 0x0000026e20748000,
0x0000026e2095a000, 0x0000026e20387800, 0x0000026e21128000, 0x0000026e2048c800,
0x0000026e211ea800, 0x0000026e211eb000, 0x0000026e211ec000, 0x0000026e211ed000,
0x0000026e211ed800, 0x0000026e211ee800, 0x0000026e211e9800, 0x0000026e211e9000,
0x0000026e211ef800, 0x0000026e21c86000, 0x0000026e21c82000, 0x0000026e21c82800,
0x0000026e21c83800, 0x0000026e21c8a000, 0x0000026e21c86800, 0x0000026e21c88800,
0x0000026e21c84000, 0x0000026e21c89000, 0x0000026e21c85000, 0x0000026e21c90800,
0x0000026e21c8d000, 0x0000026e21c8b000, 0x0000026e21c8b800, 0x0000026e21c8c800,
0x0000026e21c8e000, 0x0000026e21c8f000, 0x0000026e21c8f800, 0x0000026e23203000,
0x0000026e23204800, 0x0000026e23205800, 0x0000026e23204000, 0x0000026e23206800,
0x0000026e23207000, 0x0000026e23201800, 0x0000026e23208000, 0x0000026e23202000,
0x0000026e23208800, 0x0000026e2320e800, 0x0000026e2320c000, 0x0000026e23209800,
0x0000026e2320b000, 0x0000026e2320d800, 0x0000026e2320a800, 0x0000026e2320f000,
0x0000026e23210000, 0x0000026e2320d000, 0x0000026e2195c000, 0x0000026e2195a800,
0x0000026e21961000, 0x0000026e2195f000, 0x0000026e21960000, 0x0000026e2195e800,
0x0000026e2195c800, 0x0000026e2195d800, 0x0000026e2195b000, 0x0000026e21964000,
0x0000026e21961800, 0x0000026e21962800, 0x0000026e21965000, 0x0000026e21965800,
0x0000026e21963800, 0x0000026e21966800, 0x0000026e21967800, 0x0000026e21968000,
0x0000026e21969000, 0x0000026e24fa4800, 0x0000026e24fa6000, 0x0000026e24fa7000,
0x0000026e24fa5000, 0x0000026e24fa1000, 0x0000026e24fa7800, 0x0000026e24fa3800,
0x0000026e24fa2000, 0x0000026e24fa8800, 0x0000026e24fa3000, 0x0000026e24fac000,
0x0000026e24fa9800, 0x0000026e24fad800, 0x0000026e24fae000, 0x0000026e24faf000,
0x0000026e24fb0000, 0x0000026e24fac800, 0x0000026e24faa000, 0x0000026e24fab000,
0x0000026e23df0000, 0x0000026e23dec000, 0x0000026e23df1000, 0x0000026e23deb000,
0x0000026e23dee800, 0x0000026e23df2800, 0x0000026e23ded000, 0x0000026e23def800,
0x0000026e23df2000, 0x0000026e23df3800, 0x0000026e23ded800, 0x0000026e23df9000,
0x0000026e23df6800, 0x0000026e23df6000, 0x0000026e23df8800, 0x0000026e23dfa000,
0x0000026e23df4000, 0x0000026e23df5000, 0x0000026e23df7800, 0x0000026e217e8800,
0x0000026e217ec000, 0x0000026e217e9800, 0x0000026e217ea800, 0x0000026e217e8000,
0x0000026e217eb000, 0x0000026e217ed000, 0x0000026e217e7000, 0x0000026e217ef000,
0x0000026e217f1000, 0x0000026e217ed800, 0x0000026e217f0000, 0x0000026e217f1800,
0x0000026e217f2800, 0x0000026e217f4000, 0x0000026e217f3800, 0x0000026e217ee800,
0x0000026e217f5000, 0x0000026e217f5800, 0x0000026e213b4000, 0x0000026e213b1000,
0x0000026e213ae800, 0x0000026e213b3000, 0x0000026e213b1800, 0x0000026e213b5000,
0x0000026e213af000
}

Java Threads: ( => current thread )
  0x0000026e04bbe800 JavaThread "main" [_thread_blocked, id=9104, stack(0x000000c181200000,0x000000c181300000)]
  0x0000026e1e626000 JavaThread "Reference Handler" daemon [_thread_blocked, id=15212, stack(0x000000c181900000,0x000000c181a00000)]
  0x0000026e1e627800 JavaThread "Finalizer" daemon [_thread_blocked, id=14760, stack(0x000000c181a00000,0x000000c181b00000)]
  0x0000026e1e64f000 JavaThread "Signal Dispatcher" daemon [_thread_blocked, id=6964, stack(0x000000c181b00000,0x000000c181c00000)]
  0x0000026e1e650000 JavaThread "Attach Listener" daemon [_thread_blocked, id=15184, stack(0x000000c181c00000,0x000000c181d00000)]
  0x0000026e1e651800 JavaThread "C2 CompilerThread0" daemon [_thread_in_native, id=11568, stack(0x000000c181d00000,0x000000c181e00000)]
  0x0000026e1e65b000 JavaThread "C1 CompilerThread0" daemon [_thread_blocked, id=13024, stack(0x000000c181e00000,0x000000c181f00000)]
  0x0000026e1efa6000 JavaThread "Sweeper thread" daemon [_thread_blocked, id=7508, stack(0x000000c181f00000,0x000000c182000000)]
  0x0000026e1f0ff000 JavaThread "Common-Cleaner" daemon [_thread_blocked, id=4124, stack(0x000000c182000000,0x000000c182100000)]
  0x0000026e1f13a000 JavaThread "Service Thread" daemon [_thread_blocked, id=8180, stack(0x000000c182100000,0x000000c182200000)]
  0x0000026e20517800 JavaThread "Daemon health stats" [_thread_blocked, id=13500, stack(0x000000c182600000,0x000000c182700000)]
  0x0000026e208a2800 JavaThread "Incoming local TCP Connector on port 56380" [_thread_in_native, id=9612, stack(0x000000c182800000,0x000000c182900000)]
  0x0000026e2003e800 JavaThread "Daemon periodic checks" [_thread_blocked, id=8952, stack(0x000000c182900000,0x000000c182a00000)]
  0x0000026e20afb800 JavaThread "Daemon" [_thread_blocked, id=6484, stack(0x000000c182a00000,0x000000c182b00000)]
  0x0000026e20980000 JavaThread "Handler for socket connection from /127.0.0.1:56380 to /127.0.0.1:56381" [_thread_in_native, id=11200, stack(0x000000c182b00000,0x000000c182c00000)]
  0x0000026e20748000 JavaThread "Cancel handler" [_thread_blocked, id=12584, stack(0x000000c182c00000,0x000000c182d00000)]
  0x0000026e2095a000 JavaThread "Daemon worker" [_thread_blocked, id=4700, stack(0x000000c182d00000,0x000000c182e00000)]
  0x0000026e20387800 JavaThread "Asynchronous log dispatcher for DefaultDaemonConnection: socket connection from /127.0.0.1:56380 to /127.0.0.1:56381" [_thread_blocked, id=14648, stack(0x000000c182e00000,0x000000c182f00000)]
  0x0000026e21128000 JavaThread "Stdin handler" [_thread_blocked, id=11880, stack(0x000000c182f00000,0x000000c183000000)]
  0x0000026e2048c800 JavaThread "Thread-8" [_thread_blocked, id=6816, stack(0x000000c183000000,0x000000c183100000)]
  0x0000026e211ea800 JavaThread "Cache worker for file hash cache (C:\Users\hp\.gradle\caches\6.7.1\fileHashes)" [_thread_blocked, id=2296, stack(0x000000c183200000,0x000000c183300000)]
  0x0000026e211eb000 JavaThread "File lock request listener" [_thread_in_native, id=8184, stack(0x000000c183300000,0x000000c183400000)]
  0x0000026e211ec000 JavaThread "Cache worker for journal cache (C:\Users\hp\.gradle\caches\journal-1)" [_thread_blocked, id=10328, stack(0x000000c183400000,0x000000c183500000)]
  0x0000026e211ed000 JavaThread "Cache worker for file hash cache (C:\Users\hp\AndroidStudioProjects\TapTap\.gradle\6.7.1\fileHashes)" [_thread_blocked, id=2344, stack(0x000000c183600000,0x000000c183700000)]
  0x0000026e211ed800 JavaThread "Cache worker for checksums cache (C:\Users\hp\AndroidStudioProjects\TapTap\.gradle\checksums)" [_thread_blocked, id=10132, stack(0x000000c183500000,0x000000c183600000)]
  0x0000026e211ee800 JavaThread "Cache worker for cache directory md-supplier (C:\Users\hp\.gradle\caches\6.7.1\md-supplier)" [_thread_blocked, id=12732, stack(0x000000c183700000,0x000000c183800000)]
  0x0000026e211e9800 JavaThread "Cache worker for cache directory md-rule (C:\Users\hp\.gradle\caches\6.7.1\md-rule)" [_thread_blocked, id=14332, stack(0x000000c183800000,0x000000c183900000)]
  0x0000026e211e9000 JavaThread "Cache worker for execution history cache (C:\Users\hp\.gradle\caches\6.7.1\executionHistory)" [_thread_blocked, id=14756, stack(0x000000c183a00000,0x000000c183b00000)]
  0x0000026e211ef800 JavaThread "jar transforms" [_thread_blocked, id=12868, stack(0x000000c183b00000,0x000000c183c00000)]
  0x0000026e21c86000 JavaThread "Cache worker for file content cache (C:\Users\hp\.gradle\caches\6.7.1\fileContent)" [_thread_blocked, id=4364, stack(0x000000c183c00000,0x000000c183d00000)]
  0x0000026e21c82000 JavaThread "Cache worker for Build Output Cleanup Cache (C:\Users\hp\AndroidStudioProjects\TapTap\.gradle\buildOutputCleanup)" [_thread_blocked, id=12764, stack(0x000000c183d00000,0x000000c183e00000)]
  0x0000026e21c82800 JavaThread "Build operations" [_thread_blocked, id=9236, stack(0x000000c183e00000,0x000000c183f00000)]
  0x0000026e21c83800 JavaThread "Build operations Thread 2" [_thread_blocked, id=4168, stack(0x000000c183f00000,0x000000c184000000)]
  0x0000026e21c8a000 JavaThread "Build operations Thread 3" [_thread_blocked, id=7632, stack(0x000000c184000000,0x000000c184100000)]
  0x0000026e21c86800 JavaThread "Build operations Thread 4" [_thread_blocked, id=14000, stack(0x000000c184100000,0x000000c184200000)]
  0x0000026e21c88800 JavaThread "jar transforms Thread 2" [_thread_blocked, id=14064, stack(0x000000c184200000,0x000000c184300000)]
  0x0000026e21c84000 JavaThread "jar transforms Thread 3" [_thread_blocked, id=9308, stack(0x000000c184300000,0x000000c184400000)]
  0x0000026e21c89000 JavaThread "jar transforms Thread 4" [_thread_blocked, id=8052, stack(0x000000c184400000,0x000000c184500000)]
  0x0000026e21c85000 JavaThread "jar transforms Thread 5" [_thread_blocked, id=12768, stack(0x000000c184500000,0x000000c184600000)]
  0x0000026e21c90800 JavaThread "jar transforms Thread 6" [_thread_blocked, id=12740, stack(0x000000c184600000,0x000000c184700000)]
  0x0000026e21c8d000 JavaThread "jar transforms Thread 7" [_thread_blocked, id=7308, stack(0x000000c184700000,0x000000c184800000)]
  0x0000026e21c8b000 JavaThread "jar transforms Thread 8" [_thread_blocked, id=12328, stack(0x000000c184800000,0x000000c184900000)]
  0x0000026e21c8b800 JavaThread "jar transforms Thread 9" [_thread_blocked, id=11056, stack(0x000000c184900000,0x000000c184a00000)]
  0x0000026e21c8c800 JavaThread "jar transforms Thread 10" [_thread_blocked, id=13672, stack(0x000000c184a00000,0x000000c184b00000)]
  0x0000026e21c8e000 JavaThread "jar transforms Thread 11" [_thread_blocked, id=10676, stack(0x000000c184b00000,0x000000c184c00000)]
  0x0000026e21c8f000 JavaThread "jar transforms Thread 12" [_thread_blocked, id=6120, stack(0x000000c184c00000,0x000000c184d00000)]
  0x0000026e21c8f800 JavaThread "jar transforms Thread 13" [_thread_blocked, id=7872, stack(0x000000c184d00000,0x000000c184e00000)]
  0x0000026e23203000 JavaThread "jar transforms Thread 14" [_thread_blocked, id=10396, stack(0x000000c184e00000,0x000000c184f00000)]
  0x0000026e23204800 JavaThread "jar transforms Thread 15" [_thread_blocked, id=13148, stack(0x000000c184f00000,0x000000c185000000)]
  0x0000026e23205800 JavaThread "jar transforms Thread 16" [_thread_blocked, id=14816, stack(0x000000c185000000,0x000000c185100000)]
  0x0000026e23204000 JavaThread "jar transforms Thread 17" [_thread_blocked, id=14152, stack(0x000000c185100000,0x000000c185200000)]
  0x0000026e23206800 JavaThread "jar transforms Thread 18" [_thread_blocked, id=14800, stack(0x000000c185200000,0x000000c185300000)]
  0x0000026e23207000 JavaThread "jar transforms Thread 19" [_thread_blocked, id=12208, stack(0x000000c185300000,0x000000c185400000)]
  0x0000026e23201800 JavaThread "jar transforms Thread 20" [_thread_blocked, id=6100, stack(0x000000c185400000,0x000000c185500000)]
  0x0000026e23208000 JavaThread "jar transforms Thread 21" [_thread_blocked, id=12212, stack(0x000000c185500000,0x000000c185600000)]
  0x0000026e23202000 JavaThread "jar transforms Thread 22" [_thread_blocked, id=6104, stack(0x000000c185600000,0x000000c185700000)]
  0x0000026e23208800 JavaThread "jar transforms Thread 23" [_thread_blocked, id=7356, stack(0x000000c185700000,0x000000c185800000)]
  0x0000026e2320e800 JavaThread "jar transforms Thread 24" [_thread_blocked, id=4448, stack(0x000000c185800000,0x000000c185900000)]
  0x0000026e2320c000 JavaThread "jar transforms Thread 25" [_thread_blocked, id=13016, stack(0x000000c185900000,0x000000c185a00000)]
  0x0000026e23209800 JavaThread "jar transforms Thread 26" [_thread_blocked, id=8944, stack(0x000000c185a00000,0x000000c185b00000)]
  0x0000026e2320b000 JavaThread "jar transforms Thread 27" [_thread_blocked, id=2528, stack(0x000000c185b00000,0x000000c185c00000)]
  0x0000026e2320d800 JavaThread "jar transforms Thread 28" [_thread_blocked, id=3708, stack(0x000000c185c00000,0x000000c185d00000)]
  0x0000026e2320a800 JavaThread "jar transforms Thread 29" [_thread_blocked, id=13116, stack(0x000000c185d00000,0x000000c185e00000)]
  0x0000026e2320f000 JavaThread "jar transforms Thread 30" [_thread_blocked, id=9796, stack(0x000000c185e00000,0x000000c185f00000)]
  0x0000026e23210000 JavaThread "jar transforms Thread 31" [_thread_blocked, id=14268, stack(0x000000c185f00000,0x000000c186000000)]
  0x0000026e2320d000 JavaThread "jar transforms Thread 32" [_thread_blocked, id=11716, stack(0x000000c186000000,0x000000c186100000)]
  0x0000026e2195c000 JavaThread "jar transforms Thread 33" [_thread_blocked, id=1960, stack(0x000000c186100000,0x000000c186200000)]
  0x0000026e2195a800 JavaThread "jar transforms Thread 34" [_thread_blocked, id=14036, stack(0x000000c186200000,0x000000c186300000)]
  0x0000026e21961000 JavaThread "jar transforms Thread 35" [_thread_blocked, id=14828, stack(0x000000c186300000,0x000000c186400000)]
  0x0000026e2195f000 JavaThread "jar transforms Thread 36" [_thread_blocked, id=8244, stack(0x000000c186400000,0x000000c186500000)]
  0x0000026e21960000 JavaThread "jar transforms Thread 37" [_thread_blocked, id=15176, stack(0x000000c186500000,0x000000c186600000)]
  0x0000026e2195e800 JavaThread "jar transforms Thread 38" [_thread_blocked, id=9824, stack(0x000000c186600000,0x000000c186700000)]
  0x0000026e2195c800 JavaThread "jar transforms Thread 39" [_thread_blocked, id=14232, stack(0x000000c186700000,0x000000c186800000)]
  0x0000026e2195d800 JavaThread "jar transforms Thread 40" [_thread_blocked, id=6944, stack(0x000000c186800000,0x000000c186900000)]
  0x0000026e2195b000 JavaThread "jar transforms Thread 41" [_thread_blocked, id=9844, stack(0x000000c186900000,0x000000c186a00000)]
  0x0000026e21964000 JavaThread "jar transforms Thread 42" [_thread_blocked, id=2704, stack(0x000000c186a00000,0x000000c186b00000)]
  0x0000026e21961800 JavaThread "jar transforms Thread 43" [_thread_blocked, id=7128, stack(0x000000c186b00000,0x000000c186c00000)]
  0x0000026e21962800 JavaThread "jar transforms Thread 44" [_thread_blocked, id=12776, stack(0x000000c186c00000,0x000000c186d00000)]
  0x0000026e21965000 JavaThread "jar transforms Thread 45" [_thread_blocked, id=12404, stack(0x000000c186d00000,0x000000c186e00000)]
  0x0000026e21965800 JavaThread "jar transforms Thread 46" [_thread_blocked, id=612, stack(0x000000c186e00000,0x000000c186f00000)]
  0x0000026e21963800 JavaThread "jar transforms Thread 47" [_thread_blocked, id=13516, stack(0x000000c186f00000,0x000000c187000000)]
  0x0000026e21966800 JavaThread "jar transforms Thread 48" [_thread_blocked, id=1596, stack(0x000000c187000000,0x000000c187100000)]
  0x0000026e21967800 JavaThread "jar transforms Thread 49" [_thread_blocked, id=13004, stack(0x000000c187100000,0x000000c187200000)]
  0x0000026e21968000 JavaThread "jar transforms Thread 50" [_thread_blocked, id=8992, stack(0x000000c187200000,0x000000c187300000)]
  0x0000026e21969000 JavaThread "jar transforms Thread 51" [_thread_blocked, id=5624, stack(0x000000c187300000,0x000000c187400000)]
  0x0000026e24fa4800 JavaThread "jar transforms Thread 52" [_thread_blocked, id=12072, stack(0x000000c187400000,0x000000c187500000)]
  0x0000026e24fa6000 JavaThread "jar transforms Thread 53" [_thread_blocked, id=11688, stack(0x000000c187500000,0x000000c187600000)]
  0x0000026e24fa7000 JavaThread "jar transforms Thread 54" [_thread_blocked, id=6308, stack(0x000000c187600000,0x000000c187700000)]
  0x0000026e24fa5000 JavaThread "jar transforms Thread 55" [_thread_blocked, id=10272, stack(0x000000c187700000,0x000000c187800000)]
  0x0000026e24fa1000 JavaThread "jar transforms Thread 56" [_thread_blocked, id=7220, stack(0x000000c187800000,0x000000c187900000)]
  0x0000026e24fa7800 JavaThread "jar transforms Thread 57" [_thread_blocked, id=14308, stack(0x000000c187900000,0x000000c187a00000)]
  0x0000026e24fa3800 JavaThread "jar transforms Thread 58" [_thread_blocked, id=11748, stack(0x000000c187a00000,0x000000c187b00000)]
  0x0000026e24fa2000 JavaThread "jar transforms Thread 59" [_thread_blocked, id=12520, stack(0x000000c187b00000,0x000000c187c00000)]
  0x0000026e24fa8800 JavaThread "jar transforms Thread 60" [_thread_blocked, id=3056, stack(0x000000c187c00000,0x000000c187d00000)]
  0x0000026e24fa3000 JavaThread "jar transforms Thread 61" [_thread_blocked, id=4188, stack(0x000000c187d00000,0x000000c187e00000)]
  0x0000026e24fac000 JavaThread "jar transforms Thread 62" [_thread_blocked, id=3900, stack(0x000000c187e00000,0x000000c187f00000)]
  0x0000026e24fa9800 JavaThread "jar transforms Thread 63" [_thread_blocked, id=8584, stack(0x000000c187f00000,0x000000c188000000)]
  0x0000026e24fad800 JavaThread "jar transforms Thread 64" [_thread_blocked, id=9792, stack(0x000000c188000000,0x000000c188100000)]
  0x0000026e24fae000 JavaThread "jar transforms Thread 65" [_thread_blocked, id=5364, stack(0x000000c188100000,0x000000c188200000)]
  0x0000026e24faf000 JavaThread "jar transforms Thread 66" [_thread_blocked, id=10588, stack(0x000000c188200000,0x000000c188300000)]
  0x0000026e24fb0000 JavaThread "jar transforms Thread 67" [_thread_blocked, id=11348, stack(0x000000c188300000,0x000000c188400000)]
  0x0000026e24fac800 JavaThread "jar transforms Thread 68" [_thread_blocked, id=8456, stack(0x000000c188400000,0x000000c188500000)]
  0x0000026e24faa000 JavaThread "jar transforms Thread 69" [_thread_blocked, id=14556, stack(0x000000c188500000,0x000000c188600000)]
  0x0000026e24fab000 JavaThread "jar transforms Thread 70" [_thread_blocked, id=15016, stack(0x000000c188600000,0x000000c188700000)]
  0x0000026e23df0000 JavaThread "jar transforms Thread 71" [_thread_blocked, id=9760, stack(0x000000c188700000,0x000000c188800000)]
  0x0000026e23dec000 JavaThread "jar transforms Thread 72" [_thread_blocked, id=7200, stack(0x000000c188800000,0x000000c188900000)]
  0x0000026e23df1000 JavaThread "jar transforms Thread 73" [_thread_blocked, id=6892, stack(0x000000c188900000,0x000000c188a00000)]
  0x0000026e23deb000 JavaThread "jar transforms Thread 74" [_thread_blocked, id=14508, stack(0x000000c188a00000,0x000000c188b00000)]
  0x0000026e23dee800 JavaThread "jar transforms Thread 75" [_thread_blocked, id=11176, stack(0x000000c188b00000,0x000000c188c00000)]
  0x0000026e23df2800 JavaThread "jar transforms Thread 76" [_thread_blocked, id=7336, stack(0x000000c188c00000,0x000000c188d00000)]
  0x0000026e23ded000 JavaThread "jar transforms Thread 77" [_thread_blocked, id=14160, stack(0x000000c188d00000,0x000000c188e00000)]
  0x0000026e23def800 JavaThread "jar transforms Thread 78" [_thread_blocked, id=10292, stack(0x000000c188e00000,0x000000c188f00000)]
  0x0000026e23df2000 JavaThread "jar transforms Thread 79" [_thread_blocked, id=6688, stack(0x000000c188f00000,0x000000c189000000)]
  0x0000026e23df3800 JavaThread "jar transforms Thread 80" [_thread_blocked, id=14408, stack(0x000000c189000000,0x000000c189100000)]
  0x0000026e23ded800 JavaThread "jar transforms Thread 81" [_thread_blocked, id=3232, stack(0x000000c189100000,0x000000c189200000)]
  0x0000026e23df9000 JavaThread "jar transforms Thread 82" [_thread_blocked, id=11132, stack(0x000000c189200000,0x000000c189300000)]
  0x0000026e23df6800 JavaThread "jar transforms Thread 83" [_thread_blocked, id=14688, stack(0x000000c189300000,0x000000c189400000)]
  0x0000026e23df6000 JavaThread "jar transforms Thread 84" [_thread_blocked, id=14576, stack(0x000000c189400000,0x000000c189500000)]
  0x0000026e23df8800 JavaThread "jar transforms Thread 85" [_thread_blocked, id=15008, stack(0x000000c189500000,0x000000c189600000)]
  0x0000026e23dfa000 JavaThread "jar transforms Thread 86" [_thread_blocked, id=7672, stack(0x000000c189600000,0x000000c189700000)]
  0x0000026e23df4000 JavaThread "jar transforms Thread 87" [_thread_blocked, id=6656, stack(0x000000c189700000,0x000000c189800000)]
  0x0000026e23df5000 JavaThread "jar transforms Thread 88" [_thread_blocked, id=14768, stack(0x000000c189800000,0x000000c189900000)]
  0x0000026e23df7800 JavaThread "jar transforms Thread 89" [_thread_blocked, id=6448, stack(0x000000c189900000,0x000000c189a00000)]
  0x0000026e217e8800 JavaThread "jar transforms Thread 90" [_thread_blocked, id=10288, stack(0x000000c189a00000,0x000000c189b00000)]
  0x0000026e217ec000 JavaThread "jar transforms Thread 91" [_thread_blocked, id=9260, stack(0x000000c189b00000,0x000000c189c00000)]
  0x0000026e217e9800 JavaThread "jar transforms Thread 92" [_thread_blocked, id=10164, stack(0x000000c189c00000,0x000000c189d00000)]
  0x0000026e217ea800 JavaThread "jar transforms Thread 93" [_thread_blocked, id=812, stack(0x000000c189d00000,0x000000c189e00000)]
  0x0000026e217e8000 JavaThread "jar transforms Thread 94" [_thread_blocked, id=14668, stack(0x000000c189e00000,0x000000c189f00000)]
  0x0000026e217eb000 JavaThread "jar transforms Thread 95" [_thread_blocked, id=11284, stack(0x000000c189f00000,0x000000c18a000000)]
  0x0000026e217ed000 JavaThread "jar transforms Thread 96" [_thread_blocked, id=1304, stack(0x000000c18a000000,0x000000c18a100000)]
  0x0000026e217e7000 JavaThread "jar transforms Thread 97" [_thread_blocked, id=6324, stack(0x000000c18a100000,0x000000c18a200000)]
  0x0000026e217ef000 JavaThread "Memory manager" [_thread_blocked, id=13224, stack(0x000000c18a200000,0x000000c18a300000)]
  0x0000026e217f1000 JavaThread "build event listener" [_thread_blocked, id=13636, stack(0x000000c18a300000,0x000000c18a400000)]
  0x0000026e217ed800 JavaThread "build event listener" [_thread_blocked, id=9772, stack(0x000000c18a400000,0x000000c18a500000)]
  0x0000026e217f0000 JavaThread "Execution worker for ':'" [_thread_blocked, id=11564, stack(0x000000c18a500000,0x000000c18a600000)]
  0x0000026e217f1800 JavaThread "Execution worker for ':' Thread 2" [_thread_blocked, id=14708, stack(0x000000c18a600000,0x000000c18a700000)]
  0x0000026e217f2800 JavaThread "Execution worker for ':' Thread 3" [_thread_blocked, id=10296, stack(0x000000c18a700000,0x000000c18a800000)]
  0x0000026e217f4000 JavaThread "Cache worker for execution history cache (C:\Users\hp\AndroidStudioProjects\TapTap\.gradle\6.7.1\executionHistory)" [_thread_blocked, id=6276, stack(0x000000c18a800000,0x000000c18a900000)]
  0x0000026e217f3800 JavaThread "Cache worker for Java compile cache (C:\Users\hp\.gradle\caches\6.7.1\javaCompile)" [_thread_blocked, id=3512, stack(0x000000c18a900000,0x000000c18aa00000)]
  0x0000026e217ee800 JavaThread "Cache worker for Java compile cache (C:\Users\hp\AndroidStudioProjects\TapTap\.gradle\6.7.1\javaCompile)" [_thread_blocked, id=14636, stack(0x000000c18aa00000,0x000000c18ab00000)]
  0x0000026e217f5000 JavaThread "C2 CompilerThread1" daemon [_thread_blocked, id=12376, stack(0x000000c183900000,0x000000c183a00000)]
  0x0000026e217f5800 JavaThread "WorkerExecutor Queue" [_thread_blocked, id=6820, stack(0x000000c18ab00000,0x000000c18ac00000)]
  0x0000026e213b4000 JavaThread "WorkerExecutor Queue Thread 3" [_thread_blocked, id=9736, stack(0x000000c18ad00000,0x000000c18ae00000)]
  0x0000026e213b1000 JavaThread "WorkerExecutor Queue Thread 4" [_thread_blocked, id=14012, stack(0x000000c18ae00000,0x000000c18af00000)]
  0x0000026e213ae800 JavaThread "WorkerExecutor Queue Thread 6" [_thread_blocked, id=14512, stack(0x000000c18af00000,0x000000c18b000000)]
  0x0000026e213b3000 JavaThread "ForkJoinPool-1-worker-3" daemon [_thread_blocked, id=13576, stack(0x000000c18b000000,0x000000c18b100000)]
  0x0000026e213b1800 JavaThread "ForkJoinPool-1-worker-5" daemon [_thread_blocked, id=3748, stack(0x000000c18b100000,0x000000c18b200000)]
  0x0000026e213b5000 JavaThread "ForkJoinPool-1-worker-7" daemon [_thread_blocked, id=4468, stack(0x000000c18b200000,0x000000c18b300000)]
  0x0000026e213af000 JavaThread "ForkJoinPool-1-worker-1" daemon [_thread_blocked, id=4800, stack(0x000000c18b300000,0x000000c18b400000)]

Other Threads:
=>0x0000026e1e621000 VMThread "VM Thread" [stack: 0x000000c181800000,0x000000c181900000] [id=5256]
  0x0000026e1f101000 WatcherThread [stack: 0x000000c182200000,0x000000c182300000] [id=10636]
  0x0000026e04bd5800 GCTaskThread "GC Thread#0" [stack: 0x000000c181300000,0x000000c181400000] [id=924]
  0x0000026e1f504800 GCTaskThread "GC Thread#1" [stack: 0x000000c182400000,0x000000c182500000] [id=13536]
  0x0000026e1f44e800 GCTaskThread "GC Thread#2" [stack: 0x000000c182500000,0x000000c182600000] [id=1472]
  0x0000026e2000a800 GCTaskThread "GC Thread#3" [stack: 0x000000c183100000,0x000000c183200000] [id=13320]
  0x0000026e04c07800 ConcurrentGCThread "G1 Main Marker" [stack: 0x000000c181400000,0x000000c181500000] [id=3104]
  0x0000026e04c0a000 ConcurrentGCThread "G1 Conc#0" [stack: 0x000000c181500000,0x000000c181600000] [id=12864]
  0x0000026e1e470800 ConcurrentGCThread "G1 Refine#0" [stack: 0x000000c181600000,0x000000c181700000] [id=104]
  0x0000026e269c3800 ConcurrentGCThread "G1 Refine#1" [stack: 0x000000c18b400000,0x000000c18b500000] [id=15156]
  0x0000026e269c0000 ConcurrentGCThread "G1 Refine#2" [stack: 0x000000c18b500000,0x000000c18b600000] [id=15260]
  0x0000026e269c1000 ConcurrentGCThread "G1 Refine#3" [stack: 0x000000c18b600000,0x000000c18b700000] [id=15096]
  0x0000026e1e471800 ConcurrentGCThread "G1 Young RemSet Sampling" [stack: 0x000000c181700000,0x000000c181800000] [id=11776]

Threads with active compile tasks:
C2 CompilerThread0  25895 11712       4       com.android.tools.r8.graph.g0::a (48 bytes)
C2 CompilerThread1  25895 11787 %     4       java.util.TimSort::mergeHi @ 191 (732 bytes)

VM state:at safepoint (normal execution)

VM Mutex/Monitor currently owned by a thread:  ([mutex/lock_event])
[0x0000026e04bb9f20] Threads_lock - owner thread: 0x0000026e1e621000
[0x0000026e04bbb240] Heap_lock - owner thread: 0x0000026e213af000

Heap address: 0x0000000080000000, size: 2048 MB, Compressed Oops mode: 32-bit
Narrow klass base: 0x0000000000000000, Narrow klass shift: 3
Compressed class space size: 1073741824 Address: 0x0000000100000000

Heap:
 garbage-first heap   total 273408K, used 139377K [0x0000000080000000, 0x0000000100000000)
  region size 1024K, 6 young (6144K), 6 survivors (6144K)
 Metaspace       used 96322K, capacity 98726K, committed 99660K, reserved 1134592K
  class space    used 12623K, capacity 13554K, committed 13900K, reserved 1048576K
Heap Regions: E=young(eden), S=young(survivor), O=old, HS=humongous(starts), HC=humongous(continues), CS=collection set, F=free, A=archive, TAMS=top-at-mark-start (previous, next)
|   0|0x0000000080000000, 0x0000000080100000, 0x0000000080100000|100%| O|  |TAMS 0x0000000080100000, 0x0000000080100000| Untracked 
|   1|0x0000000080100000, 0x0000000080200000, 0x0000000080200000|100%| O|  |TAMS 0x0000000080200000, 0x0000000080200000| Untracked 
|   2|0x0000000080200000, 0x0000000080300000, 0x0000000080300000|100%| O|  |TAMS 0x0000000080300000, 0x0000000080300000| Untracked 
|   3|0x0000000080300000, 0x0000000080400000, 0x0000000080400000|100%|HS|  |TAMS 0x0000000080400000, 0x0000000080400000| Complete 
|   4|0x0000000080400000, 0x0000000080500000, 0x0000000080500000|100%|HC|  |TAMS 0x0000000080500000, 0x0000000080500000| Complete 
|   5|0x0000000080500000, 0x0000000080600000, 0x0000000080600000|100%|HC|  |TAMS 0x0000000080600000, 0x0000000080600000| Complete 
|   6|0x0000000080600000, 0x0000000080700000, 0x0000000080700000|100%| O|  |TAMS 0x0000000080700000, 0x0000000080700000| Untracked 
|   7|0x0000000080700000, 0x0000000080800000, 0x0000000080800000|100%| O|  |TAMS 0x0000000080800000, 0x0000000080800000| Untracked 
|   8|0x0000000080800000, 0x0000000080900000, 0x0000000080900000|100%| O|  |TAMS 0x0000000080900000, 0x0000000080900000| Untracked 
|   9|0x0000000080900000, 0x0000000080a00000, 0x0000000080a00000|100%| O|  |TAMS 0x0000000080a00000, 0x0000000080a00000| Untracked 
|  10|0x0000000080a00000, 0x0000000080b00000, 0x0000000080b00000|100%| O|  |TAMS 0x0000000080b00000, 0x0000000080b00000| Untracked 
|  11|0x0000000080b00000, 0x0000000080c00000, 0x0000000080c00000|100%| O|  |TAMS 0x0000000080c00000, 0x0000000080c00000| Untracked 
|  12|0x0000000080c00000, 0x0000000080d00000, 0x0000000080d00000|100%| O|  |TAMS 0x0000000080d00000, 0x0000000080d00000| Untracked 
|  13|0x0000000080d00000, 0x0000000080e00000, 0x0000000080e00000|100%| O|  |TAMS 0x0000000080e00000, 0x0000000080e00000| Untracked 
|  14|0x0000000080e00000, 0x0000000080f00000, 0x0000000080f00000|100%| O|  |TAMS 0x0000000080f00000, 0x0000000080f00000| Untracked 
|  15|0x0000000080f00000, 0x0000000081000000, 0x0000000081000000|100%| O|  |TAMS 0x0000000081000000, 0x0000000081000000| Untracked 
|  16|0x0000000081000000, 0x0000000081100000, 0x0000000081100000|100%|HS|  |TAMS 0x0000000081100000, 0x0000000081100000| Complete 
|  17|0x0000000081100000, 0x0000000081200000, 0x0000000081200000|100%|HS|  |TAMS 0x0000000081200000, 0x0000000081200000| Complete 
|  18|0x0000000081200000, 0x0000000081300000, 0x0000000081300000|100%|HC|  |TAMS 0x0000000081300000, 0x0000000081300000| Complete 
|  19|0x0000000081300000, 0x0000000081400000, 0x0000000081400000|100%| O|  |TAMS 0x0000000081400000, 0x0000000081400000| Untracked 
|  20|0x0000000081400000, 0x0000000081500000, 0x0000000081500000|100%| O|  |TAMS 0x0000000081500000, 0x0000000081500000| Untracked 
|  21|0x0000000081500000, 0x0000000081600000, 0x0000000081600000|100%| O|  |TAMS 0x0000000081600000, 0x0000000081600000| Untracked 
|  22|0x0000000081600000, 0x0000000081700000, 0x0000000081700000|100%| O|  |TAMS 0x0000000081700000, 0x0000000081700000| Untracked 
|  23|0x0000000081700000, 0x0000000081800000, 0x0000000081800000|100%| O|  |TAMS 0x0000000081800000, 0x0000000081800000| Untracked 
|  24|0x0000000081800000, 0x0000000081900000, 0x0000000081900000|100%| O|  |TAMS 0x0000000081900000, 0x0000000081900000| Untracked 
|  25|0x0000000081900000, 0x0000000081a00000, 0x0000000081a00000|100%| O|  |TAMS 0x0000000081a00000, 0x0000000081a00000| Untracked 
|  26|0x0000000081a00000, 0x0000000081b00000, 0x0000000081b00000|100%| O|  |TAMS 0x0000000081b00000, 0x0000000081b00000| Untracked 
|  27|0x0000000081b00000, 0x0000000081c00000, 0x0000000081c00000|100%| O|  |TAMS 0x0000000081c00000, 0x0000000081c00000| Untracked 
|  28|0x0000000081c00000, 0x0000000081d00000, 0x0000000081d00000|100%| O|  |TAMS 0x0000000081d00000, 0x0000000081d00000| Untracked 
|  29|0x0000000081d00000, 0x0000000081e00000, 0x0000000081e00000|100%| O|  |TAMS 0x0000000081e00000, 0x0000000081e00000| Untracked 
|  30|0x0000000081e00000, 0x0000000081f00000, 0x0000000081f00000|100%| O|  |TAMS 0x0000000081f00000, 0x0000000081f00000| Untracked 
|  31|0x0000000081f00000, 0x0000000082000000, 0x0000000082000000|100%| O|  |TAMS 0x0000000082000000, 0x0000000082000000| Untracked 
|  32|0x0000000082000000, 0x0000000082100000, 0x0000000082100000|100%| O|  |TAMS 0x0000000082100000, 0x0000000082100000| Untracked 
|  33|0x0000000082100000, 0x0000000082200000, 0x0000000082200000|100%| O|  |TAMS 0x0000000082200000, 0x0000000082200000| Untracked 
|  34|0x0000000082200000, 0x0000000082300000, 0x0000000082300000|100%| O|  |TAMS 0x0000000082300000, 0x0000000082300000| Untracked 
|  35|0x0000000082300000, 0x0000000082400000, 0x0000000082400000|100%| O|  |TAMS 0x0000000082400000, 0x0000000082400000| Untracked 
|  36|0x0000000082400000, 0x0000000082500000, 0x0000000082500000|100%| O|  |TAMS 0x0000000082500000, 0x0000000082500000| Untracked 
|  37|0x0000000082500000, 0x0000000082600000, 0x0000000082600000|100%| O|  |TAMS 0x0000000082600000, 0x0000000082600000| Untracked 
|  38|0x0000000082600000, 0x0000000082700000, 0x0000000082700000|100%| O|  |TAMS 0x0000000082700000, 0x0000000082700000| Untracked 
|  39|0x0000000082700000, 0x0000000082800000, 0x0000000082800000|100%| O|  |TAMS 0x0000000082800000, 0x0000000082800000| Untracked 
|  40|0x0000000082800000, 0x0000000082900000, 0x0000000082900000|100%| O|  |TAMS 0x0000000082900000, 0x0000000082900000| Untracked 
|  41|0x0000000082900000, 0x0000000082a00000, 0x0000000082a00000|100%| O|  |TAMS 0x0000000082a00000, 0x0000000082a00000| Untracked 
|  42|0x0000000082a00000, 0x0000000082b00000, 0x0000000082b00000|100%| O|  |TAMS 0x0000000082b00000, 0x0000000082b00000| Untracked 
|  43|0x0000000082b00000, 0x0000000082c00000, 0x0000000082c00000|100%| O|  |TAMS 0x0000000082c00000, 0x0000000082c00000| Untracked 
|  44|0x0000000082c00000, 0x0000000082d00000, 0x0000000082d00000|100%| O|  |TAMS 0x0000000082d00000, 0x0000000082d00000| Untracked 
|  45|0x0000000082d00000, 0x0000000082e00000, 0x0000000082e00000|100%| O|  |TAMS 0x0000000082e00000, 0x0000000082e00000| Untracked 
|  46|0x0000000082e00000, 0x0000000082f00000, 0x0000000082f00000|100%| O|  |TAMS 0x0000000082f00000, 0x0000000082f00000| Untracked 
|  47|0x0000000082f00000, 0x0000000083000000, 0x0000000083000000|100%| O|  |TAMS 0x0000000083000000, 0x0000000083000000| Untracked 
|  48|0x0000000083000000, 0x0000000083100000, 0x0000000083100000|100%| O|  |TAMS 0x0000000083100000, 0x0000000083100000| Untracked 
|  49|0x0000000083100000, 0x0000000083200000, 0x0000000083200000|100%| O|  |TAMS 0x0000000083200000, 0x0000000083200000| Untracked 
|  50|0x0000000083200000, 0x0000000083300000, 0x0000000083300000|100%| O|  |TAMS 0x0000000083300000, 0x0000000083300000| Untracked 
|  51|0x0000000083300000, 0x0000000083400000, 0x0000000083400000|100%| O|  |TAMS 0x0000000083400000, 0x0000000083400000| Untracked 
|  52|0x0000000083400000, 0x0000000083500000, 0x0000000083500000|100%| O|  |TAMS 0x0000000083500000, 0x0000000083500000| Untracked 
|  53|0x0000000083500000, 0x0000000083600000, 0x0000000083600000|100%| O|  |TAMS 0x0000000083600000, 0x0000000083600000| Untracked 
|  54|0x0000000083600000, 0x0000000083700000, 0x0000000083700000|100%| O|  |TAMS 0x0000000083700000, 0x0000000083700000| Untracked 
|  55|0x0000000083700000, 0x0000000083800000, 0x0000000083800000|100%| O|  |TAMS 0x0000000083800000, 0x0000000083800000| Untracked 
|  56|0x0000000083800000, 0x0000000083900000, 0x0000000083900000|100%| O|  |TAMS 0x0000000083900000, 0x0000000083900000| Untracked 
|  57|0x0000000083900000, 0x0000000083a00000, 0x0000000083a00000|100%| O|  |TAMS 0x0000000083a00000, 0x0000000083a00000| Untracked 
|  58|0x0000000083a00000, 0x0000000083b00000, 0x0000000083b00000|100%| O|  |TAMS 0x0000000083b00000, 0x0000000083b00000| Untracked 
|  59|0x0000000083b00000, 0x0000000083c00000, 0x0000000083c00000|100%| O|  |TAMS 0x0000000083c00000, 0x0000000083c00000| Untracked 
|  60|0x0000000083c00000, 0x0000000083d00000, 0x0000000083d00000|100%| O|  |TAMS 0x0000000083d00000, 0x0000000083d00000| Untracked 
|  61|0x0000000083d00000, 0x0000000083e00000, 0x0000000083e00000|100%|HS|  |TAMS 0x0000000083e00000, 0x0000000083e00000| Complete 
|  62|0x0000000083e00000, 0x0000000083f00000, 0x0000000083f00000|100%|HC|  |TAMS 0x0000000083f00000, 0x0000000083f00000| Complete 
|  63|0x0000000083f00000, 0x0000000084000000, 0x0000000084000000|100%|HC|  |TAMS 0x0000000084000000, 0x0000000084000000| Complete 
|  64|0x0000000084000000, 0x0000000084100000, 0x0000000084100000|100%|HC|  |TAMS 0x0000000084100000, 0x0000000084100000| Complete 
|  65|0x0000000084100000, 0x0000000084200000, 0x0000000084200000|100%|HC|  |TAMS 0x0000000084200000, 0x0000000084200000| Complete 
|  66|0x0000000084200000, 0x0000000084300000, 0x0000000084300000|100%|HC|  |TAMS 0x0000000084300000, 0x0000000084300000| Complete 
|  67|0x0000000084300000, 0x0000000084400000, 0x0000000084400000|100%| O|  |TAMS 0x0000000084400000, 0x0000000084400000| Untracked 
|  68|0x0000000084400000, 0x0000000084500000, 0x0000000084500000|100%| O|  |TAMS 0x0000000084500000, 0x0000000084500000| Untracked 
|  69|0x0000000084500000, 0x0000000084600000, 0x0000000084600000|100%| O|  |TAMS 0x0000000084600000, 0x0000000084600000| Untracked 
|  70|0x0000000084600000, 0x0000000084700000, 0x0000000084700000|100%| O|  |TAMS 0x0000000084700000, 0x0000000084700000| Untracked 
|  71|0x0000000084700000, 0x0000000084800000, 0x0000000084800000|100%| O|  |TAMS 0x0000000084800000, 0x0000000084800000| Untracked 
|  72|0x0000000084800000, 0x0000000084900000, 0x0000000084900000|100%| O|  |TAMS 0x0000000084900000, 0x0000000084900000| Untracked 
|  73|0x0000000084900000, 0x0000000084a00000, 0x0000000084a00000|100%| O|  |TAMS 0x0000000084900000, 0x0000000084a00000| Untracked 
|  74|0x0000000084a00000, 0x0000000084b00000, 0x0000000084b00000|100%| O|  |TAMS 0x0000000084a00000, 0x0000000084b00000| Untracked 
|  75|0x0000000084b00000, 0x0000000084c00000, 0x0000000084c00000|100%| O|  |TAMS 0x0000000084b00000, 0x0000000084c00000| Untracked 
|  76|0x0000000084c00000, 0x0000000084d00000, 0x0000000084d00000|100%| O|  |TAMS 0x0000000084c00000, 0x0000000084d00000| Untracked 
|  77|0x0000000084d00000, 0x0000000084e00000, 0x0000000084e00000|100%| O|  |TAMS 0x0000000084d00000, 0x0000000084e00000| Untracked 
|  78|0x0000000084e00000, 0x0000000084f00000, 0x0000000084f00000|100%| O|  |TAMS 0x0000000084e00000, 0x0000000084f00000| Untracked 
|  79|0x0000000084f00000, 0x0000000085000000, 0x0000000085000000|100%| O|  |TAMS 0x0000000085000000, 0x0000000085000000| Untracked 
|  80|0x0000000085000000, 0x0000000085100000, 0x0000000085100000|100%| O|  |TAMS 0x0000000085100000, 0x0000000085100000| Untracked 
|  81|0x0000000085100000, 0x0000000085200000, 0x0000000085200000|100%| O|  |TAMS 0x0000000085200000, 0x0000000085200000| Untracked 
|  82|0x0000000085200000, 0x0000000085300000, 0x0000000085300000|100%| O|  |TAMS 0x0000000085300000, 0x0000000085300000| Untracked 
|  83|0x0000000085300000, 0x0000000085400000, 0x0000000085400000|100%| O|  |TAMS 0x0000000085400000, 0x0000000085400000| Untracked 
|  84|0x0000000085400000, 0x0000000085500000, 0x0000000085500000|100%| O|  |TAMS 0x0000000085500000, 0x0000000085500000| Untracked 
|  85|0x0000000085500000, 0x0000000085600000, 0x0000000085600000|100%| O|  |TAMS 0x0000000085600000, 0x0000000085600000| Untracked 
|  86|0x0000000085600000, 0x0000000085700000, 0x0000000085700000|100%| O|  |TAMS 0x0000000085700000, 0x0000000085700000| Untracked 
|  87|0x0000000085700000, 0x0000000085800000, 0x0000000085800000|100%| O|  |TAMS 0x0000000085800000, 0x0000000085800000| Untracked 
|  88|0x0000000085800000, 0x0000000085900000, 0x0000000085900000|100%| O|  |TAMS 0x0000000085900000, 0x0000000085900000| Untracked 
|  89|0x0000000085900000, 0x0000000085a00000, 0x0000000085a00000|100%| O|  |TAMS 0x0000000085a00000, 0x0000000085a00000| Untracked 
|  90|0x0000000085a00000, 0x0000000085b00000, 0x0000000085b00000|100%| O|  |TAMS 0x0000000085b00000, 0x0000000085b00000| Untracked 
|  91|0x0000000085b00000, 0x0000000085c00000, 0x0000000085c00000|100%| O|  |TAMS 0x0000000085c00000, 0x0000000085c00000| Untracked 
|  92|0x0000000085c00000, 0x0000000085d00000, 0x0000000085d00000|100%| O|  |TAMS 0x0000000085d00000, 0x0000000085d00000| Untracked 
|  93|0x0000000085d00000, 0x0000000085e00000, 0x0000000085e00000|100%| O|  |TAMS 0x0000000085e00000, 0x0000000085e00000| Untracked 
|  94|0x0000000085e00000, 0x0000000085f00000, 0x0000000085f00000|100%| O|  |TAMS 0x0000000085f00000, 0x0000000085f00000| Untracked 
|  95|0x0000000085f00000, 0x0000000086000000, 0x0000000086000000|100%| O|  |TAMS 0x0000000086000000, 0x0000000086000000| Untracked 
|  96|0x0000000086000000, 0x0000000086100000, 0x0000000086100000|100%| O|  |TAMS 0x0000000086100000, 0x0000000086100000| Untracked 
|  97|0x0000000086100000, 0x0000000086200000, 0x0000000086200000|100%| O|  |TAMS 0x0000000086200000, 0x0000000086200000| Untracked 
|  98|0x0000000086200000, 0x0000000086300000, 0x0000000086300000|100%| O|  |TAMS 0x0000000086300000, 0x0000000086300000| Untracked 
|  99|0x0000000086300000, 0x0000000086400000, 0x0000000086400000|100%| O|  |TAMS 0x0000000086400000, 0x0000000086400000| Untracked 
| 100|0x0000000086400000, 0x0000000086500000, 0x0000000086500000|100%| O|  |TAMS 0x0000000086500000, 0x0000000086500000| Untracked 
| 101|0x0000000086500000, 0x0000000086600000, 0x0000000086600000|100%| O|  |TAMS 0x0000000086600000, 0x0000000086600000| Untracked 
| 102|0x0000000086600000, 0x0000000086700000, 0x0000000086700000|100%| O|  |TAMS 0x0000000086700000, 0x0000000086700000| Untracked 
| 103|0x0000000086700000, 0x0000000086800000, 0x0000000086800000|100%| O|  |TAMS 0x0000000086800000, 0x0000000086800000| Untracked 
| 104|0x0000000086800000, 0x0000000086900000, 0x0000000086900000|100%| O|  |TAMS 0x0000000086900000, 0x0000000086900000| Untracked 
| 105|0x0000000086900000, 0x0000000086a00000, 0x0000000086a00000|100%| O|  |TAMS 0x0000000086a00000, 0x0000000086a00000| Untracked 
| 106|0x0000000086a00000, 0x0000000086b00000, 0x0000000086b00000|100%| O|  |TAMS 0x0000000086b00000, 0x0000000086b00000| Untracked 
| 107|0x0000000086b00000, 0x0000000086c00000, 0x0000000086c00000|100%| O|  |TAMS 0x0000000086c00000, 0x0000000086c00000| Untracked 
| 108|0x0000000086c00000, 0x0000000086d00000, 0x0000000086d00000|100%| O|  |TAMS 0x0000000086d00000, 0x0000000086d00000| Untracked 
| 109|0x0000000086d00000, 0x0000000086e00000, 0x0000000086e00000|100%| O|  |TAMS 0x0000000086e00000, 0x0000000086e00000| Untracked 
| 110|0x0000000086e00000, 0x0000000086f00000, 0x0000000086f00000|100%| O|  |TAMS 0x0000000086f00000, 0x0000000086f00000| Untracked 
| 111|0x0000000086f00000, 0x0000000087000000, 0x0000000087000000|100%| O|  |TAMS 0x0000000087000000, 0x0000000087000000| Untracked 
| 112|0x0000000087000000, 0x0000000087100000, 0x0000000087100000|100%| O|  |TAMS 0x0000000087100000, 0x0000000087100000| Untracked 
| 113|0x0000000087100000, 0x0000000087200000, 0x0000000087200000|100%| O|  |TAMS 0x0000000087200000, 0x0000000087200000| Untracked 
| 114|0x0000000087200000, 0x0000000087300000, 0x0000000087300000|100%| O|  |TAMS 0x0000000087300000, 0x0000000087300000| Untracked 
| 115|0x0000000087300000, 0x0000000087400000, 0x0000000087400000|100%| O|  |TAMS 0x0000000087400000, 0x0000000087400000| Untracked 
| 116|0x0000000087400000, 0x0000000087500000, 0x0000000087500000|100%| O|  |TAMS 0x0000000087500000, 0x0000000087500000| Untracked 
| 117|0x0000000087500000, 0x0000000087600000, 0x0000000087600000|100%| O|  |TAMS 0x0000000087600000, 0x0000000087600000| Untracked 
| 118|0x0000000087600000, 0x0000000087700000, 0x0000000087700000|100%| O|  |TAMS 0x0000000087700000, 0x0000000087700000| Untracked 
| 119|0x0000000087700000, 0x0000000087800000, 0x0000000087800000|100%| O|  |TAMS 0x0000000087800000, 0x0000000087800000| Untracked 
| 120|0x0000000087800000, 0x0000000087900000, 0x0000000087900000|100%| O|  |TAMS 0x0000000087900000, 0x0000000087900000| Untracked 
| 121|0x0000000087900000, 0x0000000087a00000, 0x0000000087a00000|100%| O|  |TAMS 0x0000000087a00000, 0x0000000087a00000| Untracked 
| 122|0x0000000087a00000, 0x0000000087b00000, 0x0000000087b00000|100%| O|  |TAMS 0x0000000087b00000, 0x0000000087b00000| Untracked 
| 123|0x0000000087b00000, 0x0000000087c00000, 0x0000000087c00000|100%| O|  |TAMS 0x0000000087c00000, 0x0000000087c00000| Untracked 
| 124|0x0000000087c00000, 0x0000000087d00000, 0x0000000087d00000|100%| O|  |TAMS 0x0000000087c80000, 0x0000000087d00000| Untracked 
| 125|0x0000000087d00000, 0x0000000087e00000, 0x0000000087e00000|100%|HS|  |TAMS 0x0000000087d00000, 0x0000000087e00000| Complete 
| 126|0x0000000087e00000, 0x0000000087f00000, 0x0000000087f00000|100%|HS|  |TAMS 0x0000000087e00000, 0x0000000087f00000| Complete 
| 127|0x0000000087f00000, 0x0000000088000000, 0x0000000088000000|100%|HS|  |TAMS 0x0000000087f00000, 0x0000000088000000| Complete 
| 128|0x0000000088000000, 0x0000000088100000, 0x0000000088100000|100%|HS|  |TAMS 0x0000000088000000, 0x0000000088100000| Complete 
| 129|0x0000000088100000, 0x0000000088200000, 0x0000000088200000|100%|HC|  |TAMS 0x0000000088100000, 0x0000000088200000| Complete 
| 130|0x0000000088200000, 0x0000000088280000, 0x0000000088300000| 50%| O|  |TAMS 0x0000000088200000, 0x0000000088280000| Untracked 
| 131|0x0000000088300000, 0x0000000088300000, 0x0000000088400000|  0%| F|  |TAMS 0x0000000088300000, 0x0000000088300000| Untracked 
| 132|0x0000000088400000, 0x0000000088400000, 0x0000000088500000|  0%| F|  |TAMS 0x0000000088400000, 0x0000000088400000| Untracked 
| 133|0x0000000088500000, 0x0000000088500000, 0x0000000088600000|  0%| F|  |TAMS 0x0000000088500000, 0x0000000088500000| Untracked 
| 134|0x0000000088600000, 0x0000000088600000, 0x0000000088700000|  0%| F|  |TAMS 0x0000000088600000, 0x0000000088600000| Untracked 
| 135|0x0000000088700000, 0x0000000088700000, 0x0000000088800000|  0%| F|  |TAMS 0x0000000088700000, 0x0000000088700000| Untracked 
| 136|0x0000000088800000, 0x0000000088800000, 0x0000000088900000|  0%| F|  |TAMS 0x0000000088800000, 0x0000000088800000| Untracked 
| 137|0x0000000088900000, 0x0000000088900000, 0x0000000088a00000|  0%| F|  |TAMS 0x0000000088900000, 0x0000000088900000| Untracked 
| 138|0x0000000088a00000, 0x0000000088a00000, 0x0000000088b00000|  0%| F|  |TAMS 0x0000000088a00000, 0x0000000088a00000| Untracked 
| 139|0x0000000088b00000, 0x0000000088b00000, 0x0000000088c00000|  0%| F|  |TAMS 0x0000000088b00000, 0x0000000088b00000| Untracked 
| 140|0x0000000088c00000, 0x0000000088c00000, 0x0000000088d00000|  0%| F|  |TAMS 0x0000000088c00000, 0x0000000088c00000| Untracked 
| 141|0x0000000088d00000, 0x0000000088d00000, 0x0000000088e00000|  0%| F|  |TAMS 0x0000000088d00000, 0x0000000088d00000| Untracked 
| 142|0x0000000088e00000, 0x0000000088e00000, 0x0000000088f00000|  0%| F|  |TAMS 0x0000000088e00000, 0x0000000088e00000| Untracked 
| 143|0x0000000088f00000, 0x0000000088f00000, 0x0000000089000000|  0%| F|  |TAMS 0x0000000088f00000, 0x0000000088f00000| Untracked 
| 144|0x0000000089000000, 0x0000000089000000, 0x0000000089100000|  0%| F|  |TAMS 0x0000000089000000, 0x0000000089000000| Untracked 
| 145|0x0000000089100000, 0x0000000089100000, 0x0000000089200000|  0%| F|  |TAMS 0x0000000089100000, 0x0000000089100000| Untracked 
| 146|0x0000000089200000, 0x0000000089200000, 0x0000000089300000|  0%| F|  |TAMS 0x0000000089200000, 0x0000000089200000| Untracked 
| 147|0x0000000089300000, 0x0000000089300000, 0x0000000089400000|  0%| F|  |TAMS 0x0000000089300000, 0x0000000089300000| Untracked 
| 148|0x0000000089400000, 0x0000000089400000, 0x0000000089500000|  0%| F|  |TAMS 0x0000000089400000, 0x0000000089400000| Untracked 
| 149|0x0000000089500000, 0x0000000089500000, 0x0000000089600000|  0%| F|  |TAMS 0x0000000089500000, 0x0000000089500000| Untracked 
| 150|0x0000000089600000, 0x0000000089600000, 0x0000000089700000|  0%| F|  |TAMS 0x0000000089600000, 0x0000000089600000| Untracked 
| 151|0x0000000089700000, 0x0000000089700000, 0x0000000089800000|  0%| F|  |TAMS 0x0000000089700000, 0x0000000089700000| Untracked 
| 152|0x0000000089800000, 0x0000000089800000, 0x0000000089900000|  0%| F|  |TAMS 0x0000000089800000, 0x0000000089800000| Untracked 
| 153|0x0000000089900000, 0x0000000089900000, 0x0000000089a00000|  0%| F|  |TAMS 0x0000000089900000, 0x0000000089900000| Untracked 
| 154|0x0000000089a00000, 0x0000000089a00000, 0x0000000089b00000|  0%| F|  |TAMS 0x0000000089a00000, 0x0000000089a00000| Untracked 
| 155|0x0000000089b00000, 0x0000000089b00000, 0x0000000089c00000|  0%| F|  |TAMS 0x0000000089b00000, 0x0000000089b00000| Untracked 
| 156|0x0000000089c00000, 0x0000000089c00000, 0x0000000089d00000|  0%| F|  |TAMS 0x0000000089c00000, 0x0000000089c00000| Untracked 
| 157|0x0000000089d00000, 0x0000000089d00000, 0x0000000089e00000|  0%| F|  |TAMS 0x0000000089d00000, 0x0000000089d00000| Untracked 
| 158|0x0000000089e00000, 0x0000000089e00000, 0x0000000089f00000|  0%| F|  |TAMS 0x0000000089e00000, 0x0000000089e00000| Untracked 
| 159|0x0000000089f00000, 0x0000000089f00000, 0x000000008a000000|  0%| F|  |TAMS 0x0000000089f00000, 0x0000000089f00000| Untracked 
| 160|0x000000008a000000, 0x000000008a000000, 0x000000008a100000|  0%| F|  |TAMS 0x000000008a000000, 0x000000008a000000| Untracked 
| 161|0x000000008a100000, 0x000000008a100000, 0x000000008a200000|  0%| F|  |TAMS 0x000000008a100000, 0x000000008a100000| Untracked 
| 162|0x000000008a200000, 0x000000008a200000, 0x000000008a300000|  0%| F|  |TAMS 0x000000008a200000, 0x000000008a200000| Untracked 
| 163|0x000000008a300000, 0x000000008a300000, 0x000000008a400000|  0%| F|  |TAMS 0x000000008a300000, 0x000000008a300000| Untracked 
| 164|0x000000008a400000, 0x000000008a400000, 0x000000008a500000|  0%| F|  |TAMS 0x000000008a400000, 0x000000008a400000| Untracked 
| 165|0x000000008a500000, 0x000000008a500000, 0x000000008a600000|  0%| F|  |TAMS 0x000000008a500000, 0x000000008a500000| Untracked 
| 166|0x000000008a600000, 0x000000008a600000, 0x000000008a700000|  0%| F|  |TAMS 0x000000008a600000, 0x000000008a600000| Untracked 
| 167|0x000000008a700000, 0x000000008a700000, 0x000000008a800000|  0%| F|  |TAMS 0x000000008a700000, 0x000000008a700000| Untracked 
| 168|0x000000008a800000, 0x000000008a800000, 0x000000008a900000|  0%| F|  |TAMS 0x000000008a800000, 0x000000008a800000| Untracked 
| 169|0x000000008a900000, 0x000000008a900000, 0x000000008aa00000|  0%| F|  |TAMS 0x000000008a900000, 0x000000008a900000| Untracked 
| 170|0x000000008aa00000, 0x000000008aa00000, 0x000000008ab00000|  0%| F|  |TAMS 0x000000008aa00000, 0x000000008aa00000| Untracked 
| 171|0x000000008ab00000, 0x000000008ab00000, 0x000000008ac00000|  0%| F|  |TAMS 0x000000008ab00000, 0x000000008ab00000| Untracked 
| 172|0x000000008ac00000, 0x000000008ac00000, 0x000000008ad00000|  0%| F|  |TAMS 0x000000008ac00000, 0x000000008ac00000| Untracked 
| 173|0x000000008ad00000, 0x000000008ad00000, 0x000000008ae00000|  0%| F|  |TAMS 0x000000008ad00000, 0x000000008ad00000| Untracked 
| 174|0x000000008ae00000, 0x000000008ae00000, 0x000000008af00000|  0%| F|  |TAMS 0x000000008ae00000, 0x000000008ae00000| Untracked 
| 175|0x000000008af00000, 0x000000008af00000, 0x000000008b000000|  0%| F|  |TAMS 0x000000008af00000, 0x000000008af00000| Untracked 
| 176|0x000000008b000000, 0x000000008b000000, 0x000000008b100000|  0%| F|  |TAMS 0x000000008b000000, 0x000000008b000000| Untracked 
| 177|0x000000008b100000, 0x000000008b100000, 0x000000008b200000|  0%| F|  |TAMS 0x000000008b100000, 0x000000008b100000| Untracked 
| 178|0x000000008b200000, 0x000000008b200000, 0x000000008b300000|  0%| F|  |TAMS 0x000000008b200000, 0x000000008b200000| Untracked 
| 179|0x000000008b300000, 0x000000008b300000, 0x000000008b400000|  0%| F|  |TAMS 0x000000008b300000, 0x000000008b300000| Untracked 
| 180|0x000000008b400000, 0x000000008b400000, 0x000000008b500000|  0%| F|  |TAMS 0x000000008b400000, 0x000000008b400000| Untracked 
| 181|0x000000008b500000, 0x000000008b500000, 0x000000008b600000|  0%| F|  |TAMS 0x000000008b500000, 0x000000008b500000| Untracked 
| 182|0x000000008b600000, 0x000000008b600000, 0x000000008b700000|  0%| F|  |TAMS 0x000000008b600000, 0x000000008b600000| Untracked 
| 183|0x000000008b700000, 0x000000008b700000, 0x000000008b800000|  0%| F|  |TAMS 0x000000008b700000, 0x000000008b700000| Untracked 
| 184|0x000000008b800000, 0x000000008b800000, 0x000000008b900000|  0%| F|  |TAMS 0x000000008b800000, 0x000000008b800000| Untracked 
| 185|0x000000008b900000, 0x000000008b900000, 0x000000008ba00000|  0%| F|  |TAMS 0x000000008b900000, 0x000000008b900000| Untracked 
| 186|0x000000008ba00000, 0x000000008ba00000, 0x000000008bb00000|  0%| F|  |TAMS 0x000000008ba00000, 0x000000008ba00000| Untracked 
| 187|0x000000008bb00000, 0x000000008bb00000, 0x000000008bc00000|  0%| F|  |TAMS 0x000000008bb00000, 0x000000008bb00000| Untracked 
| 188|0x000000008bc00000, 0x000000008bc00000, 0x000000008bd00000|  0%| F|  |TAMS 0x000000008bc00000, 0x000000008bc00000| Untracked 
| 189|0x000000008bd00000, 0x000000008bd00000, 0x000000008be00000|  0%| F|  |TAMS 0x000000008bd00000, 0x000000008bd00000| Untracked 
| 190|0x000000008be00000, 0x000000008be00000, 0x000000008bf00000|  0%| F|  |TAMS 0x000000008be00000, 0x000000008be00000| Untracked 
| 191|0x000000008bf00000, 0x000000008bf00000, 0x000000008c000000|  0%| F|  |TAMS 0x000000008bf00000, 0x000000008bf00000| Untracked 
| 192|0x000000008c000000, 0x000000008c09c588, 0x000000008c100000| 61%| S|CS|TAMS 0x000000008c000000, 0x000000008c000000| Complete 
| 193|0x000000008c100000, 0x000000008c200000, 0x000000008c200000|100%| S|CS|TAMS 0x000000008c100000, 0x000000008c100000| Complete 
| 194|0x000000008c200000, 0x000000008c300000, 0x000000008c300000|100%| S|CS|TAMS 0x000000008c200000, 0x000000008c200000| Complete 
| 195|0x000000008c300000, 0x000000008c400000, 0x000000008c400000|100%| S|CS|TAMS 0x000000008c300000, 0x000000008c300000| Complete 
| 196|0x000000008c400000, 0x000000008c500000, 0x000000008c500000|100%| S|CS|TAMS 0x000000008c400000, 0x000000008c400000| Complete 
| 197|0x000000008c500000, 0x000000008c600000, 0x000000008c600000|100%| S|CS|TAMS 0x000000008c500000, 0x000000008c500000| Complete 
| 198|0x000000008c600000, 0x000000008c600000, 0x000000008c700000|  0%| F|  |TAMS 0x000000008c600000, 0x000000008c600000| Untracked 
| 199|0x000000008c700000, 0x000000008c700000, 0x000000008c800000|  0%| F|  |TAMS 0x000000008c700000, 0x000000008c700000| Untracked 
| 200|0x000000008c800000, 0x000000008c800000, 0x000000008c900000|  0%| F|  |TAMS 0x000000008c800000, 0x000000008c800000| Untracked 
| 201|0x000000008c900000, 0x000000008c900000, 0x000000008ca00000|  0%| F|  |TAMS 0x000000008c900000, 0x000000008c900000| Untracked 
| 202|0x000000008ca00000, 0x000000008ca00000, 0x000000008cb00000|  0%| F|  |TAMS 0x000000008ca00000, 0x000000008ca00000| Untracked 
| 203|0x000000008cb00000, 0x000000008cb00000, 0x000000008cc00000|  0%| F|  |TAMS 0x000000008cb00000, 0x000000008cb00000| Untracked 
| 204|0x000000008cc00000, 0x000000008cc00000, 0x000000008cd00000|  0%| F|  |TAMS 0x000000008cc00000, 0x000000008cc00000| Untracked 
| 205|0x000000008cd00000, 0x000000008cd00000, 0x000000008ce00000|  0%| F|  |TAMS 0x000000008cd00000, 0x000000008cd00000| Untracked 
| 206|0x000000008ce00000, 0x000000008ce00000, 0x000000008cf00000|  0%| F|  |TAMS 0x000000008ce00000, 0x000000008ce00000| Untracked 
| 207|0x000000008cf00000, 0x000000008cf00000, 0x000000008d000000|  0%| F|  |TAMS 0x000000008cf00000, 0x000000008cf00000| Untracked 
| 208|0x000000008d000000, 0x000000008d000000, 0x000000008d100000|  0%| F|  |TAMS 0x000000008d000000, 0x000000008d000000| Untracked 
| 209|0x000000008d100000, 0x000000008d100000, 0x000000008d200000|  0%| F|  |TAMS 0x000000008d100000, 0x000000008d100000| Untracked 
| 210|0x000000008d200000, 0x000000008d200000, 0x000000008d300000|  0%| F|  |TAMS 0x000000008d200000, 0x000000008d200000| Untracked 
| 211|0x000000008d300000, 0x000000008d300000, 0x000000008d400000|  0%| F|  |TAMS 0x000000008d300000, 0x000000008d300000| Untracked 
| 212|0x000000008d400000, 0x000000008d400000, 0x000000008d500000|  0%| F|  |TAMS 0x000000008d400000, 0x000000008d400000| Untracked 
| 213|0x000000008d500000, 0x000000008d500000, 0x000000008d600000|  0%| F|  |TAMS 0x000000008d500000, 0x000000008d500000| Untracked 
| 214|0x000000008d600000, 0x000000008d600000, 0x000000008d700000|  0%| F|  |TAMS 0x000000008d600000, 0x000000008d600000| Untracked 
| 215|0x000000008d700000, 0x000000008d700000, 0x000000008d800000|  0%| F|  |TAMS 0x000000008d700000, 0x000000008d700000| Untracked 
| 216|0x000000008d800000, 0x000000008d800000, 0x000000008d900000|  0%| F|  |TAMS 0x000000008d800000, 0x000000008d800000| Untracked 
| 217|0x000000008d900000, 0x000000008d900000, 0x000000008da00000|  0%| F|  |TAMS 0x000000008d900000, 0x000000008d900000| Untracked 
| 218|0x000000008da00000, 0x000000008da00000, 0x000000008db00000|  0%| F|  |TAMS 0x000000008da00000, 0x000000008da00000| Untracked 
| 219|0x000000008db00000, 0x000000008db00000, 0x000000008dc00000|  0%| F|  |TAMS 0x000000008db00000, 0x000000008db00000| Untracked 
| 220|0x000000008dc00000, 0x000000008dc00000, 0x000000008dd00000|  0%| F|  |TAMS 0x000000008dc00000, 0x000000008dc00000| Untracked 
| 221|0x000000008dd00000, 0x000000008dd00000, 0x000000008de00000|  0%| F|  |TAMS 0x000000008dd00000, 0x000000008dd00000| Untracked 

Card table byte_map: [0x0000026e17930000,0x0000026e17d30000] _byte_map_base: 0x0000026e17530000

Marking Bits (Prev, Next): (CMBitMap*) 0x0000026e04bfe868, (CMBitMap*) 0x0000026e04bfe8a0
 Prev Bits: [0x0000026e18130000, 0x0000026e1a130000)
 Next Bits: [0x0000026e1a130000, 0x0000026e1c130000)

Polling page: 0x0000026e02af0000

Metaspace:

Usage:
  Non-class:     83.18 MB capacity,    81.74 MB ( 98%) used,     1.16 MB (  1%) free+waste,   285.88 KB ( <1%) overhead. 
      Class:     13.24 MB capacity,    12.33 MB ( 93%) used,   797.70 KB (  6%) free+waste,   132.44 KB ( <1%) overhead. 
       Both:     96.41 MB capacity,    94.07 MB ( 98%) used,     1.94 MB (  2%) free+waste,   418.31 KB ( <1%) overhead. 

Virtual space:
  Non-class space:       84.00 MB reserved,      83.75 MB (>99%) committed 
      Class space:        1.00 GB reserved,      13.57 MB (  1%) committed 
             Both:        1.08 GB reserved,      97.32 MB (  9%) committed 

Chunk freelists:
   Non-Class:  524.00 KB
       Class:  334.00 KB
        Both:  858.00 KB

MaxMetaspaceSize: 17179869184.00 GB
CompressedClassSpaceSize: 1.00 GB

CodeHeap 'non-profiled nmethods': size=120064Kb used=6193Kb max_used=6240Kb free=113870Kb
 bounds [0x0000026e0fff0000, 0x0000026e10630000, 0x0000026e17530000]
CodeHeap 'profiled nmethods': size=120000Kb used=23568Kb max_used=23568Kb free=96431Kb
 bounds [0x0000026e08ac0000, 0x0000026e0a1f0000, 0x0000026e0fff0000]
CodeHeap 'non-nmethods': size=5696Kb used=2279Kb max_used=2345Kb free=3416Kb
 bounds [0x0000026e08530000, 0x0000026e087a0000, 0x0000026e08ac0000]
 total_blobs=11905 nmethods=11023 adapters=793
 compilation: enabled
              stopped_count=0, restarted_count=0
 full_count=0

Compilation events (20 events):
Event: 25.702 Thread 0x0000026e1e65b000 11778       2       com.android.tools.r8.graph.l0::a (52 bytes)
Event: 25.703 Thread 0x0000026e1e65b000 nmethod 11778 0x0000026e090ffd10 code [0x0000026e090fff20, 0x0000026e091001c8]
Event: 25.703 Thread 0x0000026e1e65b000 11779       2       com.android.tools.r8.graph.l0::a (10 bytes)
Event: 25.703 Thread 0x0000026e1e65b000 nmethod 11779 0x0000026e090e8a90 code [0x0000026e090e8c40, 0x0000026e090e8d88]
Event: 25.707 Thread 0x0000026e1e65b000 11781       2       java.util.TimSort::pushRun (31 bytes)
Event: 25.707 Thread 0x0000026e1e65b000 nmethod 11781 0x0000026e09109f10 code [0x0000026e0910a0c0, 0x0000026e0910a218]
Event: 25.740 Thread 0x0000026e217f5000 nmethod 11726 0x0000026e100f1f90 code [0x0000026e100f21a0, 0x0000026e100f3268]
Event: 25.740 Thread 0x0000026e217f5000 11729       4       com.android.tools.r8.naming.I$b::b (5 bytes)
Event: 25.740 Thread 0x0000026e217f5000 nmethod 11729 0x0000026e100d5810 code [0x0000026e100d59a0, 0x0000026e100d5a18]
Event: 25.740 Thread 0x0000026e217f5000 11773       4       com.android.tools.r8.graph.C1$$Lambda$1468/0x0000000100d34040::compare (16 bytes)
Event: 25.742 Thread 0x0000026e217f5000 nmethod 11773 0x0000026e100d5210 code [0x0000026e100d53c0, 0x0000026e100d5518]
Event: 25.742 Thread 0x0000026e217f5000 11733       4       com.android.tools.r8.graph.E::a (15 bytes)
Event: 25.758 Thread 0x0000026e217f5000 nmethod 11733 0x0000026e100f0d90 code [0x0000026e100f0f80, 0x0000026e100f15f0]
Event: 25.758 Thread 0x0000026e217f5000 11782 %     4       java.util.TimSort::mergeLo @ 153 (659 bytes)
Event: 25.758 Thread 0x0000026e1e65b000 11783       3       com.android.tools.r8.graph.l0::a (10 bytes)
Event: 25.758 Thread 0x0000026e1e65b000 nmethod 11783 0x0000026e0911fc10 code [0x0000026e0911fde0, 0x0000026e0911ffe8]
Event: 25.758 Thread 0x0000026e1e65b000 11784       3       com.android.tools.r8.graph.l0::a (52 bytes)
Event: 25.759 Thread 0x0000026e1e65b000 nmethod 11784 0x0000026e0911f110 code [0x0000026e0911f340, 0x0000026e0911f9a8]
Event: 25.793 Thread 0x0000026e217f5000 nmethod 11782% 0x0000026e10130210 code [0x0000026e10130400, 0x0000026e10131858]
Event: 25.793 Thread 0x0000026e217f5000 11787 %     4       java.util.TimSort::mergeHi @ 191 (732 bytes)

GC Heap History (20 events):
Event: 10.666 GC heap after
{Heap after GC invocations=12 (full 0):
 garbage-first heap   total 157696K, used 39822K [0x0000000080000000, 0x0000000100000000)
  region size 1024K, 4 young (4096K), 4 survivors (4096K)
 Metaspace       used 55020K, capacity 56364K, committed 56524K, reserved 1097728K
  class space    used 7019K, capacity 7498K, committed 7628K, reserved 1048576K
}
Event: 11.332 GC heap before
{Heap before GC invocations=12 (full 0):
 garbage-first heap   total 157696K, used 78734K [0x0000000080000000, 0x0000000100000000)
  region size 1024K, 42 young (43008K), 4 survivors (4096K)
 Metaspace       used 58816K, capacity 60147K, committed 60236K, reserved 1101824K
  class space    used 7442K, capacity 7937K, committed 8012K, reserved 1048576K
}
Event: 11.348 GC heap after
{Heap after GC invocations=13 (full 0):
 garbage-first heap   total 157696K, used 43389K [0x0000000080000000, 0x0000000100000000)
  region size 1024K, 8 young (8192K), 8 survivors (8192K)
 Metaspace       used 58816K, capacity 60147K, committed 60236K, reserved 1101824K
  class space    used 7442K, capacity 7937K, committed 8012K, reserved 1048576K
}
Event: 12.792 GC heap before
{Heap before GC invocations=14 (full 0):
 garbage-first heap   total 157696K, used 115069K [0x0000000080000000, 0x0000000100000000)
  region size 1024K, 78 young (79872K), 8 survivors (8192K)
 Metaspace       used 65073K, capacity 66569K, committed 66764K, reserved 1107968K
  class space    used 8469K, capacity 9042K, committed 9164K, reserved 1048576K
}
Event: 12.812 GC heap after
{Heap after GC invocations=15 (full 0):
 garbage-first heap   total 189440K, used 47867K [0x0000000080000000, 0x0000000100000000)
  region size 1024K, 9 young (9216K), 9 survivors (9216K)
 Metaspace       used 65073K, capacity 66569K, committed 66764K, reserved 1107968K
  class space    used 8469K, capacity 9042K, committed 9164K, reserved 1048576K
}
Event: 14.810 GC heap before
{Heap before GC invocations=15 (full 0):
 garbage-first heap   total 189440K, used 128763K [0x0000000080000000, 0x0000000100000000)
  region size 1024K, 89 young (91136K), 9 survivors (9216K)
 Metaspace       used 74265K, capacity 75994K, committed 76236K, reserved 1116160K
  class space    used 9719K, capacity 10333K, committed 10444K, reserved 1048576K
}
Event: 14.830 GC heap after
{Heap after GC invocations=16 (full 0):
 garbage-first heap   total 189440K, used 53620K [0x0000000080000000, 0x0000000100000000)
  region size 1024K, 11 young (11264K), 11 survivors (11264K)
 Metaspace       used 74265K, capacity 75994K, committed 76236K, reserved 1116160K
  class space    used 9719K, capacity 10333K, committed 10444K, reserved 1048576K
}
Event: 16.798 GC heap before
{Heap before GC invocations=16 (full 0):
 garbage-first heap   total 189440K, used 138612K [0x0000000080000000, 0x0000000100000000)
  region size 1024K, 95 young (97280K), 11 survivors (11264K)
 Metaspace       used 75629K, capacity 77511K, committed 77644K, reserved 1116160K
  class space    used 9811K, capacity 10468K, committed 10572K, reserved 1048576K
}
Event: 16.824 GC heap after
{Heap after GC invocations=17 (full 0):
 garbage-first heap   total 189440K, used 58409K [0x0000000080000000, 0x0000000100000000)
  region size 1024K, 11 young (11264K), 11 survivors (11264K)
 Metaspace       used 75629K, capacity 77511K, committed 77644K, reserved 1116160K
  class space    used 9811K, capacity 10468K, committed 10572K, reserved 1048576K
}
Event: 19.531 GC heap before
{Heap before GC invocations=17 (full 0):
 garbage-first heap   total 189440K, used 146473K [0x0000000080000000, 0x0000000100000000)
  region size 1024K, 96 young (98304K), 11 survivors (11264K)
 Metaspace       used 84825K, capacity 86780K, committed 86988K, reserved 1124352K
  class space    used 10990K, capacity 11718K, committed 11724K, reserved 1048576K
}
Event: 19.553 GC heap after
{Heap after GC invocations=18 (full 0):
 garbage-first heap   total 189440K, used 65221K [0x0000000080000000, 0x0000000100000000)
  region size 1024K, 10 young (10240K), 10 survivors (10240K)
 Metaspace       used 84825K, capacity 86780K, committed 86988K, reserved 1124352K
  class space    used 10990K, capacity 11718K, committed 11724K, reserved 1048576K
}
Event: 21.439 GC heap before
{Heap before GC invocations=18 (full 0):
 garbage-first heap   total 189440K, used 151237K [0x0000000080000000, 0x0000000100000000)
  region size 1024K, 93 young (95232K), 10 survivors (10240K)
 Metaspace       used 93440K, capacity 95923K, committed 96076K, reserved 1132544K
  class space    used 12342K, capacity 13334K, committed 13388K, reserved 1048576K
}
Event: 21.470 GC heap after
{Heap after GC invocations=19 (full 0):
 garbage-first heap   total 227328K, used 72625K [0x0000000080000000, 0x0000000100000000)
  region size 1024K, 12 young (12288K), 12 survivors (12288K)
 Metaspace       used 93440K, capacity 95923K, committed 96076K, reserved 1132544K
  class space    used 12342K, capacity 13334K, committed 13388K, reserved 1048576K
}
Event: 23.876 GC heap before
{Heap before GC invocations=19 (full 0):
 garbage-first heap   total 227328K, used 190385K [0x0000000080000000, 0x0000000100000000)
  region size 1024K, 110 young (112640K), 12 survivors (12288K)
 Metaspace       used 96462K, capacity 99186K, committed 99404K, reserved 1134592K
  class space    used 12799K, capacity 13876K, committed 13900K, reserved 1048576K
}
Event: 23.945 GC heap after
{Heap after GC invocations=20 (full 0):
 garbage-first heap   total 227328K, used 104162K [0x0000000080000000, 0x0000000100000000)
  region size 1024K, 14 young (14336K), 14 survivors (14336K)
 Metaspace       used 96462K, capacity 99186K, committed 99404K, reserved 1134592K
  class space    used 12799K, capacity 13876K, committed 13900K, reserved 1048576K
}
Event: 24.261 GC heap before
{Heap before GC invocations=20 (full 0):
 garbage-first heap   total 227328K, used 125666K [0x0000000080000000, 0x0000000100000000)
  region size 1024K, 36 young (36864K), 14 survivors (14336K)
 Metaspace       used 96524K, capacity 99253K, committed 99404K, reserved 1134592K
  class space    used 12799K, capacity 13876K, committed 13900K, reserved 1048576K
}
Event: 24.335 GC heap after
{Heap after GC invocations=21 (full 0):
 garbage-first heap   total 227328K, used 117760K [0x0000000080000000, 0x0000000100000000)
  region size 1024K, 5 young (5120K), 5 survivors (5120K)
 Metaspace       used 96524K, capacity 99253K, committed 99404K, reserved 1134592K
  class space    used 12799K, capacity 13876K, committed 13900K, reserved 1048576K
}
Event: 24.952 GC heap before
{Heap before GC invocations=21 (full 0):
 garbage-first heap   total 227328K, used 159744K [0x0000000080000000, 0x0000000100000000)
  region size 1024K, 47 young (48128K), 5 survivors (5120K)
 Metaspace       used 96814K, capacity 99566K, committed 99660K, reserved 1134592K
  class space    used 12808K, capacity 13884K, committed 13900K, reserved 1048576K
}
Event: 24.990 GC heap after
{Heap after GC invocations=22 (full 0):
 garbage-first heap   total 227328K, used 133632K [0x0000000080000000, 0x0000000100000000)
  region size 1024K, 6 young (6144K), 6 survivors (6144K)
 Metaspace       used 96814K, capacity 99566K, committed 99660K, reserved 1134592K
  class space    used 12808K, capacity 13884K, committed 13900K, reserved 1048576K
}
Event: 25.820 GC heap before
{Heap before GC invocations=23 (full 0):
 garbage-first heap   total 227328K, used 155136K [0x0000000080000000, 0x0000000100000000)
  region size 1024K, 30 young (30720K), 6 survivors (6144K)
 Metaspace       used 96322K, capacity 98726K, committed 99660K, reserved 1134592K
  class space    used 12623K, capacity 13554K, committed 13900K, reserved 1048576K
}

Deoptimization events (20 events):
Event: 25.351 Thread 0x0000026e213b4000 DEOPT PACKING pc=0x0000026e09a62099 sp=0x000000c18adfda10
Event: 25.351 Thread 0x0000026e213b4000 DEOPT UNPACKING pc=0x0000026e085572ce sp=0x000000c18adfced8 mode 0
Event: 25.522 Thread 0x0000026e213b4000 DEOPT PACKING pc=0x0000026e097a866b sp=0x000000c18adfdc60
Event: 25.522 Thread 0x0000026e213b4000 DEOPT UNPACKING pc=0x0000026e085572ce sp=0x000000c18adfd138 mode 0
Event: 25.583 Thread 0x0000026e217ef000 Uncommon trap: trap_request=0xffffffde fr.pc=0x0000026e104b8f44 relative=0x0000000000000184
Event: 25.599 Thread 0x0000026e217ef000 Uncommon trap: reason=class_check action=maybe_recompile pc=0x0000026e104b8f44 method=java.util.concurrent.locks.ReentrantReadWriteLock$Sync.tryAcquireShared(I)I @ 33 c2
Event: 25.600 Thread 0x0000026e217ef000 DEOPT PACKING pc=0x0000026e104b8f44 sp=0x000000c18a2fe9d0
Event: 25.600 Thread 0x0000026e217ef000 DEOPT UNPACKING pc=0x0000026e085574af sp=0x000000c18a2fe970 mode 2
Event: 25.600 Thread 0x0000026e217ef000 Uncommon trap: trap_request=0xffffffde fr.pc=0x0000026e104b8f44 relative=0x0000000000000184
Event: 25.600 Thread 0x0000026e217ef000 Uncommon trap: reason=class_check action=maybe_recompile pc=0x0000026e104b8f44 method=java.util.concurrent.locks.ReentrantReadWriteLock$Sync.tryAcquireShared(I)I @ 33 c2
Event: 25.600 Thread 0x0000026e217ef000 DEOPT PACKING pc=0x0000026e104b8f44 sp=0x000000c18a2fe9d0
Event: 25.600 Thread 0x0000026e217ef000 DEOPT UNPACKING pc=0x0000026e085574af sp=0x000000c18a2fe970 mode 2
Event: 25.600 Thread 0x0000026e213af000 DEOPT PACKING pc=0x0000026e0908102d sp=0x000000c18b3fe220
Event: 25.600 Thread 0x0000026e213af000 DEOPT UNPACKING pc=0x0000026e085572ce sp=0x000000c18b3fd6c0 mode 0
Event: 25.613 Thread 0x0000026e213af000 DEOPT PACKING pc=0x0000026e091b80bc sp=0x000000c18b3fe3f0
Event: 25.613 Thread 0x0000026e213af000 DEOPT UNPACKING pc=0x0000026e085572ce sp=0x000000c18b3fd908 mode 0
Event: 25.795 Thread 0x0000026e213af000 DEOPT PACKING pc=0x0000026e08f6e348 sp=0x000000c18b3fe750
Event: 25.795 Thread 0x0000026e213af000 DEOPT UNPACKING pc=0x0000026e085572ce sp=0x000000c18b3fdc38 mode 0
Event: 25.798 Thread 0x0000026e213af000 DEOPT PACKING pc=0x0000026e08f6e348 sp=0x000000c18b3fe750
Event: 25.798 Thread 0x0000026e213af000 DEOPT UNPACKING pc=0x0000026e085572ce sp=0x000000c18b3fdc38 mode 0

Classes redefined (0 events):
No events

Internal exceptions (20 events):
Event: 21.122 Thread 0x0000026e213b2800 Exception <a 'java/lang/NoSuchMethodError'{0x000000008726e310}: 'void java.lang.invoke.DirectMethodHandle$Holder.invokeStaticInit(java.lang.Object, java.lang.Object, java.lang.Object, java.lang.Object, java.lang.Object)'> (0x000000008726e310) thrown at [./src/hotspot/share/interpreter/linkResolver.cpp, line 773]
Event: 21.146 Thread 0x0000026e217f5800 Exception <a 'java/lang/NoSuchMethodError'{0x000000008704ec70}: 'java.lang.Object java.lang.invoke.DirectMethodHandle$Holder.invokeStatic(java.lang.Object, int, java.lang.Object, java.lang.Object)'> (0x000000008704ec70) thrown at [./src/hotspot/share/interpreter/linkResolver.cpp, line 773]
Event: 21.146 Thread 0x0000026e213b2800 Exception <a 'java/lang/NoSuchMethodError'{0x000000008705c620}: 'java.lang.Object java.lang.invoke.DirectMethodHandle$Holder.invokeStatic(java.lang.Object, int, java.lang.Object, java.lang.Object)'> (0x000000008705c620) thrown at [./src/hotspot/share/interpreter/linkResolver.cpp, line 773]
Event: 21.165 Thread 0x0000026e213b2800 Exception <a 'java/lang/NoSuchMethodError'{0x0000000086f603c0}: 'void java.lang.invoke.DirectMethodHandle$Holder.invokeSpecial(java.lang.Object, java.lang.Object, int, java.lang.Object)'> (0x0000000086f603c0) thrown at [./src/hotspot/share/interpreter/linkResolver.cpp, line 773]
Event: 21.165 Thread 0x0000026e217f5800 Exception <a 'java/lang/NoSuchMethodError'{0x0000000086f4ebd0}: 'void java.lang.invoke.DirectMethodHandle$Holder.invokeSpecial(java.lang.Object, java.lang.Object, int, java.lang.Object)'> (0x0000000086f4ebd0) thrown at [./src/hotspot/share/interpreter/linkResolver.cpp, line 773]
Event: 21.266 Thread 0x0000026e217f5800 Exception <a 'java/lang/NoSuchMethodError'{0x0000000086b0c6e8}: 'java.lang.Object java.lang.invoke.DirectMethodHandle$Holder.invokeVirtual(java.lang.Object, java.lang.Object, int, java.lang.Object)'> (0x0000000086b0c6e8) thrown at [./src/hotspot/share/interpreter/linkResolver.cpp, line 773]
Event: 21.266 Thread 0x0000026e213b2800 Exception <a 'java/lang/NoSuchMethodError'{0x0000000086b1b3c8}: 'java.lang.Object java.lang.invoke.DirectMethodHandle$Holder.invokeVirtual(java.lang.Object, java.lang.Object, int, java.lang.Object)'> (0x0000000086b1b3c8) thrown at [./src/hotspot/share/interpreter/linkResolver.cpp, line 773]
Event: 21.302 Thread 0x0000026e217f5800 Exception <a 'java/lang/NoSuchMethodError'{0x0000000086bd50b0}: 'void java.lang.invoke.DirectMethodHandle$Holder.invokeVirtual(java.lang.Object, java.lang.Object, int, java.lang.Object)'> (0x0000000086bd50b0) thrown at [./src/hotspot/share/interpreter/linkResolver.cpp, line 773]
Event: 21.302 Thread 0x0000026e213b2800 Exception <a 'java/lang/NoSuchMethodError'{0x0000000086a0ac30}: 'void java.lang.invoke.DirectMethodHandle$Holder.invokeVirtual(java.lang.Object, java.lang.Object, int, java.lang.Object)'> (0x0000000086a0ac30) thrown at [./src/hotspot/share/interpreter/linkResolver.cpp, line 773]
Event: 21.592 Thread 0x0000026e217f5800 Exception <a 'java/lang/NoSuchMethodError'{0x000000008d9e5af0}: 'java.lang.Object java.lang.invoke.DirectMethodHandle$Holder.invokeSpecial(java.lang.Object, java.lang.Object, java.lang.Object, java.lang.Object, java.lang.Object, java.lang.Object, java.lang.Object, java.lang.Object, java.lang.Object, java.lang.Object)'> (0x000000008d9e5af0) thrown at [./src/hotspot/share/interpreter/linkResolver.cpp, line 773]
Event: 21.592 Thread 0x0000026e213b2800 Exception <a 'java/lang/NoSuchMethodError'{0x000000008d81e030}: 'java.lang.Object java.lang.invoke.DirectMethodHandle$Holder.invokeSpecial(java.lang.Object, java.lang.Object, java.lang.Object, java.lang.Object, java.lang.Object, java.lang.Object, java.lang.Object, java.lang.Object, java.lang.Object, java.lang.Object)'> (0x000000008d81e030) thrown at [./src/hotspot/share/interpreter/linkResolver.cpp, line 773]
Event: 21.593 Thread 0x0000026e217f5800 Exception <a 'java/lang/NoSuchMethodError'{0x000000008d84a948}: 'java.lang.Object java.lang.invoke.Invokers$Holder.linkToTargetMethod(java.lang.Object, java.lang.Object, java.lang.Object, java.lang.Object, java.lang.Object, java.lang.Object, java.lang.Object, java.lang.Object, java.lang.Object)'> (0x000000008d84a948) thrown at [./src/hotspot/share/interpreter/linkResolver.cpp, line 773]
Event: 21.593 Thread 0x0000026e213b2800 Exception <a 'java/lang/NoSuchMethodError'{0x000000008d821cf0}: 'java.lang.Object java.lang.invoke.Invokers$Holder.linkToTargetMethod(java.lang.Object, java.lang.Object, java.lang.Object, java.lang.Object, java.lang.Object, java.lang.Object, java.lang.Object, java.lang.Object, java.lang.Object)'> (0x000000008d821cf0) thrown at [./src/hotspot/share/interpreter/linkResolver.cpp, line 773]
Event: 21.675 Thread 0x0000026e217f5800 Exception <a 'java/lang/NoSuchMethodError'{0x000000008d6ecca8}: 'void java.lang.invoke.DirectMethodHandle$Holder.invokeVirtual(java.lang.Object, java.lang.Object, int)'> (0x000000008d6ecca8) thrown at [./src/hotspot/share/interpreter/linkResolver.cpp, line 773]
Event: 21.675 Thread 0x0000026e213b2800 Exception <a 'java/lang/NoSuchMethodError'{0x000000008d644e38}: 'void java.lang.invoke.DirectMethodHandle$Holder.invokeVirtual(java.lang.Object, java.lang.Object, int)'> (0x000000008d644e38) thrown at [./src/hotspot/share/interpreter/linkResolver.cpp, line 773]
Event: 21.700 Thread 0x0000026e217f5800 Exception <a 'sun/nio/fs/WindowsException'{0x000000008d423538}> (0x000000008d423538) thrown at [./src/hotspot/share/prims/jni.cpp, line 615]
Event: 21.703 Thread 0x0000026e213b2800 Exception <a 'sun/nio/fs/WindowsException'{0x000000008d459da8}> (0x000000008d459da8) thrown at [./src/hotspot/share/prims/jni.cpp, line 615]
Event: 21.713 Thread 0x0000026e217f5800 Exception <a 'sun/nio/fs/WindowsException'{0x000000008d433bc0}> (0x000000008d433bc0) thrown at [./src/hotspot/share/prims/jni.cpp, line 615]
Event: 22.708 Thread 0x0000026e2095a000 Exception <a 'java/lang/NoSuchMethodError'{0x000000008b971900}: <clinit>> (0x000000008b971900) thrown at [./src/hotspot/share/prims/jni.cpp, line 1362]
Event: 22.918 Thread 0x0000026e213b4000 Exception <a 'sun/nio/fs/WindowsException'{0x000000008aeacad0}> (0x000000008aeacad0) thrown at [./src/hotspot/share/prims/jni.cpp, line 615]

Events (20 events):
Event: 24.629 loading class com/android/tools/r8/graph/v1
Event: 24.629 loading class com/android/tools/r8/graph/v1 done
Event: 24.630 loading class com/android/tools/r8/graph/e0
Event: 24.630 loading class com/android/tools/r8/graph/e0 done
Event: 24.630 loading class com/android/tools/r8/graph/v1
Event: 24.630 loading class com/android/tools/r8/graph/v1 done
Event: 24.746 loading class com/android/tools/r8/naming/b
Event: 24.746 loading class com/android/tools/r8/naming/b done
Event: 24.747 loading class com/android/tools/r8/graph/n0
Event: 24.747 loading class com/android/tools/r8/graph/n0 done
Event: 24.806 Executing VM operation: RevokeBias
Event: 24.806 Executing VM operation: RevokeBias done
Event: 24.806 Thread 0x0000026e213b2800 Thread exited: 0x0000026e213b2800
Event: 24.952 Executing VM operation: G1CollectForAllocation
Event: 24.990 Executing VM operation: G1CollectForAllocation done
Event: 25.407 Executing VM operation: CGC_Operation
Event: 25.436 Executing VM operation: CGC_Operation done
Event: 25.691 Executing VM operation: CGC_Operation
Event: 25.693 Executing VM operation: CGC_Operation done
Event: 25.819 Executing VM operation: G1CollectForAllocation


Dynamic libraries:
0x00007ff6b67a0000 - 0x00007ff6b67aa000 	C:\Program Files\Android\Android Studio\jre\bin\java.exe
0x00007ffd02ae0000 - 0x00007ffd02cd0000 	C:\Windows\SYSTEM32\ntdll.dll
0x00007ffd01690000 - 0x00007ffd01742000 	C:\Windows\System32\KERNEL32.DLL
0x00007ffcffd90000 - 0x00007ffd00035000 	C:\Windows\System32\KERNELBASE.dll
0x00007ffd00940000 - 0x00007ffd00a3a000 	C:\Windows\System32\ucrtbase.dll
0x00007ffceffc0000 - 0x00007ffceffd7000 	C:\Program Files\Android\Android Studio\jre\bin\VCRUNTIME140.dll
0x00007ffcef080000 - 0x00007ffcef099000 	C:\Program Files\Android\Android Studio\jre\bin\jli.dll
0x00007ffd02900000 - 0x00007ffd02a94000 	C:\Windows\System32\USER32.dll
0x00007ffcffa50000 - 0x00007ffcffa71000 	C:\Windows\System32\win32u.dll
0x00007ffcef6b0000 - 0x00007ffcef934000 	C:\Windows\WinSxS\amd64_microsoft.windows.common-controls_6595b64144ccf1df_6.0.18362.1256_none_9e7e379be45e40e2\COMCTL32.dll
0x00007ffd02540000 - 0x00007ffd02566000 	C:\Windows\System32\GDI32.dll
0x00007ffcffa80000 - 0x00007ffcffc16000 	C:\Windows\System32\gdi32full.dll
0x00007ffd01da0000 - 0x00007ffd01e3e000 	C:\Windows\System32\msvcrt.dll
0x00007ffd00a40000 - 0x00007ffd00ade000 	C:\Windows\System32\msvcp_win.dll
0x00007ffd01350000 - 0x00007ffd01686000 	C:\Windows\System32\combase.dll
0x00007ffd021e0000 - 0x00007ffd02300000 	C:\Windows\System32\RPCRT4.dll
0x00007ffcffd00000 - 0x00007ffcffd81000 	C:\Windows\System32\bcryptPrimitives.dll
0x00007ffd02300000 - 0x00007ffd0232e000 	C:\Windows\System32\IMM32.DLL
0x00007ffcce280000 - 0x00007ffcce31d000 	C:\Program Files\Android\Android Studio\jre\bin\msvcp140.dll
0x00007ffcc8120000 - 0x00007ffcc8bdc000 	C:\Program Files\Android\Android Studio\jre\bin\server\jvm.dll
0x00007ffd020c0000 - 0x00007ffd02163000 	C:\Windows\System32\ADVAPI32.dll
0x00007ffd02330000 - 0x00007ffd023c7000 	C:\Windows\System32\sechost.dll
0x00007ffd020b0000 - 0x00007ffd020b8000 	C:\Windows\System32\PSAPI.DLL
0x00007ffcdb390000 - 0x00007ffcdb399000 	C:\Windows\SYSTEM32\WSOCK32.dll
0x00007ffcfce30000 - 0x00007ffcfce54000 	C:\Windows\SYSTEM32\WINMM.dll
0x00007ffd02890000 - 0x00007ffd028ff000 	C:\Windows\System32\WS2_32.dll
0x00007ffcf21e0000 - 0x00007ffcf21ea000 	C:\Windows\SYSTEM32\VERSION.dll
0x00007ffcfce00000 - 0x00007ffcfce2d000 	C:\Windows\SYSTEM32\WINMMBASE.dll
0x00007ffcffcb0000 - 0x00007ffcffcfa000 	C:\Windows\System32\cfgmgr32.dll
0x00007ffcff990000 - 0x00007ffcff9a1000 	C:\Windows\System32\kernel.appcore.dll
0x00007ffcf8d90000 - 0x00007ffcf8da1000 	C:\Program Files\Android\Android Studio\jre\bin\verify.dll
0x00007ffcfe220000 - 0x00007ffcfe414000 	C:\Windows\SYSTEM32\DBGHELP.DLL
0x00007ffced830000 - 0x00007ffced85a000 	C:\Windows\SYSTEM32\dbgcore.DLL
0x00007ffcf8d60000 - 0x00007ffcf8d89000 	C:\Program Files\Android\Android Studio\jre\bin\java.dll
0x00007ffcfd0a0000 - 0x00007ffcfd0ab000 	C:\Program Files\Android\Android Studio\jre\bin\jimage.dll
0x00007ffcf0a90000 - 0x00007ffcf0aa8000 	C:\Program Files\Android\Android Studio\jre\bin\zip.dll
0x00007ffd00b90000 - 0x00007ffd01277000 	C:\Windows\System32\SHELL32.dll
0x00007ffd017d0000 - 0x00007ffd01879000 	C:\Windows\System32\shcore.dll
0x00007ffd00190000 - 0x00007ffd00911000 	C:\Windows\System32\windows.storage.dll
0x00007ffcff9d0000 - 0x00007ffcff9f3000 	C:\Windows\System32\profapi.dll
0x00007ffcffa00000 - 0x00007ffcffa4a000 	C:\Windows\System32\powrprof.dll
0x00007ffcff980000 - 0x00007ffcff990000 	C:\Windows\System32\UMPDC.dll
0x00007ffd02050000 - 0x00007ffd020a2000 	C:\Windows\System32\shlwapi.dll
0x00007ffd00920000 - 0x00007ffd00937000 	C:\Windows\System32\cryptsp.dll
0x00007ffcf0a70000 - 0x00007ffcf0a8a000 	C:\Program Files\Android\Android Studio\jre\bin\net.dll
0x00007ffcef990000 - 0x00007ffcefa80000 	C:\Windows\SYSTEM32\WINHTTP.dll
0x00007ffcff170000 - 0x00007ffcff1d7000 	C:\Windows\system32\mswsock.dll
0x00007ffcf0a50000 - 0x00007ffcf0a64000 	C:\Program Files\Android\Android Studio\jre\bin\nio.dll
0x00007ffce3460000 - 0x00007ffce3487000 	C:\Users\hp\.gradle\native\fdc75f09e3144964f2cf3f50f0aa648679c211496f362492102eb8c894070792\windows-amd64\native-platform.dll
0x00007ffcc9620000 - 0x00007ffcc97b6000 	C:\Users\hp\.gradle\native\12488b8bf47d2d4c9fbf2f6322a914ad602e24e48041cd04a747c6da556b65c4\windows-amd64\native-platform-file-events.dll
0x00007ffcfd100000 - 0x00007ffcfd10a000 	C:\Program Files\Android\Android Studio\jre\bin\management.dll
0x00007ffcfd0e0000 - 0x00007ffcfd0ec000 	C:\Program Files\Android\Android Studio\jre\bin\management_ext.dll
0x00007ffcfece0000 - 0x00007ffcfed13000 	C:\Windows\system32\rsaenh.dll
0x00007ffcffc20000 - 0x00007ffcffc46000 	C:\Windows\System32\bcrypt.dll
0x00007ffcff8a0000 - 0x00007ffcff8c5000 	C:\Windows\SYSTEM32\USERENV.dll
0x00007ffcff340000 - 0x00007ffcff34c000 	C:\Windows\SYSTEM32\CRYPTBASE.dll
0x00007ffcfee80000 - 0x00007ffcfeeba000 	C:\Windows\SYSTEM32\IPHLPAPI.DLL
0x00007ffd02810000 - 0x00007ffd02818000 	C:\Windows\System32\NSI.dll
0x00007ffcf1fe0000 - 0x00007ffcf1ff6000 	C:\Windows\SYSTEM32\dhcpcsvc6.DLL
0x00007ffcf2210000 - 0x00007ffcf222c000 	C:\Windows\SYSTEM32\dhcpcsvc.DLL
0x00007ffcfeed0000 - 0x00007ffcfef9b000 	C:\Windows\SYSTEM32\DNSAPI.dll
0x00007ffcf2270000 - 0x00007ffcf227b000 	C:\Windows\SYSTEM32\WINNSI.DLL

dbghelp: loaded successfully - version: 4.0.5 - missing functions: none
symbol engine: initialized successfully - sym options: 0x614 - pdb path: .;C:\Program Files\Android\Android Studio\jre\bin;C:\Windows\SYSTEM32;C:\Windows\WinSxS\amd64_microsoft.windows.common-controls_6595b64144ccf1df_6.0.18362.1256_none_9e7e379be45e40e2;C:\Program Files\Android\Android Studio\jre\bin\server;C:\Users\hp\.gradle\native\fdc75f09e3144964f2cf3f50f0aa648679c211496f362492102eb8c894070792\windows-amd64;C:\Users\hp\.gradle\native\12488b8bf47d2d4c9fbf2f6322a914ad602e24e48041cd04a747c6da556b65c4\windows-amd64

VM Arguments:
jvm_args: --add-opens=java.base/java.util=ALL-UNNAMED --add-opens=java.base/java.lang=ALL-UNNAMED --add-opens=java.base/java.lang.invoke=ALL-UNNAMED --add-opens=java.prefs/java.util.prefs=ALL-UNNAMED -Xmx2048m -Dfile.encoding=UTF-8 -Duser.country=GB -Duser.language=en -Duser.variant 
java_command: org.gradle.launcher.daemon.bootstrap.GradleDaemon 6.7.1
java_class_path (initial): C:\Users\hp\.gradle\wrapper\dists\gradle-6.7.1-bin\bwlcbys1h7rz3272sye1xwiv6\gradle-6.7.1\lib\gradle-launcher-6.7.1.jar
Launcher Type: SUN_STANDARD

[Global flags]
     intx CICompilerCount                          = 3                                         {product} {ergonomic}
     uint ConcGCThreads                            = 1                                         {product} {ergonomic}
     uint G1ConcRefinementThreads                  = 4                                         {product} {ergonomic}
   size_t G1HeapRegionSize                         = 1048576                                   {product} {ergonomic}
    uintx GCDrainStackTargetSize                   = 64                                        {product} {ergonomic}
   size_t InitialHeapSize                          = 134217728                                 {product} {ergonomic}
   size_t MarkStackSize                            = 4194304                                   {product} {ergonomic}
   size_t MaxHeapSize                              = 2147483648                                {product} {command line}
   size_t MaxNewSize                               = 1287651328                                {product} {ergonomic}
   size_t MinHeapDeltaBytes                        = 1048576                                   {product} {ergonomic}
    uintx NonNMethodCodeHeapSize                   = 5830732                                {pd product} {ergonomic}
    uintx NonProfiledCodeHeapSize                  = 122913754                              {pd product} {ergonomic}
    uintx ProfiledCodeHeapSize                     = 122913754                              {pd product} {ergonomic}
    uintx ReservedCodeCacheSize                    = 251658240                              {pd product} {ergonomic}
     bool SegmentedCodeCache                       = true                                      {product} {ergonomic}
     bool UseCompressedClassPointers               = true                                 {lp64_product} {ergonomic}
     bool UseCompressedOops                        = true                                 {lp64_product} {ergonomic}
     bool UseG1GC                                  = true                                      {product} {ergonomic}
     bool UseLargePagesIndividualAllocation        = false                                  {pd product} {ergonomic}

Logging:
Log output configuration:
 #0: stdout all=warning uptime,level,tags
 #1: stderr all=off uptime,level,tags

Environment Variables:
JAVA_HOME=C:\Program Files\Java\jdk-17.0.1
PATH=C:\Program Files\Common Files\Oracle\Java\javapath;C:\Python310\Scripts\;C:\Python310\;C:\ProgramData\Oracle\Java\javapath;C:\Windows\system32;C:\Windows;C:\Windows\System32\Wbem;C:\Windows\System32\WindowsPowerShell\v1.0\;C:\Windows\System32\OpenSSH\;C:\Program Files (x86)\dotnet\;C:\Program Files\Java\jdk-17\bin;C:\Program Files\Microsoft SQL Server\Client SDK\ODBC\110\Tools\Binn\;C:\Program Files\Microsoft SQL Server\Client SDK\ODBC\170\Tools\Binn\;C:\ProgramData\chocolatey\bin;C:\Program Files\Java\jdk-17.0.1\bin;C:\Program Files\Azure Data Studio\bin;C:\Program Files\Microsoft SQL Server\130\Tools\Binn\;C:\Program Files (x86)\Microsoft SQL Server\150\Tools\Binn\;C:\Program Files\Microsoft SQL Server\150\Tools\Binn\;C:\Program Files\Microsoft SQL Server\150\DTS\Binn\;C:\Users\hp\AppData\Local\Microsoft\WindowsApps;D:\Microsoft VS Code\bin;C:\Users\hp\.dotnet\tools;C:\Program Files\Azure Data Studio\bin;C:\Users\hp\AppData\Local\Android\Sdk\platform-tools;;C:\Users\hp\AppData\Local\Programs\Microsoft VS Code\bin
USERNAME=hp
OS=Windows_NT
PROCESSOR_IDENTIFIER=Intel64 Family 6 Model 142 Stepping 9, GenuineIntel



---------------  S Y S T E M  ---------------

OS: Windows 10 , 64 bit Build 18362 (10.0.18362.1110)
OS uptime: 0 days 3:20 hours

CPU:total 4 (initial active 4) (2 cores per cpu, 2 threads per core) family 6 model 142 stepping 9, cmov, cx8, fxsr, mmx, sse, sse2, sse3, ssse3, sse4.1, sse4.2, popcnt, avx, avx2, aes, clmul, erms, 3dnowpref, lzcnt, ht, tsc, tscinvbit, bmi1, bmi2, adx, fma

Memory: 4k page, system-wide physical 8078M (448M free)
TotalPageFile size 8078M (AvailPageFile size 3M)
current process WorkingSet (physical memory assigned to process): 486M, peak: 517M
current process commit charge ("private bytes"): 563M, peak: 563M

vm_info: OpenJDK 64-Bit Server VM (11.0.8+10-b944.6842174) for windows-amd64 JRE (11.0.8+10-b944.6842174), built on Sep 19 2020 01:11:42 by "builder" with MS VC++ 14.0 (VS2015)

END.
