#
# There is insufficient memory for the Java Runtime Environment to continue.
# Native memory allocation (mmap) failed to map 78643200 bytes for Failed to commit area from 0x000000008de00000 to 0x0000000092900000 of length 78643200.
# Possible reasons:
#   The system is out of physical RAM or swap space
#   The process is running with CompressedOops enabled, and the Java Heap may be blocking the growth of the native heap
# Possible solutions:
#   Reduce memory load on the system
#   Increase physical memory or swap space
#   Check if swap backing store is full
#   Decrease Java heap size (-Xmx/-Xms)
#   Decrease number of Java threads
#   Decrease Java thread stack sizes (-Xss)
#   Set larger code cache with -XX:ReservedCodeCacheSize=
#   JVM is running with Unscaled Compressed Oops mode in which the Java heap is
#     placed in the first 4GB address space. The Java Heap base address is the
#     maximum limit for the native heap growth. Please use -XX:HeapBaseMinAddress
#     to set the Java Heap base and to place the Java Heap above 4GB virtual address.
# This output file may be truncated or incomplete.
#
#  Out of Memory Error (./src/hotspot/os/windows/os_windows.cpp:3303), pid=12692, tid=1056
#
# JRE version: OpenJDK Runtime Environment (11.0.8+10) (build 11.0.8+10-b944.6842174)
# Java VM: OpenJDK 64-Bit Server VM (11.0.8+10-b944.6842174, mixed mode, tiered, compressed oops, g1 gc, windows-amd64)
# No core dump will be written. Minidumps are not enabled by default on client versions of Windows
#

---------------  S U M M A R Y ------------

Command Line: --add-opens=java.base/java.util=ALL-UNNAMED --add-opens=java.base/java.lang=ALL-UNNAMED --add-opens=java.base/java.lang.invoke=ALL-UNNAMED --add-opens=java.prefs/java.util.prefs=ALL-UNNAMED -Xmx2048m -Dfile.encoding=UTF-8 -Duser.country=GB -Duser.language=en -Duser.variant org.gradle.launcher.daemon.bootstrap.GradleDaemon 6.7.1

Host: Intel(R) Core(TM) i5-7200U CPU @ 2.50GHz, 4 cores, 7G,  Windows 10 , 64 bit Build 18362 (10.0.18362.1110)
Time: Thu Feb 24 00:17:27 2022 Morocco Summer Time elapsed time: 21 seconds (0d 0h 0m 21s)

---------------  T H R E A D  ---------------

Current thread (0x000001e731c1a800):  VMThread "VM Thread" [stack: 0x0000005e3b300000,0x0000005e3b400000] [id=1056]

Stack: [0x0000005e3b300000,0x0000005e3b400000]
[error occurred during error reporting (printing stack bounds), id 0xc0000005, EXCEPTION_ACCESS_VIOLATION (0xc0000005) at pc=0x000001e71bb30dad]

Native frames: (J=compiled Java code, j=interpreted, Vv=VM code, C=native code)
V  [jvm.dll+0x5de50a]
V  [jvm.dll+0x7122f5]
V  [jvm.dll+0x71384d]
V  [jvm.dll+0x713e65]
V  [jvm.dll+0x713e1b]
V  [jvm.dll+0x5dd958]
V  [jvm.dll+0x5de0f8]
C  [ntdll.dll+0xa184f]
C  [ntdll.dll+0x6a889]
C  [ntdll.dll+0xa04be]
C  0x000001e71bb30dad

VM_Operation (0x0000005e447fe400): G1CollectForAllocation, mode: safepoint, requested by thread 0x000001e732727000


---------------  P R O C E S S  ---------------

Threads class SMR info:
_java_thread_list=0x000001e7388c2a60, length=146, elements={
0x000001e7181c0000, 0x000001e731c21000, 0x000001e731c22800, 0x000001e731c26800,
0x000001e7325a2800, 0x000001e731c3c800, 0x000001e731c46800, 0x000001e731c4a800,
0x000001e7326e2800, 0x000001e7326fd000, 0x000001e733ee6000, 0x000001e73412e800,
0x000001e733d52800, 0x000001e7340eb800, 0x000001e73437b000, 0x000001e733464800,
0x000001e73342d000, 0x000001e733406000, 0x000001e733a96800, 0x000001e733aad800,
0x000001e73408a000, 0x000001e73408a800, 0x000001e73408c800, 0x000001e7338b2800,
0x000001e73408b800, 0x000001e73408d000, 0x000001e734088800, 0x000001e734087800,
0x000001e73408e000, 0x000001e734089000, 0x000001e736c7a000, 0x000001e736c79000,
0x000001e736c78000, 0x000001e736c7a800, 0x000001e736c7b800, 0x000001e736c7c800,
0x000001e736c7d000, 0x000001e736c77800, 0x000001e736c82000, 0x000001e736c83000,
0x000001e736c83800, 0x000001e736c7e000, 0x000001e736c84800, 0x000001e736c7e800,
0x000001e736c7f800, 0x000001e736c81000, 0x000001e736c85000, 0x000001e736c80800,
0x000001e736e67800, 0x000001e736e68000, 0x000001e736e64000, 0x000001e736e69000,
0x000001e736e63000, 0x000001e736e66800, 0x000001e736e69800, 0x000001e736e6a800,
0x000001e736e65000, 0x000001e736e6b800, 0x000001e736e65800, 0x000001e736e6c000,
0x000001e736e6d000, 0x000001e736e70800, 0x000001e736e71000, 0x000001e736e6e800,
0x000001e736e72000, 0x000001e736e6e000, 0x000001e736e6f800, 0x000001e7350d2000,
0x000001e7350d8800, 0x000001e7350d4800, 0x000001e7350d5800, 0x000001e7350d6000,
0x000001e7350d7000, 0x000001e7350d3000, 0x000001e7350d9800, 0x000001e7350d8000,
0x000001e7350d3800, 0x000001e7350dc800, 0x000001e7350dd800, 0x000001e7350de800,
0x000001e7350e0000, 0x000001e7350df000, 0x000001e7350da000, 0x000001e7350e1000,
0x000001e7350db000, 0x000001e7350dc000, 0x000001e734620000, 0x000001e73461f000,
0x000001e73461c800, 0x000001e73461c000, 0x000001e73461a000, 0x000001e734621000,
0x000001e73461d800, 0x000001e73461b000, 0x000001e734624000, 0x000001e73461e800,
0x000001e734626800, 0x000001e734623000, 0x000001e734627800, 0x000001e734625800,
0x000001e734622800, 0x000001e734625000, 0x000001e734621800, 0x000001e734628000,
0x000001e734629000, 0x000001e7351ef800, 0x000001e7351eb800, 0x000001e7351ee000,
0x000001e7351ea800, 0x000001e7351ed000, 0x000001e7351f0800, 0x000001e7351ee800,
0x000001e7351f1000, 0x000001e7351f2000, 0x000001e7351ec000, 0x000001e7351f3800,
0x000001e7351f6000, 0x000001e7351f3000, 0x000001e7351f7000, 0x000001e7351f9800,
0x000001e7351f5000, 0x000001e7351f4800, 0x000001e7351f7800, 0x000001e7351f8800,
0x000001e73271c000, 0x000001e732719000, 0x000001e732718000, 0x000001e73271a800,
0x000001e732719800, 0x000001e73271d000, 0x000001e73271e000, 0x000001e732721000,
0x000001e73271e800, 0x000001e73271b800, 0x000001e732722800, 0x000001e732722000,
0x000001e732723800, 0x000001e732724800, 0x000001e732725000, 0x000001e73271f800,
0x000001e732726000, 0x000001e732720000, 0x000001e732727000, 0x000001e736928000,
0x000001e73692b800, 0x000001e736926800
}

Java Threads: ( => current thread )
  0x000001e7181c0000 JavaThread "main" [_thread_blocked, id=7396, stack(0x0000005e3ad00000,0x0000005e3ae00000)]
  0x000001e731c21000 JavaThread "Reference Handler" daemon [_thread_blocked, id=5628, stack(0x0000005e3b400000,0x0000005e3b500000)]
  0x000001e731c22800 JavaThread "Finalizer" daemon [_thread_blocked, id=14960, stack(0x0000005e3b500000,0x0000005e3b600000)]
  0x000001e731c26800 JavaThread "Signal Dispatcher" daemon [_thread_blocked, id=9460, stack(0x0000005e3b600000,0x0000005e3b700000)]
  0x000001e7325a2800 JavaThread "Attach Listener" daemon [_thread_blocked, id=6192, stack(0x0000005e3b700000,0x0000005e3b800000)]
  0x000001e731c3c800 JavaThread "C2 CompilerThread0" daemon [_thread_blocked, id=15276, stack(0x0000005e3b800000,0x0000005e3b900000)]
  0x000001e731c46800 JavaThread "C1 CompilerThread0" daemon [_thread_blocked, id=3320, stack(0x0000005e3b900000,0x0000005e3ba00000)]
  0x000001e731c4a800 JavaThread "Sweeper thread" daemon [_thread_blocked, id=5292, stack(0x0000005e3ba00000,0x0000005e3bb00000)]
  0x000001e7326e2800 JavaThread "Common-Cleaner" daemon [_thread_blocked, id=12088, stack(0x0000005e3bb00000,0x0000005e3bc00000)]
  0x000001e7326fd000 JavaThread "Service Thread" daemon [_thread_blocked, id=14652, stack(0x0000005e3bc00000,0x0000005e3bd00000)]
  0x000001e733ee6000 JavaThread "Daemon health stats" [_thread_blocked, id=11140, stack(0x0000005e3c100000,0x0000005e3c200000)]
  0x000001e73412e800 JavaThread "Incoming local TCP Connector on port 56391" [_thread_in_native, id=14292, stack(0x0000005e3c300000,0x0000005e3c400000)]
  0x000001e733d52800 JavaThread "Daemon periodic checks" [_thread_blocked, id=4256, stack(0x0000005e3c400000,0x0000005e3c500000)]
  0x000001e7340eb800 JavaThread "Daemon" [_thread_blocked, id=8636, stack(0x0000005e3c500000,0x0000005e3c600000)]
  0x000001e73437b000 JavaThread "Handler for socket connection from /127.0.0.1:56391 to /127.0.0.1:56392" [_thread_in_native, id=8212, stack(0x0000005e3c600000,0x0000005e3c700000)]
  0x000001e733464800 JavaThread "Cancel handler" [_thread_blocked, id=11208, stack(0x0000005e3c700000,0x0000005e3c800000)]
  0x000001e73342d000 JavaThread "Daemon worker" [_thread_blocked, id=5400, stack(0x0000005e3c800000,0x0000005e3c900000)]
  0x000001e733406000 JavaThread "Asynchronous log dispatcher for DefaultDaemonConnection: socket connection from /127.0.0.1:56391 to /127.0.0.1:56392" [_thread_blocked, id=5568, stack(0x0000005e3c900000,0x0000005e3ca00000)]
  0x000001e733a96800 JavaThread "Stdin handler" [_thread_blocked, id=5332, stack(0x0000005e3ca00000,0x0000005e3cb00000)]
  0x000001e733aad800 JavaThread "Thread-8" [_thread_blocked, id=13688, stack(0x0000005e3cb00000,0x0000005e3cc00000)]
  0x000001e73408a000 JavaThread "Cache worker for file hash cache (C:\Users\hp\.gradle\caches\6.7.1\fileHashes)" [_thread_blocked, id=15312, stack(0x0000005e3cd00000,0x0000005e3ce00000)]
  0x000001e73408a800 JavaThread "File lock request listener" [_thread_in_native, id=3876, stack(0x0000005e3ce00000,0x0000005e3cf00000)]
  0x000001e73408c800 JavaThread "Cache worker for journal cache (C:\Users\hp\.gradle\caches\journal-1)" [_thread_blocked, id=14428, stack(0x0000005e3cf00000,0x0000005e3d000000)]
  0x000001e7338b2800 JavaThread "C2 CompilerThread1" daemon [_thread_blocked, id=7224, stack(0x0000005e3d000000,0x0000005e3d100000)]
  0x000001e73408b800 JavaThread "Cache worker for file hash cache (C:\Users\hp\AndroidStudioProjects\TapTap\.gradle\6.7.1\fileHashes)" [_thread_blocked, id=2032, stack(0x0000005e3d100000,0x0000005e3d200000)]
  0x000001e73408d000 JavaThread "Cache worker for checksums cache (C:\Users\hp\AndroidStudioProjects\TapTap\.gradle\checksums)" [_thread_blocked, id=336, stack(0x0000005e3d200000,0x0000005e3d300000)]
  0x000001e734088800 JavaThread "Cache worker for cache directory md-supplier (C:\Users\hp\.gradle\caches\6.7.1\md-supplier)" [_thread_blocked, id=11372, stack(0x0000005e3d300000,0x0000005e3d400000)]
  0x000001e734087800 JavaThread "Cache worker for cache directory md-rule (C:\Users\hp\.gradle\caches\6.7.1\md-rule)" [_thread_blocked, id=14736, stack(0x0000005e3d400000,0x0000005e3d500000)]
  0x000001e73408e000 JavaThread "Cache worker for execution history cache (C:\Users\hp\.gradle\caches\6.7.1\executionHistory)" [_thread_blocked, id=2524, stack(0x0000005e3d500000,0x0000005e3d600000)]
  0x000001e734089000 JavaThread "jar transforms" [_thread_blocked, id=14320, stack(0x0000005e3d600000,0x0000005e3d700000)]
  0x000001e736c7a000 JavaThread "Cache worker for file content cache (C:\Users\hp\.gradle\caches\6.7.1\fileContent)" [_thread_blocked, id=2900, stack(0x0000005e3d700000,0x0000005e3d800000)]
  0x000001e736c79000 JavaThread "Cache worker for Build Output Cleanup Cache (C:\Users\hp\AndroidStudioProjects\TapTap\.gradle\buildOutputCleanup)" [_thread_blocked, id=12888, stack(0x0000005e3d800000,0x0000005e3d900000)]
  0x000001e736c78000 JavaThread "Build operations" [_thread_blocked, id=8148, stack(0x0000005e3d900000,0x0000005e3da00000)]
  0x000001e736c7a800 JavaThread "Build operations Thread 2" [_thread_blocked, id=12496, stack(0x0000005e3da00000,0x0000005e3db00000)]
  0x000001e736c7b800 JavaThread "Build operations Thread 3" [_thread_blocked, id=8940, stack(0x0000005e3db00000,0x0000005e3dc00000)]
  0x000001e736c7c800 JavaThread "Build operations Thread 4" [_thread_blocked, id=14740, stack(0x0000005e3dc00000,0x0000005e3dd00000)]
  0x000001e736c7d000 JavaThread "jar transforms Thread 2" [_thread_blocked, id=9572, stack(0x0000005e3dd00000,0x0000005e3de00000)]
  0x000001e736c77800 JavaThread "jar transforms Thread 3" [_thread_blocked, id=3124, stack(0x0000005e3de00000,0x0000005e3df00000)]
  0x000001e736c82000 JavaThread "jar transforms Thread 4" [_thread_blocked, id=12268, stack(0x0000005e3df00000,0x0000005e3e000000)]
  0x000001e736c83000 JavaThread "jar transforms Thread 5" [_thread_blocked, id=14060, stack(0x0000005e3e000000,0x0000005e3e100000)]
  0x000001e736c83800 JavaThread "jar transforms Thread 6" [_thread_blocked, id=1480, stack(0x0000005e3e100000,0x0000005e3e200000)]
  0x000001e736c7e000 JavaThread "jar transforms Thread 7" [_thread_blocked, id=4644, stack(0x0000005e3e200000,0x0000005e3e300000)]
  0x000001e736c84800 JavaThread "jar transforms Thread 8" [_thread_blocked, id=9280, stack(0x0000005e3e300000,0x0000005e3e400000)]
  0x000001e736c7e800 JavaThread "jar transforms Thread 9" [_thread_blocked, id=13596, stack(0x0000005e3e400000,0x0000005e3e500000)]
  0x000001e736c7f800 JavaThread "jar transforms Thread 10" [_thread_blocked, id=14348, stack(0x0000005e3e500000,0x0000005e3e600000)]
  0x000001e736c81000 JavaThread "jar transforms Thread 11" [_thread_blocked, id=15232, stack(0x0000005e3e600000,0x0000005e3e700000)]
  0x000001e736c85000 JavaThread "jar transforms Thread 12" [_thread_blocked, id=12556, stack(0x0000005e3e700000,0x0000005e3e800000)]
  0x000001e736c80800 JavaThread "jar transforms Thread 13" [_thread_blocked, id=1708, stack(0x0000005e3e800000,0x0000005e3e900000)]
  0x000001e736e67800 JavaThread "jar transforms Thread 14" [_thread_blocked, id=12968, stack(0x0000005e3e900000,0x0000005e3ea00000)]
  0x000001e736e68000 JavaThread "jar transforms Thread 15" [_thread_blocked, id=6700, stack(0x0000005e3ea00000,0x0000005e3eb00000)]
  0x000001e736e64000 JavaThread "jar transforms Thread 16" [_thread_blocked, id=2420, stack(0x0000005e3eb00000,0x0000005e3ec00000)]
  0x000001e736e69000 JavaThread "jar transforms Thread 17" [_thread_blocked, id=14880, stack(0x0000005e3ec00000,0x0000005e3ed00000)]
  0x000001e736e63000 JavaThread "jar transforms Thread 18" [_thread_blocked, id=11428, stack(0x0000005e3ed00000,0x0000005e3ee00000)]
  0x000001e736e66800 JavaThread "jar transforms Thread 19" [_thread_blocked, id=9192, stack(0x0000005e3ee00000,0x0000005e3ef00000)]
  0x000001e736e69800 JavaThread "jar transforms Thread 20" [_thread_blocked, id=12996, stack(0x0000005e3ef00000,0x0000005e3f000000)]
  0x000001e736e6a800 JavaThread "jar transforms Thread 21" [_thread_blocked, id=2988, stack(0x0000005e3f000000,0x0000005e3f100000)]
  0x000001e736e65000 JavaThread "jar transforms Thread 22" [_thread_blocked, id=7132, stack(0x0000005e3f100000,0x0000005e3f200000)]
  0x000001e736e6b800 JavaThread "jar transforms Thread 23" [_thread_blocked, id=6224, stack(0x0000005e3f200000,0x0000005e3f300000)]
  0x000001e736e65800 JavaThread "jar transforms Thread 24" [_thread_blocked, id=14896, stack(0x0000005e3f300000,0x0000005e3f400000)]
  0x000001e736e6c000 JavaThread "jar transforms Thread 25" [_thread_blocked, id=14448, stack(0x0000005e3f400000,0x0000005e3f500000)]
  0x000001e736e6d000 JavaThread "jar transforms Thread 26" [_thread_blocked, id=14356, stack(0x0000005e3f500000,0x0000005e3f600000)]
  0x000001e736e70800 JavaThread "jar transforms Thread 27" [_thread_blocked, id=13084, stack(0x0000005e3f600000,0x0000005e3f700000)]
  0x000001e736e71000 JavaThread "jar transforms Thread 28" [_thread_blocked, id=5108, stack(0x0000005e3f700000,0x0000005e3f800000)]
  0x000001e736e6e800 JavaThread "jar transforms Thread 29" [_thread_blocked, id=11016, stack(0x0000005e3f800000,0x0000005e3f900000)]
  0x000001e736e72000 JavaThread "jar transforms Thread 30" [_thread_blocked, id=13840, stack(0x0000005e3f900000,0x0000005e3fa00000)]
  0x000001e736e6e000 JavaThread "jar transforms Thread 31" [_thread_blocked, id=10712, stack(0x0000005e3fa00000,0x0000005e3fb00000)]
  0x000001e736e6f800 JavaThread "jar transforms Thread 32" [_thread_blocked, id=14464, stack(0x0000005e3fb00000,0x0000005e3fc00000)]
  0x000001e7350d2000 JavaThread "jar transforms Thread 33" [_thread_blocked, id=12804, stack(0x0000005e3fc00000,0x0000005e3fd00000)]
  0x000001e7350d8800 JavaThread "jar transforms Thread 34" [_thread_blocked, id=13260, stack(0x0000005e3fd00000,0x0000005e3fe00000)]
  0x000001e7350d4800 JavaThread "jar transforms Thread 35" [_thread_blocked, id=14440, stack(0x0000005e3fe00000,0x0000005e3ff00000)]
  0x000001e7350d5800 JavaThread "jar transforms Thread 36" [_thread_blocked, id=116, stack(0x0000005e3ff00000,0x0000005e40000000)]
  0x000001e7350d6000 JavaThread "jar transforms Thread 37" [_thread_blocked, id=5892, stack(0x0000005e40000000,0x0000005e40100000)]
  0x000001e7350d7000 JavaThread "jar transforms Thread 38" [_thread_blocked, id=416, stack(0x0000005e40100000,0x0000005e40200000)]
  0x000001e7350d3000 JavaThread "jar transforms Thread 39" [_thread_blocked, id=7108, stack(0x0000005e40200000,0x0000005e40300000)]
  0x000001e7350d9800 JavaThread "jar transforms Thread 40" [_thread_blocked, id=2512, stack(0x0000005e40300000,0x0000005e40400000)]
  0x000001e7350d8000 JavaThread "jar transforms Thread 41" [_thread_blocked, id=2884, stack(0x0000005e40400000,0x0000005e40500000)]
  0x000001e7350d3800 JavaThread "jar transforms Thread 42" [_thread_blocked, id=14368, stack(0x0000005e40500000,0x0000005e40600000)]
  0x000001e7350dc800 JavaThread "jar transforms Thread 43" [_thread_blocked, id=236, stack(0x0000005e40600000,0x0000005e40700000)]
  0x000001e7350dd800 JavaThread "jar transforms Thread 44" [_thread_blocked, id=11220, stack(0x0000005e40700000,0x0000005e40800000)]
  0x000001e7350de800 JavaThread "jar transforms Thread 45" [_thread_blocked, id=13960, stack(0x0000005e40800000,0x0000005e40900000)]
  0x000001e7350e0000 JavaThread "jar transforms Thread 46" [_thread_blocked, id=3340, stack(0x0000005e40900000,0x0000005e40a00000)]
  0x000001e7350df000 JavaThread "jar transforms Thread 47" [_thread_blocked, id=12380, stack(0x0000005e40a00000,0x0000005e40b00000)]
  0x000001e7350da000 JavaThread "jar transforms Thread 48" [_thread_blocked, id=6056, stack(0x0000005e40b00000,0x0000005e40c00000)]
  0x000001e7350e1000 JavaThread "jar transforms Thread 49" [_thread_blocked, id=8676, stack(0x0000005e40c00000,0x0000005e40d00000)]
  0x000001e7350db000 JavaThread "jar transforms Thread 50" [_thread_blocked, id=13152, stack(0x0000005e40d00000,0x0000005e40e00000)]
  0x000001e7350dc000 JavaThread "jar transforms Thread 51" [_thread_blocked, id=7092, stack(0x0000005e40e00000,0x0000005e40f00000)]
  0x000001e734620000 JavaThread "jar transforms Thread 52" [_thread_blocked, id=14080, stack(0x0000005e40f00000,0x0000005e41000000)]
  0x000001e73461f000 JavaThread "jar transforms Thread 53" [_thread_blocked, id=13072, stack(0x0000005e41000000,0x0000005e41100000)]
  0x000001e73461c800 JavaThread "jar transforms Thread 54" [_thread_blocked, id=7304, stack(0x0000005e41100000,0x0000005e41200000)]
  0x000001e73461c000 JavaThread "jar transforms Thread 55" [_thread_blocked, id=13884, stack(0x0000005e41200000,0x0000005e41300000)]
  0x000001e73461a000 JavaThread "jar transforms Thread 56" [_thread_blocked, id=8012, stack(0x0000005e41300000,0x0000005e41400000)]
  0x000001e734621000 JavaThread "jar transforms Thread 57" [_thread_blocked, id=11984, stack(0x0000005e41400000,0x0000005e41500000)]
  0x000001e73461d800 JavaThread "jar transforms Thread 58" [_thread_blocked, id=2448, stack(0x0000005e41500000,0x0000005e41600000)]
  0x000001e73461b000 JavaThread "jar transforms Thread 59" [_thread_blocked, id=7420, stack(0x0000005e41600000,0x0000005e41700000)]
  0x000001e734624000 JavaThread "jar transforms Thread 60" [_thread_blocked, id=4948, stack(0x0000005e41700000,0x0000005e41800000)]
  0x000001e73461e800 JavaThread "jar transforms Thread 61" [_thread_blocked, id=9820, stack(0x0000005e41800000,0x0000005e41900000)]
  0x000001e734626800 JavaThread "jar transforms Thread 62" [_thread_blocked, id=2616, stack(0x0000005e41900000,0x0000005e41a00000)]
  0x000001e734623000 JavaThread "jar transforms Thread 63" [_thread_blocked, id=5244, stack(0x0000005e41a00000,0x0000005e41b00000)]
  0x000001e734627800 JavaThread "jar transforms Thread 64" [_thread_blocked, id=10216, stack(0x0000005e41b00000,0x0000005e41c00000)]
  0x000001e734625800 JavaThread "jar transforms Thread 65" [_thread_blocked, id=3412, stack(0x0000005e41c00000,0x0000005e41d00000)]
  0x000001e734622800 JavaThread "jar transforms Thread 66" [_thread_blocked, id=5428, stack(0x0000005e41d00000,0x0000005e41e00000)]
  0x000001e734625000 JavaThread "jar transforms Thread 67" [_thread_blocked, id=12408, stack(0x0000005e41e00000,0x0000005e41f00000)]
  0x000001e734621800 JavaThread "jar transforms Thread 68" [_thread_blocked, id=2824, stack(0x0000005e41f00000,0x0000005e42000000)]
  0x000001e734628000 JavaThread "jar transforms Thread 69" [_thread_blocked, id=7404, stack(0x0000005e42000000,0x0000005e42100000)]
  0x000001e734629000 JavaThread "jar transforms Thread 70" [_thread_blocked, id=9136, stack(0x0000005e42100000,0x0000005e42200000)]
  0x000001e7351ef800 JavaThread "jar transforms Thread 71" [_thread_blocked, id=3912, stack(0x0000005e42200000,0x0000005e42300000)]
  0x000001e7351eb800 JavaThread "jar transforms Thread 72" [_thread_blocked, id=9940, stack(0x0000005e42300000,0x0000005e42400000)]
  0x000001e7351ee000 JavaThread "jar transforms Thread 73" [_thread_blocked, id=9500, stack(0x0000005e42400000,0x0000005e42500000)]
  0x000001e7351ea800 JavaThread "jar transforms Thread 74" [_thread_blocked, id=9424, stack(0x0000005e42500000,0x0000005e42600000)]
  0x000001e7351ed000 JavaThread "jar transforms Thread 75" [_thread_blocked, id=11000, stack(0x0000005e42600000,0x0000005e42700000)]
  0x000001e7351f0800 JavaThread "jar transforms Thread 76" [_thread_blocked, id=3048, stack(0x0000005e42700000,0x0000005e42800000)]
  0x000001e7351ee800 JavaThread "jar transforms Thread 77" [_thread_blocked, id=9504, stack(0x0000005e42800000,0x0000005e42900000)]
  0x000001e7351f1000 JavaThread "jar transforms Thread 78" [_thread_blocked, id=15088, stack(0x0000005e42900000,0x0000005e42a00000)]
  0x000001e7351f2000 JavaThread "jar transforms Thread 79" [_thread_blocked, id=15000, stack(0x0000005e42a00000,0x0000005e42b00000)]
  0x000001e7351ec000 JavaThread "jar transforms Thread 80" [_thread_blocked, id=10744, stack(0x0000005e42b00000,0x0000005e42c00000)]
  0x000001e7351f3800 JavaThread "jar transforms Thread 81" [_thread_blocked, id=12772, stack(0x0000005e42c00000,0x0000005e42d00000)]
  0x000001e7351f6000 JavaThread "jar transforms Thread 82" [_thread_blocked, id=12224, stack(0x0000005e42d00000,0x0000005e42e00000)]
  0x000001e7351f3000 JavaThread "jar transforms Thread 83" [_thread_blocked, id=9232, stack(0x0000005e42e00000,0x0000005e42f00000)]
  0x000001e7351f7000 JavaThread "jar transforms Thread 84" [_thread_blocked, id=14912, stack(0x0000005e42f00000,0x0000005e43000000)]
  0x000001e7351f9800 JavaThread "jar transforms Thread 85" [_thread_blocked, id=12928, stack(0x0000005e43000000,0x0000005e43100000)]
  0x000001e7351f5000 JavaThread "jar transforms Thread 86" [_thread_blocked, id=3584, stack(0x0000005e43100000,0x0000005e43200000)]
  0x000001e7351f4800 JavaThread "jar transforms Thread 87" [_thread_blocked, id=9340, stack(0x0000005e43200000,0x0000005e43300000)]
  0x000001e7351f7800 JavaThread "jar transforms Thread 88" [_thread_blocked, id=1680, stack(0x0000005e43300000,0x0000005e43400000)]
  0x000001e7351f8800 JavaThread "jar transforms Thread 89" [_thread_blocked, id=2572, stack(0x0000005e43400000,0x0000005e43500000)]
  0x000001e73271c000 JavaThread "jar transforms Thread 90" [_thread_blocked, id=12220, stack(0x0000005e43500000,0x0000005e43600000)]
  0x000001e732719000 JavaThread "jar transforms Thread 91" [_thread_blocked, id=7652, stack(0x0000005e43600000,0x0000005e43700000)]
  0x000001e732718000 JavaThread "jar transforms Thread 92" [_thread_blocked, id=14792, stack(0x0000005e43700000,0x0000005e43800000)]
  0x000001e73271a800 JavaThread "jar transforms Thread 93" [_thread_blocked, id=7832, stack(0x0000005e43800000,0x0000005e43900000)]
  0x000001e732719800 JavaThread "jar transforms Thread 94" [_thread_blocked, id=2760, stack(0x0000005e43900000,0x0000005e43a00000)]
  0x000001e73271d000 JavaThread "jar transforms Thread 95" [_thread_blocked, id=5704, stack(0x0000005e43a00000,0x0000005e43b00000)]
  0x000001e73271e000 JavaThread "jar transforms Thread 96" [_thread_blocked, id=9028, stack(0x0000005e43b00000,0x0000005e43c00000)]
  0x000001e732721000 JavaThread "jar transforms Thread 97" [_thread_blocked, id=2992, stack(0x0000005e43c00000,0x0000005e43d00000)]
  0x000001e73271e800 JavaThread "Memory manager" [_thread_blocked, id=13956, stack(0x0000005e43d00000,0x0000005e43e00000)]
  0x000001e73271b800 JavaThread "build event listener" [_thread_blocked, id=340, stack(0x0000005e43e00000,0x0000005e43f00000)]
  0x000001e732722800 JavaThread "build event listener" [_thread_blocked, id=14872, stack(0x0000005e43f00000,0x0000005e44000000)]
  0x000001e732722000 JavaThread "Execution worker for ':'" [_thread_blocked, id=12756, stack(0x0000005e44000000,0x0000005e44100000)]
  0x000001e732723800 JavaThread "Execution worker for ':' Thread 2" [_thread_blocked, id=15224, stack(0x0000005e44100000,0x0000005e44200000)]
  0x000001e732724800 JavaThread "Execution worker for ':' Thread 3" [_thread_blocked, id=15024, stack(0x0000005e44200000,0x0000005e44300000)]
  0x000001e732725000 JavaThread "Cache worker for execution history cache (C:\Users\hp\AndroidStudioProjects\TapTap\.gradle\6.7.1\executionHistory)" [_thread_blocked, id=12852, stack(0x0000005e44300000,0x0000005e44400000)]
  0x000001e73271f800 JavaThread "WorkerExecutor Queue" [_thread_blocked, id=15072, stack(0x0000005e44400000,0x0000005e44500000)]
  0x000001e732726000 JavaThread "WorkerExecutor Queue Thread 2" [_thread_blocked, id=6612, stack(0x0000005e44500000,0x0000005e44600000)]
  0x000001e732720000 JavaThread "WorkerExecutor Queue Thread 3" [_thread_blocked, id=8172, stack(0x0000005e44600000,0x0000005e44700000)]
  0x000001e732727000 JavaThread "ForkJoinPool-1-worker-3" daemon [_thread_blocked, id=9920, stack(0x0000005e44700000,0x0000005e44800000)]
  0x000001e736928000 JavaThread "ForkJoinPool-1-worker-5" daemon [_thread_blocked, id=4760, stack(0x0000005e44800000,0x0000005e44900000)]
  0x000001e73692b800 JavaThread "ForkJoinPool-1-worker-7" daemon [_thread_blocked, id=9480, stack(0x0000005e44900000,0x0000005e44a00000)]
  0x000001e736926800 JavaThread "ForkJoinPool-1-worker-1" daemon [_thread_blocked, id=10720, stack(0x0000005e44a00000,0x0000005e44b00000)]

Other Threads:
=>0x000001e731c1a800 VMThread "VM Thread" [stack: 0x0000005e3b300000,0x0000005e3b400000] [id=1056]
  0x000001e7326fe800 WatcherThread [stack: 0x0000005e3bd00000,0x0000005e3be00000] [id=3136]
  0x000001e7181d8800 GCTaskThread "GC Thread#0" [stack: 0x0000005e3ae00000,0x0000005e3af00000] [id=15308]
  0x000001e732ef5000 GCTaskThread "GC Thread#1" [stack: 0x0000005e3bf00000,0x0000005e3c000000] [id=12252]
  0x000001e732e81800 GCTaskThread "GC Thread#2" [stack: 0x0000005e3c000000,0x0000005e3c100000] [id=14404]
  0x000001e733a03800 GCTaskThread "GC Thread#3" [stack: 0x0000005e3cc00000,0x0000005e3cd00000] [id=14400]
  0x000001e718208000 ConcurrentGCThread "G1 Main Marker" [stack: 0x0000005e3af00000,0x0000005e3b000000] [id=10656]
  0x000001e71820a800 ConcurrentGCThread "G1 Conc#0" [stack: 0x0000005e3b000000,0x0000005e3b100000] [id=2536]
  0x000001e731a70800 ConcurrentGCThread "G1 Refine#0" [stack: 0x0000005e3b100000,0x0000005e3b200000] [id=6296]
  0x000001e734bb8000 ConcurrentGCThread "G1 Refine#1" [stack: 0x0000005e44b00000,0x0000005e44c00000] [id=14220]
  0x000001e734bb5000 ConcurrentGCThread "G1 Refine#2" [stack: 0x0000005e44c00000,0x0000005e44d00000] [id=6512]
  0x000001e734bb3800 ConcurrentGCThread "G1 Refine#3" [stack: 0x0000005e44d00000,0x0000005e44e00000] [id=15048]
  0x000001e731a71800 ConcurrentGCThread "G1 Young RemSet Sampling" [stack: 0x0000005e3b200000,0x0000005e3b300000] [id=8068]

Threads with active compile tasks:
C2 CompilerThread0  21500 10150       4       com.android.tools.r8.dex.P$g::b (20 bytes)
C2 CompilerThread1  21500 10364       4       java.util.TimSort::mergeLo (659 bytes)

VM state:at safepoint (normal execution)

VM Mutex/Monitor currently owned by a thread:  ([mutex/lock_event])
[0x000001e7161ea830] Threads_lock - owner thread: 0x000001e731c1a800
[0x000001e7161eb400] Heap_lock - owner thread: 0x000001e732727000

Heap address: 0x0000000080000000, size: 2048 MB, Compressed Oops mode: 32-bit
Narrow klass base: 0x0000000000000000, Narrow klass shift: 3
Compressed class space size: 1073741824 Address: 0x0000000100000000

Heap:
 garbage-first heap   total 304128K, used 136448K [0x0000000080000000, 0x0000000100000000)
  region size 1024K, 4 young (4096K), 4 survivors (4096K)
 Metaspace       used 83889K, capacity 85964K, committed 86092K, reserved 1124352K
  class space    used 11006K, capacity 11798K, committed 11852K, reserved 1048576K
Heap Regions: E=young(eden), S=young(survivor), O=old, HS=humongous(starts), HC=humongous(continues), CS=collection set, F=free, A=archive, TAMS=top-at-mark-start (previous, next)
|   0|0x0000000080000000, 0x0000000080100000, 0x0000000080100000|100%| O|  |TAMS 0x0000000080100000, 0x0000000080100000| Untracked 
|   1|0x0000000080100000, 0x0000000080200000, 0x0000000080200000|100%| O|  |TAMS 0x0000000080200000, 0x0000000080200000| Untracked 
|   2|0x0000000080200000, 0x0000000080300000, 0x0000000080300000|100%| O|  |TAMS 0x0000000080300000, 0x0000000080300000| Untracked 
|   3|0x0000000080300000, 0x0000000080400000, 0x0000000080400000|100%|HS|  |TAMS 0x0000000080400000, 0x0000000080400000| Complete 
|   4|0x0000000080400000, 0x0000000080500000, 0x0000000080500000|100%|HC|  |TAMS 0x0000000080500000, 0x0000000080500000| Complete 
|   5|0x0000000080500000, 0x0000000080600000, 0x0000000080600000|100%|HC|  |TAMS 0x0000000080600000, 0x0000000080600000| Complete 
|   6|0x0000000080600000, 0x0000000080700000, 0x0000000080700000|100%| O|  |TAMS 0x0000000080700000, 0x0000000080700000| Untracked 
|   7|0x0000000080700000, 0x0000000080800000, 0x0000000080800000|100%| O|  |TAMS 0x0000000080800000, 0x0000000080800000| Untracked 
|   8|0x0000000080800000, 0x0000000080900000, 0x0000000080900000|100%| O|  |TAMS 0x0000000080900000, 0x0000000080900000| Untracked 
|   9|0x0000000080900000, 0x0000000080a00000, 0x0000000080a00000|100%| O|  |TAMS 0x0000000080a00000, 0x0000000080a00000| Untracked 
|  10|0x0000000080a00000, 0x0000000080b00000, 0x0000000080b00000|100%| O|  |TAMS 0x0000000080b00000, 0x0000000080b00000| Untracked 
|  11|0x0000000080b00000, 0x0000000080c00000, 0x0000000080c00000|100%| O|  |TAMS 0x0000000080c00000, 0x0000000080c00000| Untracked 
|  12|0x0000000080c00000, 0x0000000080d00000, 0x0000000080d00000|100%| O|  |TAMS 0x0000000080d00000, 0x0000000080d00000| Untracked 
|  13|0x0000000080d00000, 0x0000000080e00000, 0x0000000080e00000|100%|HS|  |TAMS 0x0000000080e00000, 0x0000000080e00000| Complete 
|  14|0x0000000080e00000, 0x0000000080f00000, 0x0000000080f00000|100%|HS|  |TAMS 0x0000000080f00000, 0x0000000080f00000| Complete 
|  15|0x0000000080f00000, 0x0000000081000000, 0x0000000081000000|100%|HC|  |TAMS 0x0000000081000000, 0x0000000081000000| Complete 
|  16|0x0000000081000000, 0x0000000081100000, 0x0000000081100000|100%| O|  |TAMS 0x0000000081100000, 0x0000000081100000| Untracked 
|  17|0x0000000081100000, 0x0000000081200000, 0x0000000081200000|100%| O|  |TAMS 0x0000000081200000, 0x0000000081200000| Untracked 
|  18|0x0000000081200000, 0x0000000081300000, 0x0000000081300000|100%| O|  |TAMS 0x0000000081300000, 0x0000000081300000| Untracked 
|  19|0x0000000081300000, 0x0000000081400000, 0x0000000081400000|100%| O|  |TAMS 0x0000000081400000, 0x0000000081400000| Untracked 
|  20|0x0000000081400000, 0x0000000081500000, 0x0000000081500000|100%| O|  |TAMS 0x0000000081500000, 0x0000000081500000| Untracked 
|  21|0x0000000081500000, 0x0000000081600000, 0x0000000081600000|100%| O|  |TAMS 0x0000000081600000, 0x0000000081600000| Untracked 
|  22|0x0000000081600000, 0x0000000081700000, 0x0000000081700000|100%| O|  |TAMS 0x0000000081700000, 0x0000000081700000| Untracked 
|  23|0x0000000081700000, 0x0000000081800000, 0x0000000081800000|100%| O|  |TAMS 0x0000000081800000, 0x0000000081800000| Untracked 
|  24|0x0000000081800000, 0x0000000081900000, 0x0000000081900000|100%| O|  |TAMS 0x0000000081900000, 0x0000000081900000| Untracked 
|  25|0x0000000081900000, 0x0000000081a00000, 0x0000000081a00000|100%| O|  |TAMS 0x0000000081a00000, 0x0000000081a00000| Untracked 
|  26|0x0000000081a00000, 0x0000000081b00000, 0x0000000081b00000|100%| O|  |TAMS 0x0000000081b00000, 0x0000000081b00000| Untracked 
|  27|0x0000000081b00000, 0x0000000081c00000, 0x0000000081c00000|100%| O|  |TAMS 0x0000000081c00000, 0x0000000081c00000| Untracked 
|  28|0x0000000081c00000, 0x0000000081d00000, 0x0000000081d00000|100%| O|  |TAMS 0x0000000081d00000, 0x0000000081d00000| Untracked 
|  29|0x0000000081d00000, 0x0000000081e00000, 0x0000000081e00000|100%| O|  |TAMS 0x0000000081e00000, 0x0000000081e00000| Untracked 
|  30|0x0000000081e00000, 0x0000000081f00000, 0x0000000081f00000|100%| O|  |TAMS 0x0000000081f00000, 0x0000000081f00000| Untracked 
|  31|0x0000000081f00000, 0x0000000082000000, 0x0000000082000000|100%| O|  |TAMS 0x0000000082000000, 0x0000000082000000| Untracked 
|  32|0x0000000082000000, 0x0000000082100000, 0x0000000082100000|100%| O|  |TAMS 0x0000000082100000, 0x0000000082100000| Untracked 
|  33|0x0000000082100000, 0x0000000082200000, 0x0000000082200000|100%| O|  |TAMS 0x0000000082200000, 0x0000000082200000| Untracked 
|  34|0x0000000082200000, 0x0000000082300000, 0x0000000082300000|100%| O|  |TAMS 0x0000000082300000, 0x0000000082300000| Untracked 
|  35|0x0000000082300000, 0x0000000082400000, 0x0000000082400000|100%| O|  |TAMS 0x0000000082400000, 0x0000000082400000| Untracked 
|  36|0x0000000082400000, 0x0000000082500000, 0x0000000082500000|100%| O|  |TAMS 0x0000000082500000, 0x0000000082500000| Untracked 
|  37|0x0000000082500000, 0x0000000082600000, 0x0000000082600000|100%| O|  |TAMS 0x0000000082600000, 0x0000000082600000| Untracked 
|  38|0x0000000082600000, 0x0000000082700000, 0x0000000082700000|100%| O|  |TAMS 0x0000000082700000, 0x0000000082700000| Untracked 
|  39|0x0000000082700000, 0x0000000082800000, 0x0000000082800000|100%| O|  |TAMS 0x0000000082800000, 0x0000000082800000| Untracked 
|  40|0x0000000082800000, 0x0000000082900000, 0x0000000082900000|100%| O|  |TAMS 0x0000000082900000, 0x0000000082900000| Untracked 
|  41|0x0000000082900000, 0x0000000082a00000, 0x0000000082a00000|100%| O|  |TAMS 0x0000000082a00000, 0x0000000082a00000| Untracked 
|  42|0x0000000082a00000, 0x0000000082b00000, 0x0000000082b00000|100%| O|  |TAMS 0x0000000082b00000, 0x0000000082b00000| Untracked 
|  43|0x0000000082b00000, 0x0000000082c00000, 0x0000000082c00000|100%| O|  |TAMS 0x0000000082c00000, 0x0000000082c00000| Untracked 
|  44|0x0000000082c00000, 0x0000000082d00000, 0x0000000082d00000|100%| O|  |TAMS 0x0000000082d00000, 0x0000000082d00000| Untracked 
|  45|0x0000000082d00000, 0x0000000082e00000, 0x0000000082e00000|100%| O|  |TAMS 0x0000000082e00000, 0x0000000082e00000| Untracked 
|  46|0x0000000082e00000, 0x0000000082f00000, 0x0000000082f00000|100%| O|  |TAMS 0x0000000082f00000, 0x0000000082f00000| Untracked 
|  47|0x0000000082f00000, 0x0000000083000000, 0x0000000083000000|100%| O|  |TAMS 0x0000000083000000, 0x0000000083000000| Untracked 
|  48|0x0000000083000000, 0x0000000083100000, 0x0000000083100000|100%|HS|  |TAMS 0x0000000083100000, 0x0000000083100000| Complete 
|  49|0x0000000083100000, 0x0000000083200000, 0x0000000083200000|100%|HC|  |TAMS 0x0000000083200000, 0x0000000083200000| Complete 
|  50|0x0000000083200000, 0x0000000083300000, 0x0000000083300000|100%|HC|  |TAMS 0x0000000083300000, 0x0000000083300000| Complete 
|  51|0x0000000083300000, 0x0000000083400000, 0x0000000083400000|100%|HC|  |TAMS 0x0000000083400000, 0x0000000083400000| Complete 
|  52|0x0000000083400000, 0x0000000083500000, 0x0000000083500000|100%|HC|  |TAMS 0x0000000083500000, 0x0000000083500000| Complete 
|  53|0x0000000083500000, 0x0000000083600000, 0x0000000083600000|100%|HC|  |TAMS 0x0000000083600000, 0x0000000083600000| Complete 
|  54|0x0000000083600000, 0x0000000083700000, 0x0000000083700000|100%| O|  |TAMS 0x0000000083700000, 0x0000000083700000| Untracked 
|  55|0x0000000083700000, 0x0000000083800000, 0x0000000083800000|100%| O|  |TAMS 0x0000000083800000, 0x0000000083800000| Untracked 
|  56|0x0000000083800000, 0x0000000083900000, 0x0000000083900000|100%| O|  |TAMS 0x0000000083900000, 0x0000000083900000| Untracked 
|  57|0x0000000083900000, 0x0000000083a00000, 0x0000000083a00000|100%| O|  |TAMS 0x0000000083a00000, 0x0000000083a00000| Untracked 
|  58|0x0000000083a00000, 0x0000000083b00000, 0x0000000083b00000|100%| O|  |TAMS 0x0000000083b00000, 0x0000000083b00000| Untracked 
|  59|0x0000000083b00000, 0x0000000083c00000, 0x0000000083c00000|100%| O|  |TAMS 0x0000000083c00000, 0x0000000083c00000| Untracked 
|  60|0x0000000083c00000, 0x0000000083d00000, 0x0000000083d00000|100%|HS|  |TAMS 0x0000000083c00000, 0x0000000083d00000| Complete 
|  61|0x0000000083d00000, 0x0000000083e00000, 0x0000000083e00000|100%|HS|  |TAMS 0x0000000083d00000, 0x0000000083e00000| Complete 
|  62|0x0000000083e00000, 0x0000000083f00000, 0x0000000083f00000|100%| O|  |TAMS 0x0000000083e00000, 0x0000000083f00000| Untracked 
|  63|0x0000000083f00000, 0x0000000084000000, 0x0000000084000000|100%| O|  |TAMS 0x0000000083f00000, 0x0000000084000000| Untracked 
|  64|0x0000000084000000, 0x0000000084100000, 0x0000000084100000|100%| O|  |TAMS 0x0000000084000000, 0x0000000084100000| Untracked 
|  65|0x0000000084100000, 0x0000000084200000, 0x0000000084200000|100%| O|  |TAMS 0x0000000084100000, 0x0000000084200000| Untracked 
|  66|0x0000000084200000, 0x0000000084300000, 0x0000000084300000|100%| O|  |TAMS 0x0000000084300000, 0x0000000084300000| Untracked 
|  67|0x0000000084300000, 0x0000000084400000, 0x0000000084400000|100%| O|  |TAMS 0x0000000084400000, 0x0000000084400000| Untracked 
|  68|0x0000000084400000, 0x0000000084500000, 0x0000000084500000|100%| O|  |TAMS 0x0000000084500000, 0x0000000084500000| Untracked 
|  69|0x0000000084500000, 0x0000000084600000, 0x0000000084600000|100%| O|  |TAMS 0x0000000084600000, 0x0000000084600000| Untracked 
|  70|0x0000000084600000, 0x0000000084700000, 0x0000000084700000|100%| O|  |TAMS 0x0000000084700000, 0x0000000084700000| Untracked 
|  71|0x0000000084700000, 0x0000000084800000, 0x0000000084800000|100%| O|  |TAMS 0x0000000084800000, 0x0000000084800000| Untracked 
|  72|0x0000000084800000, 0x0000000084900000, 0x0000000084900000|100%| O|  |TAMS 0x0000000084900000, 0x0000000084900000| Untracked 
|  73|0x0000000084900000, 0x0000000084a00000, 0x0000000084a00000|100%| O|  |TAMS 0x0000000084a00000, 0x0000000084a00000| Untracked 
|  74|0x0000000084a00000, 0x0000000084b00000, 0x0000000084b00000|100%| O|  |TAMS 0x0000000084b00000, 0x0000000084b00000| Untracked 
|  75|0x0000000084b00000, 0x0000000084c00000, 0x0000000084c00000|100%| O|  |TAMS 0x0000000084c00000, 0x0000000084c00000| Untracked 
|  76|0x0000000084c00000, 0x0000000084d00000, 0x0000000084d00000|100%| O|  |TAMS 0x0000000084d00000, 0x0000000084d00000| Untracked 
|  77|0x0000000084d00000, 0x0000000084e00000, 0x0000000084e00000|100%| O|  |TAMS 0x0000000084e00000, 0x0000000084e00000| Untracked 
|  78|0x0000000084e00000, 0x0000000084f00000, 0x0000000084f00000|100%| O|  |TAMS 0x0000000084f00000, 0x0000000084f00000| Untracked 
|  79|0x0000000084f00000, 0x0000000085000000, 0x0000000085000000|100%| O|  |TAMS 0x0000000085000000, 0x0000000085000000| Untracked 
|  80|0x0000000085000000, 0x0000000085100000, 0x0000000085100000|100%| O|  |TAMS 0x0000000085100000, 0x0000000085100000| Untracked 
|  81|0x0000000085100000, 0x0000000085200000, 0x0000000085200000|100%| O|  |TAMS 0x0000000085200000, 0x0000000085200000| Untracked 
|  82|0x0000000085200000, 0x0000000085300000, 0x0000000085300000|100%| O|  |TAMS 0x0000000085300000, 0x0000000085300000| Untracked 
|  83|0x0000000085300000, 0x0000000085400000, 0x0000000085400000|100%| O|  |TAMS 0x0000000085400000, 0x0000000085400000| Untracked 
|  84|0x0000000085400000, 0x0000000085500000, 0x0000000085500000|100%| O|  |TAMS 0x0000000085500000, 0x0000000085500000| Untracked 
|  85|0x0000000085500000, 0x0000000085600000, 0x0000000085600000|100%| O|  |TAMS 0x0000000085600000, 0x0000000085600000| Untracked 
|  86|0x0000000085600000, 0x0000000085700000, 0x0000000085700000|100%| O|  |TAMS 0x0000000085700000, 0x0000000085700000| Untracked 
|  87|0x0000000085700000, 0x0000000085800000, 0x0000000085800000|100%| O|  |TAMS 0x0000000085800000, 0x0000000085800000| Untracked 
|  88|0x0000000085800000, 0x0000000085900000, 0x0000000085900000|100%| O|  |TAMS 0x0000000085900000, 0x0000000085900000| Untracked 
|  89|0x0000000085900000, 0x0000000085a00000, 0x0000000085a00000|100%| O|  |TAMS 0x0000000085a00000, 0x0000000085a00000| Untracked 
|  90|0x0000000085a00000, 0x0000000085b00000, 0x0000000085b00000|100%| O|  |TAMS 0x0000000085b00000, 0x0000000085b00000| Untracked 
|  91|0x0000000085b00000, 0x0000000085c00000, 0x0000000085c00000|100%| O|  |TAMS 0x0000000085c00000, 0x0000000085c00000| Untracked 
|  92|0x0000000085c00000, 0x0000000085d00000, 0x0000000085d00000|100%| O|  |TAMS 0x0000000085d00000, 0x0000000085d00000| Untracked 
|  93|0x0000000085d00000, 0x0000000085e00000, 0x0000000085e00000|100%| O|  |TAMS 0x0000000085e00000, 0x0000000085e00000| Untracked 
|  94|0x0000000085e00000, 0x0000000085f00000, 0x0000000085f00000|100%| O|  |TAMS 0x0000000085f00000, 0x0000000085f00000| Untracked 
|  95|0x0000000085f00000, 0x0000000086000000, 0x0000000086000000|100%| O|  |TAMS 0x0000000086000000, 0x0000000086000000| Untracked 
|  96|0x0000000086000000, 0x0000000086100000, 0x0000000086100000|100%| O|  |TAMS 0x0000000086100000, 0x0000000086100000| Untracked 
|  97|0x0000000086100000, 0x0000000086200000, 0x0000000086200000|100%| O|  |TAMS 0x0000000086200000, 0x0000000086200000| Untracked 
|  98|0x0000000086200000, 0x0000000086300000, 0x0000000086300000|100%| O|  |TAMS 0x0000000086300000, 0x0000000086300000| Untracked 
|  99|0x0000000086300000, 0x0000000086400000, 0x0000000086400000|100%| O|  |TAMS 0x0000000086400000, 0x0000000086400000| Untracked 
| 100|0x0000000086400000, 0x0000000086500000, 0x0000000086500000|100%| O|  |TAMS 0x0000000086500000, 0x0000000086500000| Untracked 
| 101|0x0000000086500000, 0x0000000086600000, 0x0000000086600000|100%| O|  |TAMS 0x0000000086600000, 0x0000000086600000| Untracked 
| 102|0x0000000086600000, 0x0000000086700000, 0x0000000086700000|100%| O|  |TAMS 0x0000000086700000, 0x0000000086700000| Untracked 
| 103|0x0000000086700000, 0x0000000086800000, 0x0000000086800000|100%| O|  |TAMS 0x0000000086800000, 0x0000000086800000| Untracked 
| 104|0x0000000086800000, 0x0000000086900000, 0x0000000086900000|100%| O|  |TAMS 0x0000000086900000, 0x0000000086900000| Untracked 
| 105|0x0000000086900000, 0x0000000086a00000, 0x0000000086a00000|100%| O|  |TAMS 0x0000000086a00000, 0x0000000086a00000| Untracked 
| 106|0x0000000086a00000, 0x0000000086b00000, 0x0000000086b00000|100%| O|  |TAMS 0x0000000086b00000, 0x0000000086b00000| Untracked 
| 107|0x0000000086b00000, 0x0000000086c00000, 0x0000000086c00000|100%| O|  |TAMS 0x0000000086b80000, 0x0000000086c00000| Untracked 
| 108|0x0000000086c00000, 0x0000000086d00000, 0x0000000086d00000|100%|HS|  |TAMS 0x0000000086c00000, 0x0000000086d00000| Complete 
| 109|0x0000000086d00000, 0x0000000086e00000, 0x0000000086e00000|100%|HS|  |TAMS 0x0000000086d00000, 0x0000000086e00000| Complete 
| 110|0x0000000086e00000, 0x0000000086f00000, 0x0000000086f00000|100%|HS|  |TAMS 0x0000000086e00000, 0x0000000086f00000| Complete 
| 111|0x0000000086f00000, 0x0000000087000000, 0x0000000087000000|100%| O|  |TAMS 0x0000000087000000, 0x0000000087000000| Untracked 
| 112|0x0000000087000000, 0x0000000087100000, 0x0000000087100000|100%| O|  |TAMS 0x0000000087100000, 0x0000000087100000| Untracked 
| 113|0x0000000087100000, 0x0000000087200000, 0x0000000087200000|100%| O|  |TAMS 0x0000000087200000, 0x0000000087200000| Untracked 
| 114|0x0000000087200000, 0x0000000087300000, 0x0000000087300000|100%| O|  |TAMS 0x0000000087300000, 0x0000000087300000| Untracked 
| 115|0x0000000087300000, 0x0000000087400000, 0x0000000087400000|100%| O|  |TAMS 0x0000000087400000, 0x0000000087400000| Untracked 
| 116|0x0000000087400000, 0x0000000087500000, 0x0000000087500000|100%| O|  |TAMS 0x0000000087500000, 0x0000000087500000| Untracked 
| 117|0x0000000087500000, 0x0000000087600000, 0x0000000087600000|100%| O|  |TAMS 0x0000000087600000, 0x0000000087600000| Untracked 
| 118|0x0000000087600000, 0x0000000087700000, 0x0000000087700000|100%| O|  |TAMS 0x0000000087700000, 0x0000000087700000| Untracked 
| 119|0x0000000087700000, 0x0000000087800000, 0x0000000087800000|100%| O|  |TAMS 0x0000000087800000, 0x0000000087800000| Untracked 
| 120|0x0000000087800000, 0x0000000087900000, 0x0000000087900000|100%| O|  |TAMS 0x0000000087900000, 0x0000000087900000| Untracked 
| 121|0x0000000087900000, 0x0000000087a00000, 0x0000000087a00000|100%| O|  |TAMS 0x0000000087a00000, 0x0000000087a00000| Untracked 
| 122|0x0000000087a00000, 0x0000000087b00000, 0x0000000087b00000|100%| O|  |TAMS 0x0000000087b00000, 0x0000000087b00000| Untracked 
| 123|0x0000000087b00000, 0x0000000087c00000, 0x0000000087c00000|100%| O|  |TAMS 0x0000000087c00000, 0x0000000087c00000| Untracked 
| 124|0x0000000087c00000, 0x0000000087d00000, 0x0000000087d00000|100%| O|  |TAMS 0x0000000087d00000, 0x0000000087d00000| Untracked 
| 125|0x0000000087d00000, 0x0000000087e00000, 0x0000000087e00000|100%| O|  |TAMS 0x0000000087e00000, 0x0000000087e00000| Untracked 
| 126|0x0000000087e00000, 0x0000000087f00000, 0x0000000087f00000|100%| O|  |TAMS 0x0000000087f00000, 0x0000000087f00000| Untracked 
| 127|0x0000000087f00000, 0x0000000088000000, 0x0000000088000000|100%|HS|  |TAMS 0x0000000087f00000, 0x0000000088000000| Complete 
| 128|0x0000000088000000, 0x0000000088100000, 0x0000000088100000|100%|HC|  |TAMS 0x0000000088000000, 0x0000000088100000| Complete 
| 129|0x0000000088100000, 0x0000000088200000, 0x0000000088200000|100%| O|  |TAMS 0x0000000088100000, 0x0000000088200000| Untracked 
| 130|0x0000000088200000, 0x0000000088200000, 0x0000000088300000|  0%| F|  |TAMS 0x0000000088200000, 0x0000000088200000| Untracked 
| 131|0x0000000088300000, 0x0000000088300000, 0x0000000088400000|  0%| F|  |TAMS 0x0000000088300000, 0x0000000088300000| Untracked 
| 132|0x0000000088400000, 0x0000000088400000, 0x0000000088500000|  0%| F|  |TAMS 0x0000000088400000, 0x0000000088400000| Untracked 
| 133|0x0000000088500000, 0x0000000088500000, 0x0000000088600000|  0%| F|  |TAMS 0x0000000088500000, 0x0000000088500000| Untracked 
| 134|0x0000000088600000, 0x0000000088600000, 0x0000000088700000|  0%| F|  |TAMS 0x0000000088600000, 0x0000000088600000| Untracked 
| 135|0x0000000088700000, 0x0000000088700000, 0x0000000088800000|  0%| F|  |TAMS 0x0000000088700000, 0x0000000088700000| Untracked 
| 136|0x0000000088800000, 0x0000000088800000, 0x0000000088900000|  0%| F|  |TAMS 0x0000000088800000, 0x0000000088800000| Untracked 
| 137|0x0000000088900000, 0x0000000088900000, 0x0000000088a00000|  0%| F|  |TAMS 0x0000000088900000, 0x0000000088900000| Untracked 
| 138|0x0000000088a00000, 0x0000000088a00000, 0x0000000088b00000|  0%| F|  |TAMS 0x0000000088a00000, 0x0000000088a00000| Untracked 
| 139|0x0000000088b00000, 0x0000000088b00000, 0x0000000088c00000|  0%| F|  |TAMS 0x0000000088b00000, 0x0000000088b00000| Untracked 
| 140|0x0000000088c00000, 0x0000000088c00000, 0x0000000088d00000|  0%| F|  |TAMS 0x0000000088c00000, 0x0000000088c00000| Untracked 
| 141|0x0000000088d00000, 0x0000000088d00000, 0x0000000088e00000|  0%| F|  |TAMS 0x0000000088d00000, 0x0000000088d00000| Untracked 
| 142|0x0000000088e00000, 0x0000000088e00000, 0x0000000088f00000|  0%| F|  |TAMS 0x0000000088e00000, 0x0000000088e00000| Untracked 
| 143|0x0000000088f00000, 0x0000000088f00000, 0x0000000089000000|  0%| F|  |TAMS 0x0000000088f00000, 0x0000000088f00000| Untracked 
| 144|0x0000000089000000, 0x0000000089000000, 0x0000000089100000|  0%| F|  |TAMS 0x0000000089000000, 0x0000000089000000| Untracked 
| 145|0x0000000089100000, 0x0000000089100000, 0x0000000089200000|  0%| F|  |TAMS 0x0000000089100000, 0x0000000089100000| Untracked 
| 146|0x0000000089200000, 0x0000000089200000, 0x0000000089300000|  0%| F|  |TAMS 0x0000000089200000, 0x0000000089200000| Untracked 
| 147|0x0000000089300000, 0x0000000089300000, 0x0000000089400000|  0%| F|  |TAMS 0x0000000089300000, 0x0000000089300000| Untracked 
| 148|0x0000000089400000, 0x0000000089400000, 0x0000000089500000|  0%| F|  |TAMS 0x0000000089400000, 0x0000000089400000| Untracked 
| 149|0x0000000089500000, 0x0000000089500000, 0x0000000089600000|  0%| F|  |TAMS 0x0000000089500000, 0x0000000089500000| Untracked 
| 150|0x0000000089600000, 0x0000000089600000, 0x0000000089700000|  0%| F|  |TAMS 0x0000000089600000, 0x0000000089600000| Untracked 
| 151|0x0000000089700000, 0x0000000089700000, 0x0000000089800000|  0%| F|  |TAMS 0x0000000089700000, 0x0000000089700000| Untracked 
| 152|0x0000000089800000, 0x0000000089800000, 0x0000000089900000|  0%| F|  |TAMS 0x0000000089800000, 0x0000000089800000| Untracked 
| 153|0x0000000089900000, 0x0000000089900000, 0x0000000089a00000|  0%| F|  |TAMS 0x0000000089900000, 0x0000000089900000| Untracked 
| 154|0x0000000089a00000, 0x0000000089a00000, 0x0000000089b00000|  0%| F|  |TAMS 0x0000000089a00000, 0x0000000089a00000| Untracked 
| 155|0x0000000089b00000, 0x0000000089b00000, 0x0000000089c00000|  0%| F|  |TAMS 0x0000000089b00000, 0x0000000089b00000| Untracked 
| 156|0x0000000089c00000, 0x0000000089c00000, 0x0000000089d00000|  0%| F|  |TAMS 0x0000000089c00000, 0x0000000089c00000| Untracked 
| 157|0x0000000089d00000, 0x0000000089d00000, 0x0000000089e00000|  0%| F|  |TAMS 0x0000000089d00000, 0x0000000089d00000| Untracked 
| 158|0x0000000089e00000, 0x0000000089e00000, 0x0000000089f00000|  0%| F|  |TAMS 0x0000000089e00000, 0x0000000089e00000| Untracked 
| 159|0x0000000089f00000, 0x0000000089f00000, 0x000000008a000000|  0%| F|  |TAMS 0x0000000089f00000, 0x0000000089f00000| Untracked 
| 160|0x000000008a000000, 0x000000008a000000, 0x000000008a100000|  0%| F|  |TAMS 0x000000008a000000, 0x000000008a000000| Untracked 
| 161|0x000000008a100000, 0x000000008a100000, 0x000000008a200000|  0%| F|  |TAMS 0x000000008a100000, 0x000000008a100000| Untracked 
| 162|0x000000008a200000, 0x000000008a200000, 0x000000008a300000|  0%| F|  |TAMS 0x000000008a200000, 0x000000008a200000| Untracked 
| 163|0x000000008a300000, 0x000000008a300000, 0x000000008a400000|  0%| F|  |TAMS 0x000000008a300000, 0x000000008a300000| Untracked 
| 164|0x000000008a400000, 0x000000008a400000, 0x000000008a500000|  0%| F|  |TAMS 0x000000008a400000, 0x000000008a400000| Untracked 
| 165|0x000000008a500000, 0x000000008a500000, 0x000000008a600000|  0%| F|  |TAMS 0x000000008a500000, 0x000000008a500000| Untracked 
| 166|0x000000008a600000, 0x000000008a600000, 0x000000008a700000|  0%| F|  |TAMS 0x000000008a600000, 0x000000008a600000| Untracked 
| 167|0x000000008a700000, 0x000000008a700000, 0x000000008a800000|  0%| F|  |TAMS 0x000000008a700000, 0x000000008a700000| Untracked 
| 168|0x000000008a800000, 0x000000008a800000, 0x000000008a900000|  0%| F|  |TAMS 0x000000008a800000, 0x000000008a800000| Untracked 
| 169|0x000000008a900000, 0x000000008a900000, 0x000000008aa00000|  0%| F|  |TAMS 0x000000008a900000, 0x000000008a900000| Untracked 
| 170|0x000000008aa00000, 0x000000008aa00000, 0x000000008ab00000|  0%| F|  |TAMS 0x000000008aa00000, 0x000000008aa00000| Untracked 
| 171|0x000000008ab00000, 0x000000008ab00000, 0x000000008ac00000|  0%| F|  |TAMS 0x000000008ab00000, 0x000000008ab00000| Untracked 
| 172|0x000000008ac00000, 0x000000008ac00000, 0x000000008ad00000|  0%| F|  |TAMS 0x000000008ac00000, 0x000000008ac00000| Untracked 
| 173|0x000000008ad00000, 0x000000008ad00000, 0x000000008ae00000|  0%| F|  |TAMS 0x000000008ad00000, 0x000000008ad00000| Untracked 
| 174|0x000000008ae00000, 0x000000008ae00000, 0x000000008af00000|  0%| F|  |TAMS 0x000000008ae00000, 0x000000008ae00000| Untracked 
| 175|0x000000008af00000, 0x000000008af00000, 0x000000008b000000|  0%| F|  |TAMS 0x000000008af00000, 0x000000008af00000| Untracked 
| 176|0x000000008b000000, 0x000000008b000000, 0x000000008b100000|  0%| F|  |TAMS 0x000000008b000000, 0x000000008b000000| Untracked 
| 177|0x000000008b100000, 0x000000008b100000, 0x000000008b200000|  0%| F|  |TAMS 0x000000008b100000, 0x000000008b100000| Untracked 
| 178|0x000000008b200000, 0x000000008b200000, 0x000000008b300000|  0%| F|  |TAMS 0x000000008b200000, 0x000000008b200000| Untracked 
| 179|0x000000008b300000, 0x000000008b300000, 0x000000008b400000|  0%| F|  |TAMS 0x000000008b300000, 0x000000008b300000| Untracked 
| 180|0x000000008b400000, 0x000000008b400000, 0x000000008b500000|  0%| F|  |TAMS 0x000000008b400000, 0x000000008b400000| Untracked 
| 181|0x000000008b500000, 0x000000008b500000, 0x000000008b600000|  0%| F|  |TAMS 0x000000008b500000, 0x000000008b500000| Untracked 
| 182|0x000000008b600000, 0x000000008b600000, 0x000000008b700000|  0%| F|  |TAMS 0x000000008b600000, 0x000000008b600000| Untracked 
| 183|0x000000008b700000, 0x000000008b700000, 0x000000008b800000|  0%| F|  |TAMS 0x000000008b700000, 0x000000008b700000| Untracked 
| 184|0x000000008b800000, 0x000000008b800000, 0x000000008b900000|  0%| F|  |TAMS 0x000000008b800000, 0x000000008b800000| Untracked 
| 185|0x000000008b900000, 0x000000008b900000, 0x000000008ba00000|  0%| F|  |TAMS 0x000000008b900000, 0x000000008b900000| Untracked 
| 186|0x000000008ba00000, 0x000000008ba00000, 0x000000008bb00000|  0%| F|  |TAMS 0x000000008ba00000, 0x000000008ba00000| Untracked 
| 187|0x000000008bb00000, 0x000000008bb00000, 0x000000008bc00000|  0%| F|  |TAMS 0x000000008bb00000, 0x000000008bb00000| Untracked 
| 188|0x000000008bc00000, 0x000000008bc00000, 0x000000008bd00000|  0%| F|  |TAMS 0x000000008bc00000, 0x000000008bc00000| Untracked 
| 189|0x000000008bd00000, 0x000000008bd00000, 0x000000008be00000|  0%| F|  |TAMS 0x000000008bd00000, 0x000000008bd00000| Untracked 
| 190|0x000000008be00000, 0x000000008be00000, 0x000000008bf00000|  0%| F|  |TAMS 0x000000008be00000, 0x000000008be00000| Untracked 
| 191|0x000000008bf00000, 0x000000008bf00000, 0x000000008c000000|  0%| F|  |TAMS 0x000000008bf00000, 0x000000008bf00000| Untracked 
| 192|0x000000008c000000, 0x000000008c000000, 0x000000008c100000|  0%| F|  |TAMS 0x000000008c000000, 0x000000008c000000| Untracked 
| 193|0x000000008c100000, 0x000000008c100000, 0x000000008c200000|  0%| F|  |TAMS 0x000000008c100000, 0x000000008c100000| Untracked 
| 194|0x000000008c200000, 0x000000008c200000, 0x000000008c300000|  0%| F|  |TAMS 0x000000008c200000, 0x000000008c200000| Untracked 
| 195|0x000000008c300000, 0x000000008c300000, 0x000000008c400000|  0%| F|  |TAMS 0x000000008c300000, 0x000000008c300000| Untracked 
| 196|0x000000008c400000, 0x000000008c400000, 0x000000008c500000|  0%| F|  |TAMS 0x000000008c400000, 0x000000008c400000| Untracked 
| 197|0x000000008c500000, 0x000000008c500000, 0x000000008c600000|  0%| F|  |TAMS 0x000000008c500000, 0x000000008c500000| Untracked 
| 198|0x000000008c600000, 0x000000008c600000, 0x000000008c700000|  0%| F|  |TAMS 0x000000008c600000, 0x000000008c600000| Untracked 
| 199|0x000000008c700000, 0x000000008c700000, 0x000000008c800000|  0%| F|  |TAMS 0x000000008c700000, 0x000000008c700000| Untracked 
| 200|0x000000008c800000, 0x000000008c800000, 0x000000008c900000|  0%| F|  |TAMS 0x000000008c800000, 0x000000008c800000| Untracked 
| 201|0x000000008c900000, 0x000000008c900000, 0x000000008ca00000|  0%| F|  |TAMS 0x000000008c900000, 0x000000008c900000| Untracked 
| 202|0x000000008ca00000, 0x000000008ca00000, 0x000000008cb00000|  0%| F|  |TAMS 0x000000008ca00000, 0x000000008ca00000| Untracked 
| 203|0x000000008cb00000, 0x000000008cb00000, 0x000000008cc00000|  0%| F|  |TAMS 0x000000008cb00000, 0x000000008cb00000| Untracked 
| 204|0x000000008cc00000, 0x000000008cc00000, 0x000000008cd00000|  0%| F|  |TAMS 0x000000008cc00000, 0x000000008cc00000| Untracked 
| 205|0x000000008cd00000, 0x000000008cd00000, 0x000000008ce00000|  0%| F|  |TAMS 0x000000008cd00000, 0x000000008cd00000| Untracked 
| 206|0x000000008ce00000, 0x000000008ce40018, 0x000000008cf00000| 25%| S|CS|TAMS 0x000000008ce00000, 0x000000008ce00000| Complete 
| 207|0x000000008cf00000, 0x000000008d000000, 0x000000008d000000|100%| S|CS|TAMS 0x000000008cf00000, 0x000000008cf00000| Complete 
| 208|0x000000008d000000, 0x000000008d100000, 0x000000008d100000|100%| S|CS|TAMS 0x000000008d000000, 0x000000008d000000| Complete 
| 209|0x000000008d100000, 0x000000008d200000, 0x000000008d200000|100%| S|CS|TAMS 0x000000008d100000, 0x000000008d100000| Complete 
| 210|0x000000008d200000, 0x000000008d200000, 0x000000008d300000|  0%| F|  |TAMS 0x000000008d200000, 0x000000008d200000| Untracked 
| 211|0x000000008d300000, 0x000000008d300000, 0x000000008d400000|  0%| F|  |TAMS 0x000000008d300000, 0x000000008d300000| Untracked 
| 212|0x000000008d400000, 0x000000008d400000, 0x000000008d500000|  0%| F|  |TAMS 0x000000008d400000, 0x000000008d400000| Untracked 
| 213|0x000000008d500000, 0x000000008d500000, 0x000000008d600000|  0%| F|  |TAMS 0x000000008d500000, 0x000000008d500000| Untracked 
| 214|0x000000008d600000, 0x000000008d600000, 0x000000008d700000|  0%| F|  |TAMS 0x000000008d600000, 0x000000008d600000| Untracked 
| 215|0x000000008d700000, 0x000000008d700000, 0x000000008d800000|  0%| F|  |TAMS 0x000000008d700000, 0x000000008d700000| Untracked 
| 216|0x000000008d800000, 0x000000008d800000, 0x000000008d900000|  0%| F|  |TAMS 0x000000008d800000, 0x000000008d800000| Untracked 
| 217|0x000000008d900000, 0x000000008d900000, 0x000000008da00000|  0%| F|  |TAMS 0x000000008d900000, 0x000000008d900000| Untracked 
| 218|0x000000008da00000, 0x000000008da00000, 0x000000008db00000|  0%| F|  |TAMS 0x000000008da00000, 0x000000008da00000| Untracked 
| 219|0x000000008db00000, 0x000000008db00000, 0x000000008dc00000|  0%| F|  |TAMS 0x000000008db00000, 0x000000008db00000| Untracked 
| 220|0x000000008dc00000, 0x000000008dc00000, 0x000000008dd00000|  0%| F|  |TAMS 0x000000008dc00000, 0x000000008dc00000| Untracked 
| 221|0x000000008dd00000, 0x000000008dd00000, 0x000000008de00000|  0%| F|  |TAMS 0x000000008dd00000, 0x000000008dd00000| Untracked 

Card table byte_map: [0x000001e72af30000,0x000001e72b330000] _byte_map_base: 0x000001e72ab30000

Marking Bits (Prev, Next): (CMBitMap*) 0x000001e7181ff4e8, (CMBitMap*) 0x000001e7181ff520
 Prev Bits: [0x000001e72b730000, 0x000001e72d730000)
 Next Bits: [0x000001e72d730000, 0x000001e72f730000)

Polling page: 0x000001e7160b0000

Metaspace:

Usage:
  Non-class:     72.43 MB capacity,    71.17 MB ( 98%) used,     1.03 MB (  1%) free+waste,   228.75 KB ( <1%) overhead. 
      Class:     11.52 MB capacity,    10.75 MB ( 93%) used,   685.88 KB (  6%) free+waste,   106.06 KB ( <1%) overhead. 
       Both:     83.95 MB capacity,    81.92 MB ( 98%) used,     1.70 MB (  2%) free+waste,   334.81 KB ( <1%) overhead. 

Virtual space:
  Non-class space:       74.00 MB reserved,      72.50 MB ( 98%) committed 
      Class space:        1.00 GB reserved,      11.57 MB (  1%) committed 
             Both:        1.07 GB reserved,      84.07 MB (  8%) committed 

Chunk freelists:
   Non-Class:  74.00 KB
       Class:  42.00 KB
        Both:  116.00 KB

MaxMetaspaceSize: 17179869184.00 GB
CompressedClassSpaceSize: 1.00 GB

CodeHeap 'non-profiled nmethods': size=120064Kb used=5603Kb max_used=5603Kb free=114460Kb
 bounds [0x000001e7235f0000, 0x000001e723b70000, 0x000001e72ab30000]
CodeHeap 'profiled nmethods': size=120000Kb used=21463Kb max_used=21463Kb free=98536Kb
 bounds [0x000001e71c0c0000, 0x000001e71d5c0000, 0x000001e7235f0000]
CodeHeap 'non-nmethods': size=5696Kb used=2257Kb max_used=2315Kb free=3438Kb
 bounds [0x000001e71bb30000, 0x000001e71bda0000, 0x000001e71c0c0000]
 total_blobs=10870 nmethods=10021 adapters=759
 compilation: enabled
              stopped_count=0, restarted_count=0
 full_count=0

Compilation events (20 events):
Event: 21.362 Thread 0x000001e731c46800 10359 %     3       com.android.tools.r8.graph.C1::a @ 52 (104 bytes)
Event: 21.363 Thread 0x000001e731c46800 nmethod 10359% 0x000001e71d5b5990 code [0x000001e71d5b5c40, 0x000001e71d5b68e8]
Event: 21.363 Thread 0x000001e731c46800 10360       3       com.android.tools.r8.graph.C1::a (104 bytes)
Event: 21.364 Thread 0x000001e731c46800 nmethod 10360 0x000001e71d5b6c90 code [0x000001e71d5b6f20, 0x000001e71d5b7b78]
Event: 21.376 Thread 0x000001e731c46800 10363       2       com.android.tools.r8.graph.q0::a (9 bytes)
Event: 21.376 Thread 0x000001e731c46800 nmethod 10363 0x000001e71d5b7f10 code [0x000001e71d5b80c0, 0x000001e71d5b8208]
Event: 21.378 Thread 0x000001e731c46800 10365       3       com.android.tools.r8.graph.q0::b (150 bytes)
Event: 21.379 Thread 0x000001e731c46800 nmethod 10365 0x000001e71d5b8310 code [0x000001e71d5b8500, 0x000001e71d5b8a18]
Event: 21.389 Thread 0x000001e731c3c800 nmethod 10149 0x000001e723b5a210 code [0x000001e723b5a780, 0x000001e723b5f880]
Event: 21.392 Thread 0x000001e731c3c800 10366       4       com.android.tools.r8.graph.q0::b (150 bytes)
Event: 21.394 Thread 0x000001e7338b2800 nmethod 10354% 0x000001e723b62110 code [0x000001e723b62320, 0x000001e723b63bd8]
Event: 21.394 Thread 0x000001e7338b2800 10362 %     4       java.util.IdentityHashMap$KeySet::toArray @ 49 (139 bytes)
Event: 21.402 Thread 0x000001e731c3c800 nmethod 10366 0x000001e723b64610 code [0x000001e723b647c0, 0x000001e723b64c18]
Event: 21.402 Thread 0x000001e731c3c800 10367       4       java.util.TimSort::mergeHi (732 bytes)
Event: 21.404 Thread 0x000001e7338b2800 nmethod 10362% 0x000001e723b64e10 code [0x000001e723b64fc0, 0x000001e723b65438]
Event: 21.404 Thread 0x000001e7338b2800 10361       4       com.android.tools.r8.w.a.a.a.h.V0::a (272 bytes)
Event: 21.413 Thread 0x000001e7338b2800 nmethod 10361 0x000001e723b65710 code [0x000001e723b658e0, 0x000001e723b65e28]
Event: 21.413 Thread 0x000001e7338b2800 10364       4       java.util.TimSort::mergeLo (659 bytes)
Event: 21.453 Thread 0x000001e731c3c800 nmethod 10367 0x000001e723b66290 code [0x000001e723b664a0, 0x000001e723b68198]
Event: 21.453 Thread 0x000001e731c3c800 10150       4       com.android.tools.r8.dex.P$g::b (20 bytes)

GC Heap History (20 events):
Event: 7.465 GC heap after
{Heap after GC invocations=10 (full 0):
 garbage-first heap   total 157696K, used 24861K [0x0000000080000000, 0x0000000100000000)
  region size 1024K, 7 young (7168K), 7 survivors (7168K)
 Metaspace       used 41547K, capacity 42433K, committed 42572K, reserved 1085440K
  class space    used 5334K, capacity 5642K, committed 5708K, reserved 1048576K
}
Event: 8.719 GC heap before
{Heap before GC invocations=10 (full 0):
 garbage-first heap   total 157696K, used 105757K [0x0000000080000000, 0x0000000100000000)
  region size 1024K, 84 young (86016K), 7 survivors (7168K)
 Metaspace       used 45547K, capacity 46684K, committed 46796K, reserved 1089536K
  class space    used 5855K, capacity 6257K, committed 6348K, reserved 1048576K
}
Event: 8.737 GC heap after
{Heap after GC invocations=11 (full 0):
 garbage-first heap   total 157696K, used 36007K [0x0000000080000000, 0x0000000100000000)
  region size 1024K, 11 young (11264K), 11 survivors (11264K)
 Metaspace       used 45547K, capacity 46684K, committed 46796K, reserved 1089536K
  class space    used 5855K, capacity 6257K, committed 6348K, reserved 1048576K
}
Event: 10.189 GC heap before
{Heap before GC invocations=11 (full 0):
 garbage-first heap   total 157696K, used 107687K [0x0000000080000000, 0x0000000100000000)
  region size 1024K, 82 young (83968K), 11 survivors (11264K)
 Metaspace       used 56015K, capacity 57364K, committed 57548K, reserved 1099776K
  class space    used 7125K, capacity 7597K, committed 7628K, reserved 1048576K
}
Event: 10.210 GC heap after
{Heap after GC invocations=12 (full 0):
 garbage-first heap   total 189440K, used 41538K [0x0000000080000000, 0x0000000100000000)
  region size 1024K, 5 young (5120K), 5 survivors (5120K)
 Metaspace       used 56015K, capacity 57364K, committed 57548K, reserved 1099776K
  class space    used 7125K, capacity 7597K, committed 7628K, reserved 1048576K
}
Event: 10.801 GC heap before
{Heap before GC invocations=12 (full 0):
 garbage-first heap   total 189440K, used 70210K [0x0000000080000000, 0x0000000100000000)
  region size 1024K, 33 young (33792K), 5 survivors (5120K)
 Metaspace       used 58845K, capacity 60147K, committed 60236K, reserved 1101824K
  class space    used 7449K, capacity 7937K, committed 8012K, reserved 1048576K
}
Event: 10.817 GC heap after
{Heap after GC invocations=13 (full 0):
 garbage-first heap   total 189440K, used 43662K [0x0000000080000000, 0x0000000100000000)
  region size 1024K, 7 young (7168K), 7 survivors (7168K)
 Metaspace       used 58845K, capacity 60147K, committed 60236K, reserved 1101824K
  class space    used 7449K, capacity 7937K, committed 8012K, reserved 1048576K
}
Event: 12.410 GC heap before
{Heap before GC invocations=14 (full 0):
 garbage-first heap   total 189440K, used 127630K [0x0000000080000000, 0x0000000100000000)
  region size 1024K, 89 young (91136K), 7 survivors (7168K)
 Metaspace       used 66417K, capacity 67953K, committed 68172K, reserved 1107968K
  class space    used 8670K, capacity 9226K, committed 9292K, reserved 1048576K
}
Event: 12.429 GC heap after
{Heap after GC invocations=15 (full 0):
 garbage-first heap   total 189440K, used 48585K [0x0000000080000000, 0x0000000100000000)
  region size 1024K, 12 young (12288K), 12 survivors (12288K)
 Metaspace       used 66417K, capacity 67953K, committed 68172K, reserved 1107968K
  class space    used 8670K, capacity 9226K, committed 9292K, reserved 1048576K
}
Event: 14.341 GC heap before
{Heap before GC invocations=15 (full 0):
 garbage-first heap   total 189440K, used 136649K [0x0000000080000000, 0x0000000100000000)
  region size 1024K, 98 young (100352K), 12 survivors (12288K)
 Metaspace       used 74856K, capacity 76626K, committed 76748K, reserved 1116160K
  class space    used 9782K, capacity 10412K, committed 10444K, reserved 1048576K
}
Event: 14.366 GC heap after
{Heap after GC invocations=16 (full 0):
 garbage-first heap   total 189440K, used 54492K [0x0000000080000000, 0x0000000100000000)
  region size 1024K, 12 young (12288K), 12 survivors (12288K)
 Metaspace       used 74856K, capacity 76626K, committed 76748K, reserved 1116160K
  class space    used 9782K, capacity 10412K, committed 10444K, reserved 1048576K
}
Event: 16.744 GC heap before
{Heap before GC invocations=16 (full 0):
 garbage-first heap   total 189440K, used 141532K [0x0000000080000000, 0x0000000100000000)
  region size 1024K, 98 young (100352K), 12 survivors (12288K)
 Metaspace       used 75980K, capacity 77815K, committed 77900K, reserved 1116160K
  class space    used 9856K, capacity 10523K, committed 10572K, reserved 1048576K
}
Event: 16.778 GC heap after
{Heap after GC invocations=17 (full 0):
 garbage-first heap   total 227328K, used 59588K [0x0000000080000000, 0x0000000100000000)
  region size 1024K, 11 young (11264K), 11 survivors (11264K)
 Metaspace       used 75980K, capacity 77815K, committed 77900K, reserved 1116160K
  class space    used 9856K, capacity 10523K, committed 10572K, reserved 1048576K
}
Event: 19.249 GC heap before
{Heap before GC invocations=17 (full 0):
 garbage-first heap   total 227328K, used 190660K [0x0000000080000000, 0x0000000100000000)
  region size 1024K, 122 young (124928K), 11 survivors (11264K)
 Metaspace       used 81190K, capacity 83122K, committed 83404K, reserved 1122304K
  class space    used 10661K, capacity 11361K, committed 11468K, reserved 1048576K
}
Event: 19.327 GC heap after
{Heap after GC invocations=18 (full 0):
 garbage-first heap   total 227328K, used 92950K [0x0000000080000000, 0x0000000100000000)
  region size 1024K, 16 young (16384K), 16 survivors (16384K)
 Metaspace       used 81190K, capacity 83122K, committed 83404K, reserved 1122304K
  class space    used 10661K, capacity 11361K, committed 11468K, reserved 1048576K
}
Event: 20.372 GC heap before
{Heap before GC invocations=18 (full 0):
 garbage-first heap   total 227328K, used 169750K [0x0000000080000000, 0x0000000100000000)
  region size 1024K, 92 young (94208K), 16 survivors (16384K)
 Metaspace       used 83683K, capacity 85827K, committed 86092K, reserved 1124352K
  class space    used 10998K, capacity 11780K, committed 11852K, reserved 1048576K
}
Event: 20.475 GC heap after
{Heap after GC invocations=19 (full 0):
 garbage-first heap   total 227328K, used 125696K [0x0000000080000000, 0x0000000100000000)
  region size 1024K, 12 young (12288K), 12 survivors (12288K)
 Metaspace       used 83683K, capacity 85827K, committed 86092K, reserved 1124352K
  class space    used 10998K, capacity 11780K, committed 11852K, reserved 1048576K
}
Event: 20.694 GC heap before
{Heap before GC invocations=19 (full 0):
 garbage-first heap   total 227328K, used 144128K [0x0000000080000000, 0x0000000100000000)
  region size 1024K, 31 young (31744K), 12 survivors (12288K)
 Metaspace       used 83696K, capacity 85830K, committed 86092K, reserved 1124352K
  class space    used 10998K, capacity 11780K, committed 11852K, reserved 1048576K
}
Event: 20.734 GC heap after
{Heap after GC invocations=20 (full 0):
 garbage-first heap   total 227328K, used 132096K [0x0000000080000000, 0x0000000100000000)
  region size 1024K, 6 young (6144K), 6 survivors (6144K)
 Metaspace       used 83696K, capacity 85830K, committed 86092K, reserved 1124352K
  class space    used 10998K, capacity 11780K, committed 11852K, reserved 1048576K
}
Event: 21.463 GC heap before
{Heap before GC invocations=21 (full 0):
 garbage-first heap   total 227328K, used 143360K [0x0000000080000000, 0x0000000100000000)
  region size 1024K, 18 young (18432K), 6 survivors (6144K)
 Metaspace       used 83889K, capacity 85964K, committed 86092K, reserved 1124352K
  class space    used 11006K, capacity 11798K, committed 11852K, reserved 1048576K
}

Deoptimization events (20 events):
Event: 21.442 Thread 0x000001e732727000 DEOPT PACKING pc=0x000001e71d5a4748 sp=0x0000005e447fe5e0
Event: 21.442 Thread 0x000001e732727000 DEOPT UNPACKING pc=0x000001e71bb572ce sp=0x0000005e447fdac8 mode 0
Event: 21.443 Thread 0x000001e732727000 DEOPT PACKING pc=0x000001e71d5ae061 sp=0x0000005e447fe5d0
Event: 21.443 Thread 0x000001e732727000 DEOPT UNPACKING pc=0x000001e71bb572ce sp=0x0000005e447fdac0 mode 0
Event: 21.443 Thread 0x000001e732727000 DEOPT PACKING pc=0x000001e71d5a4748 sp=0x0000005e447fe5e0
Event: 21.443 Thread 0x000001e732727000 DEOPT UNPACKING pc=0x000001e71bb572ce sp=0x0000005e447fdac8 mode 0
Event: 21.445 Thread 0x000001e732727000 DEOPT PACKING pc=0x000001e71d5a4748 sp=0x0000005e447fe5e0
Event: 21.445 Thread 0x000001e732727000 DEOPT UNPACKING pc=0x000001e71bb572ce sp=0x0000005e447fdac8 mode 0
Event: 21.445 Thread 0x000001e732727000 DEOPT PACKING pc=0x000001e71d5a4748 sp=0x0000005e447fe5e0
Event: 21.445 Thread 0x000001e732727000 DEOPT UNPACKING pc=0x000001e71bb572ce sp=0x0000005e447fdac8 mode 0
Event: 21.447 Thread 0x000001e732727000 DEOPT PACKING pc=0x000001e71d5ae061 sp=0x0000005e447fe5d0
Event: 21.447 Thread 0x000001e732727000 DEOPT UNPACKING pc=0x000001e71bb572ce sp=0x0000005e447fdac0 mode 0
Event: 21.447 Thread 0x000001e732727000 DEOPT PACKING pc=0x000001e71d5a4748 sp=0x0000005e447fe5e0
Event: 21.447 Thread 0x000001e732727000 DEOPT UNPACKING pc=0x000001e71bb572ce sp=0x0000005e447fdac8 mode 0
Event: 21.448 Thread 0x000001e732727000 DEOPT PACKING pc=0x000001e71d5a4748 sp=0x0000005e447fe5e0
Event: 21.448 Thread 0x000001e732727000 DEOPT UNPACKING pc=0x000001e71bb572ce sp=0x0000005e447fdac8 mode 0
Event: 21.450 Thread 0x000001e732727000 DEOPT PACKING pc=0x000001e71d5ae061 sp=0x0000005e447fe5a0
Event: 21.450 Thread 0x000001e732727000 DEOPT UNPACKING pc=0x000001e71bb572ce sp=0x0000005e447fda90 mode 0
Event: 21.452 Thread 0x000001e732727000 DEOPT PACKING pc=0x000001e71d5ae061 sp=0x0000005e447fe5a0
Event: 21.452 Thread 0x000001e732727000 DEOPT UNPACKING pc=0x000001e71bb572ce sp=0x0000005e447fda90 mode 0

Classes redefined (0 events):
No events

Internal exceptions (20 events):
Event: 16.990 Thread 0x000001e732724800 Exception <a 'sun/nio/fs/WindowsException'{0x000000008d8b9a40}> (0x000000008d8b9a40) thrown at [./src/hotspot/share/prims/jni.cpp, line 615]
Event: 18.042 Thread 0x000001e73342d000 Exception <a 'java/lang/NoSuchMethodError'{0x000000008d9f8768}: 'java.lang.Object java.lang.invoke.DirectMethodHandle$Holder.invokeSpecial(java.lang.Object, java.lang.Object, int, java.lang.Object, java.lang.Object)'> (0x000000008d9f8768) thrown at [./src/hotspot/share/interpreter/linkResolver.cpp, line 773]
Event: 18.056 Thread 0x000001e73342d000 Exception <a 'java/lang/NoSuchMethodError'{0x000000008b0eef78}: 'java.lang.Object java.lang.invoke.DirectMethodHandle$Holder.invokeStatic(java.lang.Object, java.lang.Object, int, java.lang.Object)'> (0x000000008b0eef78) thrown at [./src/hotspot/share/interpreter/linkResolver.cpp, line 773]
Event: 18.058 Thread 0x000001e73342d000 Exception <a 'java/lang/NoSuchMethodError'{0x000000008b0f3468}: 'java.lang.Object java.lang.invoke.Invokers$Holder.linkToTargetMethod(java.lang.Object, int, java.lang.Object, java.lang.Object)'> (0x000000008b0f3468) thrown at [./src/hotspot/share/interpreter/linkResolver.cpp, line 773]
Event: 18.062 Thread 0x000001e73342d000 Exception <a 'java/lang/NoSuchMethodError'{0x000000008af0a7b8}: 'void java.lang.invoke.DirectMethodHandle$Holder.invokeVirtual(java.lang.Object, java.lang.Object)'> (0x000000008af0a7b8) thrown at [./src/hotspot/share/interpreter/linkResolver.cpp, line 773]
Event: 18.537 Thread 0x000001e732726000 Exception <a 'sun/nio/fs/WindowsException'{0x000000008a0d5f98}> (0x000000008a0d5f98) thrown at [./src/hotspot/share/prims/jni.cpp, line 615]
Event: 18.611 Thread 0x000001e732726000 Exception <a 'java/lang/NoSuchMethodError'{0x0000000089d2d640}: 'int java.lang.invoke.DirectMethodHandle$Holder.invokeVirtual(java.lang.Object, java.lang.Object, java.lang.Object)'> (0x0000000089d2d640) thrown at [./src/hotspot/share/interpreter/linkResolver.cpp, line 773]
Event: 18.670 Thread 0x000001e732726000 Exception <a 'java/lang/NoSuchMethodError'{0x0000000089b0e488}: 'java.lang.Object java.lang.invoke.DirectMethodHandle$Holder.invokeStatic(java.lang.Object, java.lang.Object, java.lang.Object, java.lang.Object, java.lang.Object, java.lang.Object, java.lang.Object, java.lang.Object, java.lang.Object, java.lang.Object, java.lang.Object, java.lang.Object, java.lang.Object, java.lang.Object, java.lang.Object, java.lang.Object, java.lang.Object, int, java.lang.Object)'> (0x0000000089b0e488) thrown at [./src/hots
Event: 18.670 Thread 0x000001e732726000 Exception <a 'java/lang/NoSuchMethodError'{0x0000000089b13ad8}: 'java.lang.Object java.lang.invoke.DirectMethodHandle$Holder.invokeStaticInit(java.lang.Object, java.lang.Object, java.lang.Object, java.lang.Object, java.lang.Object, java.lang.Object, java.lang.Object, java.lang.Object, java.lang.Object, java.lang.Object, java.lang.Object, java.lang.Object, java.lang.Object, java.lang.Object, java.lang.Object, java.lang.Object, java.lang.Object, int, java.lang.Object)'> (0x0000000089b13ad8) thrown at [./src/
Event: 19.017 Thread 0x000001e736928000 Exception <a 'java/lang/NoSuchMethodError'{0x000000008799caf8}: 'java.lang.Object java.lang.invoke.DirectMethodHandle$Holder.newInvokeSpecial(java.lang.Object, int)'> (0x000000008799caf8) thrown at [./src/hotspot/share/interpreter/linkResolver.cpp, line 773]
Event: 19.788 Thread 0x000001e732726000 Exception <a 'java/lang/NoSuchMethodError'{0x000000008b2232d8}: 'void java.lang.invoke.DirectMethodHandle$Holder.invokeStatic(java.lang.Object, java.lang.Object, java.lang.Object, int)'> (0x000000008b2232d8) thrown at [./src/hotspot/share/interpreter/linkResolver.cpp, line 773]
Event: 19.789 Thread 0x000001e732726000 Exception <a 'java/lang/IncompatibleClassChangeError'{0x000000008b22b1b0}: Found class java.lang.Object, but interface was expected> (0x000000008b22b1b0) thrown at [./src/hotspot/share/interpreter/linkResolver.cpp, line 839]
Event: 19.899 Thread 0x000001e732726000 Exception <a 'java/lang/NoSuchMethodError'{0x000000008af84950}: 'void java.lang.invoke.DirectMethodHandle$Holder.invokeStaticInit(java.lang.Object, java.lang.Object, java.lang.Object, java.lang.Object, java.lang.Object)'> (0x000000008af84950) thrown at [./src/hotspot/share/interpreter/linkResolver.cpp, line 773]
Event: 19.931 Thread 0x000001e732726000 Exception <a 'java/lang/NoSuchMethodError'{0x000000008aebe590}: 'java.lang.Object java.lang.invoke.DirectMethodHandle$Holder.invokeStatic(java.lang.Object, int, java.lang.Object, java.lang.Object)'> (0x000000008aebe590) thrown at [./src/hotspot/share/interpreter/linkResolver.cpp, line 773]
Event: 19.943 Thread 0x000001e732726000 Exception <a 'java/lang/NoSuchMethodError'{0x000000008ad2c8a8}: 'long java.lang.invoke.DirectMethodHandle$Holder.invokeStatic(java.lang.Object, java.lang.Object)'> (0x000000008ad2c8a8) thrown at [./src/hotspot/share/interpreter/linkResolver.cpp, line 773]
Event: 19.965 Thread 0x000001e732727000 Exception <a 'java/lang/NoSuchMethodError'{0x000000008ac628c0}: 'void java.lang.invoke.DirectMethodHandle$Holder.invokeSpecial(java.lang.Object, java.lang.Object, int, java.lang.Object)'> (0x000000008ac628c0) thrown at [./src/hotspot/share/interpreter/linkResolver.cpp, line 773]
Event: 19.965 Thread 0x000001e73692b800 Exception <a 'java/lang/NoSuchMethodError'{0x000000008ac51830}: 'void java.lang.invoke.DirectMethodHandle$Holder.invokeSpecial(java.lang.Object, java.lang.Object, int, java.lang.Object)'> (0x000000008ac51830) thrown at [./src/hotspot/share/interpreter/linkResolver.cpp, line 773]
Event: 19.965 Thread 0x000001e736928000 Exception <a 'java/lang/NoSuchMethodError'{0x000000008ac738a0}: 'void java.lang.invoke.DirectMethodHandle$Holder.invokeSpecial(java.lang.Object, java.lang.Object, int, java.lang.Object)'> (0x000000008ac738a0) thrown at [./src/hotspot/share/interpreter/linkResolver.cpp, line 773]
Event: 20.092 Thread 0x000001e732726000 Exception <a 'java/lang/NoSuchMethodError'{0x000000008a30c0d8}: 'java.lang.Object java.lang.invoke.DirectMethodHandle$Holder.invokeSpecial(java.lang.Object, java.lang.Object, java.lang.Object, java.lang.Object, java.lang.Object, java.lang.Object, java.lang.Object, java.lang.Object, java.lang.Object, java.lang.Object)'> (0x000000008a30c0d8) thrown at [./src/hotspot/share/interpreter/linkResolver.cpp, line 773]
Event: 20.093 Thread 0x000001e732726000 Exception <a 'java/lang/NoSuchMethodError'{0x000000008a3101c8}: 'java.lang.Object java.lang.invoke.Invokers$Holder.linkToTargetMethod(java.lang.Object, java.lang.Object, java.lang.Object, java.lang.Object, java.lang.Object, java.lang.Object, java.lang.Object, java.lang.Object, java.lang.Object)'> (0x000000008a3101c8) thrown at [./src/hotspot/share/interpreter/linkResolver.cpp, line 773]

Events (20 events):
Event: 21.051 loading class com/android/tools/r8/graph/C1 done
Event: 21.063 loading class com/android/tools/r8/graph/l0
Event: 21.063 loading class com/android/tools/r8/graph/l0 done
Event: 21.063 loading class com/android/tools/r8/graph/C1
Event: 21.063 loading class com/android/tools/r8/graph/C1 done
Event: 21.157 Executing VM operation: CGC_Operation
Event: 21.180 Executing VM operation: CGC_Operation done
Event: 21.243 loading class com/android/tools/r8/graph/f0
Event: 21.243 loading class com/android/tools/r8/graph/f0 done
Event: 21.243 loading class com/android/tools/r8/graph/C1
Event: 21.243 loading class com/android/tools/r8/graph/C1 done
Event: 21.370 loading class com/android/tools/r8/graph/q0
Event: 21.370 loading class com/android/tools/r8/graph/q0 done
Event: 21.370 loading class com/android/tools/r8/graph/q0
Event: 21.370 loading class com/android/tools/r8/graph/q0 done
Event: 21.370 loading class com/android/tools/r8/graph/C1
Event: 21.370 loading class com/android/tools/r8/graph/C1 done
Event: 21.405 Executing VM operation: CGC_Operation
Event: 21.406 Executing VM operation: CGC_Operation done
Event: 21.462 Executing VM operation: G1CollectForAllocation


Dynamic libraries:
0x00007ff6b67a0000 - 0x00007ff6b67aa000 	C:\Program Files\Android\Android Studio\jre\bin\java.exe
0x00007ffd02ae0000 - 0x00007ffd02cd0000 	C:\Windows\SYSTEM32\ntdll.dll
0x00007ffd01690000 - 0x00007ffd01742000 	C:\Windows\System32\KERNEL32.DLL
0x00007ffcffd90000 - 0x00007ffd00035000 	C:\Windows\System32\KERNELBASE.dll
0x00007ffd00940000 - 0x00007ffd00a3a000 	C:\Windows\System32\ucrtbase.dll
0x00007ffceffc0000 - 0x00007ffceffd9000 	C:\Program Files\Android\Android Studio\jre\bin\jli.dll
0x00007ffcef080000 - 0x00007ffcef097000 	C:\Program Files\Android\Android Studio\jre\bin\VCRUNTIME140.dll
0x00007ffd02900000 - 0x00007ffd02a94000 	C:\Windows\System32\USER32.dll
0x00007ffcffa50000 - 0x00007ffcffa71000 	C:\Windows\System32\win32u.dll
0x00007ffd02540000 - 0x00007ffd02566000 	C:\Windows\System32\GDI32.dll
0x00007ffcef6b0000 - 0x00007ffcef934000 	C:\Windows\WinSxS\amd64_microsoft.windows.common-controls_6595b64144ccf1df_6.0.18362.1256_none_9e7e379be45e40e2\COMCTL32.dll
0x00007ffcffa80000 - 0x00007ffcffc16000 	C:\Windows\System32\gdi32full.dll
0x00007ffd01da0000 - 0x00007ffd01e3e000 	C:\Windows\System32\msvcrt.dll
0x00007ffd00a40000 - 0x00007ffd00ade000 	C:\Windows\System32\msvcp_win.dll
0x00007ffd01350000 - 0x00007ffd01686000 	C:\Windows\System32\combase.dll
0x00007ffd021e0000 - 0x00007ffd02300000 	C:\Windows\System32\RPCRT4.dll
0x00007ffcffd00000 - 0x00007ffcffd81000 	C:\Windows\System32\bcryptPrimitives.dll
0x00007ffd02300000 - 0x00007ffd0232e000 	C:\Windows\System32\IMM32.DLL
0x00007ffcc9980000 - 0x00007ffcc9a1d000 	C:\Program Files\Android\Android Studio\jre\bin\msvcp140.dll
0x00007ffcc8120000 - 0x00007ffcc8bdc000 	C:\Program Files\Android\Android Studio\jre\bin\server\jvm.dll
0x00007ffd020c0000 - 0x00007ffd02163000 	C:\Windows\System32\ADVAPI32.dll
0x00007ffd02330000 - 0x00007ffd023c7000 	C:\Windows\System32\sechost.dll
0x00007ffd020b0000 - 0x00007ffd020b8000 	C:\Windows\System32\PSAPI.DLL
0x00007ffcdb390000 - 0x00007ffcdb399000 	C:\Windows\SYSTEM32\WSOCK32.dll
0x00007ffd02890000 - 0x00007ffd028ff000 	C:\Windows\System32\WS2_32.dll
0x00007ffcfce30000 - 0x00007ffcfce54000 	C:\Windows\SYSTEM32\WINMM.dll
0x00007ffcf21e0000 - 0x00007ffcf21ea000 	C:\Windows\SYSTEM32\VERSION.dll
0x00007ffcfce00000 - 0x00007ffcfce2d000 	C:\Windows\SYSTEM32\WINMMBASE.dll
0x00007ffcffcb0000 - 0x00007ffcffcfa000 	C:\Windows\System32\cfgmgr32.dll
0x00007ffcff990000 - 0x00007ffcff9a1000 	C:\Windows\System32\kernel.appcore.dll
0x00007ffcf8d90000 - 0x00007ffcf8da1000 	C:\Program Files\Android\Android Studio\jre\bin\verify.dll
0x00007ffcfe220000 - 0x00007ffcfe414000 	C:\Windows\SYSTEM32\DBGHELP.DLL
0x00007ffced830000 - 0x00007ffced85a000 	C:\Windows\SYSTEM32\dbgcore.DLL
0x00007ffcf8d60000 - 0x00007ffcf8d89000 	C:\Program Files\Android\Android Studio\jre\bin\java.dll
0x00007ffcfd0a0000 - 0x00007ffcfd0ab000 	C:\Program Files\Android\Android Studio\jre\bin\jimage.dll
0x00007ffcf0a90000 - 0x00007ffcf0aa8000 	C:\Program Files\Android\Android Studio\jre\bin\zip.dll
0x00007ffd00b90000 - 0x00007ffd01277000 	C:\Windows\System32\SHELL32.dll
0x00007ffd017d0000 - 0x00007ffd01879000 	C:\Windows\System32\shcore.dll
0x00007ffd00190000 - 0x00007ffd00911000 	C:\Windows\System32\windows.storage.dll
0x00007ffcff9d0000 - 0x00007ffcff9f3000 	C:\Windows\System32\profapi.dll
0x00007ffcffa00000 - 0x00007ffcffa4a000 	C:\Windows\System32\powrprof.dll
0x00007ffcff980000 - 0x00007ffcff990000 	C:\Windows\System32\UMPDC.dll
0x00007ffd02050000 - 0x00007ffd020a2000 	C:\Windows\System32\shlwapi.dll
0x00007ffd00920000 - 0x00007ffd00937000 	C:\Windows\System32\cryptsp.dll
0x00007ffcf0a70000 - 0x00007ffcf0a8a000 	C:\Program Files\Android\Android Studio\jre\bin\net.dll
0x00007ffcef990000 - 0x00007ffcefa80000 	C:\Windows\SYSTEM32\WINHTTP.dll
0x00007ffcff170000 - 0x00007ffcff1d7000 	C:\Windows\system32\mswsock.dll
0x00007ffcf0a50000 - 0x00007ffcf0a64000 	C:\Program Files\Android\Android Studio\jre\bin\nio.dll
0x00007ffce3460000 - 0x00007ffce3487000 	C:\Users\hp\.gradle\native\fdc75f09e3144964f2cf3f50f0aa648679c211496f362492102eb8c894070792\windows-amd64\native-platform.dll
0x00007ffcc9620000 - 0x00007ffcc97b6000 	C:\Users\hp\.gradle\native\12488b8bf47d2d4c9fbf2f6322a914ad602e24e48041cd04a747c6da556b65c4\windows-amd64\native-platform-file-events.dll
0x00007ffcfd100000 - 0x00007ffcfd10a000 	C:\Program Files\Android\Android Studio\jre\bin\management.dll
0x00007ffcfd0e0000 - 0x00007ffcfd0ec000 	C:\Program Files\Android\Android Studio\jre\bin\management_ext.dll
0x00007ffcfece0000 - 0x00007ffcfed13000 	C:\Windows\system32\rsaenh.dll
0x00007ffcffc20000 - 0x00007ffcffc46000 	C:\Windows\System32\bcrypt.dll
0x00007ffcff8a0000 - 0x00007ffcff8c5000 	C:\Windows\SYSTEM32\USERENV.dll
0x00007ffcff340000 - 0x00007ffcff34c000 	C:\Windows\SYSTEM32\CRYPTBASE.dll
0x00007ffcfee80000 - 0x00007ffcfeeba000 	C:\Windows\SYSTEM32\IPHLPAPI.DLL
0x00007ffd02810000 - 0x00007ffd02818000 	C:\Windows\System32\NSI.dll
0x00007ffcf1fe0000 - 0x00007ffcf1ff6000 	C:\Windows\SYSTEM32\dhcpcsvc6.DLL
0x00007ffcf2210000 - 0x00007ffcf222c000 	C:\Windows\SYSTEM32\dhcpcsvc.DLL
0x00007ffcfeed0000 - 0x00007ffcfef9b000 	C:\Windows\SYSTEM32\DNSAPI.dll
0x00007ffcf2270000 - 0x00007ffcf227b000 	C:\Windows\SYSTEM32\WINNSI.DLL

dbghelp: loaded successfully - version: 4.0.5 - missing functions: none
symbol engine: initialized successfully - sym options: 0x614 - pdb path: .;C:\Program Files\Android\Android Studio\jre\bin;C:\Windows\SYSTEM32;C:\Windows\WinSxS\amd64_microsoft.windows.common-controls_6595b64144ccf1df_6.0.18362.1256_none_9e7e379be45e40e2;C:\Program Files\Android\Android Studio\jre\bin\server;C:\Users\hp\.gradle\native\fdc75f09e3144964f2cf3f50f0aa648679c211496f362492102eb8c894070792\windows-amd64;C:\Users\hp\.gradle\native\12488b8bf47d2d4c9fbf2f6322a914ad602e24e48041cd04a747c6da556b65c4\windows-amd64

VM Arguments:
jvm_args: --add-opens=java.base/java.util=ALL-UNNAMED --add-opens=java.base/java.lang=ALL-UNNAMED --add-opens=java.base/java.lang.invoke=ALL-UNNAMED --add-opens=java.prefs/java.util.prefs=ALL-UNNAMED -Xmx2048m -Dfile.encoding=UTF-8 -Duser.country=GB -Duser.language=en -Duser.variant 
java_command: org.gradle.launcher.daemon.bootstrap.GradleDaemon 6.7.1
java_class_path (initial): C:\Users\hp\.gradle\wrapper\dists\gradle-6.7.1-bin\bwlcbys1h7rz3272sye1xwiv6\gradle-6.7.1\lib\gradle-launcher-6.7.1.jar
Launcher Type: SUN_STANDARD

[Global flags]
     intx CICompilerCount                          = 3                                         {product} {ergonomic}
     uint ConcGCThreads                            = 1                                         {product} {ergonomic}
     uint G1ConcRefinementThreads                  = 4                                         {product} {ergonomic}
   size_t G1HeapRegionSize                         = 1048576                                   {product} {ergonomic}
    uintx GCDrainStackTargetSize                   = 64                                        {product} {ergonomic}
   size_t InitialHeapSize                          = 134217728                                 {product} {ergonomic}
   size_t MarkStackSize                            = 4194304                                   {product} {ergonomic}
   size_t MaxHeapSize                              = 2147483648                                {product} {command line}
   size_t MaxNewSize                               = 1287651328                                {product} {ergonomic}
   size_t MinHeapDeltaBytes                        = 1048576                                   {product} {ergonomic}
    uintx NonNMethodCodeHeapSize                   = 5830732                                {pd product} {ergonomic}
    uintx NonProfiledCodeHeapSize                  = 122913754                              {pd product} {ergonomic}
    uintx ProfiledCodeHeapSize                     = 122913754                              {pd product} {ergonomic}
    uintx ReservedCodeCacheSize                    = 251658240                              {pd product} {ergonomic}
     bool SegmentedCodeCache                       = true                                      {product} {ergonomic}
     bool UseCompressedClassPointers               = true                                 {lp64_product} {ergonomic}
     bool UseCompressedOops                        = true                                 {lp64_product} {ergonomic}
     bool UseG1GC                                  = true                                      {product} {ergonomic}
     bool UseLargePagesIndividualAllocation        = false                                  {pd product} {ergonomic}

Logging:
Log output configuration:
 #0: stdout all=warning uptime,level,tags
 #1: stderr all=off uptime,level,tags

Environment Variables:
JAVA_HOME=C:\Program Files\Java\jdk-17.0.1
PATH=C:\Program Files\Common Files\Oracle\Java\javapath;C:\Python310\Scripts\;C:\Python310\;C:\ProgramData\Oracle\Java\javapath;C:\Windows\system32;C:\Windows;C:\Windows\System32\Wbem;C:\Windows\System32\WindowsPowerShell\v1.0\;C:\Windows\System32\OpenSSH\;C:\Program Files (x86)\dotnet\;C:\Program Files\Java\jdk-17\bin;C:\Program Files\Microsoft SQL Server\Client SDK\ODBC\110\Tools\Binn\;C:\Program Files\Microsoft SQL Server\Client SDK\ODBC\170\Tools\Binn\;C:\ProgramData\chocolatey\bin;C:\Program Files\Java\jdk-17.0.1\bin;C:\Program Files\Azure Data Studio\bin;C:\Program Files\Microsoft SQL Server\130\Tools\Binn\;C:\Program Files (x86)\Microsoft SQL Server\150\Tools\Binn\;C:\Program Files\Microsoft SQL Server\150\Tools\Binn\;C:\Program Files\Microsoft SQL Server\150\DTS\Binn\;C:\Users\hp\AppData\Local\Microsoft\WindowsApps;D:\Microsoft VS Code\bin;C:\Users\hp\.dotnet\tools;C:\Program Files\Azure Data Studio\bin;C:\Users\hp\AppData\Local\Android\Sdk\platform-tools;;C:\Users\hp\AppData\Local\Programs\Microsoft VS Code\bin
USERNAME=hp
OS=Windows_NT
PROCESSOR_IDENTIFIER=Intel64 Family 6 Model 142 Stepping 9, GenuineIntel



---------------  S Y S T E M  ---------------

OS: Windows 10 , 64 bit Build 18362 (10.0.18362.1110)
OS uptime: 0 days 3:20 hours

CPU:total 4 (initial active 4) (2 cores per cpu, 2 threads per core) family 6 model 142 stepping 9, cmov, cx8, fxsr, mmx, sse, sse2, sse3, ssse3, sse4.1, sse4.2, popcnt, avx, avx2, aes, clmul, erms, 3dnowpref, lzcnt, ht, tsc, tscinvbit, bmi1, bmi2, adx, fma

Memory: 4k page, system-wide physical 8078M (471M free)
TotalPageFile size 8078M (AvailPageFile size 54M)
current process WorkingSet (physical memory assigned to process): 461M, peak: 499M
current process commit charge ("private bytes"): 493M, peak: 568M

vm_info: OpenJDK 64-Bit Server VM (11.0.8+10-b944.6842174) for windows-amd64 JRE (11.0.8+10-b944.6842174), built on Sep 19 2020 01:11:42 by "builder" with MS VC++ 14.0 (VS2015)

END.
