#
# There is insufficient memory for the Java Runtime Environment to continue.
# Native memory allocation (malloc) failed to allocate 32744 bytes for ChunkPool::allocate
# Possible reasons:
#   The system is out of physical RAM or swap space
#   The process is running with CompressedOops enabled, and the Java Heap may be blocking the growth of the native heap
# Possible solutions:
#   Reduce memory load on the system
#   Increase physical memory or swap space
#   Check if swap backing store is full
#   Decrease Java heap size (-Xmx/-Xms)
#   Decrease number of Java threads
#   Decrease Java thread stack sizes (-Xss)
#   Set larger code cache with -XX:ReservedCodeCacheSize=
#   JVM is running with Unscaled Compressed Oops mode in which the Java heap is
#     placed in the first 4GB address space. The Java Heap base address is the
#     maximum limit for the native heap growth. Please use -XX:HeapBaseMinAddress
#     to set the Java Heap base and to place the Java Heap above 4GB virtual address.
# This output file may be truncated or incomplete.
#
#  Out of Memory Error (./src/hotspot/share/memory/arena.cpp:81), pid=6660, tid=10348
#
# JRE version: OpenJDK Runtime Environment (11.0.8+10) (build 11.0.8+10-b944.6842174)
# Java VM: OpenJDK 64-Bit Server VM (11.0.8+10-b944.6842174, mixed mode, tiered, compressed oops, g1 gc, windows-amd64)
# No core dump will be written. Minidumps are not enabled by default on client versions of Windows
#

---------------  S U M M A R Y ------------

Command Line: --add-opens=java.base/java.util=ALL-UNNAMED --add-opens=java.base/java.lang=ALL-UNNAMED --add-opens=java.base/java.lang.invoke=ALL-UNNAMED --add-opens=java.prefs/java.util.prefs=ALL-UNNAMED -Xmx2048m -Dfile.encoding=UTF-8 -Duser.country=GB -Duser.language=en -Duser.variant org.gradle.launcher.daemon.bootstrap.GradleDaemon 6.7.1

Host: Intel(R) Core(TM) i5-7200U CPU @ 2.50GHz, 4 cores, 7G,  Windows 10 , 64 bit Build 18362 (10.0.18362.1110)
Time: Thu Feb 24 00:18:52 2022 Morocco Summer Time elapsed time: 21 seconds (0d 0h 0m 21s)

---------------  T H R E A D  ---------------

Current thread (0x000002401aad6000):  JavaThread "C2 CompilerThread0" daemon [_thread_in_native, id=10348, stack(0x0000008b7f600000,0x0000008b7f700000)]


Current CompileTask:
C2:  21724 9561 %     4       com.android.tools.r8.code.x1::a @ 20 (4137 bytes)

Stack: [0x0000008b7f600000,0x0000008b7f700000]
Native frames: (J=compiled Java code, j=interpreted, Vv=VM code, C=native code)
V  [jvm.dll+0x5de50a]
V  [jvm.dll+0x7122f5]
V  [jvm.dll+0x71384d]
V  [jvm.dll+0x713f03]
V  [jvm.dll+0x23e728]
V  [jvm.dll+0xb8beb]
V  [jvm.dll+0xb8e9c]
V  [jvm.dll+0x35555e]
V  [jvm.dll+0x35027e]
V  [jvm.dll+0x31dea3]
V  [jvm.dll+0x31d39a]
V  [jvm.dll+0x1f7702]
V  [jvm.dll+0x1f68d4]
V  [jvm.dll+0x17f32c]
V  [jvm.dll+0x205047]
V  [jvm.dll+0x203891]
V  [jvm.dll+0x6dad3f]
V  [jvm.dll+0x6d3895]
V  [jvm.dll+0x5dd4a6]
C  [ucrtbase.dll+0x210b2]
C  [KERNEL32.DLL+0x17c24]
C  [ntdll.dll+0x6d4d1]


---------------  P R O C E S S  ---------------

Threads class SMR info:
_java_thread_list=0x0000024021d5e120, length=146, elements={
0x000002407fabd000, 0x000002401a13f000, 0x000002401a140800, 0x000002401aad2800,
0x000002401aad3800, 0x000002401aad6000, 0x000002401aae1800, 0x000002401a17d800,
0x000002401ac27800, 0x000002401ac2a000, 0x000002401c628800, 0x000002401bcad000,
0x000002401c15f800, 0x000002401b922000, 0x000002401c8d9800, 0x000002401cc24000,
0x000002401c22c800, 0x000002401c22d000, 0x000002401ce8b000, 0x000002401c0d5000,
0x000002401c32d800, 0x000002401c32c000, 0x000002401c32c800, 0x000002401c9fd800,
0x000002401c32b000, 0x000002401d0aa800, 0x000002401d0ab800, 0x000002401d0a6800,
0x000002401d0ac000, 0x000002401d0a7800, 0x000002401d0ad000, 0x000002401d0a8000,
0x000002401d0ae800, 0x000002401d0a9000, 0x000002401d0af800, 0x000002401d0a9800,
0x000002401d0b4800, 0x000002401d0b0000, 0x000002401d0b2800, 0x000002401d0b2000,
0x000002401d0b1000, 0x000002401d0b3800, 0x000002401d0b5000, 0x000002401b065800,
0x000002401b068000, 0x000002401b06c000, 0x000002401b066000, 0x000002401b069800,
0x000002401b06a800, 0x000002401b06c800, 0x000002401b068800, 0x000002401b06b000,
0x000002401b067000, 0x000002401b06e800, 0x000002401b06f000, 0x000002401b073800,
0x000002401b06d800, 0x000002401b070000, 0x000002401b071000, 0x000002401b074000,
0x000002401b071800, 0x000002401b072800, 0x000002401f3b9000, 0x000002401f3b8800,
0x000002401f3ba000, 0x000002401f3bb800, 0x000002401f3ba800, 0x000002401f3bc800,
0x000002401f3b6800, 0x000002401f3bd000, 0x000002401f3b7800, 0x000002401f3c0800,
0x000002401f3c1800, 0x000002401f3be000, 0x000002401f3bf800, 0x000002401f3c2000,
0x000002401f3c3000, 0x000002401f3c3800, 0x000002401f3c4800, 0x000002401f3bf000,
0x000002401f3c5800, 0x000002401ad5c800, 0x000002401ad5b800, 0x000002401ad5f800,
0x000002401ad5d800, 0x000002401ad5b000, 0x000002401ad5e000, 0x000002401ad5f000,
0x000002401ad5a000, 0x000002401ad63000, 0x000002401ad60800, 0x000002401ad67000,
0x000002401ad61800, 0x000002401ad68000, 0x000002401ad62000, 0x000002401ad64800,
0x000002401ad68800, 0x000002401ad65800, 0x000002401ad64000, 0x000002401ad66800,
0x000002401b057000, 0x000002401b05c000, 0x000002401b056800, 0x000002401b05d000,
0x000002401b058000, 0x000002401b05b800, 0x000002401b059000, 0x000002401b059800,
0x000002401b05a800, 0x000002401fda3800, 0x000002401fda6000, 0x000002401fda2000,
0x000002401fda5000, 0x000002401fda7000, 0x000002401fda8800, 0x000002401fda4800,
0x000002401fda7800, 0x000002401fda3000, 0x000002401f89c800, 0x000002401f89c000,
0x000002401f89d800, 0x000002401f8a0000, 0x000002401f89b000, 0x000002401f89a000,
0x000002401f8a3000, 0x000002401f8a2800, 0x000002401f8a0800, 0x000002401f8a4000,
0x000002401f89f000, 0x000002401f8a1800, 0x000002401f89e000, 0x000002401f8a6800,
0x000002401f8a4800, 0x000002401f8a5800, 0x000002401f8a7000, 0x000002401f8a8000,
0x000002401f8a9000, 0x00000240247ac000, 0x00000240247a9800, 0x00000240247ae800,
0x00000240247ad000, 0x00000240247ad800, 0x00000240247af800, 0x00000240247b0000,
0x00000240247aa800, 0x00000240247b1000
}

Java Threads: ( => current thread )
  0x000002407fabd000 JavaThread "main" [_thread_blocked, id=5384, stack(0x0000008b7eb00000,0x0000008b7ec00000)]
  0x000002401a13f000 JavaThread "Reference Handler" daemon [_thread_blocked, id=2932, stack(0x0000008b7f200000,0x0000008b7f300000)]
  0x000002401a140800 JavaThread "Finalizer" daemon [_thread_blocked, id=13940, stack(0x0000008b7f300000,0x0000008b7f400000)]
  0x000002401aad2800 JavaThread "Signal Dispatcher" daemon [_thread_blocked, id=1712, stack(0x0000008b7f400000,0x0000008b7f500000)]
  0x000002401aad3800 JavaThread "Attach Listener" daemon [_thread_blocked, id=3188, stack(0x0000008b7f500000,0x0000008b7f600000)]
=>0x000002401aad6000 JavaThread "C2 CompilerThread0" daemon [_thread_in_native, id=10348, stack(0x0000008b7f600000,0x0000008b7f700000)]
  0x000002401aae1800 JavaThread "C1 CompilerThread0" daemon [_thread_blocked, id=6156, stack(0x0000008b7f700000,0x0000008b7f800000)]
  0x000002401a17d800 JavaThread "Sweeper thread" daemon [_thread_blocked, id=12532, stack(0x0000008b7f800000,0x0000008b7f900000)]
  0x000002401ac27800 JavaThread "Common-Cleaner" daemon [_thread_blocked, id=13952, stack(0x0000008b7f900000,0x0000008b7fa00000)]
  0x000002401ac2a000 JavaThread "Service Thread" daemon [_thread_blocked, id=14748, stack(0x0000008b7fa00000,0x0000008b7fb00000)]
  0x000002401c628800 JavaThread "Daemon health stats" [_thread_blocked, id=5144, stack(0x0000008b7ff00000,0x0000008b80000000)]
  0x000002401bcad000 JavaThread "Incoming local TCP Connector on port 56440" [_thread_in_native, id=11872, stack(0x0000008b00100000,0x0000008b00200000)]
  0x000002401c15f800 JavaThread "Daemon periodic checks" [_thread_blocked, id=12728, stack(0x0000008b00200000,0x0000008b00300000)]
  0x000002401b922000 JavaThread "Daemon" [_thread_blocked, id=4264, stack(0x0000008b00300000,0x0000008b00400000)]
  0x000002401c8d9800 JavaThread "Handler for socket connection from /127.0.0.1:56440 to /127.0.0.1:56441" [_thread_in_native, id=7572, stack(0x0000008b00400000,0x0000008b00500000)]
  0x000002401cc24000 JavaThread "Cancel handler" [_thread_blocked, id=9552, stack(0x0000008b00500000,0x0000008b00600000)]
  0x000002401c22c800 JavaThread "Daemon worker" [_thread_blocked, id=10160, stack(0x0000008b00600000,0x0000008b00700000)]
  0x000002401c22d000 JavaThread "Asynchronous log dispatcher for DefaultDaemonConnection: socket connection from /127.0.0.1:56440 to /127.0.0.1:56441" [_thread_blocked, id=12840, stack(0x0000008b00700000,0x0000008b00800000)]
  0x000002401ce8b000 JavaThread "Stdin handler" [_thread_blocked, id=5872, stack(0x0000008b00800000,0x0000008b00900000)]
  0x000002401c0d5000 JavaThread "Thread-8" [_thread_blocked, id=9536, stack(0x0000008b00900000,0x0000008b00a00000)]
  0x000002401c32d800 JavaThread "Cache worker for file hash cache (C:\Users\hp\.gradle\caches\6.7.1\fileHashes)" [_thread_blocked, id=14360, stack(0x0000008b00b00000,0x0000008b00c00000)]
  0x000002401c32c000 JavaThread "File lock request listener" [_thread_in_native, id=11328, stack(0x0000008b00c00000,0x0000008b00d00000)]
  0x000002401c32c800 JavaThread "Cache worker for journal cache (C:\Users\hp\.gradle\caches\journal-1)" [_thread_blocked, id=12280, stack(0x0000008b00d00000,0x0000008b00e00000)]
  0x000002401c9fd800 JavaThread "C2 CompilerThread1" daemon [_thread_in_native, id=8576, stack(0x0000008b00e00000,0x0000008b00f00000)]
  0x000002401c32b000 JavaThread "Cache worker for file hash cache (C:\Users\hp\AndroidStudioProjects\TapTap\.gradle\6.7.1\fileHashes)" [_thread_blocked, id=13696, stack(0x0000008b00f00000,0x0000008b01000000)]
  0x000002401d0aa800 JavaThread "Cache worker for checksums cache (C:\Users\hp\AndroidStudioProjects\TapTap\.gradle\checksums)" [_thread_blocked, id=12044, stack(0x0000008b01000000,0x0000008b01100000)]
  0x000002401d0ab800 JavaThread "Cache worker for cache directory md-supplier (C:\Users\hp\.gradle\caches\6.7.1\md-supplier)" [_thread_blocked, id=2568, stack(0x0000008b01100000,0x0000008b01200000)]
  0x000002401d0a6800 JavaThread "Cache worker for cache directory md-rule (C:\Users\hp\.gradle\caches\6.7.1\md-rule)" [_thread_blocked, id=6636, stack(0x0000008b01200000,0x0000008b01300000)]
  0x000002401d0ac000 JavaThread "Cache worker for execution history cache (C:\Users\hp\.gradle\caches\6.7.1\executionHistory)" [_thread_blocked, id=15080, stack(0x0000008b01300000,0x0000008b01400000)]
  0x000002401d0a7800 JavaThread "jar transforms" [_thread_blocked, id=15300, stack(0x0000008b01400000,0x0000008b01500000)]
  0x000002401d0ad000 JavaThread "Cache worker for file content cache (C:\Users\hp\.gradle\caches\6.7.1\fileContent)" [_thread_blocked, id=5860, stack(0x0000008b01500000,0x0000008b01600000)]
  0x000002401d0a8000 JavaThread "Cache worker for Build Output Cleanup Cache (C:\Users\hp\AndroidStudioProjects\TapTap\.gradle\buildOutputCleanup)" [_thread_blocked, id=2620, stack(0x0000008b01600000,0x0000008b01700000)]
  0x000002401d0ae800 JavaThread "Build operations" [_thread_blocked, id=14704, stack(0x0000008b01700000,0x0000008b01800000)]
  0x000002401d0a9000 JavaThread "Build operations Thread 2" [_thread_blocked, id=11112, stack(0x0000008b01800000,0x0000008b01900000)]
  0x000002401d0af800 JavaThread "Build operations Thread 3" [_thread_blocked, id=13540, stack(0x0000008b01900000,0x0000008b01a00000)]
  0x000002401d0a9800 JavaThread "Build operations Thread 4" [_thread_blocked, id=12056, stack(0x0000008b01a00000,0x0000008b01b00000)]
  0x000002401d0b4800 JavaThread "jar transforms Thread 2" [_thread_blocked, id=1068, stack(0x0000008b01b00000,0x0000008b01c00000)]
  0x000002401d0b0000 JavaThread "jar transforms Thread 3" [_thread_blocked, id=1012, stack(0x0000008b01c00000,0x0000008b01d00000)]
  0x000002401d0b2800 JavaThread "jar transforms Thread 4" [_thread_blocked, id=13528, stack(0x0000008b01d00000,0x0000008b01e00000)]
  0x000002401d0b2000 JavaThread "jar transforms Thread 5" [_thread_blocked, id=5048, stack(0x0000008b01e00000,0x0000008b01f00000)]
  0x000002401d0b1000 JavaThread "jar transforms Thread 6" [_thread_blocked, id=14212, stack(0x0000008b01f00000,0x0000008b02000000)]
  0x000002401d0b3800 JavaThread "jar transforms Thread 7" [_thread_blocked, id=14660, stack(0x0000008b02000000,0x0000008b02100000)]
  0x000002401d0b5000 JavaThread "jar transforms Thread 8" [_thread_blocked, id=14584, stack(0x0000008b02100000,0x0000008b02200000)]
  0x000002401b065800 JavaThread "jar transforms Thread 9" [_thread_blocked, id=6848, stack(0x0000008b02200000,0x0000008b02300000)]
  0x000002401b068000 JavaThread "jar transforms Thread 10" [_thread_blocked, id=11292, stack(0x0000008b02300000,0x0000008b02400000)]
  0x000002401b06c000 JavaThread "jar transforms Thread 11" [_thread_blocked, id=14200, stack(0x0000008b02400000,0x0000008b02500000)]
  0x000002401b066000 JavaThread "jar transforms Thread 12" [_thread_blocked, id=14544, stack(0x0000008b02500000,0x0000008b02600000)]
  0x000002401b069800 JavaThread "jar transforms Thread 13" [_thread_blocked, id=12604, stack(0x0000008b02600000,0x0000008b02700000)]
  0x000002401b06a800 JavaThread "jar transforms Thread 14" [_thread_blocked, id=13784, stack(0x0000008b02700000,0x0000008b02800000)]
  0x000002401b06c800 JavaThread "jar transforms Thread 15" [_thread_blocked, id=6412, stack(0x0000008b02800000,0x0000008b02900000)]
  0x000002401b068800 JavaThread "jar transforms Thread 16" [_thread_blocked, id=11680, stack(0x0000008b02900000,0x0000008b02a00000)]
  0x000002401b06b000 JavaThread "jar transforms Thread 17" [_thread_blocked, id=13824, stack(0x0000008b02a00000,0x0000008b02b00000)]
  0x000002401b067000 JavaThread "jar transforms Thread 18" [_thread_blocked, id=3408, stack(0x0000008b02b00000,0x0000008b02c00000)]
  0x000002401b06e800 JavaThread "jar transforms Thread 19" [_thread_blocked, id=7620, stack(0x0000008b02c00000,0x0000008b02d00000)]
  0x000002401b06f000 JavaThread "jar transforms Thread 20" [_thread_blocked, id=6696, stack(0x0000008b02d00000,0x0000008b02e00000)]
  0x000002401b073800 JavaThread "jar transforms Thread 21" [_thread_blocked, id=15340, stack(0x0000008b02e00000,0x0000008b02f00000)]
  0x000002401b06d800 JavaThread "jar transforms Thread 22" [_thread_blocked, id=9332, stack(0x0000008b02f00000,0x0000008b03000000)]
  0x000002401b070000 JavaThread "jar transforms Thread 23" [_thread_blocked, id=11300, stack(0x0000008b03000000,0x0000008b03100000)]
  0x000002401b071000 JavaThread "jar transforms Thread 24" [_thread_blocked, id=6704, stack(0x0000008b03100000,0x0000008b03200000)]
  0x000002401b074000 JavaThread "jar transforms Thread 25" [_thread_blocked, id=13064, stack(0x0000008b03200000,0x0000008b03300000)]
  0x000002401b071800 JavaThread "jar transforms Thread 26" [_thread_blocked, id=1272, stack(0x0000008b03300000,0x0000008b03400000)]
  0x000002401b072800 JavaThread "jar transforms Thread 27" [_thread_blocked, id=11676, stack(0x0000008b03400000,0x0000008b03500000)]
  0x000002401f3b9000 JavaThread "jar transforms Thread 28" [_thread_blocked, id=15076, stack(0x0000008b03500000,0x0000008b03600000)]
  0x000002401f3b8800 JavaThread "jar transforms Thread 29" [_thread_blocked, id=936, stack(0x0000008b03600000,0x0000008b03700000)]
  0x000002401f3ba000 JavaThread "jar transforms Thread 30" [_thread_blocked, id=14052, stack(0x0000008b03700000,0x0000008b03800000)]
  0x000002401f3bb800 JavaThread "jar transforms Thread 31" [_thread_blocked, id=14932, stack(0x0000008b03800000,0x0000008b03900000)]
  0x000002401f3ba800 JavaThread "jar transforms Thread 32" [_thread_blocked, id=6404, stack(0x0000008b03900000,0x0000008b03a00000)]
  0x000002401f3bc800 JavaThread "jar transforms Thread 33" [_thread_blocked, id=14836, stack(0x0000008b03a00000,0x0000008b03b00000)]
  0x000002401f3b6800 JavaThread "jar transforms Thread 34" [_thread_blocked, id=6044, stack(0x0000008b03b00000,0x0000008b03c00000)]
  0x000002401f3bd000 JavaThread "jar transforms Thread 35" [_thread_blocked, id=14724, stack(0x0000008b03c00000,0x0000008b03d00000)]
  0x000002401f3b7800 JavaThread "jar transforms Thread 36" [_thread_blocked, id=7968, stack(0x0000008b03d00000,0x0000008b03e00000)]
  0x000002401f3c0800 JavaThread "jar transforms Thread 37" [_thread_blocked, id=10336, stack(0x0000008b03e00000,0x0000008b03f00000)]
  0x000002401f3c1800 JavaThread "jar transforms Thread 38" [_thread_blocked, id=13812, stack(0x0000008b03f00000,0x0000008b04000000)]
  0x000002401f3be000 JavaThread "jar transforms Thread 39" [_thread_blocked, id=6472, stack(0x0000008b04000000,0x0000008b04100000)]
  0x000002401f3bf800 JavaThread "jar transforms Thread 40" [_thread_blocked, id=9968, stack(0x0000008b04100000,0x0000008b04200000)]
  0x000002401f3c2000 JavaThread "jar transforms Thread 41" [_thread_blocked, id=7044, stack(0x0000008b04200000,0x0000008b04300000)]
  0x000002401f3c3000 JavaThread "jar transforms Thread 42" [_thread_blocked, id=5004, stack(0x0000008b04300000,0x0000008b04400000)]
  0x000002401f3c3800 JavaThread "jar transforms Thread 43" [_thread_blocked, id=8404, stack(0x0000008b04400000,0x0000008b04500000)]
  0x000002401f3c4800 JavaThread "jar transforms Thread 44" [_thread_blocked, id=9872, stack(0x0000008b04500000,0x0000008b04600000)]
  0x000002401f3bf000 JavaThread "jar transforms Thread 45" [_thread_blocked, id=15264, stack(0x0000008b04600000,0x0000008b04700000)]
  0x000002401f3c5800 JavaThread "jar transforms Thread 46" [_thread_blocked, id=13828, stack(0x0000008b04700000,0x0000008b04800000)]
  0x000002401ad5c800 JavaThread "jar transforms Thread 47" [_thread_blocked, id=5368, stack(0x0000008b04800000,0x0000008b04900000)]
  0x000002401ad5b800 JavaThread "jar transforms Thread 48" [_thread_blocked, id=14352, stack(0x0000008b04900000,0x0000008b04a00000)]
  0x000002401ad5f800 JavaThread "jar transforms Thread 49" [_thread_blocked, id=12792, stack(0x0000008b04a00000,0x0000008b04b00000)]
  0x000002401ad5d800 JavaThread "jar transforms Thread 50" [_thread_blocked, id=12448, stack(0x0000008b04b00000,0x0000008b04c00000)]
  0x000002401ad5b000 JavaThread "jar transforms Thread 51" [_thread_blocked, id=3272, stack(0x0000008b04c00000,0x0000008b04d00000)]
  0x000002401ad5e000 JavaThread "jar transforms Thread 52" [_thread_blocked, id=12284, stack(0x0000008b04d00000,0x0000008b04e00000)]
  0x000002401ad5f000 JavaThread "jar transforms Thread 53" [_thread_blocked, id=12744, stack(0x0000008b04e00000,0x0000008b04f00000)]
  0x000002401ad5a000 JavaThread "jar transforms Thread 54" [_thread_blocked, id=12848, stack(0x0000008b04f00000,0x0000008b05000000)]
  0x000002401ad63000 JavaThread "jar transforms Thread 55" [_thread_blocked, id=8016, stack(0x0000008b05000000,0x0000008b05100000)]
  0x000002401ad60800 JavaThread "jar transforms Thread 56" [_thread_blocked, id=15124, stack(0x0000008b05100000,0x0000008b05200000)]
  0x000002401ad67000 JavaThread "jar transforms Thread 57" [_thread_blocked, id=12136, stack(0x0000008b05200000,0x0000008b05300000)]
  0x000002401ad61800 JavaThread "jar transforms Thread 58" [_thread_blocked, id=7964, stack(0x0000008b05300000,0x0000008b05400000)]
  0x000002401ad68000 JavaThread "jar transforms Thread 59" [_thread_blocked, id=12820, stack(0x0000008b05400000,0x0000008b05500000)]
  0x000002401ad62000 JavaThread "jar transforms Thread 60" [_thread_blocked, id=10128, stack(0x0000008b05500000,0x0000008b05600000)]
  0x000002401ad64800 JavaThread "jar transforms Thread 61" [_thread_blocked, id=15092, stack(0x0000008b05600000,0x0000008b05700000)]
  0x000002401ad68800 JavaThread "jar transforms Thread 62" [_thread_blocked, id=8568, stack(0x0000008b05700000,0x0000008b05800000)]
  0x000002401ad65800 JavaThread "jar transforms Thread 63" [_thread_blocked, id=14804, stack(0x0000008b05800000,0x0000008b05900000)]
  0x000002401ad64000 JavaThread "jar transforms Thread 64" [_thread_blocked, id=12476, stack(0x0000008b05900000,0x0000008b05a00000)]
  0x000002401ad66800 JavaThread "jar transforms Thread 65" [_thread_blocked, id=13896, stack(0x0000008b05a00000,0x0000008b05b00000)]
  0x000002401b057000 JavaThread "jar transforms Thread 66" [_thread_blocked, id=13760, stack(0x0000008b05b00000,0x0000008b05c00000)]
  0x000002401b05c000 JavaThread "jar transforms Thread 67" [_thread_blocked, id=8356, stack(0x0000008b05c00000,0x0000008b05d00000)]
  0x000002401b056800 JavaThread "jar transforms Thread 68" [_thread_blocked, id=13092, stack(0x0000008b05d00000,0x0000008b05e00000)]
  0x000002401b05d000 JavaThread "jar transforms Thread 69" [_thread_blocked, id=4148, stack(0x0000008b05e00000,0x0000008b05f00000)]
  0x000002401b058000 JavaThread "jar transforms Thread 70" [_thread_blocked, id=15204, stack(0x0000008b05f00000,0x0000008b06000000)]
  0x000002401b05b800 JavaThread "jar transforms Thread 71" [_thread_blocked, id=14916, stack(0x0000008b06000000,0x0000008b06100000)]
  0x000002401b059000 JavaThread "jar transforms Thread 72" [_thread_blocked, id=4416, stack(0x0000008b06100000,0x0000008b06200000)]
  0x000002401b059800 JavaThread "jar transforms Thread 73" [_thread_blocked, id=13796, stack(0x0000008b06200000,0x0000008b06300000)]
  0x000002401b05a800 JavaThread "jar transforms Thread 74" [_thread_blocked, id=9560, stack(0x0000008b06300000,0x0000008b06400000)]
  0x000002401fda3800 JavaThread "jar transforms Thread 75" [_thread_blocked, id=3240, stack(0x0000008b06400000,0x0000008b06500000)]
  0x000002401fda6000 JavaThread "jar transforms Thread 76" [_thread_blocked, id=12588, stack(0x0000008b06500000,0x0000008b06600000)]
  0x000002401fda2000 JavaThread "jar transforms Thread 77" [_thread_blocked, id=11272, stack(0x0000008b06600000,0x0000008b06700000)]
  0x000002401fda5000 JavaThread "jar transforms Thread 78" [_thread_blocked, id=11144, stack(0x0000008b06700000,0x0000008b06800000)]
  0x000002401fda7000 JavaThread "jar transforms Thread 79" [_thread_blocked, id=14840, stack(0x0000008b06800000,0x0000008b06900000)]
  0x000002401fda8800 JavaThread "jar transforms Thread 80" [_thread_blocked, id=6720, stack(0x0000008b06900000,0x0000008b06a00000)]
  0x000002401fda4800 JavaThread "jar transforms Thread 81" [_thread_blocked, id=9516, stack(0x0000008b06a00000,0x0000008b06b00000)]
  0x000002401fda7800 JavaThread "jar transforms Thread 82" [_thread_blocked, id=2696, stack(0x0000008b06b00000,0x0000008b06c00000)]
  0x000002401fda3000 JavaThread "jar transforms Thread 83" [_thread_blocked, id=14552, stack(0x0000008b06c00000,0x0000008b06d00000)]
  0x000002401f89c800 JavaThread "jar transforms Thread 84" [_thread_blocked, id=5016, stack(0x0000008b06d00000,0x0000008b06e00000)]
  0x000002401f89c000 JavaThread "jar transforms Thread 85" [_thread_blocked, id=6628, stack(0x0000008b06e00000,0x0000008b06f00000)]
  0x000002401f89d800 JavaThread "jar transforms Thread 86" [_thread_blocked, id=2832, stack(0x0000008b06f00000,0x0000008b07000000)]
  0x000002401f8a0000 JavaThread "jar transforms Thread 87" [_thread_blocked, id=1420, stack(0x0000008b07000000,0x0000008b07100000)]
  0x000002401f89b000 JavaThread "jar transforms Thread 88" [_thread_blocked, id=7504, stack(0x0000008b07100000,0x0000008b07200000)]
  0x000002401f89a000 JavaThread "jar transforms Thread 89" [_thread_blocked, id=2488, stack(0x0000008b07200000,0x0000008b07300000)]
  0x000002401f8a3000 JavaThread "jar transforms Thread 90" [_thread_blocked, id=11092, stack(0x0000008b07300000,0x0000008b07400000)]
  0x000002401f8a2800 JavaThread "jar transforms Thread 91" [_thread_blocked, id=14720, stack(0x0000008b07400000,0x0000008b07500000)]
  0x000002401f8a0800 JavaThread "jar transforms Thread 92" [_thread_blocked, id=11340, stack(0x0000008b07500000,0x0000008b07600000)]
  0x000002401f8a4000 JavaThread "jar transforms Thread 93" [_thread_blocked, id=14888, stack(0x0000008b07600000,0x0000008b07700000)]
  0x000002401f89f000 JavaThread "jar transforms Thread 94" [_thread_blocked, id=8596, stack(0x0000008b07700000,0x0000008b07800000)]
  0x000002401f8a1800 JavaThread "jar transforms Thread 95" [_thread_blocked, id=2252, stack(0x0000008b07800000,0x0000008b07900000)]
  0x000002401f89e000 JavaThread "jar transforms Thread 96" [_thread_blocked, id=964, stack(0x0000008b07900000,0x0000008b07a00000)]
  0x000002401f8a6800 JavaThread "jar transforms Thread 97" [_thread_blocked, id=15216, stack(0x0000008b07a00000,0x0000008b07b00000)]
  0x000002401f8a4800 JavaThread "Memory manager" [_thread_blocked, id=6764, stack(0x0000008b07b00000,0x0000008b07c00000)]
  0x000002401f8a5800 JavaThread "build event listener" [_thread_blocked, id=8056, stack(0x0000008b07c00000,0x0000008b07d00000)]
  0x000002401f8a7000 JavaThread "build event listener" [_thread_blocked, id=14980, stack(0x0000008b07d00000,0x0000008b07e00000)]
  0x000002401f8a8000 JavaThread "Execution worker for ':'" [_thread_blocked, id=5868, stack(0x0000008b07e00000,0x0000008b07f00000)]
  0x000002401f8a9000 JavaThread "Execution worker for ':' Thread 2" [_thread_blocked, id=12720, stack(0x0000008b07f00000,0x0000008b08000000)]
  0x00000240247ac000 JavaThread "Execution worker for ':' Thread 3" [_thread_blocked, id=14572, stack(0x0000008b08000000,0x0000008b08100000)]
  0x00000240247a9800 JavaThread "Cache worker for execution history cache (C:\Users\hp\AndroidStudioProjects\TapTap\.gradle\6.7.1\executionHistory)" [_thread_blocked, id=14384, stack(0x0000008b08100000,0x0000008b08200000)]
  0x00000240247ae800 JavaThread "WorkerExecutor Queue" [_thread_blocked, id=2332, stack(0x0000008b08200000,0x0000008b08300000)]
  0x00000240247ad000 JavaThread "WorkerExecutor Queue Thread 2" [_thread_in_Java, id=14928, stack(0x0000008b08300000,0x0000008b08400000)]
  0x00000240247ad800 JavaThread "WorkerExecutor Queue Thread 3" [_thread_blocked, id=3268, stack(0x0000008b08400000,0x0000008b08500000)]
  0x00000240247af800 JavaThread "ForkJoinPool-1-worker-3" daemon [_thread_blocked, id=14616, stack(0x0000008b08600000,0x0000008b08700000)]
  0x00000240247b0000 JavaThread "ForkJoinPool-1-worker-5" daemon [_thread_blocked, id=12936, stack(0x0000008b08700000,0x0000008b08800000)]
  0x00000240247aa800 JavaThread "ForkJoinPool-1-worker-7" daemon [_thread_blocked, id=1340, stack(0x0000008b08800000,0x0000008b08900000)]
  0x00000240247b1000 JavaThread "ForkJoinPool-1-worker-1" daemon [_thread_blocked, id=7208, stack(0x0000008b08900000,0x0000008b08a00000)]

Other Threads:
  0x000002401a13a800 VMThread "VM Thread" [stack: 0x0000008b7f100000,0x0000008b7f200000] [id=10056]
  0x000002401ac2b800 WatcherThread [stack: 0x0000008b7fb00000,0x0000008b7fc00000] [id=10344]
  0x000002407fad6800 GCTaskThread "GC Thread#0" [stack: 0x0000008b7ec00000,0x0000008b7ed00000] [id=13156]
  0x000002401ae3a800 GCTaskThread "GC Thread#1" [stack: 0x0000008b7fd00000,0x0000008b7fe00000] [id=4584]
  0x000002401b683800 GCTaskThread "GC Thread#2" [stack: 0x0000008b7fe00000,0x0000008b7ff00000] [id=10544]
  0x000002401c522800 GCTaskThread "GC Thread#3" [stack: 0x0000008b00a00000,0x0000008b00b00000] [id=4728]
  0x000002407fb06000 ConcurrentGCThread "G1 Main Marker" [stack: 0x0000008b7ed00000,0x0000008b7ee00000] [id=14964]
  0x000002407fb08800 ConcurrentGCThread "G1 Conc#0" [stack: 0x0000008b7ee00000,0x0000008b7ef00000] [id=8608]
  0x0000024019f90800 ConcurrentGCThread "G1 Refine#0" [stack: 0x0000008b7ef00000,0x0000008b7f000000] [id=10600]
  0x000002401bbea000 ConcurrentGCThread "G1 Refine#1" [stack: 0x0000008b08500000,0x0000008b08600000] [id=788]
  0x000002401bbe9800 ConcurrentGCThread "G1 Refine#2" [stack: 0x0000008b08a00000,0x0000008b08b00000] [id=13560]
  0x000002401bbeb000 ConcurrentGCThread "G1 Refine#3" [stack: 0x0000008b08b00000,0x0000008b08c00000] [id=7004]
  0x0000024019f91000 ConcurrentGCThread "G1 Young RemSet Sampling" [stack: 0x0000008b7f000000,0x0000008b7f100000] [id=12116]

Threads with active compile tasks:
C2 CompilerThread0  21794 9561 %     4       com.android.tools.r8.code.x1::a @ 20 (4137 bytes)
C2 CompilerThread1  21794 9323 %     4       com.android.tools.r8.dex.n::a @ 315 (913 bytes)

VM state:not at safepoint (normal execution)

VM Mutex/Monitor currently owned by a thread: None

Heap address: 0x0000000080000000, size: 2048 MB, Compressed Oops mode: 32-bit
Narrow klass base: 0x0000000000000000, Narrow klass shift: 3
Compressed class space size: 1073741824 Address: 0x0000000100000000

Heap:
 garbage-first heap   total 230400K, used 123904K [0x0000000080000000, 0x0000000100000000)
  region size 1024K, 15 young (15360K), 13 survivors (13312K)
 Metaspace       used 83707K, capacity 85828K, committed 86092K, reserved 1124352K
  class space    used 10998K, capacity 11780K, committed 11904K, reserved 1048576K
Heap Regions: E=young(eden), S=young(survivor), O=old, HS=humongous(starts), HC=humongous(continues), CS=collection set, F=free, A=archive, TAMS=top-at-mark-start (previous, next)
|   0|0x0000000080000000, 0x0000000080100000, 0x0000000080100000|100%| O|  |TAMS 0x0000000080100000, 0x0000000080000000| Untracked 
|   1|0x0000000080100000, 0x0000000080200000, 0x0000000080200000|100%| O|  |TAMS 0x0000000080200000, 0x0000000080100000| Untracked 
|   2|0x0000000080200000, 0x0000000080300000, 0x0000000080300000|100%| O|  |TAMS 0x0000000080300000, 0x0000000080200000| Untracked 
|   3|0x0000000080300000, 0x0000000080400000, 0x0000000080400000|100%|HS|  |TAMS 0x0000000080400000, 0x0000000080300000| Complete 
|   4|0x0000000080400000, 0x0000000080500000, 0x0000000080500000|100%|HC|  |TAMS 0x0000000080500000, 0x0000000080400000| Complete 
|   5|0x0000000080500000, 0x0000000080600000, 0x0000000080600000|100%|HC|  |TAMS 0x0000000080600000, 0x0000000080500000| Complete 
|   6|0x0000000080600000, 0x0000000080700000, 0x0000000080700000|100%| O|  |TAMS 0x0000000080700000, 0x0000000080600000| Untracked 
|   7|0x0000000080700000, 0x0000000080800000, 0x0000000080800000|100%| O|  |TAMS 0x0000000080800000, 0x0000000080700000| Untracked 
|   8|0x0000000080800000, 0x0000000080900000, 0x0000000080900000|100%| O|  |TAMS 0x0000000080900000, 0x0000000080800000| Untracked 
|   9|0x0000000080900000, 0x0000000080a00000, 0x0000000080a00000|100%| O|  |TAMS 0x0000000080a00000, 0x0000000080900000| Untracked 
|  10|0x0000000080a00000, 0x0000000080b00000, 0x0000000080b00000|100%| O|  |TAMS 0x0000000080b00000, 0x0000000080a00000| Untracked 
|  11|0x0000000080b00000, 0x0000000080c00000, 0x0000000080c00000|100%| O|  |TAMS 0x0000000080c00000, 0x0000000080b00000| Untracked 
|  12|0x0000000080c00000, 0x0000000080d00000, 0x0000000080d00000|100%| O|  |TAMS 0x0000000080d00000, 0x0000000080c00000| Untracked 
|  13|0x0000000080d00000, 0x0000000080e00000, 0x0000000080e00000|100%| O|  |TAMS 0x0000000080e00000, 0x0000000080d00000| Untracked 
|  14|0x0000000080e00000, 0x0000000080f00000, 0x0000000080f00000|100%| O|  |TAMS 0x0000000080f00000, 0x0000000080e00000| Untracked 
|  15|0x0000000080f00000, 0x0000000081000000, 0x0000000081000000|100%| O|  |TAMS 0x0000000081000000, 0x0000000080f00000| Untracked 
|  16|0x0000000081000000, 0x0000000081100000, 0x0000000081100000|100%|HS|  |TAMS 0x0000000081100000, 0x0000000081000000| Complete 
|  17|0x0000000081100000, 0x0000000081200000, 0x0000000081200000|100%|HS|  |TAMS 0x0000000081200000, 0x0000000081100000| Complete 
|  18|0x0000000081200000, 0x0000000081300000, 0x0000000081300000|100%|HC|  |TAMS 0x0000000081300000, 0x0000000081200000| Complete 
|  19|0x0000000081300000, 0x0000000081400000, 0x0000000081400000|100%| O|  |TAMS 0x0000000081400000, 0x0000000081300000| Untracked 
|  20|0x0000000081400000, 0x0000000081500000, 0x0000000081500000|100%| O|  |TAMS 0x0000000081500000, 0x0000000081400000| Untracked 
|  21|0x0000000081500000, 0x0000000081600000, 0x0000000081600000|100%| O|  |TAMS 0x0000000081600000, 0x0000000081500000| Untracked 
|  22|0x0000000081600000, 0x0000000081700000, 0x0000000081700000|100%| O|  |TAMS 0x0000000081700000, 0x0000000081600000| Untracked 
|  23|0x0000000081700000, 0x0000000081800000, 0x0000000081800000|100%| O|  |TAMS 0x0000000081800000, 0x0000000081700000| Untracked 
|  24|0x0000000081800000, 0x0000000081900000, 0x0000000081900000|100%| O|  |TAMS 0x0000000081900000, 0x0000000081800000| Untracked 
|  25|0x0000000081900000, 0x0000000081a00000, 0x0000000081a00000|100%| O|  |TAMS 0x0000000081a00000, 0x0000000081900000| Untracked 
|  26|0x0000000081a00000, 0x0000000081b00000, 0x0000000081b00000|100%| O|  |TAMS 0x0000000081b00000, 0x0000000081a00000| Untracked 
|  27|0x0000000081b00000, 0x0000000081c00000, 0x0000000081c00000|100%| O|  |TAMS 0x0000000081c00000, 0x0000000081b00000| Untracked 
|  28|0x0000000081c00000, 0x0000000081d00000, 0x0000000081d00000|100%| O|  |TAMS 0x0000000081d00000, 0x0000000081c00000| Untracked 
|  29|0x0000000081d00000, 0x0000000081e00000, 0x0000000081e00000|100%| O|  |TAMS 0x0000000081e00000, 0x0000000081d00000| Untracked 
|  30|0x0000000081e00000, 0x0000000081f00000, 0x0000000081f00000|100%| O|  |TAMS 0x0000000081f00000, 0x0000000081e00000| Untracked 
|  31|0x0000000081f00000, 0x0000000082000000, 0x0000000082000000|100%| O|  |TAMS 0x0000000082000000, 0x0000000081f00000| Untracked 
|  32|0x0000000082000000, 0x0000000082100000, 0x0000000082100000|100%| O|  |TAMS 0x0000000082100000, 0x0000000082000000| Untracked 
|  33|0x0000000082100000, 0x0000000082200000, 0x0000000082200000|100%| O|  |TAMS 0x0000000082200000, 0x0000000082100000| Untracked 
|  34|0x0000000082200000, 0x0000000082300000, 0x0000000082300000|100%| O|  |TAMS 0x0000000082300000, 0x0000000082200000| Untracked 
|  35|0x0000000082300000, 0x0000000082400000, 0x0000000082400000|100%| O|  |TAMS 0x000000008234d000, 0x0000000082300000| Untracked 
|  36|0x0000000082400000, 0x0000000082500000, 0x0000000082500000|100%| O|  |TAMS 0x0000000082400000, 0x0000000082400000| Untracked 
|  37|0x0000000082500000, 0x0000000082600000, 0x0000000082600000|100%| O|  |TAMS 0x0000000082500000, 0x0000000082500000| Untracked 
|  38|0x0000000082600000, 0x0000000082700000, 0x0000000082700000|100%| O|  |TAMS 0x0000000082600000, 0x0000000082600000| Untracked 
|  39|0x0000000082700000, 0x0000000082800000, 0x0000000082800000|100%| O|  |TAMS 0x0000000082700000, 0x0000000082700000| Untracked 
|  40|0x0000000082800000, 0x0000000082900000, 0x0000000082900000|100%| O|  |TAMS 0x0000000082800000, 0x0000000082800000| Untracked 
|  41|0x0000000082900000, 0x0000000082a00000, 0x0000000082a00000|100%| O|  |TAMS 0x0000000082900000, 0x0000000082900000| Untracked 
|  42|0x0000000082a00000, 0x0000000082b00000, 0x0000000082b00000|100%| O|  |TAMS 0x0000000082a00000, 0x0000000082a00000| Untracked 
|  43|0x0000000082b00000, 0x0000000082c00000, 0x0000000082c00000|100%| O|  |TAMS 0x0000000082b00000, 0x0000000082b00000| Untracked 
|  44|0x0000000082c00000, 0x0000000082d00000, 0x0000000082d00000|100%| O|  |TAMS 0x0000000082c00000, 0x0000000082c00000| Untracked 
|  45|0x0000000082d00000, 0x0000000082e00000, 0x0000000082e00000|100%| O|  |TAMS 0x0000000082d00000, 0x0000000082d00000| Untracked 
|  46|0x0000000082e00000, 0x0000000082f00000, 0x0000000082f00000|100%| O|  |TAMS 0x0000000082e00000, 0x0000000082e00000| Untracked 
|  47|0x0000000082f00000, 0x0000000083000000, 0x0000000083000000|100%|HS|  |TAMS 0x0000000082f00000, 0x0000000082f00000| Complete 
|  48|0x0000000083000000, 0x0000000083100000, 0x0000000083100000|100%|HC|  |TAMS 0x0000000083000000, 0x0000000083000000| Complete 
|  49|0x0000000083100000, 0x0000000083200000, 0x0000000083200000|100%|HC|  |TAMS 0x0000000083100000, 0x0000000083100000| Complete 
|  50|0x0000000083200000, 0x0000000083300000, 0x0000000083300000|100%|HC|  |TAMS 0x0000000083200000, 0x0000000083200000| Complete 
|  51|0x0000000083300000, 0x0000000083400000, 0x0000000083400000|100%|HC|  |TAMS 0x0000000083300000, 0x0000000083300000| Complete 
|  52|0x0000000083400000, 0x0000000083500000, 0x0000000083500000|100%|HC|  |TAMS 0x0000000083400000, 0x0000000083400000| Complete 
|  53|0x0000000083500000, 0x0000000083600000, 0x0000000083600000|100%| O|  |TAMS 0x0000000083500000, 0x0000000083500000| Untracked 
|  54|0x0000000083600000, 0x0000000083700000, 0x0000000083700000|100%| O|  |TAMS 0x0000000083600000, 0x0000000083600000| Untracked 
|  55|0x0000000083700000, 0x0000000083800000, 0x0000000083800000|100%| O|  |TAMS 0x0000000083700000, 0x0000000083700000| Untracked 
|  56|0x0000000083800000, 0x0000000083900000, 0x0000000083900000|100%| O|  |TAMS 0x0000000083800000, 0x0000000083800000| Untracked 
|  57|0x0000000083900000, 0x0000000083a00000, 0x0000000083a00000|100%| O|  |TAMS 0x0000000083900000, 0x0000000083900000| Untracked 
|  58|0x0000000083a00000, 0x0000000083b00000, 0x0000000083b00000|100%| O|  |TAMS 0x0000000083a00000, 0x0000000083a00000| Untracked 
|  59|0x0000000083b00000, 0x0000000083c00000, 0x0000000083c00000|100%|HS|  |TAMS 0x0000000083b00000, 0x0000000083b00000| Complete 
|  60|0x0000000083c00000, 0x0000000083d00000, 0x0000000083d00000|100%|HC|  |TAMS 0x0000000083c00000, 0x0000000083c00000| Complete 
|  61|0x0000000083d00000, 0x0000000083e00000, 0x0000000083e00000|100%|HC|  |TAMS 0x0000000083d00000, 0x0000000083d00000| Complete 
|  62|0x0000000083e00000, 0x0000000083f00000, 0x0000000083f00000|100%|HC|  |TAMS 0x0000000083e00000, 0x0000000083e00000| Complete 
|  63|0x0000000083f00000, 0x0000000084000000, 0x0000000084000000|100%|HC|  |TAMS 0x0000000083f00000, 0x0000000083f00000| Complete 
|  64|0x0000000084000000, 0x0000000084100000, 0x0000000084100000|100%|HC|  |TAMS 0x0000000084000000, 0x0000000084000000| Complete 
|  65|0x0000000084100000, 0x0000000084200000, 0x0000000084200000|100%| O|  |TAMS 0x0000000084100000, 0x0000000084100000| Untracked 
|  66|0x0000000084200000, 0x0000000084300000, 0x0000000084300000|100%| O|  |TAMS 0x0000000084200000, 0x0000000084200000| Untracked 
|  67|0x0000000084300000, 0x0000000084400000, 0x0000000084400000|100%| O|  |TAMS 0x0000000084300000, 0x0000000084300000| Untracked 
|  68|0x0000000084400000, 0x0000000084500000, 0x0000000084500000|100%| O|  |TAMS 0x0000000084400000, 0x0000000084400000| Untracked 
|  69|0x0000000084500000, 0x0000000084600000, 0x0000000084600000|100%| O|  |TAMS 0x0000000084500000, 0x0000000084500000| Untracked 
|  70|0x0000000084600000, 0x0000000084700000, 0x0000000084700000|100%| O|  |TAMS 0x0000000084600000, 0x0000000084600000| Untracked 
|  71|0x0000000084700000, 0x0000000084800000, 0x0000000084800000|100%| O|  |TAMS 0x0000000084700000, 0x0000000084700000| Untracked 
|  72|0x0000000084800000, 0x0000000084900000, 0x0000000084900000|100%| O|  |TAMS 0x0000000084800000, 0x0000000084800000| Untracked 
|  73|0x0000000084900000, 0x0000000084a00000, 0x0000000084a00000|100%| O|  |TAMS 0x0000000084900000, 0x0000000084900000| Untracked 
|  74|0x0000000084a00000, 0x0000000084b00000, 0x0000000084b00000|100%| O|  |TAMS 0x0000000084a00000, 0x0000000084a00000| Untracked 
|  75|0x0000000084b00000, 0x0000000084b00000, 0x0000000084c00000|  0%| F|  |TAMS 0x0000000084b00000, 0x0000000084b00000| Untracked 
|  76|0x0000000084c00000, 0x0000000084c00000, 0x0000000084d00000|  0%| F|  |TAMS 0x0000000084c00000, 0x0000000084c00000| Untracked 
|  77|0x0000000084d00000, 0x0000000084d00000, 0x0000000084e00000|  0%| F|  |TAMS 0x0000000084d00000, 0x0000000084d00000| Untracked 
|  78|0x0000000084e00000, 0x0000000084e00000, 0x0000000084f00000|  0%| F|  |TAMS 0x0000000084e00000, 0x0000000084e00000| Untracked 
|  79|0x0000000084f00000, 0x0000000084f00000, 0x0000000085000000|  0%| F|  |TAMS 0x0000000084f00000, 0x0000000084f00000| Untracked 
|  80|0x0000000085000000, 0x0000000085000000, 0x0000000085100000|  0%| F|  |TAMS 0x0000000085000000, 0x0000000085000000| Untracked 
|  81|0x0000000085100000, 0x0000000085100000, 0x0000000085200000|  0%| F|  |TAMS 0x0000000085100000, 0x0000000085100000| Untracked 
|  82|0x0000000085200000, 0x0000000085200000, 0x0000000085300000|  0%| F|  |TAMS 0x0000000085200000, 0x0000000085200000| Untracked 
|  83|0x0000000085300000, 0x0000000085300000, 0x0000000085400000|  0%| F|  |TAMS 0x0000000085300000, 0x0000000085300000| Untracked 
|  84|0x0000000085400000, 0x0000000085400000, 0x0000000085500000|  0%| F|  |TAMS 0x0000000085400000, 0x0000000085400000| Untracked 
|  85|0x0000000085500000, 0x0000000085500000, 0x0000000085600000|  0%| F|  |TAMS 0x0000000085500000, 0x0000000085500000| Untracked 
|  86|0x0000000085600000, 0x0000000085700000, 0x0000000085700000|100%| O|  |TAMS 0x0000000085600000, 0x0000000085600000| Untracked 
|  87|0x0000000085700000, 0x0000000085800000, 0x0000000085800000|100%| O|  |TAMS 0x0000000085700000, 0x0000000085700000| Untracked 
|  88|0x0000000085800000, 0x0000000085900000, 0x0000000085900000|100%| O|  |TAMS 0x0000000085800000, 0x0000000085800000| Untracked 
|  89|0x0000000085900000, 0x0000000085a00000, 0x0000000085a00000|100%| O|  |TAMS 0x0000000085900000, 0x0000000085900000| Untracked 
|  90|0x0000000085a00000, 0x0000000085b00000, 0x0000000085b00000|100%| O|  |TAMS 0x0000000085a00000, 0x0000000085a00000| Untracked 
|  91|0x0000000085b00000, 0x0000000085c00000, 0x0000000085c00000|100%| O|  |TAMS 0x0000000085b00000, 0x0000000085b00000| Untracked 
|  92|0x0000000085c00000, 0x0000000085d00000, 0x0000000085d00000|100%| O|  |TAMS 0x0000000085c00000, 0x0000000085c00000| Untracked 
|  93|0x0000000085d00000, 0x0000000085e00000, 0x0000000085e00000|100%| O|  |TAMS 0x0000000085d00000, 0x0000000085d00000| Untracked 
|  94|0x0000000085e00000, 0x0000000085f00000, 0x0000000085f00000|100%| O|  |TAMS 0x0000000085e00000, 0x0000000085e00000| Untracked 
|  95|0x0000000085f00000, 0x0000000086000000, 0x0000000086000000|100%| O|  |TAMS 0x0000000085f00000, 0x0000000085f00000| Untracked 
|  96|0x0000000086000000, 0x0000000086100000, 0x0000000086100000|100%| O|  |TAMS 0x0000000086000000, 0x0000000086000000| Untracked 
|  97|0x0000000086100000, 0x0000000086100000, 0x0000000086200000|  0%| F|  |TAMS 0x0000000086100000, 0x0000000086100000| Untracked 
|  98|0x0000000086200000, 0x0000000086200000, 0x0000000086300000|  0%| F|  |TAMS 0x0000000086200000, 0x0000000086200000| Untracked 
|  99|0x0000000086300000, 0x0000000086400000, 0x0000000086400000|100%| O|  |TAMS 0x0000000086300000, 0x0000000086300000| Untracked 
| 100|0x0000000086400000, 0x0000000086500000, 0x0000000086500000|100%| O|  |TAMS 0x0000000086400000, 0x0000000086400000| Untracked 
| 101|0x0000000086500000, 0x0000000086600000, 0x0000000086600000|100%| O|  |TAMS 0x0000000086500000, 0x0000000086500000| Untracked 
| 102|0x0000000086600000, 0x0000000086700000, 0x0000000086700000|100%| O|  |TAMS 0x0000000086600000, 0x0000000086600000| Untracked 
| 103|0x0000000086700000, 0x0000000086800000, 0x0000000086800000|100%| O|  |TAMS 0x0000000086700000, 0x0000000086700000| Untracked 
| 104|0x0000000086800000, 0x0000000086900000, 0x0000000086900000|100%| O|  |TAMS 0x0000000086800000, 0x0000000086800000| Untracked 
| 105|0x0000000086900000, 0x0000000086a00000, 0x0000000086a00000|100%| O|  |TAMS 0x0000000086900000, 0x0000000086900000| Untracked 
| 106|0x0000000086a00000, 0x0000000086b00000, 0x0000000086b00000|100%| O|  |TAMS 0x0000000086a00000, 0x0000000086a00000| Untracked 
| 107|0x0000000086b00000, 0x0000000086c00000, 0x0000000086c00000|100%| O|  |TAMS 0x0000000086b00000, 0x0000000086b00000| Untracked 
| 108|0x0000000086c00000, 0x0000000086d00000, 0x0000000086d00000|100%| O|  |TAMS 0x0000000086c00000, 0x0000000086c00000| Untracked 
| 109|0x0000000086d00000, 0x0000000086e00000, 0x0000000086e00000|100%| O|  |TAMS 0x0000000086d00000, 0x0000000086d00000| Untracked 
| 110|0x0000000086e00000, 0x0000000086f00000, 0x0000000086f00000|100%| O|  |TAMS 0x0000000086e00000, 0x0000000086e00000| Untracked 
| 111|0x0000000086f00000, 0x0000000087000000, 0x0000000087000000|100%| O|  |TAMS 0x0000000086f00000, 0x0000000086f00000| Untracked 
| 112|0x0000000087000000, 0x0000000087100000, 0x0000000087100000|100%| O|  |TAMS 0x0000000087000000, 0x0000000087000000| Untracked 
| 113|0x0000000087100000, 0x0000000087200000, 0x0000000087200000|100%| O|  |TAMS 0x0000000087100000, 0x0000000087100000| Untracked 
| 114|0x0000000087200000, 0x0000000087300000, 0x0000000087300000|100%| O|  |TAMS 0x0000000087200000, 0x0000000087200000| Untracked 
| 115|0x0000000087300000, 0x0000000087400000, 0x0000000087400000|100%| O|  |TAMS 0x0000000087300000, 0x0000000087300000| Untracked 
| 116|0x0000000087400000, 0x0000000087500000, 0x0000000087500000|100%| O|  |TAMS 0x0000000087400000, 0x0000000087400000| Untracked 
| 117|0x0000000087500000, 0x0000000087600000, 0x0000000087600000|100%| O|  |TAMS 0x0000000087500000, 0x0000000087500000| Untracked 
| 118|0x0000000087600000, 0x0000000087600000, 0x0000000087700000|  0%| F|  |TAMS 0x0000000087600000, 0x0000000087600000| Untracked 
| 119|0x0000000087700000, 0x0000000087700000, 0x0000000087800000|  0%| F|  |TAMS 0x0000000087700000, 0x0000000087700000| Untracked 
| 120|0x0000000087800000, 0x0000000087800000, 0x0000000087900000|  0%| F|  |TAMS 0x0000000087800000, 0x0000000087800000| Untracked 
| 121|0x0000000087900000, 0x0000000087900000, 0x0000000087a00000|  0%| F|  |TAMS 0x0000000087900000, 0x0000000087900000| Untracked 
| 122|0x0000000087a00000, 0x0000000087b00000, 0x0000000087b00000|100%| S|CS|TAMS 0x0000000087a00000, 0x0000000087a00000| Complete 
| 123|0x0000000087b00000, 0x0000000087c00000, 0x0000000087c00000|100%| S|CS|TAMS 0x0000000087b00000, 0x0000000087b00000| Complete 
| 124|0x0000000087c00000, 0x0000000087d00000, 0x0000000087d00000|100%| S|CS|TAMS 0x0000000087c00000, 0x0000000087c00000| Complete 
| 125|0x0000000087d00000, 0x0000000087e00000, 0x0000000087e00000|100%| S|CS|TAMS 0x0000000087d00000, 0x0000000087d00000| Complete 
| 126|0x0000000087e00000, 0x0000000087f00000, 0x0000000087f00000|100%| S|CS|TAMS 0x0000000087e00000, 0x0000000087e00000| Complete 
| 127|0x0000000087f00000, 0x0000000088000000, 0x0000000088000000|100%| S|CS|TAMS 0x0000000087f00000, 0x0000000087f00000| Complete 
| 128|0x0000000088000000, 0x0000000088100000, 0x0000000088100000|100%| S|CS|TAMS 0x0000000088000000, 0x0000000088000000| Complete 
| 129|0x0000000088100000, 0x0000000088200000, 0x0000000088200000|100%| S|CS|TAMS 0x0000000088100000, 0x0000000088100000| Complete 
| 130|0x0000000088200000, 0x0000000088300000, 0x0000000088300000|100%| S|CS|TAMS 0x0000000088200000, 0x0000000088200000| Complete 
| 131|0x0000000088300000, 0x0000000088400000, 0x0000000088400000|100%| S|CS|TAMS 0x0000000088300000, 0x0000000088300000| Complete 
| 132|0x0000000088400000, 0x0000000088500000, 0x0000000088500000|100%| S|CS|TAMS 0x0000000088400000, 0x0000000088400000| Complete 
| 133|0x0000000088500000, 0x0000000088600000, 0x0000000088600000|100%| S|CS|TAMS 0x0000000088500000, 0x0000000088500000| Complete 
| 134|0x0000000088600000, 0x0000000088700000, 0x0000000088700000|100%| S|CS|TAMS 0x0000000088600000, 0x0000000088600000| Complete 
| 135|0x0000000088700000, 0x0000000088700000, 0x0000000088800000|  0%| F|  |TAMS 0x0000000088700000, 0x0000000088700000| Untracked 
| 136|0x0000000088800000, 0x0000000088800000, 0x0000000088900000|  0%| F|  |TAMS 0x0000000088800000, 0x0000000088800000| Untracked 
| 137|0x0000000088900000, 0x0000000088900000, 0x0000000088a00000|  0%| F|  |TAMS 0x0000000088900000, 0x0000000088900000| Untracked 
| 138|0x0000000088a00000, 0x0000000088a00000, 0x0000000088b00000|  0%| F|  |TAMS 0x0000000088a00000, 0x0000000088a00000| Untracked 
| 139|0x0000000088b00000, 0x0000000088b00000, 0x0000000088c00000|  0%| F|  |TAMS 0x0000000088b00000, 0x0000000088b00000| Untracked 
| 140|0x0000000088c00000, 0x0000000088c00000, 0x0000000088d00000|  0%| F|  |TAMS 0x0000000088c00000, 0x0000000088c00000| Untracked 
| 141|0x0000000088d00000, 0x0000000088d00000, 0x0000000088e00000|  0%| F|  |TAMS 0x0000000088d00000, 0x0000000088d00000| Untracked 
| 142|0x0000000088e00000, 0x0000000088e00000, 0x0000000088f00000|  0%| F|  |TAMS 0x0000000088e00000, 0x0000000088e00000| Untracked 
| 143|0x0000000088f00000, 0x0000000088f00000, 0x0000000089000000|  0%| F|  |TAMS 0x0000000088f00000, 0x0000000088f00000| Untracked 
| 144|0x0000000089000000, 0x0000000089000000, 0x0000000089100000|  0%| F|  |TAMS 0x0000000089000000, 0x0000000089000000| Untracked 
| 145|0x0000000089100000, 0x0000000089100000, 0x0000000089200000|  0%| F|  |TAMS 0x0000000089100000, 0x0000000089100000| Untracked 
| 146|0x0000000089200000, 0x0000000089200000, 0x0000000089300000|  0%| F|  |TAMS 0x0000000089200000, 0x0000000089200000| Untracked 
| 147|0x0000000089300000, 0x0000000089300000, 0x0000000089400000|  0%| F|  |TAMS 0x0000000089300000, 0x0000000089300000| Untracked 
| 148|0x0000000089400000, 0x0000000089400000, 0x0000000089500000|  0%| F|  |TAMS 0x0000000089400000, 0x0000000089400000| Untracked 
| 149|0x0000000089500000, 0x0000000089500000, 0x0000000089600000|  0%| F|  |TAMS 0x0000000089500000, 0x0000000089500000| Untracked 
| 150|0x0000000089600000, 0x0000000089600000, 0x0000000089700000|  0%| F|  |TAMS 0x0000000089600000, 0x0000000089600000| Untracked 
| 151|0x0000000089700000, 0x0000000089700000, 0x0000000089800000|  0%| F|  |TAMS 0x0000000089700000, 0x0000000089700000| Untracked 
| 152|0x0000000089800000, 0x0000000089800000, 0x0000000089900000|  0%| F|  |TAMS 0x0000000089800000, 0x0000000089800000| Untracked 
| 153|0x0000000089900000, 0x0000000089900000, 0x0000000089a00000|  0%| F|  |TAMS 0x0000000089900000, 0x0000000089900000| Untracked 
| 154|0x0000000089a00000, 0x0000000089a00000, 0x0000000089b00000|  0%| F|  |TAMS 0x0000000089a00000, 0x0000000089a00000| Untracked 
| 155|0x0000000089b00000, 0x0000000089b00000, 0x0000000089c00000|  0%| F|  |TAMS 0x0000000089b00000, 0x0000000089b00000| Untracked 
| 156|0x0000000089c00000, 0x0000000089c00000, 0x0000000089d00000|  0%| F|  |TAMS 0x0000000089c00000, 0x0000000089c00000| Untracked 
| 157|0x0000000089d00000, 0x0000000089d00000, 0x0000000089e00000|  0%| F|  |TAMS 0x0000000089d00000, 0x0000000089d00000| Untracked 
| 158|0x0000000089e00000, 0x0000000089e00000, 0x0000000089f00000|  0%| F|  |TAMS 0x0000000089e00000, 0x0000000089e00000| Untracked 
| 159|0x0000000089f00000, 0x0000000089f00000, 0x000000008a000000|  0%| F|  |TAMS 0x0000000089f00000, 0x0000000089f00000| Untracked 
| 160|0x000000008a000000, 0x000000008a000000, 0x000000008a100000|  0%| F|  |TAMS 0x000000008a000000, 0x000000008a000000| Untracked 
| 161|0x000000008a100000, 0x000000008a100000, 0x000000008a200000|  0%| F|  |TAMS 0x000000008a100000, 0x000000008a100000| Untracked 
| 162|0x000000008a200000, 0x000000008a200000, 0x000000008a300000|  0%| F|  |TAMS 0x000000008a200000, 0x000000008a200000| Untracked 
| 163|0x000000008a300000, 0x000000008a300000, 0x000000008a400000|  0%| F|  |TAMS 0x000000008a300000, 0x000000008a300000| Untracked 
| 164|0x000000008a400000, 0x000000008a400000, 0x000000008a500000|  0%| F|  |TAMS 0x000000008a400000, 0x000000008a400000| Untracked 
| 165|0x000000008a500000, 0x000000008a500000, 0x000000008a600000|  0%| F|  |TAMS 0x000000008a500000, 0x000000008a500000| Untracked 
| 166|0x000000008a600000, 0x000000008a600000, 0x000000008a700000|  0%| F|  |TAMS 0x000000008a600000, 0x000000008a600000| Untracked 
| 167|0x000000008a700000, 0x000000008a700000, 0x000000008a800000|  0%| F|  |TAMS 0x000000008a700000, 0x000000008a700000| Untracked 
| 168|0x000000008a800000, 0x000000008a800000, 0x000000008a900000|  0%| F|  |TAMS 0x000000008a800000, 0x000000008a800000| Untracked 
| 169|0x000000008a900000, 0x000000008a900000, 0x000000008aa00000|  0%| F|  |TAMS 0x000000008a900000, 0x000000008a900000| Untracked 
| 170|0x000000008aa00000, 0x000000008aa00000, 0x000000008ab00000|  0%| F|  |TAMS 0x000000008aa00000, 0x000000008aa00000| Untracked 
| 171|0x000000008ab00000, 0x000000008ab00000, 0x000000008ac00000|  0%| F|  |TAMS 0x000000008ab00000, 0x000000008ab00000| Untracked 
| 172|0x000000008ac00000, 0x000000008ac00000, 0x000000008ad00000|  0%| F|  |TAMS 0x000000008ac00000, 0x000000008ac00000| Untracked 
| 173|0x000000008ad00000, 0x000000008ad00000, 0x000000008ae00000|  0%| F|  |TAMS 0x000000008ad00000, 0x000000008ad00000| Untracked 
| 174|0x000000008ae00000, 0x000000008ae00000, 0x000000008af00000|  0%| F|  |TAMS 0x000000008ae00000, 0x000000008ae00000| Untracked 
| 175|0x000000008af00000, 0x000000008af00000, 0x000000008b000000|  0%| F|  |TAMS 0x000000008af00000, 0x000000008af00000| Untracked 
| 176|0x000000008b000000, 0x000000008b000000, 0x000000008b100000|  0%| F|  |TAMS 0x000000008b000000, 0x000000008b000000| Untracked 
| 177|0x000000008b100000, 0x000000008b100000, 0x000000008b200000|  0%| F|  |TAMS 0x000000008b100000, 0x000000008b100000| Untracked 
| 178|0x000000008b200000, 0x000000008b200000, 0x000000008b300000|  0%| F|  |TAMS 0x000000008b200000, 0x000000008b200000| Untracked 
| 179|0x000000008b300000, 0x000000008b300000, 0x000000008b400000|  0%| F|  |TAMS 0x000000008b300000, 0x000000008b300000| Untracked 
| 180|0x000000008b400000, 0x000000008b400000, 0x000000008b500000|  0%| F|  |TAMS 0x000000008b400000, 0x000000008b400000| Untracked 
| 181|0x000000008b500000, 0x000000008b500000, 0x000000008b600000|  0%| F|  |TAMS 0x000000008b500000, 0x000000008b500000| Untracked 
| 182|0x000000008b600000, 0x000000008b600000, 0x000000008b700000|  0%| F|  |TAMS 0x000000008b600000, 0x000000008b600000| Untracked 
| 183|0x000000008b700000, 0x000000008b700000, 0x000000008b800000|  0%| F|  |TAMS 0x000000008b700000, 0x000000008b700000| Untracked 
| 184|0x000000008b800000, 0x000000008b800000, 0x000000008b900000|  0%| F|  |TAMS 0x000000008b800000, 0x000000008b800000| Untracked 
| 185|0x000000008b900000, 0x000000008ba00000, 0x000000008ba00000|100%| O|  |TAMS 0x000000008b900000, 0x000000008b900000| Untracked 
| 186|0x000000008ba00000, 0x000000008bb00000, 0x000000008bb00000|100%| O|  |TAMS 0x000000008ba00000, 0x000000008ba00000| Untracked 
| 187|0x000000008bb00000, 0x000000008bb00000, 0x000000008bc00000|  0%| F|  |TAMS 0x000000008bb00000, 0x000000008bb00000| Untracked 
| 188|0x000000008bc00000, 0x000000008bc00000, 0x000000008bd00000|  0%| F|  |TAMS 0x000000008bc00000, 0x000000008bc00000| Untracked 
| 189|0x000000008bd00000, 0x000000008bd00000, 0x000000008be00000|  0%| F|  |TAMS 0x000000008bd00000, 0x000000008bd00000| Untracked 
| 190|0x000000008be00000, 0x000000008be00000, 0x000000008bf00000|  0%| F|  |TAMS 0x000000008be00000, 0x000000008be00000| Untracked 
| 191|0x000000008bf00000, 0x000000008bf00000, 0x000000008c000000|  0%| F|  |TAMS 0x000000008bf00000, 0x000000008bf00000| Untracked 
| 192|0x000000008c000000, 0x000000008c000000, 0x000000008c100000|  0%| F|  |TAMS 0x000000008c000000, 0x000000008c000000| Untracked 
| 193|0x000000008c100000, 0x000000008c100000, 0x000000008c200000|  0%| F|  |TAMS 0x000000008c100000, 0x000000008c100000| Untracked 
| 194|0x000000008c200000, 0x000000008c200000, 0x000000008c300000|  0%| F|  |TAMS 0x000000008c200000, 0x000000008c200000| Untracked 
| 195|0x000000008c300000, 0x000000008c300000, 0x000000008c400000|  0%| F|  |TAMS 0x000000008c300000, 0x000000008c300000| Untracked 
| 196|0x000000008c400000, 0x000000008c400000, 0x000000008c500000|  0%| F|  |TAMS 0x000000008c400000, 0x000000008c400000| Untracked 
| 197|0x000000008c500000, 0x000000008c500000, 0x000000008c600000|  0%| F|  |TAMS 0x000000008c500000, 0x000000008c500000| Untracked 
| 198|0x000000008c600000, 0x000000008c600000, 0x000000008c700000|  0%| F|  |TAMS 0x000000008c600000, 0x000000008c600000| Untracked 
| 199|0x000000008c700000, 0x000000008c700000, 0x000000008c800000|  0%| F|  |TAMS 0x000000008c700000, 0x000000008c700000| Untracked 
| 200|0x000000008c800000, 0x000000008c800000, 0x000000008c900000|  0%| F|  |TAMS 0x000000008c800000, 0x000000008c800000| Untracked 
| 201|0x000000008c900000, 0x000000008c900000, 0x000000008ca00000|  0%| F|  |TAMS 0x000000008c900000, 0x000000008c900000| Untracked 
| 202|0x000000008ca00000, 0x000000008ca00000, 0x000000008cb00000|  0%| F|  |TAMS 0x000000008ca00000, 0x000000008ca00000| Untracked 
| 203|0x000000008cb00000, 0x000000008cb00000, 0x000000008cc00000|  0%| F|  |TAMS 0x000000008cb00000, 0x000000008cb00000| Untracked 
| 204|0x000000008cc00000, 0x000000008cc00000, 0x000000008cd00000|  0%| F|  |TAMS 0x000000008cc00000, 0x000000008cc00000| Untracked 
| 205|0x000000008cd00000, 0x000000008cd00000, 0x000000008ce00000|  0%| F|  |TAMS 0x000000008cd00000, 0x000000008cd00000| Untracked 
| 206|0x000000008ce00000, 0x000000008ce00000, 0x000000008cf00000|  0%| F|  |TAMS 0x000000008ce00000, 0x000000008ce00000| Untracked 
| 207|0x000000008cf00000, 0x000000008cf00000, 0x000000008d000000|  0%| F|  |TAMS 0x000000008cf00000, 0x000000008cf00000| Untracked 
| 208|0x000000008d000000, 0x000000008d000000, 0x000000008d100000|  0%| F|  |TAMS 0x000000008d000000, 0x000000008d000000| Untracked 
| 209|0x000000008d100000, 0x000000008d100000, 0x000000008d200000|  0%| F|  |TAMS 0x000000008d100000, 0x000000008d100000| Untracked 
| 210|0x000000008d200000, 0x000000008d200000, 0x000000008d300000|  0%| F|  |TAMS 0x000000008d200000, 0x000000008d200000| Untracked 
| 211|0x000000008d300000, 0x000000008d300000, 0x000000008d400000|  0%| F|  |TAMS 0x000000008d300000, 0x000000008d300000| Untracked 
| 212|0x000000008d400000, 0x000000008d400000, 0x000000008d500000|  0%| F|  |TAMS 0x000000008d400000, 0x000000008d400000| Untracked 
| 213|0x000000008d500000, 0x000000008d500000, 0x000000008d600000|  0%| F|  |TAMS 0x000000008d500000, 0x000000008d500000| Untracked 
| 214|0x000000008d600000, 0x000000008d600000, 0x000000008d700000|  0%| F|  |TAMS 0x000000008d600000, 0x000000008d600000| Untracked 
| 215|0x000000008d700000, 0x000000008d700000, 0x000000008d800000|  0%| F|  |TAMS 0x000000008d700000, 0x000000008d700000| Untracked 
| 216|0x000000008d800000, 0x000000008d800000, 0x000000008d900000|  0%| F|  |TAMS 0x000000008d800000, 0x000000008d800000| Untracked 
| 217|0x000000008d900000, 0x000000008d900000, 0x000000008da00000|  0%| F|  |TAMS 0x000000008d900000, 0x000000008d900000| Untracked 
| 218|0x000000008da00000, 0x000000008da00000, 0x000000008db00000|  0%| F|  |TAMS 0x000000008da00000, 0x000000008da00000| Untracked 
| 219|0x000000008db00000, 0x000000008db00000, 0x000000008dc00000|  0%| F|  |TAMS 0x000000008db00000, 0x000000008db00000| Untracked 
| 220|0x000000008dc00000, 0x000000008dc00000, 0x000000008dd00000|  0%| F|  |TAMS 0x000000008dc00000, 0x000000008dc00000| Untracked 
| 221|0x000000008dd00000, 0x000000008dd00000, 0x000000008de00000|  0%| F|  |TAMS 0x000000008dd00000, 0x000000008dd00000| Untracked 
| 222|0x000000008de00000, 0x000000008dea2db0, 0x000000008df00000| 63%| E|  |TAMS 0x000000008de00000, 0x000000008de00000| Complete 
| 223|0x000000008df00000, 0x000000008e000000, 0x000000008e000000|100%| E|CS|TAMS 0x000000008df00000, 0x000000008df00000| Complete 
| 224|0x000000008e000000, 0x000000008e100000, 0x000000008e100000|100%| E|CS|TAMS 0x000000008e000000, 0x000000008e000000| Complete 

Card table byte_map: [0x00000240132f0000,0x00000240136f0000] _byte_map_base: 0x0000024012ef0000

Marking Bits (Prev, Next): (CMBitMap*) 0x000002407fafd6d0, (CMBitMap*) 0x000002407fafd698
 Prev Bits: [0x0000024015af0000, 0x0000024017af0000)
 Next Bits: [0x0000024013af0000, 0x0000024015af0000)

Polling page: 0x0000024000000000

Metaspace:

Usage:
  Non-class:     72.31 MB capacity,    71.01 MB ( 98%) used,     1.08 MB (  1%) free+waste,   229.25 KB ( <1%) overhead. 
      Class:     11.50 MB capacity,    10.74 MB ( 93%) used,   674.71 KB (  6%) free+waste,   106.88 KB ( <1%) overhead. 
       Both:     83.82 MB capacity,    81.75 MB ( 98%) used,     1.74 MB (  2%) free+waste,   336.13 KB ( <1%) overhead. 

Virtual space:
  Non-class space:       74.00 MB reserved,      72.45 MB ( 98%) committed 
      Class space:        1.00 GB reserved,      11.63 MB (  1%) committed 
             Both:        1.07 GB reserved,      84.07 MB (  8%) committed 

Chunk freelists:
   Non-Class:  12.00 KB
       Class:  0 bytes
        Both:  12.00 KB

MaxMetaspaceSize: 17179869184.00 GB
CompressedClassSpaceSize: 1.00 GB

CodeHeap 'non-profiled nmethods': size=120064Kb used=5282Kb max_used=5312Kb free=114781Kb
 bounds [0x000002400b380000, 0x000002400b8c0000, 0x00000240128c0000]
CodeHeap 'profiled nmethods': size=120000Kb used=20974Kb max_used=20974Kb free=99025Kb
 bounds [0x0000024003e50000, 0x00000240052d0000, 0x000002400b380000]
CodeHeap 'non-nmethods': size=5696Kb used=2256Kb max_used=2323Kb free=3439Kb
 bounds [0x00000240038c0000, 0x0000024003b30000, 0x0000024003e50000]
 total_blobs=10506 nmethods=9658 adapters=759
 compilation: enabled
              stopped_count=0, restarted_count=0
 full_count=0

Compilation events (20 events):
Event: 21.448 Thread 0x000002401aae1800 10016       2       com.android.tools.r8.code.U3::a (1 bytes)
Event: 21.448 Thread 0x000002401aae1800 nmethod 10016 0x00000240052cc610 code [0x00000240052cc7c0, 0x00000240052cc8b8]
Event: 21.450 Thread 0x000002401aae1800 10017       2       com.android.tools.r8.code.e::a (1 bytes)
Event: 21.450 Thread 0x000002401aae1800 nmethod 10017 0x00000240052cc990 code [0x00000240052ccb40, 0x00000240052ccc38]
Event: 21.450 Thread 0x000002401aae1800 10018       2       com.android.tools.r8.code.A0::a (1 bytes)
Event: 21.450 Thread 0x000002401aae1800 nmethod 10018 0x00000240052ccd10 code [0x00000240052ccec0, 0x00000240052ccfb8]
Event: 21.452 Thread 0x000002401aae1800 10019       2       com.android.tools.r8.code.c::a (1 bytes)
Event: 21.453 Thread 0x000002401aae1800 nmethod 10019 0x00000240052cd090 code [0x00000240052cd240, 0x00000240052cd338]
Event: 21.457 Thread 0x000002401aae1800 10020       2       com.android.tools.r8.code.Y0::a (1 bytes)
Event: 21.458 Thread 0x000002401aae1800 nmethod 10020 0x00000240052cd410 code [0x00000240052cd5c0, 0x00000240052cd6b8]
Event: 21.458 Thread 0x000002401aae1800 10021       2       com.android.tools.r8.code.v1::a (13 bytes)
Event: 21.458 Thread 0x000002401aae1800 nmethod 10021 0x00000240052cd790 code [0x00000240052cd980, 0x00000240052cdb98]
Event: 21.458 Thread 0x000002401aae1800 10022       2       com.android.tools.r8.code.v1::D (8 bytes)
Event: 21.458 Thread 0x000002401aae1800 nmethod 10022 0x00000240052cdd90 code [0x00000240052cdf40, 0x00000240052ce078]
Event: 21.459 Thread 0x000002401aae1800 10024       2       com.android.tools.r8.code.i2::a (1 bytes)
Event: 21.459 Thread 0x000002401aae1800 nmethod 10024 0x00000240052ce110 code [0x00000240052ce2c0, 0x00000240052ce3b8]
Event: 21.463 Thread 0x000002401aae1800 10025       2       com.android.tools.r8.code.p2::a (1 bytes)
Event: 21.463 Thread 0x000002401aae1800 nmethod 10025 0x00000240052ce490 code [0x00000240052ce640, 0x00000240052ce738]
Event: 21.686 Thread 0x000002401aae1800 10027       2       com.android.tools.r8.code.P3::a (1 bytes)
Event: 21.686 Thread 0x000002401aae1800 nmethod 10027 0x00000240052ce810 code [0x00000240052ce9c0, 0x00000240052ceab8]

GC Heap History (20 events):
Event: 5.665 GC heap before
{Heap before GC invocations=7 (full 0):
 garbage-first heap   total 157696K, used 66554K [0x0000000080000000, 0x0000000100000000)
  region size 1024K, 51 young (52224K), 3 survivors (3072K)
 Metaspace       used 35048K, capacity 35769K, committed 35840K, reserved 1081344K
  class space    used 4563K, capacity 4856K, committed 4864K, reserved 1048576K
}
Event: 5.678 GC heap after
{Heap after GC invocations=8 (full 0):
 garbage-first heap   total 157696K, used 21373K [0x0000000080000000, 0x0000000100000000)
  region size 1024K, 6 young (6144K), 6 survivors (6144K)
 Metaspace       used 35048K, capacity 35769K, committed 35840K, reserved 1081344K
  class space    used 4563K, capacity 4856K, committed 4864K, reserved 1048576K
}
Event: 7.113 GC heap before
{Heap before GC invocations=9 (full 0):
 garbage-first heap   total 157696K, used 93053K [0x0000000080000000, 0x0000000100000000)
  region size 1024K, 73 young (74752K), 6 survivors (6144K)
 Metaspace       used 41542K, capacity 42465K, committed 42572K, reserved 1085440K
  class space    used 5338K, capacity 5674K, committed 5760K, reserved 1048576K
}
Event: 7.130 GC heap after
{Heap after GC invocations=10 (full 0):
 garbage-first heap   total 157696K, used 24816K [0x0000000080000000, 0x0000000100000000)
  region size 1024K, 7 young (7168K), 7 survivors (7168K)
 Metaspace       used 41542K, capacity 42465K, committed 42572K, reserved 1085440K
  class space    used 5338K, capacity 5674K, committed 5760K, reserved 1048576K
}
Event: 8.430 GC heap before
{Heap before GC invocations=10 (full 0):
 garbage-first heap   total 157696K, used 103664K [0x0000000080000000, 0x0000000100000000)
  region size 1024K, 82 young (83968K), 7 survivors (7168K)
 Metaspace       used 45314K, capacity 46467K, committed 46668K, reserved 1089536K
  class space    used 5823K, capacity 6227K, committed 6272K, reserved 1048576K
}
Event: 8.448 GC heap after
{Heap after GC invocations=11 (full 0):
 garbage-first heap   total 157696K, used 35932K [0x0000000080000000, 0x0000000100000000)
  region size 1024K, 11 young (11264K), 11 survivors (11264K)
 Metaspace       used 45314K, capacity 46467K, committed 46668K, reserved 1089536K
  class space    used 5823K, capacity 6227K, committed 6272K, reserved 1048576K
}
Event: 10.225 GC heap before
{Heap before GC invocations=11 (full 0):
 garbage-first heap   total 157696K, used 112732K [0x0000000080000000, 0x0000000100000000)
  region size 1024K, 87 young (89088K), 11 survivors (11264K)
 Metaspace       used 56297K, capacity 57691K, committed 57804K, reserved 1099776K
  class space    used 7163K, capacity 7663K, committed 7680K, reserved 1048576K
}
Event: 10.247 GC heap after
{Heap after GC invocations=12 (full 0):
 garbage-first heap   total 189440K, used 41019K [0x0000000080000000, 0x0000000100000000)
  region size 1024K, 5 young (5120K), 5 survivors (5120K)
 Metaspace       used 56297K, capacity 57691K, committed 57804K, reserved 1099776K
  class space    used 7163K, capacity 7663K, committed 7680K, reserved 1048576K
}
Event: 10.807 GC heap before
{Heap before GC invocations=12 (full 0):
 garbage-first heap   total 189440K, used 64571K [0x0000000080000000, 0x0000000100000000)
  region size 1024K, 29 young (29696K), 5 survivors (5120K)
 Metaspace       used 58768K, capacity 60088K, committed 60236K, reserved 1101824K
  class space    used 7435K, capacity 7939K, committed 8064K, reserved 1048576K
}
Event: 10.820 GC heap after
{Heap after GC invocations=13 (full 0):
 garbage-first heap   total 189440K, used 43033K [0x0000000080000000, 0x0000000100000000)
  region size 1024K, 7 young (7168K), 7 survivors (7168K)
 Metaspace       used 58768K, capacity 60088K, committed 60236K, reserved 1101824K
  class space    used 7435K, capacity 7939K, committed 8064K, reserved 1048576K
}
Event: 12.564 GC heap before
{Heap before GC invocations=14 (full 0):
 garbage-first heap   total 189440K, used 127001K [0x0000000080000000, 0x0000000100000000)
  region size 1024K, 89 young (91136K), 7 survivors (7168K)
 Metaspace       used 65964K, capacity 67503K, committed 67788K, reserved 1107968K
  class space    used 8609K, capacity 9157K, committed 9216K, reserved 1048576K
}
Event: 12.586 GC heap after
{Heap after GC invocations=15 (full 0):
 garbage-first heap   total 189440K, used 47992K [0x0000000080000000, 0x0000000100000000)
  region size 1024K, 12 young (12288K), 12 survivors (12288K)
 Metaspace       used 65964K, capacity 67503K, committed 67788K, reserved 1107968K
  class space    used 8609K, capacity 9157K, committed 9216K, reserved 1048576K
}
Event: 15.349 GC heap before
{Heap before GC invocations=15 (full 0):
 garbage-first heap   total 189440K, used 141176K [0x0000000080000000, 0x0000000100000000)
  region size 1024K, 104 young (106496K), 12 survivors (12288K)
 Metaspace       used 74938K, capacity 76743K, committed 77004K, reserved 1116160K
  class space    used 9780K, capacity 10408K, committed 10496K, reserved 1048576K
}
Event: 15.380 GC heap after
{Heap after GC invocations=16 (full 0):
 garbage-first heap   total 189440K, used 53660K [0x0000000080000000, 0x0000000100000000)
  region size 1024K, 12 young (12288K), 12 survivors (12288K)
 Metaspace       used 74938K, capacity 76743K, committed 77004K, reserved 1116160K
  class space    used 9780K, capacity 10408K, committed 10496K, reserved 1048576K
}
Event: 17.791 GC heap before
{Heap before GC invocations=16 (full 0):
 garbage-first heap   total 189440K, used 142748K [0x0000000080000000, 0x0000000100000000)
  region size 1024K, 100 young (102400K), 12 survivors (12288K)
 Metaspace       used 76051K, capacity 77879K, committed 78156K, reserved 1116160K
  class space    used 9851K, capacity 10516K, committed 10624K, reserved 1048576K
}
Event: 17.818 GC heap after
{Heap after GC invocations=17 (full 0):
 garbage-first heap   total 189440K, used 58956K [0x0000000080000000, 0x0000000100000000)
  region size 1024K, 11 young (11264K), 11 survivors (11264K)
 Metaspace       used 76051K, capacity 77879K, committed 78156K, reserved 1116160K
  class space    used 9851K, capacity 10516K, committed 10624K, reserved 1048576K
}
Event: 19.766 GC heap before
{Heap before GC invocations=17 (full 0):
 garbage-first heap   total 189440K, used 164428K [0x0000000080000000, 0x0000000100000000)
  region size 1024K, 97 young (99328K), 11 survivors (11264K)
 Metaspace       used 79303K, capacity 81261K, committed 81356K, reserved 1120256K
  class space    used 10302K, capacity 10997K, committed 11008K, reserved 1048576K
}
Event: 19.813 GC heap after
{Heap after GC invocations=18 (full 0):
 garbage-first heap   total 230400K, used 85852K [0x0000000080000000, 0x0000000100000000)
  region size 1024K, 13 young (13312K), 13 survivors (13312K)
 Metaspace       used 79303K, capacity 81261K, committed 81356K, reserved 1120256K
  class space    used 10302K, capacity 10997K, committed 11008K, reserved 1048576K
}
Event: 21.499 GC heap before
{Heap before GC invocations=18 (full 0):
 garbage-first heap   total 230400K, used 174940K [0x0000000080000000, 0x0000000100000000)
  region size 1024K, 101 young (103424K), 13 survivors (13312K)
 Metaspace       used 83706K, capacity 85828K, committed 86092K, reserved 1124352K
  class space    used 10998K, capacity 11780K, committed 11904K, reserved 1048576K
}
Event: 21.648 GC heap after
{Heap after GC invocations=19 (full 0):
 garbage-first heap   total 230400K, used 122880K [0x0000000080000000, 0x0000000100000000)
  region size 1024K, 13 young (13312K), 13 survivors (13312K)
 Metaspace       used 83706K, capacity 85828K, committed 86092K, reserved 1124352K
  class space    used 10998K, capacity 11780K, committed 11904K, reserved 1048576K
}

Deoptimization events (20 events):
Event: 20.714 Thread 0x00000240247af800 DEOPT PACKING pc=0x000002400521da1a sp=0x0000008b086fe1f0
Event: 20.714 Thread 0x00000240247af800 DEOPT UNPACKING pc=0x00000240038e72ce sp=0x0000008b086fde20 mode 0
Event: 20.731 Thread 0x00000240247af800 DEOPT PACKING pc=0x000002400521da1a sp=0x0000008b086fe1f0
Event: 20.731 Thread 0x00000240247af800 DEOPT UNPACKING pc=0x00000240038e72ce sp=0x0000008b086fde20 mode 0
Event: 20.745 Thread 0x00000240247af800 DEOPT PACKING pc=0x000002400521da1a sp=0x0000008b086fe1f0
Event: 20.745 Thread 0x00000240247af800 DEOPT UNPACKING pc=0x00000240038e72ce sp=0x0000008b086fde20 mode 0
Event: 20.763 Thread 0x00000240247af800 DEOPT PACKING pc=0x000002400521da1a sp=0x0000008b086fe1d0
Event: 20.763 Thread 0x00000240247af800 DEOPT UNPACKING pc=0x00000240038e72ce sp=0x0000008b086fde00 mode 0
Event: 20.771 Thread 0x00000240247af800 DEOPT PACKING pc=0x000002400521da1a sp=0x0000008b086fe1f0
Event: 20.771 Thread 0x00000240247af800 DEOPT UNPACKING pc=0x00000240038e72ce sp=0x0000008b086fde20 mode 0
Event: 21.104 Thread 0x00000240247af800 DEOPT PACKING pc=0x0000024005266774 sp=0x0000008b086feb60
Event: 21.104 Thread 0x00000240247af800 DEOPT UNPACKING pc=0x00000240038e72ce sp=0x0000008b086fe030 mode 0
Event: 21.256 Thread 0x00000240247b1000 DEOPT PACKING pc=0x0000024005294f5c sp=0x0000008b089fee30
Event: 21.256 Thread 0x00000240247b1000 DEOPT UNPACKING pc=0x00000240038e72ce sp=0x0000008b089fe300 mode 0
Event: 21.398 Thread 0x00000240247ad000 DEOPT PACKING pc=0x00000240052ac248 sp=0x0000008b083fd3b0
Event: 21.398 Thread 0x00000240247ad000 DEOPT UNPACKING pc=0x00000240038e72ce sp=0x0000008b083fc8f0 mode 0
Event: 21.398 Thread 0x00000240247ad000 Uncommon trap: trap_request=0xffffffe4 fr.pc=0x000002400b88e598 relative=0x0000000000000258
Event: 21.398 Thread 0x00000240247ad000 Uncommon trap: reason=range_check action=make_not_entrant pc=0x000002400b88e598 method=com.android.tools.r8.graph.q0.b(Lcom/android/tools/r8/graph/q0;)I @ 26 c2
Event: 21.398 Thread 0x00000240247ad000 DEOPT PACKING pc=0x000002400b88e598 sp=0x0000008b083fd310
Event: 21.398 Thread 0x00000240247ad000 DEOPT UNPACKING pc=0x00000240038e74af sp=0x0000008b083fd280 mode 2

Classes redefined (0 events):
No events

Internal exceptions (20 events):
Event: 18.603 Thread 0x000002401c22c800 Exception <a 'java/lang/NoSuchMethodError'{0x0000000089352910}: 'java.lang.Object java.lang.invoke.DirectMethodHandle$Holder.invokeSpecial(java.lang.Object, java.lang.Object, int, java.lang.Object, java.lang.Object)'> (0x0000000089352910) thrown at [./src/hotspot/share/interpreter/linkResolver.cpp, line 773]
Event: 18.604 Thread 0x000002401c22c800 Exception <a 'java/lang/NoSuchMethodError'{0x000000008935b698}: 'java.lang.Object java.lang.invoke.DirectMethodHandle$Holder.invokeStatic(java.lang.Object, java.lang.Object, int, java.lang.Object)'> (0x000000008935b698) thrown at [./src/hotspot/share/interpreter/linkResolver.cpp, line 773]
Event: 18.605 Thread 0x000002401c22c800 Exception <a 'java/lang/NoSuchMethodError'{0x000000008935fb88}: 'java.lang.Object java.lang.invoke.Invokers$Holder.linkToTargetMethod(java.lang.Object, int, java.lang.Object, java.lang.Object)'> (0x000000008935fb88) thrown at [./src/hotspot/share/interpreter/linkResolver.cpp, line 773]
Event: 18.612 Thread 0x000002401c22c800 Exception <a 'java/lang/NoSuchMethodError'{0x00000000893766d8}: 'void java.lang.invoke.DirectMethodHandle$Holder.invokeVirtual(java.lang.Object, java.lang.Object)'> (0x00000000893766d8) thrown at [./src/hotspot/share/interpreter/linkResolver.cpp, line 773]
Event: 19.142 Thread 0x00000240247ad000 Exception <a 'sun/nio/fs/WindowsException'{0x0000000088346e38}> (0x0000000088346e38) thrown at [./src/hotspot/share/prims/jni.cpp, line 615]
Event: 19.251 Thread 0x00000240247ad000 Exception <a 'java/lang/NoSuchMethodError'{0x000000008819f4d0}: 'int java.lang.invoke.DirectMethodHandle$Holder.invokeVirtual(java.lang.Object, java.lang.Object, java.lang.Object)'> (0x000000008819f4d0) thrown at [./src/hotspot/share/interpreter/linkResolver.cpp, line 773]
Event: 19.361 Thread 0x00000240247ad000 Exception <a 'java/lang/NoSuchMethodError'{0x0000000087f81ab8}: 'java.lang.Object java.lang.invoke.DirectMethodHandle$Holder.invokeStatic(java.lang.Object, java.lang.Object, java.lang.Object, java.lang.Object, java.lang.Object, java.lang.Object, java.lang.Object, java.lang.Object, java.lang.Object, java.lang.Object, java.lang.Object, java.lang.Object, java.lang.Object, java.lang.Object, java.lang.Object, java.lang.Object, java.lang.Object, int, java.lang.Object)'> (0x0000000087f81ab8) thrown at [./src/hots
Event: 19.361 Thread 0x00000240247ad000 Exception <a 'java/lang/NoSuchMethodError'{0x0000000087f87108}: 'java.lang.Object java.lang.invoke.DirectMethodHandle$Holder.invokeStaticInit(java.lang.Object, java.lang.Object, java.lang.Object, java.lang.Object, java.lang.Object, java.lang.Object, java.lang.Object, java.lang.Object, java.lang.Object, java.lang.Object, java.lang.Object, java.lang.Object, java.lang.Object, java.lang.Object, java.lang.Object, java.lang.Object, java.lang.Object, int, java.lang.Object)'> (0x0000000087f87108) thrown at [./src/
Event: 19.890 Thread 0x00000240247b0000 Exception <a 'java/lang/NoSuchMethodError'{0x000000008dbc0408}: 'java.lang.Object java.lang.invoke.DirectMethodHandle$Holder.newInvokeSpecial(java.lang.Object, int)'> (0x000000008dbc0408) thrown at [./src/hotspot/share/interpreter/linkResolver.cpp, line 773]
Event: 20.827 Thread 0x00000240247ad000 Exception <a 'java/lang/NoSuchMethodError'{0x000000008a34aa48}: 'void java.lang.invoke.DirectMethodHandle$Holder.invokeStatic(java.lang.Object, java.lang.Object, java.lang.Object, int)'> (0x000000008a34aa48) thrown at [./src/hotspot/share/interpreter/linkResolver.cpp, line 773]
Event: 20.829 Thread 0x00000240247ad000 Exception <a 'java/lang/IncompatibleClassChangeError'{0x000000008a352938}: Found class java.lang.Object, but interface was expected> (0x000000008a352938) thrown at [./src/hotspot/share/interpreter/linkResolver.cpp, line 839]
Event: 20.966 Thread 0x00000240247ad000 Exception <a 'java/lang/NoSuchMethodError'{0x000000008a0bbc40}: 'void java.lang.invoke.DirectMethodHandle$Holder.invokeStaticInit(java.lang.Object, java.lang.Object, java.lang.Object, java.lang.Object, java.lang.Object)'> (0x000000008a0bbc40) thrown at [./src/hotspot/share/interpreter/linkResolver.cpp, line 773]
Event: 21.011 Thread 0x00000240247ad000 Exception <a 'java/lang/NoSuchMethodError'{0x0000000089ff59f0}: 'java.lang.Object java.lang.invoke.DirectMethodHandle$Holder.invokeStatic(java.lang.Object, int, java.lang.Object, java.lang.Object)'> (0x0000000089ff59f0) thrown at [./src/hotspot/share/interpreter/linkResolver.cpp, line 773]
Event: 21.026 Thread 0x00000240247ad000 Exception <a 'java/lang/NoSuchMethodError'{0x0000000089e636d0}: 'long java.lang.invoke.DirectMethodHandle$Holder.invokeStatic(java.lang.Object, java.lang.Object)'> (0x0000000089e636d0) thrown at [./src/hotspot/share/interpreter/linkResolver.cpp, line 773]
Event: 21.054 Thread 0x00000240247af800 Exception <a 'java/lang/NoSuchMethodError'{0x0000000089d86880}: 'void java.lang.invoke.DirectMethodHandle$Holder.invokeSpecial(java.lang.Object, java.lang.Object, int, java.lang.Object)'> (0x0000000089d86880) thrown at [./src/hotspot/share/interpreter/linkResolver.cpp, line 773]
Event: 21.054 Thread 0x00000240247aa800 Exception <a 'java/lang/NoSuchMethodError'{0x000000008a221b70}: 'void java.lang.invoke.DirectMethodHandle$Holder.invokeSpecial(java.lang.Object, java.lang.Object, int, java.lang.Object)'> (0x000000008a221b70) thrown at [./src/hotspot/share/interpreter/linkResolver.cpp, line 773]
Event: 21.055 Thread 0x00000240247b0000 Exception <a 'java/lang/NoSuchMethodError'{0x0000000089d60798}: 'void java.lang.invoke.DirectMethodHandle$Holder.invokeSpecial(java.lang.Object, java.lang.Object, int, java.lang.Object)'> (0x0000000089d60798) thrown at [./src/hotspot/share/interpreter/linkResolver.cpp, line 773]
Event: 21.055 Thread 0x00000240247b1000 Exception <a 'java/lang/NoSuchMethodError'{0x0000000089d72c18}: 'void java.lang.invoke.DirectMethodHandle$Holder.invokeSpecial(java.lang.Object, java.lang.Object, int, java.lang.Object)'> (0x0000000089d72c18) thrown at [./src/hotspot/share/interpreter/linkResolver.cpp, line 773]
Event: 21.198 Thread 0x00000240247ad000 Exception <a 'java/lang/NoSuchMethodError'{0x0000000089448df8}: 'java.lang.Object java.lang.invoke.DirectMethodHandle$Holder.invokeSpecial(java.lang.Object, java.lang.Object, java.lang.Object, java.lang.Object, java.lang.Object, java.lang.Object, java.lang.Object, java.lang.Object, java.lang.Object, java.lang.Object)'> (0x0000000089448df8) thrown at [./src/hotspot/share/interpreter/linkResolver.cpp, line 773]
Event: 21.198 Thread 0x00000240247ad000 Exception <a 'java/lang/NoSuchMethodError'{0x000000008944cee8}: 'java.lang.Object java.lang.invoke.Invokers$Holder.linkToTargetMethod(java.lang.Object, java.lang.Object, java.lang.Object, java.lang.Object, java.lang.Object, java.lang.Object, java.lang.Object, java.lang.Object, java.lang.Object)'> (0x000000008944cee8) thrown at [./src/hotspot/share/interpreter/linkResolver.cpp, line 773]

Events (20 events):
Event: 21.336 loading class com/android/tools/r8/graph/S done
Event: 21.337 loading class com/android/tools/r8/graph/S$h
Event: 21.337 loading class com/android/tools/r8/graph/S$h done
Event: 21.349 Thread 0x000002401a17d800 flushing nmethod 0x000002400b3e6590
Event: 21.350 Thread 0x000002401a17d800 flushing nmethod 0x000002400b3f4410
Event: 21.350 Thread 0x000002401a17d800 flushing nmethod 0x000002400b41b090
Event: 21.353 Thread 0x000002401a17d800 flushing nmethod 0x0000024003e55190
Event: 21.353 Thread 0x000002401a17d800 flushing nmethod 0x0000024003e69990
Event: 21.353 Thread 0x000002401a17d800 flushing nmethod 0x0000024003e83e10
Event: 21.353 Thread 0x000002401a17d800 flushing nmethod 0x0000024003e91490
Event: 21.353 Thread 0x000002401a17d800 flushing nmethod 0x0000024003e91990
Event: 21.353 Thread 0x000002401a17d800 flushing nmethod 0x0000024003eb9290
Event: 21.353 Thread 0x000002401a17d800 flushing nmethod 0x0000024003eecc90
Event: 21.355 Thread 0x000002401a17d800 flushing nmethod 0x0000024004141b90
Event: 21.355 Thread 0x000002401a17d800 flushing nmethod 0x0000024004166a10
Event: 21.355 Thread 0x000002401a17d800 flushing nmethod 0x0000024004166e90
Event: 21.363 Executing VM operation: ICBufferFull
Event: 21.363 Executing VM operation: ICBufferFull done
Event: 21.498 Executing VM operation: G1CollectForAllocation
Event: 21.648 Executing VM operation: G1CollectForAllocation done


Dynamic libraries:
0x00007ff6b67a0000 - 0x00007ff6b67aa000 	C:\Program Files\Android\Android Studio\jre\bin\java.exe
0x00007ffd02ae0000 - 0x00007ffd02cd0000 	C:\Windows\SYSTEM32\ntdll.dll
0x00007ffd01690000 - 0x00007ffd01742000 	C:\Windows\System32\KERNEL32.DLL
0x00007ffcffd90000 - 0x00007ffd00035000 	C:\Windows\System32\KERNELBASE.dll
0x00007ffd00940000 - 0x00007ffd00a3a000 	C:\Windows\System32\ucrtbase.dll
0x00007ffcef080000 - 0x00007ffcef099000 	C:\Program Files\Android\Android Studio\jre\bin\jli.dll
0x00007ffceffc0000 - 0x00007ffceffd7000 	C:\Program Files\Android\Android Studio\jre\bin\VCRUNTIME140.dll
0x00007ffd02900000 - 0x00007ffd02a94000 	C:\Windows\System32\USER32.dll
0x00007ffcffa50000 - 0x00007ffcffa71000 	C:\Windows\System32\win32u.dll
0x00007ffcef6b0000 - 0x00007ffcef934000 	C:\Windows\WinSxS\amd64_microsoft.windows.common-controls_6595b64144ccf1df_6.0.18362.1256_none_9e7e379be45e40e2\COMCTL32.dll
0x00007ffd02540000 - 0x00007ffd02566000 	C:\Windows\System32\GDI32.dll
0x00007ffd01da0000 - 0x00007ffd01e3e000 	C:\Windows\System32\msvcrt.dll
0x00007ffcffa80000 - 0x00007ffcffc16000 	C:\Windows\System32\gdi32full.dll
0x00007ffd00a40000 - 0x00007ffd00ade000 	C:\Windows\System32\msvcp_win.dll
0x00007ffd01350000 - 0x00007ffd01686000 	C:\Windows\System32\combase.dll
0x00007ffd021e0000 - 0x00007ffd02300000 	C:\Windows\System32\RPCRT4.dll
0x00007ffcffd00000 - 0x00007ffcffd81000 	C:\Windows\System32\bcryptPrimitives.dll
0x00007ffd02300000 - 0x00007ffd0232e000 	C:\Windows\System32\IMM32.DLL
0x00007ffcc9980000 - 0x00007ffcc9a1d000 	C:\Program Files\Android\Android Studio\jre\bin\msvcp140.dll
0x00007ffcc8120000 - 0x00007ffcc8bdc000 	C:\Program Files\Android\Android Studio\jre\bin\server\jvm.dll
0x00007ffd020c0000 - 0x00007ffd02163000 	C:\Windows\System32\ADVAPI32.dll
0x00007ffd02330000 - 0x00007ffd023c7000 	C:\Windows\System32\sechost.dll
0x00007ffd020b0000 - 0x00007ffd020b8000 	C:\Windows\System32\PSAPI.DLL
0x00007ffcdb390000 - 0x00007ffcdb399000 	C:\Windows\SYSTEM32\WSOCK32.dll
0x00007ffcfce30000 - 0x00007ffcfce54000 	C:\Windows\SYSTEM32\WINMM.dll
0x00007ffcf21e0000 - 0x00007ffcf21ea000 	C:\Windows\SYSTEM32\VERSION.dll
0x00007ffd02890000 - 0x00007ffd028ff000 	C:\Windows\System32\WS2_32.dll
0x00007ffcfce00000 - 0x00007ffcfce2d000 	C:\Windows\SYSTEM32\winmmbase.dll
0x00007ffcffcb0000 - 0x00007ffcffcfa000 	C:\Windows\System32\cfgmgr32.dll
0x00007ffcff990000 - 0x00007ffcff9a1000 	C:\Windows\System32\kernel.appcore.dll
0x00007ffcf8d90000 - 0x00007ffcf8da1000 	C:\Program Files\Android\Android Studio\jre\bin\verify.dll
0x00007ffcfe220000 - 0x00007ffcfe414000 	C:\Windows\SYSTEM32\DBGHELP.DLL
0x00007ffced830000 - 0x00007ffced85a000 	C:\Windows\SYSTEM32\dbgcore.DLL
0x00007ffcf8d60000 - 0x00007ffcf8d89000 	C:\Program Files\Android\Android Studio\jre\bin\java.dll
0x00007ffcfd0a0000 - 0x00007ffcfd0ab000 	C:\Program Files\Android\Android Studio\jre\bin\jimage.dll
0x00007ffcf0a90000 - 0x00007ffcf0aa8000 	C:\Program Files\Android\Android Studio\jre\bin\zip.dll
0x00007ffd00b90000 - 0x00007ffd01277000 	C:\Windows\System32\SHELL32.dll
0x00007ffd017d0000 - 0x00007ffd01879000 	C:\Windows\System32\shcore.dll
0x00007ffd00190000 - 0x00007ffd00911000 	C:\Windows\System32\windows.storage.dll
0x00007ffcff9d0000 - 0x00007ffcff9f3000 	C:\Windows\System32\profapi.dll
0x00007ffcffa00000 - 0x00007ffcffa4a000 	C:\Windows\System32\powrprof.dll
0x00007ffcff980000 - 0x00007ffcff990000 	C:\Windows\System32\UMPDC.dll
0x00007ffd02050000 - 0x00007ffd020a2000 	C:\Windows\System32\shlwapi.dll
0x00007ffd00920000 - 0x00007ffd00937000 	C:\Windows\System32\cryptsp.dll
0x00007ffcf0a70000 - 0x00007ffcf0a8a000 	C:\Program Files\Android\Android Studio\jre\bin\net.dll
0x00007ffcef990000 - 0x00007ffcefa80000 	C:\Windows\SYSTEM32\WINHTTP.dll
0x00007ffcff170000 - 0x00007ffcff1d7000 	C:\Windows\system32\mswsock.dll
0x00007ffcf0a50000 - 0x00007ffcf0a64000 	C:\Program Files\Android\Android Studio\jre\bin\nio.dll
0x00007ffce3460000 - 0x00007ffce3487000 	C:\Users\hp\.gradle\native\fdc75f09e3144964f2cf3f50f0aa648679c211496f362492102eb8c894070792\windows-amd64\native-platform.dll
0x00007ffcc9620000 - 0x00007ffcc97b6000 	C:\Users\hp\.gradle\native\12488b8bf47d2d4c9fbf2f6322a914ad602e24e48041cd04a747c6da556b65c4\windows-amd64\native-platform-file-events.dll
0x00007ffcfd100000 - 0x00007ffcfd10a000 	C:\Program Files\Android\Android Studio\jre\bin\management.dll
0x00007ffcfd0e0000 - 0x00007ffcfd0ec000 	C:\Program Files\Android\Android Studio\jre\bin\management_ext.dll
0x00007ffcfece0000 - 0x00007ffcfed13000 	C:\Windows\system32\rsaenh.dll
0x00007ffcffc20000 - 0x00007ffcffc46000 	C:\Windows\System32\bcrypt.dll
0x00007ffcff8a0000 - 0x00007ffcff8c5000 	C:\Windows\SYSTEM32\USERENV.dll
0x00007ffcff340000 - 0x00007ffcff34c000 	C:\Windows\SYSTEM32\CRYPTBASE.dll
0x00007ffcfee80000 - 0x00007ffcfeeba000 	C:\Windows\SYSTEM32\IPHLPAPI.DLL
0x00007ffd02810000 - 0x00007ffd02818000 	C:\Windows\System32\NSI.dll
0x00007ffcf1fe0000 - 0x00007ffcf1ff6000 	C:\Windows\SYSTEM32\dhcpcsvc6.DLL
0x00007ffcf2210000 - 0x00007ffcf222c000 	C:\Windows\SYSTEM32\dhcpcsvc.DLL
0x00007ffcfeed0000 - 0x00007ffcfef9b000 	C:\Windows\SYSTEM32\DNSAPI.dll
0x00007ffcf2270000 - 0x00007ffcf227b000 	C:\Windows\SYSTEM32\WINNSI.DLL

dbghelp: loaded successfully - version: 4.0.5 - missing functions: none
symbol engine: initialized successfully - sym options: 0x614 - pdb path: .;C:\Program Files\Android\Android Studio\jre\bin;C:\Windows\SYSTEM32;C:\Windows\WinSxS\amd64_microsoft.windows.common-controls_6595b64144ccf1df_6.0.18362.1256_none_9e7e379be45e40e2;C:\Program Files\Android\Android Studio\jre\bin\server;C:\Users\hp\.gradle\native\fdc75f09e3144964f2cf3f50f0aa648679c211496f362492102eb8c894070792\windows-amd64;C:\Users\hp\.gradle\native\12488b8bf47d2d4c9fbf2f6322a914ad602e24e48041cd04a747c6da556b65c4\windows-amd64

VM Arguments:
jvm_args: --add-opens=java.base/java.util=ALL-UNNAMED --add-opens=java.base/java.lang=ALL-UNNAMED --add-opens=java.base/java.lang.invoke=ALL-UNNAMED --add-opens=java.prefs/java.util.prefs=ALL-UNNAMED -Xmx2048m -Dfile.encoding=UTF-8 -Duser.country=GB -Duser.language=en -Duser.variant 
java_command: org.gradle.launcher.daemon.bootstrap.GradleDaemon 6.7.1
java_class_path (initial): C:\Users\hp\.gradle\wrapper\dists\gradle-6.7.1-bin\bwlcbys1h7rz3272sye1xwiv6\gradle-6.7.1\lib\gradle-launcher-6.7.1.jar
Launcher Type: SUN_STANDARD

[Global flags]
     intx CICompilerCount                          = 3                                         {product} {ergonomic}
     uint ConcGCThreads                            = 1                                         {product} {ergonomic}
     uint G1ConcRefinementThreads                  = 4                                         {product} {ergonomic}
   size_t G1HeapRegionSize                         = 1048576                                   {product} {ergonomic}
    uintx GCDrainStackTargetSize                   = 64                                        {product} {ergonomic}
   size_t InitialHeapSize                          = 134217728                                 {product} {ergonomic}
   size_t MarkStackSize                            = 4194304                                   {product} {ergonomic}
   size_t MaxHeapSize                              = 2147483648                                {product} {command line}
   size_t MaxNewSize                               = 1287651328                                {product} {ergonomic}
   size_t MinHeapDeltaBytes                        = 1048576                                   {product} {ergonomic}
    uintx NonNMethodCodeHeapSize                   = 5830732                                {pd product} {ergonomic}
    uintx NonProfiledCodeHeapSize                  = 122913754                              {pd product} {ergonomic}
    uintx ProfiledCodeHeapSize                     = 122913754                              {pd product} {ergonomic}
    uintx ReservedCodeCacheSize                    = 251658240                              {pd product} {ergonomic}
     bool SegmentedCodeCache                       = true                                      {product} {ergonomic}
     bool UseCompressedClassPointers               = true                                 {lp64_product} {ergonomic}
     bool UseCompressedOops                        = true                                 {lp64_product} {ergonomic}
     bool UseG1GC                                  = true                                      {product} {ergonomic}
     bool UseLargePagesIndividualAllocation        = false                                  {pd product} {ergonomic}

Logging:
Log output configuration:
 #0: stdout all=warning uptime,level,tags
 #1: stderr all=off uptime,level,tags

Environment Variables:
JAVA_HOME=C:\Program Files\Java\jdk-17.0.1
PATH=C:\Program Files\Common Files\Oracle\Java\javapath;C:\Python310\Scripts\;C:\Python310\;C:\ProgramData\Oracle\Java\javapath;C:\Windows\system32;C:\Windows;C:\Windows\System32\Wbem;C:\Windows\System32\WindowsPowerShell\v1.0\;C:\Windows\System32\OpenSSH\;C:\Program Files (x86)\dotnet\;C:\Program Files\Java\jdk-17\bin;C:\Program Files\Microsoft SQL Server\Client SDK\ODBC\110\Tools\Binn\;C:\Program Files\Microsoft SQL Server\Client SDK\ODBC\170\Tools\Binn\;C:\ProgramData\chocolatey\bin;C:\Program Files\Java\jdk-17.0.1\bin;C:\Program Files\Azure Data Studio\bin;C:\Program Files\Microsoft SQL Server\130\Tools\Binn\;C:\Program Files (x86)\Microsoft SQL Server\150\Tools\Binn\;C:\Program Files\Microsoft SQL Server\150\Tools\Binn\;C:\Program Files\Microsoft SQL Server\150\DTS\Binn\;C:\Users\hp\AppData\Local\Microsoft\WindowsApps;D:\Microsoft VS Code\bin;C:\Users\hp\.dotnet\tools;C:\Program Files\Azure Data Studio\bin;C:\Users\hp\AppData\Local\Android\Sdk\platform-tools;;C:\Users\hp\AppData\Local\Programs\Microsoft VS Code\bin
USERNAME=hp
OS=Windows_NT
PROCESSOR_IDENTIFIER=Intel64 Family 6 Model 142 Stepping 9, GenuineIntel



---------------  S Y S T E M  ---------------

OS: Windows 10 , 64 bit Build 18362 (10.0.18362.1110)
OS uptime: 0 days 3:22 hours

CPU:total 4 (initial active 4) (2 cores per cpu, 2 threads per core) family 6 model 142 stepping 9, cmov, cx8, fxsr, mmx, sse, sse2, sse3, ssse3, sse4.1, sse4.2, popcnt, avx, avx2, aes, clmul, erms, 3dnowpref, lzcnt, ht, tsc, tscinvbit, bmi1, bmi2, adx, fma

Memory: 4k page, system-wide physical 8078M (476M free)
TotalPageFile size 8078M (AvailPageFile size 5M)
current process WorkingSet (physical memory assigned to process): 490M, peak: 490M
current process commit charge ("private bytes"): 523M, peak: 523M

vm_info: OpenJDK 64-Bit Server VM (11.0.8+10-b944.6842174) for windows-amd64 JRE (11.0.8+10-b944.6842174), built on Sep 19 2020 01:11:42 by "builder" with MS VC++ 14.0 (VS2015)

END.
