#
# There is insufficient memory for the Java Runtime Environment to continue.
# Native memory allocation (mmap) failed to map 58720256 bytes for Failed to commit area from 0x000000008de00000 to 0x0000000091600000 of length 58720256.
# Possible reasons:
#   The system is out of physical RAM or swap space
#   The process is running with CompressedOops enabled, and the Java Heap may be blocking the growth of the native heap
# Possible solutions:
#   Reduce memory load on the system
#   Increase physical memory or swap space
#   Check if swap backing store is full
#   Decrease Java heap size (-Xmx/-Xms)
#   Decrease number of Java threads
#   Decrease Java thread stack sizes (-Xss)
#   Set larger code cache with -XX:ReservedCodeCacheSize=
#   JVM is running with Unscaled Compressed Oops mode in which the Java heap is
#     placed in the first 4GB address space. The Java Heap base address is the
#     maximum limit for the native heap growth. Please use -XX:HeapBaseMinAddress
#     to set the Java Heap base and to place the Java Heap above 4GB virtual address.
# This output file may be truncated or incomplete.
#
#  Out of Memory Error (./src/hotspot/os/windows/os_windows.cpp:3303), pid=7680, tid=9648
#
# JRE version: OpenJDK Runtime Environment (11.0.8+10) (build 11.0.8+10-b944.6842174)
# Java VM: OpenJDK 64-Bit Server VM (11.0.8+10-b944.6842174, mixed mode, tiered, compressed oops, g1 gc, windows-amd64)
# No core dump will be written. Minidumps are not enabled by default on client versions of Windows
#

---------------  S U M M A R Y ------------

Command Line: --add-opens=java.base/java.util=ALL-UNNAMED --add-opens=java.base/java.lang=ALL-UNNAMED --add-opens=java.base/java.lang.invoke=ALL-UNNAMED --add-opens=java.prefs/java.util.prefs=ALL-UNNAMED -Xmx2048m -Dfile.encoding=UTF-8 -Duser.country=GB -Duser.language=en -Duser.variant org.gradle.launcher.daemon.bootstrap.GradleDaemon 6.7.1

Host: Intel(R) Core(TM) i5-7200U CPU @ 2.50GHz, 4 cores, 7G,  Windows 10 , 64 bit Build 18362 (10.0.18362.1110)
Time: Thu Feb 24 00:45:19 2022 Morocco Summer Time elapsed time: 15 seconds (0d 0h 0m 15s)

---------------  T H R E A D  ---------------

Current thread (0x00000206a378b000):  VMThread "VM Thread" [stack: 0x0000000b64c00000,0x0000000b64d00000] [id=9648]

Stack: [0x0000000b64c00000,0x0000000b64d00000]
[error occurred during error reporting (printing stack bounds), id 0xc0000005, EXCEPTION_ACCESS_VIOLATION (0xc0000005) at pc=0x000002068d6a0dad]

Native frames: (J=compiled Java code, j=interpreted, Vv=VM code, C=native code)
V  [jvm.dll+0x5de50a]
V  [jvm.dll+0x7122f5]
V  [jvm.dll+0x71384d]
V  [jvm.dll+0x713e65]
V  [jvm.dll+0x713e1b]
V  [jvm.dll+0x5dd958]
V  [jvm.dll+0x5de0f8]
C  [ntdll.dll+0xa184f]
C  [ntdll.dll+0x6a889]
C  [ntdll.dll+0xa04be]
C  0x000002068d6a0dad

VM_Operation (0x0000000b6defc740): G1CollectForAllocation, mode: safepoint, requested by thread 0x00000206ab0b4000


---------------  P R O C E S S  ---------------

Threads class SMR info:
_java_thread_list=0x00000206ad89f930, length=146, elements={
0x0000020689d2d000, 0x00000206a3791800, 0x00000206a3793000, 0x00000206a379d000,
0x00000206a4112800, 0x00000206a4115800, 0x00000206a411f800, 0x00000206a37a9000,
0x00000206a4278800, 0x00000206a42bc800, 0x00000206a556f800, 0x00000206a5646800,
0x00000206a5c51800, 0x00000206a561e000, 0x00000206a5564800, 0x00000206a5b60800,
0x00000206a5b6e800, 0x00000206a620c000, 0x00000206a5827000, 0x00000206a53b3800,
0x00000206a5fb2000, 0x00000206a5fb4000, 0x00000206a5fb9000, 0x00000206a593e800,
0x00000206a5fb7000, 0x00000206a5fb4800, 0x00000206a5fb5800, 0x00000206a5fb3000,
0x00000206a5fb6800, 0x00000206a6538800, 0x00000206a653c000, 0x00000206a653c800,
0x00000206a6537000, 0x00000206a653d800, 0x00000206a6538000, 0x00000206a6541800,
0x00000206a6540800, 0x00000206a6542800, 0x00000206a6543000, 0x00000206a6544000,
0x00000206a653e800, 0x00000206a6545000, 0x00000206a653f000, 0x00000206a6540000,
0x00000206a8ad7000, 0x00000206a8ad2000, 0x00000206a8ad6000, 0x00000206a8ad3000,
0x00000206a8ad1000, 0x00000206a8ad4800, 0x00000206a8ad7800, 0x00000206a8ad5000,
0x00000206a8ad3800, 0x00000206a8f45800, 0x00000206a8f49000, 0x00000206a8f47800,
0x00000206a8f45000, 0x00000206a8f4a000, 0x00000206a8f48000, 0x00000206a8f46800,
0x00000206a8f4b800, 0x00000206a8f4a800, 0x00000206a63a8800, 0x00000206a63a7000,
0x00000206a63ab000, 0x00000206a63ac800, 0x00000206a63ad800, 0x00000206a63a7800,
0x00000206a63aa000, 0x00000206a63ae800, 0x00000206a63ac000, 0x00000206a63a9800,
0x00000206a63b0800, 0x00000206a63af000, 0x00000206a63b4000, 0x00000206a63b1800,
0x00000206a63b3000, 0x00000206a63b0000, 0x00000206a63b5000, 0x00000206a63b2800,
0x00000206a63b5800, 0x00000206a8c0c800, 0x00000206a8c0a000, 0x00000206a8c0a800,
0x00000206a8c0b800, 0x00000206a8c0d000, 0x00000206a8c0e000, 0x00000206a8c0e800,
0x00000206a8c09000, 0x00000206a8c14800, 0x00000206a8c13000, 0x00000206a8c12000,
0x00000206a8c0f800, 0x00000206a8c15000, 0x00000206a8c16000, 0x00000206a8c10800,
0x00000206a8c11000, 0x00000206a8c17000, 0x00000206a8c17800, 0x00000206a8c13800,
0x00000206a47bc000, 0x00000206a47bc800, 0x00000206a47bb000, 0x00000206a47bd800,
0x00000206a47be000, 0x00000206a47b9800, 0x00000206a47bf000, 0x00000206a47c0000,
0x00000206a47ba000, 0x00000206a47c5800, 0x00000206a47c4800, 0x00000206a47c2800,
0x00000206a47c3000, 0x00000206a47c6800, 0x00000206a47c0800, 0x00000206a47c7000,
0x00000206a47c4000, 0x00000206a47c1800, 0x00000206a47c8000, 0x00000206a8c5c000,
0x00000206a8c5d000, 0x00000206a8c59800, 0x00000206a8c5a800, 0x00000206a8c57000,
0x00000206a8c5d800, 0x00000206a8c58000, 0x00000206a8c5e800, 0x00000206a8c58800,
0x00000206a8c5f800, 0x00000206a8c60000, 0x00000206a8c61000, 0x00000206a8c5b000,
0x00000206a8c61800, 0x00000206a8c63800, 0x00000206a8c64000, 0x00000206a8c65000,
0x00000206a8c66000, 0x00000206ab0ad000, 0x00000206ab0b0800, 0x00000206ab0b3000,
0x00000206ab0b4000, 0x00000206ab0af800, 0x00000206ab0b4800, 0x00000206ab0af000,
0x00000206ab0b5800, 0x00000206ab0b6000
}

Java Threads: ( => current thread )
  0x0000020689d2d000 JavaThread "main" [_thread_blocked, id=9496, stack(0x0000000b64600000,0x0000000b64700000)]
  0x00000206a3791800 JavaThread "Reference Handler" daemon [_thread_blocked, id=14760, stack(0x0000000b64d00000,0x0000000b64e00000)]
  0x00000206a3793000 JavaThread "Finalizer" daemon [_thread_blocked, id=10632, stack(0x0000000b64e00000,0x0000000b64f00000)]
  0x00000206a379d000 JavaThread "Signal Dispatcher" daemon [_thread_blocked, id=15244, stack(0x0000000b64f00000,0x0000000b65000000)]
  0x00000206a4112800 JavaThread "Attach Listener" daemon [_thread_blocked, id=12868, stack(0x0000000b65000000,0x0000000b65100000)]
  0x00000206a4115800 JavaThread "C2 CompilerThread0" daemon [_thread_blocked, id=124, stack(0x0000000b65100000,0x0000000b65200000)]
  0x00000206a411f800 JavaThread "C1 CompilerThread0" daemon [_thread_blocked, id=11188, stack(0x0000000b65200000,0x0000000b65300000)]
  0x00000206a37a9000 JavaThread "Sweeper thread" daemon [_thread_blocked, id=14588, stack(0x0000000b65300000,0x0000000b65400000)]
  0x00000206a4278800 JavaThread "Common-Cleaner" daemon [_thread_blocked, id=2908, stack(0x0000000b65400000,0x0000000b65500000)]
  0x00000206a42bc800 JavaThread "Service Thread" daemon [_thread_blocked, id=3176, stack(0x0000000b65500000,0x0000000b65600000)]
  0x00000206a556f800 JavaThread "Daemon health stats" [_thread_blocked, id=14236, stack(0x0000000b65a00000,0x0000000b65b00000)]
  0x00000206a5646800 JavaThread "Incoming local TCP Connector on port 56894" [_thread_in_native, id=13224, stack(0x0000000b65c00000,0x0000000b65d00000)]
  0x00000206a5c51800 JavaThread "Daemon periodic checks" [_thread_blocked, id=3272, stack(0x0000000b65d00000,0x0000000b65e00000)]
  0x00000206a561e000 JavaThread "Daemon" [_thread_blocked, id=340, stack(0x0000000b65e00000,0x0000000b65f00000)]
  0x00000206a5564800 JavaThread "Handler for socket connection from /127.0.0.1:56894 to /127.0.0.1:56895" [_thread_in_native, id=11692, stack(0x0000000b65f00000,0x0000000b66000000)]
  0x00000206a5b60800 JavaThread "Cancel handler" [_thread_blocked, id=3408, stack(0x0000000b66000000,0x0000000b66100000)]
  0x00000206a5b6e800 JavaThread "Daemon worker" [_thread_blocked, id=14312, stack(0x0000000b66100000,0x0000000b66200000)]
  0x00000206a620c000 JavaThread "Asynchronous log dispatcher for DefaultDaemonConnection: socket connection from /127.0.0.1:56894 to /127.0.0.1:56895" [_thread_blocked, id=9616, stack(0x0000000b66200000,0x0000000b66300000)]
  0x00000206a5827000 JavaThread "Stdin handler" [_thread_blocked, id=14396, stack(0x0000000b66300000,0x0000000b66400000)]
  0x00000206a53b3800 JavaThread "Thread-8" [_thread_blocked, id=9540, stack(0x0000000b66400000,0x0000000b66500000)]
  0x00000206a5fb2000 JavaThread "Cache worker for file hash cache (C:\Users\hp\.gradle\caches\6.7.1\fileHashes)" [_thread_blocked, id=11932, stack(0x0000000b66500000,0x0000000b66600000)]
  0x00000206a5fb4000 JavaThread "File lock request listener" [_thread_in_native, id=11864, stack(0x0000000b66600000,0x0000000b66700000)]
  0x00000206a5fb9000 JavaThread "Cache worker for journal cache (C:\Users\hp\.gradle\caches\journal-1)" [_thread_blocked, id=8700, stack(0x0000000b66800000,0x0000000b66900000)]
  0x00000206a593e800 JavaThread "C2 CompilerThread1" daemon [_thread_blocked, id=6784, stack(0x0000000b66900000,0x0000000b66a00000)]
  0x00000206a5fb7000 JavaThread "Cache worker for file hash cache (C:\Users\hp\AndroidStudioProjects\TapTap\.gradle\6.7.1\fileHashes)" [_thread_blocked, id=3708, stack(0x0000000b66a00000,0x0000000b66b00000)]
  0x00000206a5fb4800 JavaThread "Cache worker for checksums cache (C:\Users\hp\AndroidStudioProjects\TapTap\.gradle\checksums)" [_thread_blocked, id=6008, stack(0x0000000b66b00000,0x0000000b66c00000)]
  0x00000206a5fb5800 JavaThread "Cache worker for cache directory md-supplier (C:\Users\hp\.gradle\caches\6.7.1\md-supplier)" [_thread_blocked, id=4852, stack(0x0000000b66c00000,0x0000000b66d00000)]
  0x00000206a5fb3000 JavaThread "Cache worker for cache directory md-rule (C:\Users\hp\.gradle\caches\6.7.1\md-rule)" [_thread_blocked, id=4692, stack(0x0000000b66d00000,0x0000000b66e00000)]
  0x00000206a5fb6800 JavaThread "Cache worker for execution history cache (C:\Users\hp\.gradle\caches\6.7.1\executionHistory)" [_thread_blocked, id=10276, stack(0x0000000b66e00000,0x0000000b66f00000)]
  0x00000206a6538800 JavaThread "jar transforms" [_thread_blocked, id=7456, stack(0x0000000b66f00000,0x0000000b67000000)]
  0x00000206a653c000 JavaThread "Cache worker for file content cache (C:\Users\hp\.gradle\caches\6.7.1\fileContent)" [_thread_blocked, id=2184, stack(0x0000000b67000000,0x0000000b67100000)]
  0x00000206a653c800 JavaThread "Cache worker for Build Output Cleanup Cache (C:\Users\hp\AndroidStudioProjects\TapTap\.gradle\buildOutputCleanup)" [_thread_blocked, id=9452, stack(0x0000000b67100000,0x0000000b67200000)]
  0x00000206a6537000 JavaThread "Build operations" [_thread_blocked, id=13728, stack(0x0000000b67200000,0x0000000b67300000)]
  0x00000206a653d800 JavaThread "Build operations Thread 2" [_thread_blocked, id=3284, stack(0x0000000b67300000,0x0000000b67400000)]
  0x00000206a6538000 JavaThread "Build operations Thread 3" [_thread_blocked, id=10256, stack(0x0000000b67400000,0x0000000b67500000)]
  0x00000206a6541800 JavaThread "Build operations Thread 4" [_thread_blocked, id=7228, stack(0x0000000b67500000,0x0000000b67600000)]
  0x00000206a6540800 JavaThread "jar transforms Thread 2" [_thread_blocked, id=13960, stack(0x0000000b67600000,0x0000000b67700000)]
  0x00000206a6542800 JavaThread "jar transforms Thread 3" [_thread_blocked, id=6056, stack(0x0000000b67700000,0x0000000b67800000)]
  0x00000206a6543000 JavaThread "jar transforms Thread 4" [_thread_blocked, id=5332, stack(0x0000000b67800000,0x0000000b67900000)]
  0x00000206a6544000 JavaThread "jar transforms Thread 5" [_thread_blocked, id=6484, stack(0x0000000b67900000,0x0000000b67a00000)]
  0x00000206a653e800 JavaThread "jar transforms Thread 6" [_thread_blocked, id=11016, stack(0x0000000b67a00000,0x0000000b67b00000)]
  0x00000206a6545000 JavaThread "jar transforms Thread 7" [_thread_blocked, id=9724, stack(0x0000000b67b00000,0x0000000b67c00000)]
  0x00000206a653f000 JavaThread "jar transforms Thread 8" [_thread_blocked, id=8600, stack(0x0000000b67c00000,0x0000000b67d00000)]
  0x00000206a6540000 JavaThread "jar transforms Thread 9" [_thread_blocked, id=6724, stack(0x0000000b67d00000,0x0000000b67e00000)]
  0x00000206a8ad7000 JavaThread "jar transforms Thread 10" [_thread_blocked, id=11148, stack(0x0000000b67e00000,0x0000000b67f00000)]
  0x00000206a8ad2000 JavaThread "jar transforms Thread 11" [_thread_blocked, id=7656, stack(0x0000000b67f00000,0x0000000b68000000)]
  0x00000206a8ad6000 JavaThread "jar transforms Thread 12" [_thread_blocked, id=6776, stack(0x0000000b68000000,0x0000000b68100000)]
  0x00000206a8ad3000 JavaThread "jar transforms Thread 13" [_thread_blocked, id=8440, stack(0x0000000b68100000,0x0000000b68200000)]
  0x00000206a8ad1000 JavaThread "jar transforms Thread 14" [_thread_blocked, id=13408, stack(0x0000000b68200000,0x0000000b68300000)]
  0x00000206a8ad4800 JavaThread "jar transforms Thread 15" [_thread_blocked, id=8784, stack(0x0000000b68300000,0x0000000b68400000)]
  0x00000206a8ad7800 JavaThread "jar transforms Thread 16" [_thread_blocked, id=720, stack(0x0000000b68400000,0x0000000b68500000)]
  0x00000206a8ad5000 JavaThread "jar transforms Thread 17" [_thread_blocked, id=13016, stack(0x0000000b68500000,0x0000000b68600000)]
  0x00000206a8ad3800 JavaThread "jar transforms Thread 18" [_thread_blocked, id=8872, stack(0x0000000b68600000,0x0000000b68700000)]
  0x00000206a8f45800 JavaThread "jar transforms Thread 19" [_thread_blocked, id=13628, stack(0x0000000b68700000,0x0000000b68800000)]
  0x00000206a8f49000 JavaThread "jar transforms Thread 20" [_thread_blocked, id=12396, stack(0x0000000b68800000,0x0000000b68900000)]
  0x00000206a8f47800 JavaThread "jar transforms Thread 21" [_thread_blocked, id=2856, stack(0x0000000b68900000,0x0000000b68a00000)]
  0x00000206a8f45000 JavaThread "jar transforms Thread 22" [_thread_blocked, id=3068, stack(0x0000000b68a00000,0x0000000b68b00000)]
  0x00000206a8f4a000 JavaThread "jar transforms Thread 23" [_thread_blocked, id=14268, stack(0x0000000b68b00000,0x0000000b68c00000)]
  0x00000206a8f48000 JavaThread "jar transforms Thread 24" [_thread_blocked, id=8340, stack(0x0000000b68c00000,0x0000000b68d00000)]
  0x00000206a8f46800 JavaThread "jar transforms Thread 25" [_thread_blocked, id=9560, stack(0x0000000b68d00000,0x0000000b68e00000)]
  0x00000206a8f4b800 JavaThread "jar transforms Thread 26" [_thread_blocked, id=248, stack(0x0000000b68e00000,0x0000000b68f00000)]
  0x00000206a8f4a800 JavaThread "jar transforms Thread 27" [_thread_blocked, id=11856, stack(0x0000000b68f00000,0x0000000b69000000)]
  0x00000206a63a8800 JavaThread "jar transforms Thread 28" [_thread_blocked, id=9584, stack(0x0000000b69000000,0x0000000b69100000)]
  0x00000206a63a7000 JavaThread "jar transforms Thread 29" [_thread_blocked, id=13548, stack(0x0000000b69100000,0x0000000b69200000)]
  0x00000206a63ab000 JavaThread "jar transforms Thread 30" [_thread_blocked, id=9844, stack(0x0000000b69200000,0x0000000b69300000)]
  0x00000206a63ac800 JavaThread "jar transforms Thread 31" [_thread_blocked, id=10040, stack(0x0000000b69300000,0x0000000b69400000)]
  0x00000206a63ad800 JavaThread "jar transforms Thread 32" [_thread_blocked, id=6420, stack(0x0000000b69400000,0x0000000b69500000)]
  0x00000206a63a7800 JavaThread "jar transforms Thread 33" [_thread_blocked, id=9892, stack(0x0000000b69500000,0x0000000b69600000)]
  0x00000206a63aa000 JavaThread "jar transforms Thread 34" [_thread_blocked, id=7112, stack(0x0000000b69600000,0x0000000b69700000)]
  0x00000206a63ae800 JavaThread "jar transforms Thread 35" [_thread_blocked, id=1316, stack(0x0000000b69700000,0x0000000b69800000)]
  0x00000206a63ac000 JavaThread "jar transforms Thread 36" [_thread_blocked, id=4472, stack(0x0000000b69800000,0x0000000b69900000)]
  0x00000206a63a9800 JavaThread "jar transforms Thread 37" [_thread_blocked, id=240, stack(0x0000000b69900000,0x0000000b69a00000)]
  0x00000206a63b0800 JavaThread "jar transforms Thread 38" [_thread_blocked, id=9080, stack(0x0000000b69a00000,0x0000000b69b00000)]
  0x00000206a63af000 JavaThread "jar transforms Thread 39" [_thread_blocked, id=14416, stack(0x0000000b69b00000,0x0000000b69c00000)]
  0x00000206a63b4000 JavaThread "jar transforms Thread 40" [_thread_blocked, id=9480, stack(0x0000000b69c00000,0x0000000b69d00000)]
  0x00000206a63b1800 JavaThread "jar transforms Thread 41" [_thread_blocked, id=10668, stack(0x0000000b69d00000,0x0000000b69e00000)]
  0x00000206a63b3000 JavaThread "jar transforms Thread 42" [_thread_blocked, id=7172, stack(0x0000000b69e00000,0x0000000b69f00000)]
  0x00000206a63b0000 JavaThread "jar transforms Thread 43" [_thread_blocked, id=9472, stack(0x0000000b69f00000,0x0000000b6a000000)]
  0x00000206a63b5000 JavaThread "jar transforms Thread 44" [_thread_blocked, id=6216, stack(0x0000000b6a000000,0x0000000b6a100000)]
  0x00000206a63b2800 JavaThread "jar transforms Thread 45" [_thread_blocked, id=12448, stack(0x0000000b6a100000,0x0000000b6a200000)]
  0x00000206a63b5800 JavaThread "jar transforms Thread 46" [_thread_blocked, id=13764, stack(0x0000000b6a200000,0x0000000b6a300000)]
  0x00000206a8c0c800 JavaThread "jar transforms Thread 47" [_thread_blocked, id=13448, stack(0x0000000b6a300000,0x0000000b6a400000)]
  0x00000206a8c0a000 JavaThread "jar transforms Thread 48" [_thread_blocked, id=12068, stack(0x0000000b6a400000,0x0000000b6a500000)]
  0x00000206a8c0a800 JavaThread "jar transforms Thread 49" [_thread_blocked, id=15084, stack(0x0000000b6a500000,0x0000000b6a600000)]
  0x00000206a8c0b800 JavaThread "jar transforms Thread 50" [_thread_blocked, id=9488, stack(0x0000000b6a600000,0x0000000b6a700000)]
  0x00000206a8c0d000 JavaThread "jar transforms Thread 51" [_thread_blocked, id=14876, stack(0x0000000b6a700000,0x0000000b6a800000)]
  0x00000206a8c0e000 JavaThread "jar transforms Thread 52" [_thread_blocked, id=15356, stack(0x0000000b6a800000,0x0000000b6a900000)]
  0x00000206a8c0e800 JavaThread "jar transforms Thread 53" [_thread_blocked, id=15192, stack(0x0000000b6a900000,0x0000000b6aa00000)]
  0x00000206a8c09000 JavaThread "jar transforms Thread 54" [_thread_blocked, id=8380, stack(0x0000000b6aa00000,0x0000000b6ab00000)]
  0x00000206a8c14800 JavaThread "jar transforms Thread 55" [_thread_blocked, id=15348, stack(0x0000000b6ab00000,0x0000000b6ac00000)]
  0x00000206a8c13000 JavaThread "jar transforms Thread 56" [_thread_blocked, id=13900, stack(0x0000000b6ac00000,0x0000000b6ad00000)]
  0x00000206a8c12000 JavaThread "jar transforms Thread 57" [_thread_blocked, id=4168, stack(0x0000000b6ad00000,0x0000000b6ae00000)]
  0x00000206a8c0f800 JavaThread "jar transforms Thread 58" [_thread_blocked, id=15048, stack(0x0000000b6ae00000,0x0000000b6af00000)]
  0x00000206a8c15000 JavaThread "jar transforms Thread 59" [_thread_blocked, id=3088, stack(0x0000000b6af00000,0x0000000b6b000000)]
  0x00000206a8c16000 JavaThread "jar transforms Thread 60" [_thread_blocked, id=1168, stack(0x0000000b6b000000,0x0000000b6b100000)]
  0x00000206a8c10800 JavaThread "jar transforms Thread 61" [_thread_blocked, id=6452, stack(0x0000000b6b100000,0x0000000b6b200000)]
  0x00000206a8c11000 JavaThread "jar transforms Thread 62" [_thread_blocked, id=13640, stack(0x0000000b6b200000,0x0000000b6b300000)]
  0x00000206a8c17000 JavaThread "jar transforms Thread 63" [_thread_blocked, id=12872, stack(0x0000000b6b300000,0x0000000b6b400000)]
  0x00000206a8c17800 JavaThread "jar transforms Thread 64" [_thread_blocked, id=4132, stack(0x0000000b6b400000,0x0000000b6b500000)]
  0x00000206a8c13800 JavaThread "jar transforms Thread 65" [_thread_blocked, id=12184, stack(0x0000000b6b500000,0x0000000b6b600000)]
  0x00000206a47bc000 JavaThread "jar transforms Thread 66" [_thread_blocked, id=828, stack(0x0000000b6b600000,0x0000000b6b700000)]
  0x00000206a47bc800 JavaThread "jar transforms Thread 67" [_thread_blocked, id=12856, stack(0x0000000b6b700000,0x0000000b6b800000)]
  0x00000206a47bb000 JavaThread "jar transforms Thread 68" [_thread_blocked, id=14716, stack(0x0000000b6b800000,0x0000000b6b900000)]
  0x00000206a47bd800 JavaThread "jar transforms Thread 69" [_thread_blocked, id=9040, stack(0x0000000b6b900000,0x0000000b6ba00000)]
  0x00000206a47be000 JavaThread "jar transforms Thread 70" [_thread_blocked, id=13564, stack(0x0000000b6ba00000,0x0000000b6bb00000)]
  0x00000206a47b9800 JavaThread "jar transforms Thread 71" [_thread_blocked, id=13700, stack(0x0000000b6bb00000,0x0000000b6bc00000)]
  0x00000206a47bf000 JavaThread "jar transforms Thread 72" [_thread_blocked, id=13176, stack(0x0000000b6bc00000,0x0000000b6bd00000)]
  0x00000206a47c0000 JavaThread "jar transforms Thread 73" [_thread_blocked, id=13180, stack(0x0000000b6bd00000,0x0000000b6be00000)]
  0x00000206a47ba000 JavaThread "jar transforms Thread 74" [_thread_blocked, id=1692, stack(0x0000000b6be00000,0x0000000b6bf00000)]
  0x00000206a47c5800 JavaThread "jar transforms Thread 75" [_thread_blocked, id=236, stack(0x0000000b6bf00000,0x0000000b6c000000)]
  0x00000206a47c4800 JavaThread "jar transforms Thread 76" [_thread_blocked, id=12744, stack(0x0000000b6c000000,0x0000000b6c100000)]
  0x00000206a47c2800 JavaThread "jar transforms Thread 77" [_thread_blocked, id=4924, stack(0x0000000b6c100000,0x0000000b6c200000)]
  0x00000206a47c3000 JavaThread "jar transforms Thread 78" [_thread_blocked, id=14948, stack(0x0000000b6c200000,0x0000000b6c300000)]
  0x00000206a47c6800 JavaThread "jar transforms Thread 79" [_thread_blocked, id=14120, stack(0x0000000b6c300000,0x0000000b6c400000)]
  0x00000206a47c0800 JavaThread "jar transforms Thread 80" [_thread_blocked, id=14316, stack(0x0000000b6c400000,0x0000000b6c500000)]
  0x00000206a47c7000 JavaThread "jar transforms Thread 81" [_thread_blocked, id=12016, stack(0x0000000b6c500000,0x0000000b6c600000)]
  0x00000206a47c4000 JavaThread "jar transforms Thread 82" [_thread_blocked, id=3836, stack(0x0000000b6c600000,0x0000000b6c700000)]
  0x00000206a47c1800 JavaThread "jar transforms Thread 83" [_thread_blocked, id=6520, stack(0x0000000b6c700000,0x0000000b6c800000)]
  0x00000206a47c8000 JavaThread "jar transforms Thread 84" [_thread_blocked, id=10936, stack(0x0000000b6c800000,0x0000000b6c900000)]
  0x00000206a8c5c000 JavaThread "jar transforms Thread 85" [_thread_blocked, id=15096, stack(0x0000000b6c900000,0x0000000b6ca00000)]
  0x00000206a8c5d000 JavaThread "jar transforms Thread 86" [_thread_blocked, id=11668, stack(0x0000000b6ca00000,0x0000000b6cb00000)]
  0x00000206a8c59800 JavaThread "jar transforms Thread 87" [_thread_blocked, id=3476, stack(0x0000000b6cb00000,0x0000000b6cc00000)]
  0x00000206a8c5a800 JavaThread "jar transforms Thread 88" [_thread_blocked, id=6388, stack(0x0000000b6cc00000,0x0000000b6cd00000)]
  0x00000206a8c57000 JavaThread "jar transforms Thread 89" [_thread_blocked, id=14084, stack(0x0000000b6cd00000,0x0000000b6ce00000)]
  0x00000206a8c5d800 JavaThread "jar transforms Thread 90" [_thread_blocked, id=2932, stack(0x0000000b6ce00000,0x0000000b6cf00000)]
  0x00000206a8c58000 JavaThread "jar transforms Thread 91" [_thread_blocked, id=3152, stack(0x0000000b6cf00000,0x0000000b6d000000)]
  0x00000206a8c5e800 JavaThread "jar transforms Thread 92" [_thread_blocked, id=14616, stack(0x0000000b6d000000,0x0000000b6d100000)]
  0x00000206a8c58800 JavaThread "jar transforms Thread 93" [_thread_blocked, id=10728, stack(0x0000000b6d100000,0x0000000b6d200000)]
  0x00000206a8c5f800 JavaThread "jar transforms Thread 94" [_thread_blocked, id=12992, stack(0x0000000b6d200000,0x0000000b6d300000)]
  0x00000206a8c60000 JavaThread "jar transforms Thread 95" [_thread_blocked, id=13240, stack(0x0000000b6d300000,0x0000000b6d400000)]
  0x00000206a8c61000 JavaThread "jar transforms Thread 96" [_thread_blocked, id=7636, stack(0x0000000b6d400000,0x0000000b6d500000)]
  0x00000206a8c5b000 JavaThread "jar transforms Thread 97" [_thread_blocked, id=14628, stack(0x0000000b6d500000,0x0000000b6d600000)]
  0x00000206a8c61800 JavaThread "Memory manager" [_thread_blocked, id=11632, stack(0x0000000b6d600000,0x0000000b6d700000)]
  0x00000206a8c63800 JavaThread "build event listener" [_thread_blocked, id=11544, stack(0x0000000b6d700000,0x0000000b6d800000)]
  0x00000206a8c64000 JavaThread "build event listener" [_thread_blocked, id=120, stack(0x0000000b6d800000,0x0000000b6d900000)]
  0x00000206a8c65000 JavaThread "Execution worker for ':'" [_thread_blocked, id=7648, stack(0x0000000b6d900000,0x0000000b6da00000)]
  0x00000206a8c66000 JavaThread "Execution worker for ':' Thread 2" [_thread_blocked, id=13500, stack(0x0000000b6da00000,0x0000000b6db00000)]
  0x00000206ab0ad000 JavaThread "Execution worker for ':' Thread 3" [_thread_blocked, id=9976, stack(0x0000000b6db00000,0x0000000b6dc00000)]
  0x00000206ab0b0800 JavaThread "Cache worker for execution history cache (C:\Users\hp\AndroidStudioProjects\TapTap\.gradle\6.7.1\executionHistory)" [_thread_blocked, id=12476, stack(0x0000000b6dc00000,0x0000000b6dd00000)]
  0x00000206ab0b3000 JavaThread "WorkerExecutor Queue" [_thread_blocked, id=13392, stack(0x0000000b6dd00000,0x0000000b6de00000)]
  0x00000206ab0b4000 JavaThread "WorkerExecutor Queue Thread 2" [_thread_blocked, id=10300, stack(0x0000000b6de00000,0x0000000b6df00000)]
  0x00000206ab0af800 JavaThread "WorkerExecutor Queue Thread 3" [_thread_blocked, id=6416, stack(0x0000000b6df00000,0x0000000b6e000000)]
  0x00000206ab0b4800 JavaThread "ForkJoinPool-1-worker-3" daemon [_thread_blocked, id=4180, stack(0x0000000b6e000000,0x0000000b6e100000)]
  0x00000206ab0af000 JavaThread "ForkJoinPool-1-worker-5" daemon [_thread_blocked, id=7160, stack(0x0000000b6e100000,0x0000000b6e200000)]
  0x00000206ab0b5800 JavaThread "ForkJoinPool-1-worker-7" daemon [_thread_blocked, id=4364, stack(0x0000000b6e200000,0x0000000b6e300000)]
  0x00000206ab0b6000 JavaThread "ForkJoinPool-1-worker-1" daemon [_thread_blocked, id=12268, stack(0x0000000b6e300000,0x0000000b6e400000)]

Other Threads:
=>0x00000206a378b000 VMThread "VM Thread" [stack: 0x0000000b64c00000,0x0000000b64d00000] [id=9648]
  0x00000206a42be000 WatcherThread [stack: 0x0000000b65600000,0x0000000b65700000] [id=7392]
  0x0000020689d47000 GCTaskThread "GC Thread#0" [stack: 0x0000000b64700000,0x0000000b64800000] [id=1676]
  0x00000206a48e5800 GCTaskThread "GC Thread#1" [stack: 0x0000000b65800000,0x0000000b65900000] [id=13792]
  0x00000206a46ab800 GCTaskThread "GC Thread#2" [stack: 0x0000000b65900000,0x0000000b65a00000] [id=332]
  0x00000206a5f23000 GCTaskThread "GC Thread#3" [stack: 0x0000000b66700000,0x0000000b66800000] [id=5368]
  0x0000020689d76800 ConcurrentGCThread "G1 Main Marker" [stack: 0x0000000b64800000,0x0000000b64900000] [id=12156]
  0x0000020689d79000 ConcurrentGCThread "G1 Conc#0" [stack: 0x0000000b64900000,0x0000000b64a00000] [id=14460]
  0x00000206a35e0800 ConcurrentGCThread "G1 Refine#0" [stack: 0x0000000b64a00000,0x0000000b64b00000] [id=232]
  0x00000206abc1c800 ConcurrentGCThread "G1 Refine#1" [stack: 0x0000000b6e400000,0x0000000b6e500000] [id=7608]
  0x00000206addeb800 ConcurrentGCThread "G1 Refine#2" [stack: 0x0000000b6e500000,0x0000000b6e600000] [id=2164]
  0x00000206a8418000 ConcurrentGCThread "G1 Refine#3" [stack: 0x0000000b6e600000,0x0000000b6e700000] [id=12956]
  0x00000206a35e1000 ConcurrentGCThread "G1 Young RemSet Sampling" [stack: 0x0000000b64b00000,0x0000000b64c00000] [id=5872]

Threads with active compile tasks:
C2 CompilerThread0  15512 9301 %     4       com.android.tools.r8.dex.n::a @ 315 (913 bytes)
C2 CompilerThread1  15512 9902       4       com.android.tools.r8.graph.O::a (275 bytes)

VM state:at safepoint (normal execution)

VM Mutex/Monitor currently owned by a thread:  ([mutex/lock_event])
[0x0000020689d28e60] Threads_lock - owner thread: 0x00000206a378b000
[0x0000020689d299a0] Heap_lock - owner thread: 0x00000206ab0b4000

Heap address: 0x0000000080000000, size: 2048 MB, Compressed Oops mode: 32-bit
Narrow klass base: 0x0000000000000000, Narrow klass shift: 3
Compressed class space size: 1073741824 Address: 0x0000000100000000

Heap:
 garbage-first heap   total 284672K, used 128000K [0x0000000080000000, 0x0000000100000000)
  region size 1024K, 6 young (6144K), 6 survivors (6144K)
 Metaspace       used 83625K, capacity 85754K, committed 86092K, reserved 1124352K
  class space    used 10983K, capacity 11754K, committed 11852K, reserved 1048576K
Heap Regions: E=young(eden), S=young(survivor), O=old, HS=humongous(starts), HC=humongous(continues), CS=collection set, F=free, A=archive, TAMS=top-at-mark-start (previous, next)
|   0|0x0000000080000000, 0x0000000080100000, 0x0000000080100000|100%| O|  |TAMS 0x0000000080100000, 0x0000000080100000| Untracked 
|   1|0x0000000080100000, 0x0000000080200000, 0x0000000080200000|100%| O|  |TAMS 0x0000000080200000, 0x0000000080200000| Untracked 
|   2|0x0000000080200000, 0x0000000080300000, 0x0000000080300000|100%| O|  |TAMS 0x0000000080300000, 0x0000000080300000| Untracked 
|   3|0x0000000080300000, 0x0000000080400000, 0x0000000080400000|100%|HS|  |TAMS 0x0000000080400000, 0x0000000080400000| Complete 
|   4|0x0000000080400000, 0x0000000080500000, 0x0000000080500000|100%|HC|  |TAMS 0x0000000080500000, 0x0000000080500000| Complete 
|   5|0x0000000080500000, 0x0000000080600000, 0x0000000080600000|100%|HC|  |TAMS 0x0000000080600000, 0x0000000080600000| Complete 
|   6|0x0000000080600000, 0x0000000080700000, 0x0000000080700000|100%| O|  |TAMS 0x0000000080700000, 0x0000000080700000| Untracked 
|   7|0x0000000080700000, 0x0000000080800000, 0x0000000080800000|100%| O|  |TAMS 0x0000000080800000, 0x0000000080800000| Untracked 
|   8|0x0000000080800000, 0x0000000080900000, 0x0000000080900000|100%| O|  |TAMS 0x0000000080900000, 0x0000000080900000| Untracked 
|   9|0x0000000080900000, 0x0000000080a00000, 0x0000000080a00000|100%| O|  |TAMS 0x0000000080a00000, 0x0000000080a00000| Untracked 
|  10|0x0000000080a00000, 0x0000000080b00000, 0x0000000080b00000|100%| O|  |TAMS 0x0000000080b00000, 0x0000000080b00000| Untracked 
|  11|0x0000000080b00000, 0x0000000080c00000, 0x0000000080c00000|100%| O|  |TAMS 0x0000000080c00000, 0x0000000080c00000| Untracked 
|  12|0x0000000080c00000, 0x0000000080d00000, 0x0000000080d00000|100%| O|  |TAMS 0x0000000080d00000, 0x0000000080d00000| Untracked 
|  13|0x0000000080d00000, 0x0000000080e00000, 0x0000000080e00000|100%|HS|  |TAMS 0x0000000080e00000, 0x0000000080e00000| Complete 
|  14|0x0000000080e00000, 0x0000000080f00000, 0x0000000080f00000|100%|HS|  |TAMS 0x0000000080f00000, 0x0000000080f00000| Complete 
|  15|0x0000000080f00000, 0x0000000081000000, 0x0000000081000000|100%|HC|  |TAMS 0x0000000081000000, 0x0000000081000000| Complete 
|  16|0x0000000081000000, 0x0000000081100000, 0x0000000081100000|100%| O|  |TAMS 0x0000000081100000, 0x0000000081100000| Untracked 
|  17|0x0000000081100000, 0x0000000081200000, 0x0000000081200000|100%| O|  |TAMS 0x0000000081200000, 0x0000000081200000| Untracked 
|  18|0x0000000081200000, 0x0000000081300000, 0x0000000081300000|100%| O|  |TAMS 0x0000000081300000, 0x0000000081300000| Untracked 
|  19|0x0000000081300000, 0x0000000081400000, 0x0000000081400000|100%| O|  |TAMS 0x0000000081400000, 0x0000000081400000| Untracked 
|  20|0x0000000081400000, 0x0000000081500000, 0x0000000081500000|100%| O|  |TAMS 0x0000000081500000, 0x0000000081500000| Untracked 
|  21|0x0000000081500000, 0x0000000081600000, 0x0000000081600000|100%| O|  |TAMS 0x0000000081600000, 0x0000000081600000| Untracked 
|  22|0x0000000081600000, 0x0000000081700000, 0x0000000081700000|100%| O|  |TAMS 0x0000000081700000, 0x0000000081700000| Untracked 
|  23|0x0000000081700000, 0x0000000081800000, 0x0000000081800000|100%| O|  |TAMS 0x0000000081800000, 0x0000000081800000| Untracked 
|  24|0x0000000081800000, 0x0000000081900000, 0x0000000081900000|100%| O|  |TAMS 0x0000000081900000, 0x0000000081900000| Untracked 
|  25|0x0000000081900000, 0x0000000081a00000, 0x0000000081a00000|100%| O|  |TAMS 0x0000000081a00000, 0x0000000081a00000| Untracked 
|  26|0x0000000081a00000, 0x0000000081b00000, 0x0000000081b00000|100%| O|  |TAMS 0x0000000081b00000, 0x0000000081b00000| Untracked 
|  27|0x0000000081b00000, 0x0000000081c00000, 0x0000000081c00000|100%| O|  |TAMS 0x0000000081c00000, 0x0000000081c00000| Untracked 
|  28|0x0000000081c00000, 0x0000000081d00000, 0x0000000081d00000|100%| O|  |TAMS 0x0000000081d00000, 0x0000000081d00000| Untracked 
|  29|0x0000000081d00000, 0x0000000081e00000, 0x0000000081e00000|100%| O|  |TAMS 0x0000000081e00000, 0x0000000081e00000| Untracked 
|  30|0x0000000081e00000, 0x0000000081f00000, 0x0000000081f00000|100%| O|  |TAMS 0x0000000081f00000, 0x0000000081f00000| Untracked 
|  31|0x0000000081f00000, 0x0000000082000000, 0x0000000082000000|100%| O|  |TAMS 0x0000000082000000, 0x0000000082000000| Untracked 
|  32|0x0000000082000000, 0x0000000082100000, 0x0000000082100000|100%| O|  |TAMS 0x0000000082100000, 0x0000000082100000| Untracked 
|  33|0x0000000082100000, 0x0000000082200000, 0x0000000082200000|100%| O|  |TAMS 0x0000000082200000, 0x0000000082200000| Untracked 
|  34|0x0000000082200000, 0x0000000082300000, 0x0000000082300000|100%| O|  |TAMS 0x0000000082300000, 0x0000000082300000| Untracked 
|  35|0x0000000082300000, 0x0000000082400000, 0x0000000082400000|100%| O|  |TAMS 0x0000000082400000, 0x0000000082400000| Untracked 
|  36|0x0000000082400000, 0x0000000082500000, 0x0000000082500000|100%| O|  |TAMS 0x0000000082500000, 0x0000000082500000| Untracked 
|  37|0x0000000082500000, 0x0000000082600000, 0x0000000082600000|100%| O|  |TAMS 0x0000000082600000, 0x0000000082600000| Untracked 
|  38|0x0000000082600000, 0x0000000082700000, 0x0000000082700000|100%| O|  |TAMS 0x0000000082700000, 0x0000000082700000| Untracked 
|  39|0x0000000082700000, 0x0000000082800000, 0x0000000082800000|100%| O|  |TAMS 0x0000000082800000, 0x0000000082800000| Untracked 
|  40|0x0000000082800000, 0x0000000082900000, 0x0000000082900000|100%| O|  |TAMS 0x0000000082900000, 0x0000000082900000| Untracked 
|  41|0x0000000082900000, 0x0000000082a00000, 0x0000000082a00000|100%| O|  |TAMS 0x0000000082a00000, 0x0000000082a00000| Untracked 
|  42|0x0000000082a00000, 0x0000000082b00000, 0x0000000082b00000|100%| O|  |TAMS 0x0000000082b00000, 0x0000000082b00000| Untracked 
|  43|0x0000000082b00000, 0x0000000082c00000, 0x0000000082c00000|100%| O|  |TAMS 0x0000000082c00000, 0x0000000082c00000| Untracked 
|  44|0x0000000082c00000, 0x0000000082d00000, 0x0000000082d00000|100%| O|  |TAMS 0x0000000082d00000, 0x0000000082d00000| Untracked 
|  45|0x0000000082d00000, 0x0000000082e00000, 0x0000000082e00000|100%| O|  |TAMS 0x0000000082e00000, 0x0000000082e00000| Untracked 
|  46|0x0000000082e00000, 0x0000000082f00000, 0x0000000082f00000|100%| O|  |TAMS 0x0000000082f00000, 0x0000000082f00000| Untracked 
|  47|0x0000000082f00000, 0x0000000083000000, 0x0000000083000000|100%| O|  |TAMS 0x0000000083000000, 0x0000000083000000| Untracked 
|  48|0x0000000083000000, 0x0000000083100000, 0x0000000083100000|100%|HS|  |TAMS 0x0000000083100000, 0x0000000083100000| Complete 
|  49|0x0000000083100000, 0x0000000083200000, 0x0000000083200000|100%|HC|  |TAMS 0x0000000083200000, 0x0000000083200000| Complete 
|  50|0x0000000083200000, 0x0000000083300000, 0x0000000083300000|100%|HC|  |TAMS 0x0000000083300000, 0x0000000083300000| Complete 
|  51|0x0000000083300000, 0x0000000083400000, 0x0000000083400000|100%|HC|  |TAMS 0x0000000083400000, 0x0000000083400000| Complete 
|  52|0x0000000083400000, 0x0000000083500000, 0x0000000083500000|100%|HC|  |TAMS 0x0000000083500000, 0x0000000083500000| Complete 
|  53|0x0000000083500000, 0x0000000083600000, 0x0000000083600000|100%|HC|  |TAMS 0x0000000083600000, 0x0000000083600000| Complete 
|  54|0x0000000083600000, 0x0000000083700000, 0x0000000083700000|100%| O|  |TAMS 0x0000000083700000, 0x0000000083700000| Untracked 
|  55|0x0000000083700000, 0x0000000083800000, 0x0000000083800000|100%| O|  |TAMS 0x0000000083800000, 0x0000000083800000| Untracked 
|  56|0x0000000083800000, 0x0000000083900000, 0x0000000083900000|100%| O|  |TAMS 0x0000000083900000, 0x0000000083900000| Untracked 
|  57|0x0000000083900000, 0x0000000083a00000, 0x0000000083a00000|100%| O|  |TAMS 0x0000000083a00000, 0x0000000083a00000| Untracked 
|  58|0x0000000083a00000, 0x0000000083b00000, 0x0000000083b00000|100%| O|  |TAMS 0x0000000083b00000, 0x0000000083b00000| Untracked 
|  59|0x0000000083b00000, 0x0000000083c00000, 0x0000000083c00000|100%| O|  |TAMS 0x0000000083c00000, 0x0000000083c00000| Untracked 
|  60|0x0000000083c00000, 0x0000000083d00000, 0x0000000083d00000|100%|HS|  |TAMS 0x0000000083c00000, 0x0000000083d00000| Complete 
|  61|0x0000000083d00000, 0x0000000083e00000, 0x0000000083e00000|100%|HS|  |TAMS 0x0000000083d00000, 0x0000000083e00000| Complete 
|  62|0x0000000083e00000, 0x0000000083f00000, 0x0000000083f00000|100%|HS|  |TAMS 0x0000000083e00000, 0x0000000083f00000| Complete 
|  63|0x0000000083f00000, 0x0000000084000000, 0x0000000084000000|100%| O|  |TAMS 0x0000000083f00000, 0x0000000084000000| Untracked 
|  64|0x0000000084000000, 0x0000000084100000, 0x0000000084100000|100%| O|  |TAMS 0x0000000084000000, 0x0000000084100000| Untracked 
|  65|0x0000000084100000, 0x0000000084200000, 0x0000000084200000|100%| O|  |TAMS 0x0000000084100000, 0x0000000084200000| Untracked 
|  66|0x0000000084200000, 0x0000000084300000, 0x0000000084300000|100%| O|  |TAMS 0x0000000084300000, 0x0000000084300000| Untracked 
|  67|0x0000000084300000, 0x0000000084400000, 0x0000000084400000|100%| O|  |TAMS 0x0000000084400000, 0x0000000084400000| Untracked 
|  68|0x0000000084400000, 0x0000000084500000, 0x0000000084500000|100%| O|  |TAMS 0x0000000084500000, 0x0000000084500000| Untracked 
|  69|0x0000000084500000, 0x0000000084600000, 0x0000000084600000|100%| O|  |TAMS 0x0000000084600000, 0x0000000084600000| Untracked 
|  70|0x0000000084600000, 0x0000000084700000, 0x0000000084700000|100%| O|  |TAMS 0x0000000084700000, 0x0000000084700000| Untracked 
|  71|0x0000000084700000, 0x0000000084800000, 0x0000000084800000|100%| O|  |TAMS 0x0000000084800000, 0x0000000084800000| Untracked 
|  72|0x0000000084800000, 0x0000000084900000, 0x0000000084900000|100%| O|  |TAMS 0x0000000084900000, 0x0000000084900000| Untracked 
|  73|0x0000000084900000, 0x0000000084a00000, 0x0000000084a00000|100%| O|  |TAMS 0x0000000084a00000, 0x0000000084a00000| Untracked 
|  74|0x0000000084a00000, 0x0000000084b00000, 0x0000000084b00000|100%| O|  |TAMS 0x0000000084b00000, 0x0000000084b00000| Untracked 
|  75|0x0000000084b00000, 0x0000000084c00000, 0x0000000084c00000|100%| O|  |TAMS 0x0000000084c00000, 0x0000000084c00000| Untracked 
|  76|0x0000000084c00000, 0x0000000084d00000, 0x0000000084d00000|100%| O|  |TAMS 0x0000000084d00000, 0x0000000084d00000| Untracked 
|  77|0x0000000084d00000, 0x0000000084e00000, 0x0000000084e00000|100%| O|  |TAMS 0x0000000084e00000, 0x0000000084e00000| Untracked 
|  78|0x0000000084e00000, 0x0000000084f00000, 0x0000000084f00000|100%| O|  |TAMS 0x0000000084f00000, 0x0000000084f00000| Untracked 
|  79|0x0000000084f00000, 0x0000000085000000, 0x0000000085000000|100%| O|  |TAMS 0x0000000085000000, 0x0000000085000000| Untracked 
|  80|0x0000000085000000, 0x0000000085100000, 0x0000000085100000|100%| O|  |TAMS 0x0000000085100000, 0x0000000085100000| Untracked 
|  81|0x0000000085100000, 0x0000000085200000, 0x0000000085200000|100%| O|  |TAMS 0x0000000085200000, 0x0000000085200000| Untracked 
|  82|0x0000000085200000, 0x0000000085300000, 0x0000000085300000|100%| O|  |TAMS 0x0000000085300000, 0x0000000085300000| Untracked 
|  83|0x0000000085300000, 0x0000000085400000, 0x0000000085400000|100%| O|  |TAMS 0x0000000085400000, 0x0000000085400000| Untracked 
|  84|0x0000000085400000, 0x0000000085500000, 0x0000000085500000|100%| O|  |TAMS 0x0000000085500000, 0x0000000085500000| Untracked 
|  85|0x0000000085500000, 0x0000000085600000, 0x0000000085600000|100%| O|  |TAMS 0x0000000085600000, 0x0000000085600000| Untracked 
|  86|0x0000000085600000, 0x0000000085700000, 0x0000000085700000|100%| O|  |TAMS 0x0000000085700000, 0x0000000085700000| Untracked 
|  87|0x0000000085700000, 0x0000000085800000, 0x0000000085800000|100%| O|  |TAMS 0x0000000085800000, 0x0000000085800000| Untracked 
|  88|0x0000000085800000, 0x0000000085900000, 0x0000000085900000|100%| O|  |TAMS 0x0000000085900000, 0x0000000085900000| Untracked 
|  89|0x0000000085900000, 0x0000000085a00000, 0x0000000085a00000|100%| O|  |TAMS 0x0000000085a00000, 0x0000000085a00000| Untracked 
|  90|0x0000000085a00000, 0x0000000085b00000, 0x0000000085b00000|100%| O|  |TAMS 0x0000000085b00000, 0x0000000085b00000| Untracked 
|  91|0x0000000085b00000, 0x0000000085c00000, 0x0000000085c00000|100%| O|  |TAMS 0x0000000085c00000, 0x0000000085c00000| Untracked 
|  92|0x0000000085c00000, 0x0000000085d00000, 0x0000000085d00000|100%| O|  |TAMS 0x0000000085d00000, 0x0000000085d00000| Untracked 
|  93|0x0000000085d00000, 0x0000000085e00000, 0x0000000085e00000|100%| O|  |TAMS 0x0000000085e00000, 0x0000000085e00000| Untracked 
|  94|0x0000000085e00000, 0x0000000085f00000, 0x0000000085f00000|100%| O|  |TAMS 0x0000000085f00000, 0x0000000085f00000| Untracked 
|  95|0x0000000085f00000, 0x0000000086000000, 0x0000000086000000|100%| O|  |TAMS 0x0000000086000000, 0x0000000086000000| Untracked 
|  96|0x0000000086000000, 0x0000000086100000, 0x0000000086100000|100%| O|  |TAMS 0x0000000086100000, 0x0000000086100000| Untracked 
|  97|0x0000000086100000, 0x0000000086200000, 0x0000000086200000|100%| O|  |TAMS 0x0000000086200000, 0x0000000086200000| Untracked 
|  98|0x0000000086200000, 0x0000000086300000, 0x0000000086300000|100%| O|  |TAMS 0x0000000086300000, 0x0000000086300000| Untracked 
|  99|0x0000000086300000, 0x0000000086400000, 0x0000000086400000|100%| O|  |TAMS 0x0000000086400000, 0x0000000086400000| Untracked 
| 100|0x0000000086400000, 0x0000000086500000, 0x0000000086500000|100%| O|  |TAMS 0x0000000086500000, 0x0000000086500000| Untracked 
| 101|0x0000000086500000, 0x0000000086600000, 0x0000000086600000|100%| O|  |TAMS 0x0000000086600000, 0x0000000086600000| Untracked 
| 102|0x0000000086600000, 0x0000000086700000, 0x0000000086700000|100%| O|  |TAMS 0x0000000086700000, 0x0000000086700000| Untracked 
| 103|0x0000000086700000, 0x0000000086800000, 0x0000000086800000|100%| O|  |TAMS 0x0000000086800000, 0x0000000086800000| Untracked 
| 104|0x0000000086800000, 0x0000000086900000, 0x0000000086900000|100%| O|  |TAMS 0x0000000086900000, 0x0000000086900000| Untracked 
| 105|0x0000000086900000, 0x0000000086a00000, 0x0000000086a00000|100%| O|  |TAMS 0x0000000086a00000, 0x0000000086a00000| Untracked 
| 106|0x0000000086a00000, 0x0000000086b00000, 0x0000000086b00000|100%| O|  |TAMS 0x0000000086b00000, 0x0000000086b00000| Untracked 
| 107|0x0000000086b00000, 0x0000000086c00000, 0x0000000086c00000|100%| O|  |TAMS 0x0000000086c00000, 0x0000000086c00000| Untracked 
| 108|0x0000000086c00000, 0x0000000086d00000, 0x0000000086d00000|100%| O|  |TAMS 0x0000000086d00000, 0x0000000086d00000| Untracked 
| 109|0x0000000086d00000, 0x0000000086e00000, 0x0000000086e00000|100%| O|  |TAMS 0x0000000086e00000, 0x0000000086e00000| Untracked 
| 110|0x0000000086e00000, 0x0000000086f00000, 0x0000000086f00000|100%| O|  |TAMS 0x0000000086f00000, 0x0000000086f00000| Untracked 
| 111|0x0000000086f00000, 0x0000000087000000, 0x0000000087000000|100%| O|  |TAMS 0x0000000087000000, 0x0000000087000000| Untracked 
| 112|0x0000000087000000, 0x0000000087100000, 0x0000000087100000|100%| O|  |TAMS 0x0000000087100000, 0x0000000087100000| Untracked 
| 113|0x0000000087100000, 0x0000000087200000, 0x0000000087200000|100%| O|  |TAMS 0x0000000087200000, 0x0000000087200000| Untracked 
| 114|0x0000000087200000, 0x0000000087300000, 0x0000000087300000|100%| O|  |TAMS 0x0000000087200000, 0x0000000087300000| Untracked 
| 115|0x0000000087300000, 0x0000000087400000, 0x0000000087400000|100%| O|  |TAMS 0x0000000087300000, 0x0000000087400000| Untracked 
| 116|0x0000000087400000, 0x0000000087500000, 0x0000000087500000|100%| O|  |TAMS 0x0000000087400000, 0x0000000087500000| Untracked 
| 117|0x0000000087500000, 0x0000000087600000, 0x0000000087600000|100%| O|  |TAMS 0x0000000087500000, 0x0000000087600000| Untracked 
| 118|0x0000000087600000, 0x0000000087700000, 0x0000000087700000|100%| O|  |TAMS 0x0000000087600000, 0x0000000087700000| Untracked 
| 119|0x0000000087700000, 0x0000000087700000, 0x0000000087800000|  0%| F|  |TAMS 0x0000000087700000, 0x0000000087700000| Untracked 
| 120|0x0000000087800000, 0x0000000087800000, 0x0000000087900000|  0%| F|  |TAMS 0x0000000087800000, 0x0000000087800000| Untracked 
| 121|0x0000000087900000, 0x0000000087900000, 0x0000000087a00000|  0%| F|  |TAMS 0x0000000087900000, 0x0000000087900000| Untracked 
| 122|0x0000000087a00000, 0x0000000087a00000, 0x0000000087b00000|  0%| F|  |TAMS 0x0000000087a00000, 0x0000000087a00000| Untracked 
| 123|0x0000000087b00000, 0x0000000087b00000, 0x0000000087c00000|  0%| F|  |TAMS 0x0000000087b00000, 0x0000000087b00000| Untracked 
| 124|0x0000000087c00000, 0x0000000087c00000, 0x0000000087d00000|  0%| F|  |TAMS 0x0000000087c00000, 0x0000000087c00000| Untracked 
| 125|0x0000000087d00000, 0x0000000087d00000, 0x0000000087e00000|  0%| F|  |TAMS 0x0000000087d00000, 0x0000000087d00000| Untracked 
| 126|0x0000000087e00000, 0x0000000087e00000, 0x0000000087f00000|  0%| F|  |TAMS 0x0000000087e00000, 0x0000000087e00000| Untracked 
| 127|0x0000000087f00000, 0x0000000087f00000, 0x0000000088000000|  0%| F|  |TAMS 0x0000000087f00000, 0x0000000087f00000| Untracked 
| 128|0x0000000088000000, 0x0000000088000000, 0x0000000088100000|  0%| F|  |TAMS 0x0000000088000000, 0x0000000088000000| Untracked 
| 129|0x0000000088100000, 0x0000000088100000, 0x0000000088200000|  0%| F|  |TAMS 0x0000000088100000, 0x0000000088100000| Untracked 
| 130|0x0000000088200000, 0x0000000088200000, 0x0000000088300000|  0%| F|  |TAMS 0x0000000088200000, 0x0000000088200000| Untracked 
| 131|0x0000000088300000, 0x0000000088300000, 0x0000000088400000|  0%| F|  |TAMS 0x0000000088300000, 0x0000000088300000| Untracked 
| 132|0x0000000088400000, 0x0000000088400000, 0x0000000088500000|  0%| F|  |TAMS 0x0000000088400000, 0x0000000088400000| Untracked 
| 133|0x0000000088500000, 0x0000000088500000, 0x0000000088600000|  0%| F|  |TAMS 0x0000000088500000, 0x0000000088500000| Untracked 
| 134|0x0000000088600000, 0x0000000088600000, 0x0000000088700000|  0%| F|  |TAMS 0x0000000088600000, 0x0000000088600000| Untracked 
| 135|0x0000000088700000, 0x0000000088700000, 0x0000000088800000|  0%| F|  |TAMS 0x0000000088700000, 0x0000000088700000| Untracked 
| 136|0x0000000088800000, 0x0000000088800000, 0x0000000088900000|  0%| F|  |TAMS 0x0000000088800000, 0x0000000088800000| Untracked 
| 137|0x0000000088900000, 0x0000000088900000, 0x0000000088a00000|  0%| F|  |TAMS 0x0000000088900000, 0x0000000088900000| Untracked 
| 138|0x0000000088a00000, 0x0000000088a00000, 0x0000000088b00000|  0%| F|  |TAMS 0x0000000088a00000, 0x0000000088a00000| Untracked 
| 139|0x0000000088b00000, 0x0000000088b00000, 0x0000000088c00000|  0%| F|  |TAMS 0x0000000088b00000, 0x0000000088b00000| Untracked 
| 140|0x0000000088c00000, 0x0000000088c00000, 0x0000000088d00000|  0%| F|  |TAMS 0x0000000088c00000, 0x0000000088c00000| Untracked 
| 141|0x0000000088d00000, 0x0000000088d00000, 0x0000000088e00000|  0%| F|  |TAMS 0x0000000088d00000, 0x0000000088d00000| Untracked 
| 142|0x0000000088e00000, 0x0000000088e00000, 0x0000000088f00000|  0%| F|  |TAMS 0x0000000088e00000, 0x0000000088e00000| Untracked 
| 143|0x0000000088f00000, 0x0000000088f00000, 0x0000000089000000|  0%| F|  |TAMS 0x0000000088f00000, 0x0000000088f00000| Untracked 
| 144|0x0000000089000000, 0x0000000089000000, 0x0000000089100000|  0%| F|  |TAMS 0x0000000089000000, 0x0000000089000000| Untracked 
| 145|0x0000000089100000, 0x0000000089100000, 0x0000000089200000|  0%| F|  |TAMS 0x0000000089100000, 0x0000000089100000| Untracked 
| 146|0x0000000089200000, 0x0000000089200000, 0x0000000089300000|  0%| F|  |TAMS 0x0000000089200000, 0x0000000089200000| Untracked 
| 147|0x0000000089300000, 0x0000000089300000, 0x0000000089400000|  0%| F|  |TAMS 0x0000000089300000, 0x0000000089300000| Untracked 
| 148|0x0000000089400000, 0x0000000089400000, 0x0000000089500000|  0%| F|  |TAMS 0x0000000089400000, 0x0000000089400000| Untracked 
| 149|0x0000000089500000, 0x0000000089500000, 0x0000000089600000|  0%| F|  |TAMS 0x0000000089500000, 0x0000000089500000| Untracked 
| 150|0x0000000089600000, 0x0000000089600000, 0x0000000089700000|  0%| F|  |TAMS 0x0000000089600000, 0x0000000089600000| Untracked 
| 151|0x0000000089700000, 0x0000000089700000, 0x0000000089800000|  0%| F|  |TAMS 0x0000000089700000, 0x0000000089700000| Untracked 
| 152|0x0000000089800000, 0x0000000089800000, 0x0000000089900000|  0%| F|  |TAMS 0x0000000089800000, 0x0000000089800000| Untracked 
| 153|0x0000000089900000, 0x0000000089900000, 0x0000000089a00000|  0%| F|  |TAMS 0x0000000089900000, 0x0000000089900000| Untracked 
| 154|0x0000000089a00000, 0x0000000089a00000, 0x0000000089b00000|  0%| F|  |TAMS 0x0000000089a00000, 0x0000000089a00000| Untracked 
| 155|0x0000000089b00000, 0x0000000089b00000, 0x0000000089c00000|  0%| F|  |TAMS 0x0000000089b00000, 0x0000000089b00000| Untracked 
| 156|0x0000000089c00000, 0x0000000089c00000, 0x0000000089d00000|  0%| F|  |TAMS 0x0000000089c00000, 0x0000000089c00000| Untracked 
| 157|0x0000000089d00000, 0x0000000089d00000, 0x0000000089e00000|  0%| F|  |TAMS 0x0000000089d00000, 0x0000000089d00000| Untracked 
| 158|0x0000000089e00000, 0x0000000089e00000, 0x0000000089f00000|  0%| F|  |TAMS 0x0000000089e00000, 0x0000000089e00000| Untracked 
| 159|0x0000000089f00000, 0x0000000089f00000, 0x000000008a000000|  0%| F|  |TAMS 0x0000000089f00000, 0x0000000089f00000| Untracked 
| 160|0x000000008a000000, 0x000000008a000000, 0x000000008a100000|  0%| F|  |TAMS 0x000000008a000000, 0x000000008a000000| Untracked 
| 161|0x000000008a100000, 0x000000008a100000, 0x000000008a200000|  0%| F|  |TAMS 0x000000008a100000, 0x000000008a100000| Untracked 
| 162|0x000000008a200000, 0x000000008a200000, 0x000000008a300000|  0%| F|  |TAMS 0x000000008a200000, 0x000000008a200000| Untracked 
| 163|0x000000008a300000, 0x000000008a300000, 0x000000008a400000|  0%| F|  |TAMS 0x000000008a300000, 0x000000008a300000| Untracked 
| 164|0x000000008a400000, 0x000000008a400000, 0x000000008a500000|  0%| F|  |TAMS 0x000000008a400000, 0x000000008a400000| Untracked 
| 165|0x000000008a500000, 0x000000008a500000, 0x000000008a600000|  0%| F|  |TAMS 0x000000008a500000, 0x000000008a500000| Untracked 
| 166|0x000000008a600000, 0x000000008a600000, 0x000000008a700000|  0%| F|  |TAMS 0x000000008a600000, 0x000000008a600000| Untracked 
| 167|0x000000008a700000, 0x000000008a700000, 0x000000008a800000|  0%| F|  |TAMS 0x000000008a700000, 0x000000008a700000| Untracked 
| 168|0x000000008a800000, 0x000000008a800000, 0x000000008a900000|  0%| F|  |TAMS 0x000000008a800000, 0x000000008a800000| Untracked 
| 169|0x000000008a900000, 0x000000008a900000, 0x000000008aa00000|  0%| F|  |TAMS 0x000000008a900000, 0x000000008a900000| Untracked 
| 170|0x000000008aa00000, 0x000000008aa00000, 0x000000008ab00000|  0%| F|  |TAMS 0x000000008aa00000, 0x000000008aa00000| Untracked 
| 171|0x000000008ab00000, 0x000000008ab00000, 0x000000008ac00000|  0%| F|  |TAMS 0x000000008ab00000, 0x000000008ab00000| Untracked 
| 172|0x000000008ac00000, 0x000000008ac00000, 0x000000008ad00000|  0%| F|  |TAMS 0x000000008ac00000, 0x000000008ac00000| Untracked 
| 173|0x000000008ad00000, 0x000000008ad00000, 0x000000008ae00000|  0%| F|  |TAMS 0x000000008ad00000, 0x000000008ad00000| Untracked 
| 174|0x000000008ae00000, 0x000000008ae00000, 0x000000008af00000|  0%| F|  |TAMS 0x000000008ae00000, 0x000000008ae00000| Untracked 
| 175|0x000000008af00000, 0x000000008af00000, 0x000000008b000000|  0%| F|  |TAMS 0x000000008af00000, 0x000000008af00000| Untracked 
| 176|0x000000008b000000, 0x000000008b000000, 0x000000008b100000|  0%| F|  |TAMS 0x000000008b000000, 0x000000008b000000| Untracked 
| 177|0x000000008b100000, 0x000000008b100000, 0x000000008b200000|  0%| F|  |TAMS 0x000000008b100000, 0x000000008b100000| Untracked 
| 178|0x000000008b200000, 0x000000008b200000, 0x000000008b300000|  0%| F|  |TAMS 0x000000008b200000, 0x000000008b200000| Untracked 
| 179|0x000000008b300000, 0x000000008b300000, 0x000000008b400000|  0%| F|  |TAMS 0x000000008b300000, 0x000000008b300000| Untracked 
| 180|0x000000008b400000, 0x000000008b400000, 0x000000008b500000|  0%| F|  |TAMS 0x000000008b400000, 0x000000008b400000| Untracked 
| 181|0x000000008b500000, 0x000000008b500000, 0x000000008b600000|  0%| F|  |TAMS 0x000000008b500000, 0x000000008b500000| Untracked 
| 182|0x000000008b600000, 0x000000008b600000, 0x000000008b700000|  0%| F|  |TAMS 0x000000008b600000, 0x000000008b600000| Untracked 
| 183|0x000000008b700000, 0x000000008b700000, 0x000000008b800000|  0%| F|  |TAMS 0x000000008b700000, 0x000000008b700000| Untracked 
| 184|0x000000008b800000, 0x000000008b800000, 0x000000008b900000|  0%| F|  |TAMS 0x000000008b800000, 0x000000008b800000| Untracked 
| 185|0x000000008b900000, 0x000000008b900000, 0x000000008ba00000|  0%| F|  |TAMS 0x000000008b900000, 0x000000008b900000| Untracked 
| 186|0x000000008ba00000, 0x000000008bb00000, 0x000000008bb00000|100%| S|CS|TAMS 0x000000008ba00000, 0x000000008ba00000| Complete 
| 187|0x000000008bb00000, 0x000000008bc00000, 0x000000008bc00000|100%| S|CS|TAMS 0x000000008bb00000, 0x000000008bb00000| Complete 
| 188|0x000000008bc00000, 0x000000008bd00000, 0x000000008bd00000|100%| S|CS|TAMS 0x000000008bc00000, 0x000000008bc00000| Complete 
| 189|0x000000008bd00000, 0x000000008be00000, 0x000000008be00000|100%| S|CS|TAMS 0x000000008bd00000, 0x000000008bd00000| Complete 
| 190|0x000000008be00000, 0x000000008bf00000, 0x000000008bf00000|100%| S|CS|TAMS 0x000000008be00000, 0x000000008be00000| Complete 
| 191|0x000000008bf00000, 0x000000008c000000, 0x000000008c000000|100%| S|CS|TAMS 0x000000008bf00000, 0x000000008bf00000| Complete 
| 192|0x000000008c000000, 0x000000008c000000, 0x000000008c100000|  0%| F|  |TAMS 0x000000008c000000, 0x000000008c000000| Untracked 
| 193|0x000000008c100000, 0x000000008c100000, 0x000000008c200000|  0%| F|  |TAMS 0x000000008c100000, 0x000000008c100000| Untracked 
| 194|0x000000008c200000, 0x000000008c200000, 0x000000008c300000|  0%| F|  |TAMS 0x000000008c200000, 0x000000008c200000| Untracked 
| 195|0x000000008c300000, 0x000000008c300000, 0x000000008c400000|  0%| F|  |TAMS 0x000000008c300000, 0x000000008c300000| Untracked 
| 196|0x000000008c400000, 0x000000008c400000, 0x000000008c500000|  0%| F|  |TAMS 0x000000008c400000, 0x000000008c400000| Untracked 
| 197|0x000000008c500000, 0x000000008c500000, 0x000000008c600000|  0%| F|  |TAMS 0x000000008c500000, 0x000000008c500000| Untracked 
| 198|0x000000008c600000, 0x000000008c600000, 0x000000008c700000|  0%| F|  |TAMS 0x000000008c600000, 0x000000008c600000| Untracked 
| 199|0x000000008c700000, 0x000000008c700000, 0x000000008c800000|  0%| F|  |TAMS 0x000000008c700000, 0x000000008c700000| Untracked 
| 200|0x000000008c800000, 0x000000008c800000, 0x000000008c900000|  0%| F|  |TAMS 0x000000008c800000, 0x000000008c800000| Untracked 
| 201|0x000000008c900000, 0x000000008c900000, 0x000000008ca00000|  0%| F|  |TAMS 0x000000008c900000, 0x000000008c900000| Untracked 
| 202|0x000000008ca00000, 0x000000008ca00000, 0x000000008cb00000|  0%| F|  |TAMS 0x000000008ca00000, 0x000000008ca00000| Untracked 
| 203|0x000000008cb00000, 0x000000008cb00000, 0x000000008cc00000|  0%| F|  |TAMS 0x000000008cb00000, 0x000000008cb00000| Untracked 
| 204|0x000000008cc00000, 0x000000008cc00000, 0x000000008cd00000|  0%| F|  |TAMS 0x000000008cc00000, 0x000000008cc00000| Untracked 
| 205|0x000000008cd00000, 0x000000008cd00000, 0x000000008ce00000|  0%| F|  |TAMS 0x000000008cd00000, 0x000000008cd00000| Untracked 
| 206|0x000000008ce00000, 0x000000008ce00000, 0x000000008cf00000|  0%| F|  |TAMS 0x000000008ce00000, 0x000000008ce00000| Untracked 
| 207|0x000000008cf00000, 0x000000008cf00000, 0x000000008d000000|  0%| F|  |TAMS 0x000000008cf00000, 0x000000008cf00000| Untracked 
| 208|0x000000008d000000, 0x000000008d000000, 0x000000008d100000|  0%| F|  |TAMS 0x000000008d000000, 0x000000008d000000| Untracked 
| 209|0x000000008d100000, 0x000000008d100000, 0x000000008d200000|  0%| F|  |TAMS 0x000000008d100000, 0x000000008d100000| Untracked 
| 210|0x000000008d200000, 0x000000008d200000, 0x000000008d300000|  0%| F|  |TAMS 0x000000008d200000, 0x000000008d200000| Untracked 
| 211|0x000000008d300000, 0x000000008d300000, 0x000000008d400000|  0%| F|  |TAMS 0x000000008d300000, 0x000000008d300000| Untracked 
| 212|0x000000008d400000, 0x000000008d400000, 0x000000008d500000|  0%| F|  |TAMS 0x000000008d400000, 0x000000008d400000| Untracked 
| 213|0x000000008d500000, 0x000000008d500000, 0x000000008d600000|  0%| F|  |TAMS 0x000000008d500000, 0x000000008d500000| Untracked 
| 214|0x000000008d600000, 0x000000008d600000, 0x000000008d700000|  0%| F|  |TAMS 0x000000008d600000, 0x000000008d600000| Untracked 
| 215|0x000000008d700000, 0x000000008d700000, 0x000000008d800000|  0%| F|  |TAMS 0x000000008d700000, 0x000000008d700000| Untracked 
| 216|0x000000008d800000, 0x000000008d800000, 0x000000008d900000|  0%| F|  |TAMS 0x000000008d800000, 0x000000008d800000| Untracked 
| 217|0x000000008d900000, 0x000000008d900000, 0x000000008da00000|  0%| F|  |TAMS 0x000000008d900000, 0x000000008d900000| Untracked 
| 218|0x000000008da00000, 0x000000008da00000, 0x000000008db00000|  0%| F|  |TAMS 0x000000008da00000, 0x000000008da00000| Untracked 
| 219|0x000000008db00000, 0x000000008db00000, 0x000000008dc00000|  0%| F|  |TAMS 0x000000008db00000, 0x000000008db00000| Untracked 
| 220|0x000000008dc00000, 0x000000008dc00000, 0x000000008dd00000|  0%| F|  |TAMS 0x000000008dc00000, 0x000000008dc00000| Untracked 
| 221|0x000000008dd00000, 0x000000008dd00000, 0x000000008de00000|  0%| F|  |TAMS 0x000000008dd00000, 0x000000008dd00000| Untracked 

Card table byte_map: [0x000002069caa0000,0x000002069cea0000] _byte_map_base: 0x000002069c6a0000

Marking Bits (Prev, Next): (CMBitMap*) 0x0000020689d6d948, (CMBitMap*) 0x0000020689d6d980
 Prev Bits: [0x000002069d2a0000, 0x000002069f2a0000)
 Next Bits: [0x000002069f2a0000, 0x00000206a12a0000)

Polling page: 0x0000020687b40000

Metaspace:

Usage:
  Non-class:     72.27 MB capacity,    70.94 MB ( 98%) used,     1.11 MB (  2%) free+waste,   226.25 KB ( <1%) overhead. 
      Class:     11.48 MB capacity,    10.73 MB ( 93%) used,   665.63 KB (  6%) free+waste,   105.25 KB ( <1%) overhead. 
       Both:     83.74 MB capacity,    81.67 MB ( 98%) used,     1.76 MB (  2%) free+waste,   331.50 KB ( <1%) overhead. 

Virtual space:
  Non-class space:       74.00 MB reserved,      72.50 MB ( 98%) committed 
      Class space:        1.00 GB reserved,      11.57 MB (  1%) committed 
             Both:        1.07 GB reserved,      84.07 MB (  8%) committed 

Chunk freelists:
   Non-Class:  112.00 KB
       Class:  54.00 KB
        Both:  166.00 KB

MaxMetaspaceSize: 17179869184.00 GB
CompressedClassSpaceSize: 1.00 GB

CodeHeap 'non-profiled nmethods': size=120064Kb used=5236Kb max_used=5236Kb free=114827Kb
 bounds [0x0000020695160000, 0x0000020695680000, 0x000002069c6a0000]
CodeHeap 'profiled nmethods': size=120000Kb used=20889Kb max_used=20889Kb free=99110Kb
 bounds [0x000002068dc30000, 0x000002068f0a0000, 0x0000020695160000]
CodeHeap 'non-nmethods': size=5696Kb used=2256Kb max_used=2317Kb free=3439Kb
 bounds [0x000002068d6a0000, 0x000002068d910000, 0x000002068dc30000]
 total_blobs=10455 nmethods=9607 adapters=759
 compilation: enabled
              stopped_count=0, restarted_count=0
 full_count=0

Compilation events (20 events):
Event: 15.409 Thread 0x00000206a411f800 9945       2       com.android.tools.r8.dex.P$g$$Lambda$946/0x0000000100b7ec40::apply (15 bytes)
Event: 15.409 Thread 0x00000206a411f800 nmethod 9945 0x000002068f097310 code [0x000002068f0974e0, 0x000002068f097668]
Event: 15.414 Thread 0x00000206a593e800 nmethod 9112 0x000002069567ad10 code [0x000002069567aec0, 0x000002069567b318]
Event: 15.414 Thread 0x00000206a593e800 9372       4       com.android.tools.r8.w.a.a.a.f.X::get (106 bytes)
Event: 15.417 Thread 0x00000206a593e800 nmethod 9372 0x000002069567b610 code [0x000002069567b7c0, 0x000002069567b9b8]
Event: 15.417 Thread 0x00000206a593e800 9675       4       com.android.tools.r8.graph.q0::a (89 bytes)
Event: 15.426 Thread 0x00000206a593e800 nmethod 9675 0x000002069567bb90 code [0x000002069567bd80, 0x000002069567c278]
Event: 15.426 Thread 0x00000206a593e800 9287       4       com.android.tools.r8.w.a.a.a.f.X::a (71 bytes)
Event: 15.428 Thread 0x00000206a411f800 9948       2       com.android.tools.r8.dex.P$g$$Lambda$947/0x0000000100b7e040::apply (15 bytes)
Event: 15.428 Thread 0x00000206a593e800 nmethod 9287 0x000002069567c690 code [0x000002069567c820, 0x000002069567c978]
Event: 15.428 Thread 0x00000206a411f800 nmethod 9948 0x000002068f097790 code [0x000002068f097960, 0x000002068f097ae8]
Event: 15.428 Thread 0x00000206a593e800 9640       4       java.util.concurrent.ConcurrentHashMap$Traverser::advance (188 bytes)
Event: 15.431 Thread 0x00000206a411f800 9949       2       com.android.tools.r8.dex.P$g$$Lambda$948/0x0000000100b7e440::apply (15 bytes)
Event: 15.432 Thread 0x00000206a411f800 nmethod 9949 0x000002068f097c10 code [0x000002068f097de0, 0x000002068f097f68]
Event: 15.433 Thread 0x00000206a593e800 nmethod 9640 0x000002069567ca90 code [0x000002069567cc20, 0x000002069567cef8]
Event: 15.433 Thread 0x00000206a593e800 9902       4       com.android.tools.r8.graph.O::a (275 bytes)
Event: 15.433 Thread 0x00000206a411f800 9950       2       com.android.tools.r8.dex.P$g$$Lambda$949/0x0000000100b7d840::apply (15 bytes)
Event: 15.434 Thread 0x00000206a411f800 nmethod 9950 0x000002068f098090 code [0x000002068f098260, 0x000002068f0983e8]
Event: 15.434 Thread 0x00000206a411f800 9951       2       com.android.tools.r8.dex.P$k::a (11 bytes)
Event: 15.434 Thread 0x00000206a411f800 nmethod 9951 0x000002068f098510 code [0x000002068f0986c0, 0x000002068f0987e8]

GC Heap History (20 events):
Event: 4.236 GC heap after
{Heap after GC invocations=8 (full 0):
 garbage-first heap   total 157696K, used 21387K [0x0000000080000000, 0x0000000100000000)
  region size 1024K, 8 young (8192K), 8 survivors (8192K)
 Metaspace       used 35038K, capacity 35769K, committed 35840K, reserved 1081344K
  class space    used 4563K, capacity 4856K, committed 4864K, reserved 1048576K
}
Event: 5.303 GC heap before
{Heap before GC invocations=9 (full 0):
 garbage-first heap   total 157696K, used 110475K [0x0000000080000000, 0x0000000100000000)
  region size 1024K, 92 young (94208K), 8 survivors (8192K)
 Metaspace       used 43149K, capacity 44089K, committed 44364K, reserved 1087488K
  class space    used 5559K, capacity 5901K, committed 5964K, reserved 1048576K
}
Event: 5.324 GC heap after
{Heap after GC invocations=10 (full 0):
 garbage-first heap   total 157696K, used 25363K [0x0000000080000000, 0x0000000100000000)
  region size 1024K, 10 young (10240K), 10 survivors (10240K)
 Metaspace       used 43149K, capacity 44089K, committed 44364K, reserved 1087488K
  class space    used 5559K, capacity 5901K, committed 5964K, reserved 1048576K
}
Event: 6.325 GC heap before
{Heap before GC invocations=10 (full 0):
 garbage-first heap   total 157696K, used 111379K [0x0000000080000000, 0x0000000100000000)
  region size 1024K, 92 young (94208K), 10 survivors (10240K)
 Metaspace       used 48786K, capacity 49887K, committed 49996K, reserved 1093632K
  class space    used 6213K, capacity 6624K, committed 6732K, reserved 1048576K
}
Event: 6.346 GC heap after
{Heap after GC invocations=11 (full 0):
 garbage-first heap   total 189440K, used 36606K [0x0000000080000000, 0x0000000100000000)
  region size 1024K, 12 young (12288K), 12 survivors (12288K)
 Metaspace       used 48786K, capacity 49887K, committed 49996K, reserved 1093632K
  class space    used 6213K, capacity 6624K, committed 6732K, reserved 1048576K
}
Event: 7.635 GC heap before
{Heap before GC invocations=11 (full 0):
 garbage-first heap   total 189440K, used 117502K [0x0000000080000000, 0x0000000100000000)
  region size 1024K, 92 young (94208K), 12 survivors (12288K)
 Metaspace       used 58831K, capacity 60144K, committed 60236K, reserved 1101824K
  class space    used 7448K, capacity 7936K, committed 8012K, reserved 1048576K
}
Event: 7.658 GC heap after
{Heap after GC invocations=12 (full 0):
 garbage-first heap   total 189440K, used 43326K [0x0000000080000000, 0x0000000100000000)
  region size 1024K, 7 young (7168K), 7 survivors (7168K)
 Metaspace       used 58831K, capacity 60144K, committed 60236K, reserved 1101824K
  class space    used 7448K, capacity 7936K, committed 8012K, reserved 1048576K
}
Event: 8.922 GC heap before
{Heap before GC invocations=13 (full 0):
 garbage-first heap   total 189440K, used 132414K [0x0000000080000000, 0x0000000100000000)
  region size 1024K, 94 young (96256K), 7 survivors (7168K)
 Metaspace       used 66573K, capacity 68164K, committed 68428K, reserved 1107968K
  class space    used 8705K, capacity 9272K, committed 9292K, reserved 1048576K
}
Event: 8.938 GC heap after
{Heap after GC invocations=14 (full 0):
 garbage-first heap   total 189440K, used 48299K [0x0000000080000000, 0x0000000100000000)
  region size 1024K, 12 young (12288K), 12 survivors (12288K)
 Metaspace       used 66573K, capacity 68164K, committed 68428K, reserved 1107968K
  class space    used 8705K, capacity 9272K, committed 9292K, reserved 1048576K
}
Event: 10.678 GC heap before
{Heap before GC invocations=14 (full 0):
 garbage-first heap   total 189440K, used 140459K [0x0000000080000000, 0x0000000100000000)
  region size 1024K, 103 young (105472K), 12 survivors (12288K)
 Metaspace       used 74911K, capacity 76668K, committed 76748K, reserved 1116160K
  class space    used 9782K, capacity 10425K, committed 10444K, reserved 1048576K
}
Event: 10.704 GC heap after
{Heap after GC invocations=15 (full 0):
 garbage-first heap   total 189440K, used 54007K [0x0000000080000000, 0x0000000100000000)
  region size 1024K, 12 young (12288K), 12 survivors (12288K)
 Metaspace       used 74911K, capacity 76668K, committed 76748K, reserved 1116160K
  class space    used 9782K, capacity 10425K, committed 10444K, reserved 1048576K
}
Event: 12.601 GC heap before
{Heap before GC invocations=15 (full 0):
 garbage-first heap   total 189440K, used 144119K [0x0000000080000000, 0x0000000100000000)
  region size 1024K, 101 young (103424K), 12 survivors (12288K)
 Metaspace       used 76072K, capacity 77944K, committed 78156K, reserved 1116160K
  class space    used 9863K, capacity 10536K, committed 10572K, reserved 1048576K
}
Event: 12.623 GC heap after
{Heap after GC invocations=16 (full 0):
 garbage-first heap   total 227328K, used 59594K [0x0000000080000000, 0x0000000100000000)
  region size 1024K, 11 young (11264K), 11 survivors (11264K)
 Metaspace       used 76072K, capacity 77944K, committed 78156K, reserved 1116160K
  class space    used 9863K, capacity 10536K, committed 10572K, reserved 1048576K
}
Event: 14.075 GC heap before
{Heap before GC invocations=16 (full 0):
 garbage-first heap   total 227328K, used 182474K [0x0000000080000000, 0x0000000100000000)
  region size 1024K, 114 young (116736K), 11 survivors (11264K)
 Metaspace       used 81202K, capacity 83218K, committed 83404K, reserved 1122304K
  class space    used 10667K, capacity 11374K, committed 11468K, reserved 1048576K
}
Event: 14.125 GC heap after
{Heap after GC invocations=17 (full 0):
 garbage-first heap   total 227328K, used 95047K [0x0000000080000000, 0x0000000100000000)
  region size 1024K, 15 young (15360K), 15 survivors (15360K)
 Metaspace       used 81202K, capacity 83218K, committed 83404K, reserved 1122304K
  class space    used 10667K, capacity 11374K, committed 11468K, reserved 1048576K
}
Event: 14.289 GC heap before
{Heap before GC invocations=17 (full 0):
 garbage-first heap   total 227328K, used 111431K [0x0000000080000000, 0x0000000100000000)
  region size 1024K, 32 young (32768K), 15 survivors (15360K)
 Metaspace       used 81266K, capacity 83225K, committed 83404K, reserved 1122304K
  class space    used 10667K, capacity 11374K, committed 11468K, reserved 1048576K
}
Event: 14.340 GC heap after
{Heap after GC invocations=18 (full 0):
 garbage-first heap   total 227328K, used 105984K [0x0000000080000000, 0x0000000100000000)
  region size 1024K, 4 young (4096K), 4 survivors (4096K)
 Metaspace       used 81266K, capacity 83225K, committed 83404K, reserved 1122304K
  class space    used 10667K, capacity 11374K, committed 11468K, reserved 1048576K
}
Event: 14.897 GC heap before
{Heap before GC invocations=18 (full 0):
 garbage-first heap   total 227328K, used 150016K [0x0000000080000000, 0x0000000100000000)
  region size 1024K, 48 young (49152K), 4 survivors (4096K)
 Metaspace       used 83655K, capacity 85801K, committed 86092K, reserved 1124352K
  class space    used 11006K, capacity 11796K, committed 11852K, reserved 1048576K
}
Event: 14.938 GC heap after
{Heap after GC invocations=19 (full 0):
 garbage-first heap   total 227328K, used 122880K [0x0000000080000000, 0x0000000100000000)
  region size 1024K, 6 young (6144K), 6 survivors (6144K)
 Metaspace       used 83655K, capacity 85801K, committed 86092K, reserved 1124352K
  class space    used 11006K, capacity 11796K, committed 11852K, reserved 1048576K
}
Event: 15.455 GC heap before
{Heap before GC invocations=20 (full 0):
 garbage-first heap   total 227328K, used 148480K [0x0000000080000000, 0x0000000100000000)
  region size 1024K, 36 young (36864K), 6 survivors (6144K)
 Metaspace       used 83625K, capacity 85754K, committed 86092K, reserved 1124352K
  class space    used 10983K, capacity 11754K, committed 11852K, reserved 1048576K
}

Deoptimization events (20 events):
Event: 14.849 Thread 0x00000206ab0b4000 DEOPT PACKING pc=0x000002068ee6930e sp=0x0000000b6defd140
Event: 14.849 Thread 0x00000206ab0b4000 DEOPT UNPACKING pc=0x000002068d6c72ce sp=0x0000000b6defc5b8 mode 0
Event: 14.849 Thread 0x00000206ab0b4000 DEOPT PACKING pc=0x000002068ee6930e sp=0x0000000b6defd140
Event: 14.849 Thread 0x00000206ab0b4000 DEOPT UNPACKING pc=0x000002068d6c72ce sp=0x0000000b6defc5b8 mode 0
Event: 14.849 Thread 0x00000206ab0b4000 DEOPT PACKING pc=0x000002068ee6930e sp=0x0000000b6defd140
Event: 14.849 Thread 0x00000206ab0b4000 DEOPT UNPACKING pc=0x000002068d6c72ce sp=0x0000000b6defc5b8 mode 0
Event: 14.849 Thread 0x00000206ab0b4000 DEOPT PACKING pc=0x000002068ee6930e sp=0x0000000b6defd140
Event: 14.849 Thread 0x00000206ab0b4000 DEOPT UNPACKING pc=0x000002068d6c72ce sp=0x0000000b6defc5b8 mode 0
Event: 14.849 Thread 0x00000206ab0b4000 DEOPT PACKING pc=0x000002068ee6930e sp=0x0000000b6defd140
Event: 14.849 Thread 0x00000206ab0b4000 DEOPT UNPACKING pc=0x000002068d6c72ce sp=0x0000000b6defc5b8 mode 0
Event: 14.850 Thread 0x00000206ab0b4000 DEOPT PACKING pc=0x000002068ee6930e sp=0x0000000b6defd140
Event: 14.850 Thread 0x00000206ab0b4000 DEOPT UNPACKING pc=0x000002068d6c72ce sp=0x0000000b6defc5b8 mode 0
Event: 14.952 Thread 0x00000206ab0b4000 DEOPT PACKING pc=0x000002068f060f48 sp=0x0000000b6defcdf0
Event: 14.952 Thread 0x00000206ab0b4000 DEOPT UNPACKING pc=0x000002068d6c72ce sp=0x0000000b6defc330 mode 0
Event: 14.977 Thread 0x00000206ab0b4000 DEOPT PACKING pc=0x000002068f063566 sp=0x0000000b6defcb20
Event: 14.977 Thread 0x00000206ab0b4000 DEOPT UNPACKING pc=0x000002068d6c72ce sp=0x0000000b6defbfb0 mode 0
Event: 15.130 Thread 0x00000206ab0b4000 DEOPT PACKING pc=0x000002068f07f7bb sp=0x0000000b6defd260
Event: 15.130 Thread 0x00000206ab0b4000 DEOPT UNPACKING pc=0x000002068d6c72ce sp=0x0000000b6defc710 mode 0
Event: 15.341 Thread 0x00000206ab0b4000 DEOPT PACKING pc=0x000002068f07ea6a sp=0x0000000b6defcf20
Event: 15.341 Thread 0x00000206ab0b4000 DEOPT UNPACKING pc=0x000002068d6c72ce sp=0x0000000b6defc3b8 mode 0

Classes redefined (0 events):
No events

Internal exceptions (20 events):
Event: 13.145 Thread 0x00000206a5b6e800 Exception <a 'java/lang/NoSuchMethodError'{0x000000008bdeb6d0}: 'java.lang.Object java.lang.invoke.DirectMethodHandle$Holder.invokeSpecial(java.lang.Object, java.lang.Object, int, java.lang.Object, java.lang.Object)'> (0x000000008bdeb6d0) thrown at [./src/hotspot/share/interpreter/linkResolver.cpp, line 773]
Event: 13.146 Thread 0x00000206a5b6e800 Exception <a 'java/lang/NoSuchMethodError'{0x000000008bdf4458}: 'java.lang.Object java.lang.invoke.DirectMethodHandle$Holder.invokeStatic(java.lang.Object, java.lang.Object, int, java.lang.Object)'> (0x000000008bdf4458) thrown at [./src/hotspot/share/interpreter/linkResolver.cpp, line 773]
Event: 13.146 Thread 0x00000206a5b6e800 Exception <a 'java/lang/NoSuchMethodError'{0x000000008bc103c8}: 'java.lang.Object java.lang.invoke.Invokers$Holder.linkToTargetMethod(java.lang.Object, int, java.lang.Object, java.lang.Object)'> (0x000000008bc103c8) thrown at [./src/hotspot/share/interpreter/linkResolver.cpp, line 773]
Event: 13.150 Thread 0x00000206a5b6e800 Exception <a 'java/lang/NoSuchMethodError'{0x000000008bc26f18}: 'void java.lang.invoke.DirectMethodHandle$Holder.invokeVirtual(java.lang.Object, java.lang.Object)'> (0x000000008bc26f18) thrown at [./src/hotspot/share/interpreter/linkResolver.cpp, line 773]
Event: 13.522 Thread 0x00000206ab0b4000 Exception <a 'sun/nio/fs/WindowsException'{0x000000008ac20bf0}> (0x000000008ac20bf0) thrown at [./src/hotspot/share/prims/jni.cpp, line 615]
Event: 13.570 Thread 0x00000206ab0b4000 Exception <a 'java/lang/NoSuchMethodError'{0x000000008aa7a090}: 'int java.lang.invoke.DirectMethodHandle$Holder.invokeVirtual(java.lang.Object, java.lang.Object, java.lang.Object)'> (0x000000008aa7a090) thrown at [./src/hotspot/share/interpreter/linkResolver.cpp, line 773]
Event: 13.609 Thread 0x00000206ab0b4000 Exception <a 'java/lang/NoSuchMethodError'{0x000000008a85c2c8}: 'java.lang.Object java.lang.invoke.DirectMethodHandle$Holder.invokeStatic(java.lang.Object, java.lang.Object, java.lang.Object, java.lang.Object, java.lang.Object, java.lang.Object, java.lang.Object, java.lang.Object, java.lang.Object, java.lang.Object, java.lang.Object, java.lang.Object, java.lang.Object, java.lang.Object, java.lang.Object, java.lang.Object, java.lang.Object, int, java.lang.Object)'> (0x000000008a85c2c8) thrown at [./src/hots
Event: 13.609 Thread 0x00000206ab0b4000 Exception <a 'java/lang/NoSuchMethodError'{0x000000008a861918}: 'java.lang.Object java.lang.invoke.DirectMethodHandle$Holder.invokeStaticInit(java.lang.Object, java.lang.Object, java.lang.Object, java.lang.Object, java.lang.Object, java.lang.Object, java.lang.Object, java.lang.Object, java.lang.Object, java.lang.Object, java.lang.Object, java.lang.Object, java.lang.Object, java.lang.Object, java.lang.Object, java.lang.Object, java.lang.Object, int, java.lang.Object)'> (0x000000008a861918) thrown at [./src/
Event: 13.865 Thread 0x00000206ab0b6000 Exception <a 'java/lang/NoSuchMethodError'{0x0000000088503670}: 'java.lang.Object java.lang.invoke.DirectMethodHandle$Holder.newInvokeSpecial(java.lang.Object, int)'> (0x0000000088503670) thrown at [./src/hotspot/share/interpreter/linkResolver.cpp, line 773]
Event: 14.533 Thread 0x00000206ab0b4000 Exception <a 'java/lang/NoSuchMethodError'{0x000000008c4930b8}: 'void java.lang.invoke.DirectMethodHandle$Holder.invokeStatic(java.lang.Object, java.lang.Object, java.lang.Object, int)'> (0x000000008c4930b8) thrown at [./src/hotspot/share/interpreter/linkResolver.cpp, line 773]
Event: 14.534 Thread 0x00000206ab0b4000 Exception <a 'java/lang/IncompatibleClassChangeError'{0x000000008c49afa8}: Found class java.lang.Object, but interface was expected> (0x000000008c49afa8) thrown at [./src/hotspot/share/interpreter/linkResolver.cpp, line 839]
Event: 14.610 Thread 0x00000206ab0b4000 Exception <a 'java/lang/NoSuchMethodError'{0x000000008c1cfe10}: 'void java.lang.invoke.DirectMethodHandle$Holder.invokeStaticInit(java.lang.Object, java.lang.Object, java.lang.Object, java.lang.Object, java.lang.Object)'> (0x000000008c1cfe10) thrown at [./src/hotspot/share/interpreter/linkResolver.cpp, line 773]
Event: 14.629 Thread 0x00000206ab0b4000 Exception <a 'java/lang/NoSuchMethodError'{0x000000008bf25708}: 'java.lang.Object java.lang.invoke.DirectMethodHandle$Holder.invokeStatic(java.lang.Object, int, java.lang.Object, java.lang.Object)'> (0x000000008bf25708) thrown at [./src/hotspot/share/interpreter/linkResolver.cpp, line 773]
Event: 14.636 Thread 0x00000206ab0b4000 Exception <a 'java/lang/NoSuchMethodError'{0x000000008bf93338}: 'long java.lang.invoke.DirectMethodHandle$Holder.invokeStatic(java.lang.Object, java.lang.Object)'> (0x000000008bf93338) thrown at [./src/hotspot/share/interpreter/linkResolver.cpp, line 773]
Event: 14.653 Thread 0x00000206ab0af000 Exception <a 'java/lang/NoSuchMethodError'{0x000000008c31a540}: 'void java.lang.invoke.DirectMethodHandle$Holder.invokeSpecial(java.lang.Object, java.lang.Object, int, java.lang.Object)'> (0x000000008c31a540) thrown at [./src/hotspot/share/interpreter/linkResolver.cpp, line 773]
Event: 14.653 Thread 0x00000206ab0b5800 Exception <a 'java/lang/NoSuchMethodError'{0x000000008bd03078}: 'void java.lang.invoke.DirectMethodHandle$Holder.invokeSpecial(java.lang.Object, java.lang.Object, int, java.lang.Object)'> (0x000000008bd03078) thrown at [./src/hotspot/share/interpreter/linkResolver.cpp, line 773]
Event: 14.653 Thread 0x00000206ab0b6000 Exception <a 'java/lang/NoSuchMethodError'{0x000000008bd0e6e0}: 'void java.lang.invoke.DirectMethodHandle$Holder.invokeSpecial(java.lang.Object, java.lang.Object, int, java.lang.Object)'> (0x000000008bd0e6e0) thrown at [./src/hotspot/share/interpreter/linkResolver.cpp, line 773]
Event: 14.654 Thread 0x00000206ab0b4800 Exception <a 'java/lang/NoSuchMethodError'{0x000000008be0a3d0}: 'void java.lang.invoke.DirectMethodHandle$Holder.invokeSpecial(java.lang.Object, java.lang.Object, int, java.lang.Object)'> (0x000000008be0a3d0) thrown at [./src/hotspot/share/interpreter/linkResolver.cpp, line 773]
Event: 14.757 Thread 0x00000206ab0b4000 Exception <a 'java/lang/NoSuchMethodError'{0x000000008b5cae70}: 'java.lang.Object java.lang.invoke.DirectMethodHandle$Holder.invokeSpecial(java.lang.Object, java.lang.Object, java.lang.Object, java.lang.Object, java.lang.Object, java.lang.Object, java.lang.Object, java.lang.Object, java.lang.Object, java.lang.Object)'> (0x000000008b5cae70) thrown at [./src/hotspot/share/interpreter/linkResolver.cpp, line 773]
Event: 14.757 Thread 0x00000206ab0b4000 Exception <a 'java/lang/NoSuchMethodError'{0x000000008b5cef60}: 'java.lang.Object java.lang.invoke.Invokers$Holder.linkToTargetMethod(java.lang.Object, java.lang.Object, java.lang.Object, java.lang.Object, java.lang.Object, java.lang.Object, java.lang.Object, java.lang.Object, java.lang.Object)'> (0x000000008b5cef60) thrown at [./src/hotspot/share/interpreter/linkResolver.cpp, line 773]

Events (20 events):
Event: 14.856 loading class com/android/tools/r8/graph/S done
Event: 14.856 loading class com/android/tools/r8/graph/S
Event: 14.856 loading class com/android/tools/r8/graph/S done
Event: 14.856 loading class com/android/tools/r8/graph/S$h
Event: 14.856 loading class com/android/tools/r8/graph/S$h done
Event: 14.856 loading class com/android/tools/r8/graph/R0$d
Event: 14.856 loading class com/android/tools/r8/graph/R0$d done
Event: 14.856 loading class com/android/tools/r8/graph/j0
Event: 14.856 loading class com/android/tools/r8/graph/j0 done
Event: 14.856 loading class com/android/tools/r8/graph/R0$f
Event: 14.856 loading class com/android/tools/r8/graph/R0$f done
Event: 14.856 loading class com/android/tools/r8/graph/R0$f
Event: 14.856 loading class com/android/tools/r8/graph/R0$f done
Event: 14.897 Executing VM operation: G1CollectForAllocation
Event: 14.938 Executing VM operation: G1CollectForAllocation done
Event: 15.261 Executing VM operation: CGC_Operation
Event: 15.277 Executing VM operation: CGC_Operation done
Event: 15.452 Executing VM operation: CGC_Operation
Event: 15.452 Executing VM operation: CGC_Operation done
Event: 15.455 Executing VM operation: G1CollectForAllocation


Dynamic libraries:
0x00007ff6b67a0000 - 0x00007ff6b67aa000 	C:\Program Files\Android\Android Studio\jre\bin\java.exe
0x00007ffd02ae0000 - 0x00007ffd02cd0000 	C:\Windows\SYSTEM32\ntdll.dll
0x00007ffd01690000 - 0x00007ffd01742000 	C:\Windows\System32\KERNEL32.DLL
0x00007ffcffd90000 - 0x00007ffd00035000 	C:\Windows\System32\KERNELBASE.dll
0x00007ffd00940000 - 0x00007ffd00a3a000 	C:\Windows\System32\ucrtbase.dll
0x00007ffcf0a60000 - 0x00007ffcf0a77000 	C:\Program Files\Android\Android Studio\jre\bin\VCRUNTIME140.dll
0x00007ffcf0b30000 - 0x00007ffcf0b49000 	C:\Program Files\Android\Android Studio\jre\bin\jli.dll
0x00007ffd02900000 - 0x00007ffd02a94000 	C:\Windows\System32\USER32.dll
0x00007ffcffa50000 - 0x00007ffcffa71000 	C:\Windows\System32\win32u.dll
0x00007ffcef6b0000 - 0x00007ffcef934000 	C:\Windows\WinSxS\amd64_microsoft.windows.common-controls_6595b64144ccf1df_6.0.18362.1256_none_9e7e379be45e40e2\COMCTL32.dll
0x00007ffd02540000 - 0x00007ffd02566000 	C:\Windows\System32\GDI32.dll
0x00007ffd01da0000 - 0x00007ffd01e3e000 	C:\Windows\System32\msvcrt.dll
0x00007ffcffa80000 - 0x00007ffcffc16000 	C:\Windows\System32\gdi32full.dll
0x00007ffd01350000 - 0x00007ffd01686000 	C:\Windows\System32\combase.dll
0x00007ffd00a40000 - 0x00007ffd00ade000 	C:\Windows\System32\msvcp_win.dll
0x00007ffd021e0000 - 0x00007ffd02300000 	C:\Windows\System32\RPCRT4.dll
0x00007ffcffd00000 - 0x00007ffcffd81000 	C:\Windows\System32\bcryptPrimitives.dll
0x00007ffd02300000 - 0x00007ffd0232e000 	C:\Windows\System32\IMM32.DLL
0x00007ffceffd0000 - 0x00007ffcf006d000 	C:\Program Files\Android\Android Studio\jre\bin\msvcp140.dll
0x00007ffcaa340000 - 0x00007ffcaadfc000 	C:\Program Files\Android\Android Studio\jre\bin\server\jvm.dll
0x00007ffd020c0000 - 0x00007ffd02163000 	C:\Windows\System32\ADVAPI32.dll
0x00007ffd02330000 - 0x00007ffd023c7000 	C:\Windows\System32\sechost.dll
0x00007ffd020b0000 - 0x00007ffd020b8000 	C:\Windows\System32\PSAPI.DLL
0x00007ffcdb390000 - 0x00007ffcdb399000 	C:\Windows\SYSTEM32\WSOCK32.dll
0x00007ffcfce30000 - 0x00007ffcfce54000 	C:\Windows\SYSTEM32\WINMM.dll
0x00007ffcf21e0000 - 0x00007ffcf21ea000 	C:\Windows\SYSTEM32\VERSION.dll
0x00007ffd02890000 - 0x00007ffd028ff000 	C:\Windows\System32\WS2_32.dll
0x00007ffcfce00000 - 0x00007ffcfce2d000 	C:\Windows\SYSTEM32\WINMMBASE.dll
0x00007ffcffcb0000 - 0x00007ffcffcfa000 	C:\Windows\System32\cfgmgr32.dll
0x00007ffcff990000 - 0x00007ffcff9a1000 	C:\Windows\System32\kernel.appcore.dll
0x00007ffcf0a00000 - 0x00007ffcf0a11000 	C:\Program Files\Android\Android Studio\jre\bin\verify.dll
0x00007ffcfe220000 - 0x00007ffcfe414000 	C:\Windows\SYSTEM32\DBGHELP.DLL
0x00007ffced830000 - 0x00007ffced85a000 	C:\Windows\SYSTEM32\dbgcore.DLL
0x00007ffceff60000 - 0x00007ffceff89000 	C:\Program Files\Android\Android Studio\jre\bin\java.dll
0x00007ffcfd0e0000 - 0x00007ffcfd0eb000 	C:\Program Files\Android\Android Studio\jre\bin\jimage.dll
0x00007ffcf09e0000 - 0x00007ffcf09f8000 	C:\Program Files\Android\Android Studio\jre\bin\zip.dll
0x00007ffd00b90000 - 0x00007ffd01277000 	C:\Windows\System32\SHELL32.dll
0x00007ffd017d0000 - 0x00007ffd01879000 	C:\Windows\System32\shcore.dll
0x00007ffd00190000 - 0x00007ffd00911000 	C:\Windows\System32\windows.storage.dll
0x00007ffcff9d0000 - 0x00007ffcff9f3000 	C:\Windows\System32\profapi.dll
0x00007ffcffa00000 - 0x00007ffcffa4a000 	C:\Windows\System32\powrprof.dll
0x00007ffcff980000 - 0x00007ffcff990000 	C:\Windows\System32\UMPDC.dll
0x00007ffd02050000 - 0x00007ffd020a2000 	C:\Windows\System32\shlwapi.dll
0x00007ffd00920000 - 0x00007ffd00937000 	C:\Windows\System32\cryptsp.dll
0x00007ffcef2f0000 - 0x00007ffcef30a000 	C:\Program Files\Android\Android Studio\jre\bin\net.dll
0x00007ffcef990000 - 0x00007ffcefa80000 	C:\Windows\SYSTEM32\WINHTTP.dll
0x00007ffcff170000 - 0x00007ffcff1d7000 	C:\Windows\system32\mswsock.dll
0x00007ffcef2d0000 - 0x00007ffcef2e4000 	C:\Program Files\Android\Android Studio\jre\bin\nio.dll
0x00007ffcf0a80000 - 0x00007ffcf0aa7000 	C:\Users\hp\.gradle\native\fdc75f09e3144964f2cf3f50f0aa648679c211496f362492102eb8c894070792\windows-amd64\native-platform.dll
0x00007ffcd04d0000 - 0x00007ffcd0666000 	C:\Users\hp\.gradle\native\12488b8bf47d2d4c9fbf2f6322a914ad602e24e48041cd04a747c6da556b65c4\windows-amd64\native-platform-file-events.dll
0x00007ffcfd0a0000 - 0x00007ffcfd0aa000 	C:\Program Files\Android\Android Studio\jre\bin\management.dll
0x00007ffcfbf60000 - 0x00007ffcfbf6c000 	C:\Program Files\Android\Android Studio\jre\bin\management_ext.dll
0x00007ffcfece0000 - 0x00007ffcfed13000 	C:\Windows\system32\rsaenh.dll
0x00007ffcffc20000 - 0x00007ffcffc46000 	C:\Windows\System32\bcrypt.dll
0x00007ffcff8a0000 - 0x00007ffcff8c5000 	C:\Windows\SYSTEM32\USERENV.dll
0x00007ffcff340000 - 0x00007ffcff34c000 	C:\Windows\SYSTEM32\CRYPTBASE.dll
0x00007ffcfee80000 - 0x00007ffcfeeba000 	C:\Windows\SYSTEM32\IPHLPAPI.DLL
0x00007ffd02810000 - 0x00007ffd02818000 	C:\Windows\System32\NSI.dll
0x00007ffcf1fe0000 - 0x00007ffcf1ff6000 	C:\Windows\SYSTEM32\dhcpcsvc6.DLL
0x00007ffcf2210000 - 0x00007ffcf222c000 	C:\Windows\SYSTEM32\dhcpcsvc.DLL
0x00007ffcfeed0000 - 0x00007ffcfef9b000 	C:\Windows\SYSTEM32\DNSAPI.dll
0x00007ffcf2270000 - 0x00007ffcf227b000 	C:\Windows\SYSTEM32\WINNSI.DLL

dbghelp: loaded successfully - version: 4.0.5 - missing functions: none
symbol engine: initialized successfully - sym options: 0x614 - pdb path: .;C:\Program Files\Android\Android Studio\jre\bin;C:\Windows\SYSTEM32;C:\Windows\WinSxS\amd64_microsoft.windows.common-controls_6595b64144ccf1df_6.0.18362.1256_none_9e7e379be45e40e2;C:\Program Files\Android\Android Studio\jre\bin\server;C:\Users\hp\.gradle\native\fdc75f09e3144964f2cf3f50f0aa648679c211496f362492102eb8c894070792\windows-amd64;C:\Users\hp\.gradle\native\12488b8bf47d2d4c9fbf2f6322a914ad602e24e48041cd04a747c6da556b65c4\windows-amd64

VM Arguments:
jvm_args: --add-opens=java.base/java.util=ALL-UNNAMED --add-opens=java.base/java.lang=ALL-UNNAMED --add-opens=java.base/java.lang.invoke=ALL-UNNAMED --add-opens=java.prefs/java.util.prefs=ALL-UNNAMED -Xmx2048m -Dfile.encoding=UTF-8 -Duser.country=GB -Duser.language=en -Duser.variant 
java_command: org.gradle.launcher.daemon.bootstrap.GradleDaemon 6.7.1
java_class_path (initial): C:\Users\hp\.gradle\wrapper\dists\gradle-6.7.1-bin\bwlcbys1h7rz3272sye1xwiv6\gradle-6.7.1\lib\gradle-launcher-6.7.1.jar
Launcher Type: SUN_STANDARD

[Global flags]
     intx CICompilerCount                          = 3                                         {product} {ergonomic}
     uint ConcGCThreads                            = 1                                         {product} {ergonomic}
     uint G1ConcRefinementThreads                  = 4                                         {product} {ergonomic}
   size_t G1HeapRegionSize                         = 1048576                                   {product} {ergonomic}
    uintx GCDrainStackTargetSize                   = 64                                        {product} {ergonomic}
   size_t InitialHeapSize                          = 134217728                                 {product} {ergonomic}
   size_t MarkStackSize                            = 4194304                                   {product} {ergonomic}
   size_t MaxHeapSize                              = 2147483648                                {product} {command line}
   size_t MaxNewSize                               = 1287651328                                {product} {ergonomic}
   size_t MinHeapDeltaBytes                        = 1048576                                   {product} {ergonomic}
    uintx NonNMethodCodeHeapSize                   = 5830732                                {pd product} {ergonomic}
    uintx NonProfiledCodeHeapSize                  = 122913754                              {pd product} {ergonomic}
    uintx ProfiledCodeHeapSize                     = 122913754                              {pd product} {ergonomic}
    uintx ReservedCodeCacheSize                    = 251658240                              {pd product} {ergonomic}
     bool SegmentedCodeCache                       = true                                      {product} {ergonomic}
     bool UseCompressedClassPointers               = true                                 {lp64_product} {ergonomic}
     bool UseCompressedOops                        = true                                 {lp64_product} {ergonomic}
     bool UseG1GC                                  = true                                      {product} {ergonomic}
     bool UseLargePagesIndividualAllocation        = false                                  {pd product} {ergonomic}

Logging:
Log output configuration:
 #0: stdout all=warning uptime,level,tags
 #1: stderr all=off uptime,level,tags

Environment Variables:
JAVA_HOME=C:\Program Files\Java\jdk-17.0.1
PATH=C:\Program Files\Common Files\Oracle\Java\javapath;C:\Python310\Scripts\;C:\Python310\;C:\ProgramData\Oracle\Java\javapath;C:\Windows\system32;C:\Windows;C:\Windows\System32\Wbem;C:\Windows\System32\WindowsPowerShell\v1.0\;C:\Windows\System32\OpenSSH\;C:\Program Files (x86)\dotnet\;C:\Program Files\Java\jdk-17\bin;C:\Program Files\Microsoft SQL Server\Client SDK\ODBC\110\Tools\Binn\;C:\Program Files\Microsoft SQL Server\Client SDK\ODBC\170\Tools\Binn\;C:\ProgramData\chocolatey\bin;C:\Program Files\Java\jdk-17.0.1\bin;C:\Program Files\Azure Data Studio\bin;C:\Program Files\Microsoft SQL Server\130\Tools\Binn\;C:\Program Files (x86)\Microsoft SQL Server\150\Tools\Binn\;C:\Program Files\Microsoft SQL Server\150\Tools\Binn\;C:\Program Files\Microsoft SQL Server\150\DTS\Binn\;C:\Users\hp\AppData\Local\Microsoft\WindowsApps;D:\Microsoft VS Code\bin;C:\Users\hp\.dotnet\tools;C:\Program Files\Azure Data Studio\bin;C:\Users\hp\AppData\Local\Android\Sdk\platform-tools;;C:\Users\hp\AppData\Local\Programs\Microsoft VS Code\bin
USERNAME=hp
OS=Windows_NT
PROCESSOR_IDENTIFIER=Intel64 Family 6 Model 142 Stepping 9, GenuineIntel



---------------  S Y S T E M  ---------------

OS: Windows 10 , 64 bit Build 18362 (10.0.18362.1110)
OS uptime: 0 days 3:48 hours

CPU:total 4 (initial active 4) (2 cores per cpu, 2 threads per core) family 6 model 142 stepping 9, cmov, cx8, fxsr, mmx, sse, sse2, sse3, ssse3, sse4.1, sse4.2, popcnt, avx, avx2, aes, clmul, erms, 3dnowpref, lzcnt, ht, tsc, tscinvbit, bmi1, bmi2, adx, fma

Memory: 4k page, system-wide physical 8078M (426M free)
TotalPageFile size 8078M (AvailPageFile size 44M)
current process WorkingSet (physical memory assigned to process): 474M, peak: 491M
current process commit charge ("private bytes"): 508M, peak: 568M

vm_info: OpenJDK 64-Bit Server VM (11.0.8+10-b944.6842174) for windows-amd64 JRE (11.0.8+10-b944.6842174), built on Sep 19 2020 01:11:42 by "builder" with MS VC++ 14.0 (VS2015)

END.
